***Purging module files

The following modules were not unloaded:
  (Use "module --force purge" to unload all):

  1) StdEnv

***Loading CUDA module file



Currently Loaded Modules:
  1) StdEnv                       (S)   5) GCC/10.2.0
  2) GCCcore/10.2.0                     6) CUDAcore/11.1.1        (g)
  3) zlib/1.2.11-GCCcore-10.2.0         7) CUDA/11.1.1-GCC-10.2.0 (g)
  4) binutils/2.35-GCCcore-10.2.0

  Where:
   S:  Module is Sticky, requires --force to unload or purge
   g:  built for GPU

 


***Running nvidia-smi

Sun Dec 10 10:29:08 2023       
+---------------------------------------------------------------------------------------+
| NVIDIA-SMI 545.23.08              Driver Version: 545.23.08    CUDA Version: 12.3     |
|-----------------------------------------+----------------------+----------------------+
| GPU  Name                 Persistence-M | Bus-Id        Disp.A | Volatile Uncorr. ECC |
| Fan  Temp   Perf          Pwr:Usage/Cap |         Memory-Usage | GPU-Util  Compute M. |
|                                         |                      |               MIG M. |
|=========================================+======================+======================|
|   0  NVIDIA GeForce RTX 2080 Ti     On  | 00000000:3B:00.0 Off |                  N/A |
| 34%   37C    P8              26W / 250W |      1MiB / 11264MiB |      0%      Default |
|                                         |                      |                  N/A |
+-----------------------------------------+----------------------+----------------------+
                                                                                         
+---------------------------------------------------------------------------------------+
| Processes:                                                                            |
|  GPU   GI   CI        PID   Type   Process name                            GPU Memory |
|        ID   ID                                                             Usage      |
|=======================================================================================|
|  No running processes found                                                           |
+---------------------------------------------------------------------------------------+


***Running deviceQuery
/vast/palmer/apps/avx.grace/software/CUDAcore/11.3.1/extras/demo_suite/deviceQuery Starting...

 CUDA Device Query (Runtime API) version (CUDART static linking)

Detected 1 CUDA Capable device(s)

Device 0: "NVIDIA GeForce RTX 2080 Ti"
  CUDA Driver Version / Runtime Version          12.3 / 11.3
  CUDA Capability Major/Minor version number:    7.5
  Total amount of global memory:                 11012 MBytes (11546394624 bytes)
  (68) Multiprocessors, ( 64) CUDA Cores/MP:     4352 CUDA Cores
  GPU Max Clock rate:                            1545 MHz (1.54 GHz)
  Memory Clock rate:                             7000 Mhz
  Memory Bus Width:                              352-bit
  L2 Cache Size:                                 5767168 bytes
  Maximum Texture Dimension Size (x,y,z)         1D=(131072), 2D=(131072, 65536), 3D=(16384, 16384, 16384)
  Maximum Layered 1D Texture Size, (num) layers  1D=(32768), 2048 layers
  Maximum Layered 2D Texture Size, (num) layers  2D=(32768, 32768), 2048 layers
  Total amount of constant memory:               65536 bytes
  Total amount of shared memory per block:       49152 bytes
  Total number of registers available per block: 65536
  Warp size:                                     32
  Maximum number of threads per multiprocessor:  1024
  Maximum number of threads per block:           1024
  Max dimension size of a thread block (x,y,z): (1024, 1024, 64)
  Max dimension size of a grid size    (x,y,z): (2147483647, 65535, 65535)
  Maximum memory pitch:                          2147483647 bytes
  Texture alignment:                             512 bytes
  Concurrent copy and kernel execution:          Yes with 3 copy engine(s)
  Run time limit on kernels:                     No
  Integrated GPU sharing Host Memory:            No
  Support host page-locked memory mapping:       Yes
  Alignment requirement for Surfaces:            Yes
  Device has ECC support:                        Disabled
  Device supports Unified Addressing (UVA):      Yes
  Device supports Compute Preemption:            Yes
  Supports Cooperative Kernel Launch:            Yes
  Supports MultiDevice Co-op Kernel Launch:      Yes
  Device PCI Domain ID / Bus ID / location ID:   0 / 59 / 0
  Compute Mode:
     < Default (multiple host threads can use ::cudaSetDevice() with device simultaneously) >

deviceQuery, CUDA Driver = CUDART, CUDA Driver Version = 12.3, CUDA Runtime Version = 11.3, NumDevs = 1, Device0 = NVIDIA GeForce RTX 2080 Ti
Result = PASS

***Building task1
rm -f obj/*.o  bin/task1  bin/serial 
nvcc -gencode=arch=compute_75,code=sm_75 -O3 -g -I include -o obj/serial.o -c src/serial.cu
Building binary bin/serial from object obj/serial.o
nvcc -gencode=arch=compute_75,code=sm_75 -lm -g -o bin/serial obj/serial.o
rm obj/serial.o
nvcc -gencode=arch=compute_75,code=sm_75 -O3 -g -I include -o obj/task1.o -c src/task1.cu
Building binary bin/task1 from object obj/task1.o
nvcc -gencode=arch=compute_75,code=sm_75 -lm -g -o bin/task1 obj/task1.o
rm obj/task1.o
Running n=8192, p=8192, m=8192
Running block BLOCK_DIM_X=8 BLOCK_DIM_Y=8
With GRID_DIM_X=1024 GRID_DIM_Y=1024
Device count = 1
Using device 0
Matrix Dimension = 8192
Block_Dim_x = 8, Block_Dim_y = 8, Grid_Dim_x = 1024, Grid_Dim_y = 1024
Time to calculate results on GPU: 3840.357910 ms.

real	0m7.574s
user	0m6.939s
sys	0m0.583s
Device count = 1
Using device 0
Matrix Dimension = 8192
Block_Dim_x = 8, Block_Dim_y = 8, Grid_Dim_x = 1024, Grid_Dim_y = 1024
Time to calculate results on GPU: 3868.014160 ms.

real	0m7.563s
user	0m6.982s
sys	0m0.531s
Device count = 1
Using device 0
Matrix Dimension = 8192
Block_Dim_x = 8, Block_Dim_y = 8, Grid_Dim_x = 1024, Grid_Dim_y = 1024
Time to calculate results on GPU: 3858.431885 ms.

real	0m7.560s
user	0m6.964s
sys	0m0.526s
Running block BLOCK_DIM_X=8 BLOCK_DIM_Y=16
With GRID_DIM_X=1024 GRID_DIM_Y=512
Device count = 1
Using device 0
Matrix Dimension = 8192
Block_Dim_x = 8, Block_Dim_y = 16, Grid_Dim_x = 1024, Grid_Dim_y = 512
Time to calculate results on GPU: 3672.371338 ms.

real	0m7.374s
user	0m6.800s
sys	0m0.522s
Device count = 1
Using device 0
Matrix Dimension = 8192
Block_Dim_x = 8, Block_Dim_y = 16, Grid_Dim_x = 1024, Grid_Dim_y = 512
Time to calculate results on GPU: 3694.062012 ms.

real	0m7.398s
user	0m6.800s
sys	0m0.539s
Device count = 1
Using device 0
Matrix Dimension = 8192
Block_Dim_x = 8, Block_Dim_y = 16, Grid_Dim_x = 1024, Grid_Dim_y = 512
Time to calculate results on GPU: 3687.059814 ms.

real	0m7.382s
user	0m6.802s
sys	0m0.524s
Running block BLOCK_DIM_X=8 BLOCK_DIM_Y=32
With GRID_DIM_X=1024 GRID_DIM_Y=256
Device count = 1
Using device 0
Matrix Dimension = 8192
Block_Dim_x = 8, Block_Dim_y = 32, Grid_Dim_x = 1024, Grid_Dim_y = 256
Time to calculate results on GPU: 3598.424561 ms.

real	0m7.325s
user	0m6.707s
sys	0m0.543s
Device count = 1
Using device 0
Matrix Dimension = 8192
Block_Dim_x = 8, Block_Dim_y = 32, Grid_Dim_x = 1024, Grid_Dim_y = 256
Time to calculate results on GPU: 3597.375244 ms.

real	0m7.290s
user	0m6.703s
sys	0m0.537s
Device count = 1
Using device 0
Matrix Dimension = 8192
Block_Dim_x = 8, Block_Dim_y = 32, Grid_Dim_x = 1024, Grid_Dim_y = 256
Time to calculate results on GPU: 3617.707275 ms.

real	0m7.320s
user	0m6.734s
sys	0m0.529s
Running block BLOCK_DIM_X=8 BLOCK_DIM_Y=64
With GRID_DIM_X=1024 GRID_DIM_Y=128
Device count = 1
Using device 0
Matrix Dimension = 8192
Block_Dim_x = 8, Block_Dim_y = 64, Grid_Dim_x = 1024, Grid_Dim_y = 128
Time to calculate results on GPU: 3616.974854 ms.

real	0m7.345s
user	0m6.737s
sys	0m0.519s
Device count = 1
Using device 0
Matrix Dimension = 8192
Block_Dim_x = 8, Block_Dim_y = 64, Grid_Dim_x = 1024, Grid_Dim_y = 128
Time to calculate results on GPU: 3618.649902 ms.

real	0m7.307s
user	0m6.727s
sys	0m0.526s
Device count = 1
Using device 0
Matrix Dimension = 8192
Block_Dim_x = 8, Block_Dim_y = 64, Grid_Dim_x = 1024, Grid_Dim_y = 128
Time to calculate results on GPU: 3651.924561 ms.

real	0m7.399s
user	0m6.764s
sys	0m0.521s
Running block BLOCK_DIM_X=8 BLOCK_DIM_Y=128
With GRID_DIM_X=1024 GRID_DIM_Y=64
Device count = 1
Using device 0
Matrix Dimension = 8192
Block_Dim_x = 8, Block_Dim_y = 128, Grid_Dim_x = 1024, Grid_Dim_y = 64
Time to calculate results on GPU: 3633.332520 ms.

real	0m7.319s
user	0m6.753s
sys	0m0.515s
Device count = 1
Using device 0
Matrix Dimension = 8192
Block_Dim_x = 8, Block_Dim_y = 128, Grid_Dim_x = 1024, Grid_Dim_y = 64
Time to calculate results on GPU: 3661.993408 ms.

real	0m7.356s
user	0m6.767s
sys	0m0.534s
Device count = 1
Using device 0
Matrix Dimension = 8192
Block_Dim_x = 8, Block_Dim_y = 128, Grid_Dim_x = 1024, Grid_Dim_y = 64
Time to calculate results on GPU: 3642.858643 ms.

real	0m7.338s
user	0m6.755s
sys	0m0.528s
Running block BLOCK_DIM_X=8 BLOCK_DIM_Y=256
With GRID_DIM_X=1024 GRID_DIM_Y=32
Device count = 1
Error, too many threads in block

real	0m0.043s
user	0m0.005s
sys	0m0.019s
Device count = 1
Error, too many threads in block

real	0m0.027s
user	0m0.003s
sys	0m0.020s
Device count = 1
Error, too many threads in block

real	0m0.027s
user	0m0.003s
sys	0m0.020s
Running block BLOCK_DIM_X=16 BLOCK_DIM_Y=8
With GRID_DIM_X=512 GRID_DIM_Y=1024
Device count = 1
Using device 0
Matrix Dimension = 8192
Block_Dim_x = 16, Block_Dim_y = 8, Grid_Dim_x = 512, Grid_Dim_y = 1024
Time to calculate results on GPU: 3296.905762 ms.

real	0m6.989s
user	0m6.413s
sys	0m0.533s
Device count = 1
Using device 0
Matrix Dimension = 8192
Block_Dim_x = 16, Block_Dim_y = 8, Grid_Dim_x = 512, Grid_Dim_y = 1024
Time to calculate results on GPU: 3305.238770 ms.

real	0m7.012s
user	0m6.428s
sys	0m0.519s
Device count = 1
Using device 0
Matrix Dimension = 8192
Block_Dim_x = 16, Block_Dim_y = 8, Grid_Dim_x = 512, Grid_Dim_y = 1024
Time to calculate results on GPU: 3310.917480 ms.

real	0m7.007s
user	0m6.422s
sys	0m0.526s
Running block BLOCK_DIM_X=16 BLOCK_DIM_Y=16
With GRID_DIM_X=512 GRID_DIM_Y=512
Device count = 1
Using device 0
Matrix Dimension = 8192
Block_Dim_x = 16, Block_Dim_y = 16, Grid_Dim_x = 512, Grid_Dim_y = 512
Time to calculate results on GPU: 3169.579102 ms.

real	0m6.863s
user	0m6.270s
sys	0m0.535s
Device count = 1
Using device 0
Matrix Dimension = 8192
Block_Dim_x = 16, Block_Dim_y = 16, Grid_Dim_x = 512, Grid_Dim_y = 512
Time to calculate results on GPU: 3191.332764 ms.

real	0m6.881s
user	0m6.301s
sys	0m0.520s
Device count = 1
Using device 0
Matrix Dimension = 8192
Block_Dim_x = 16, Block_Dim_y = 16, Grid_Dim_x = 512, Grid_Dim_y = 512
Time to calculate results on GPU: 3184.132568 ms.

real	0m6.885s
user	0m6.299s
sys	0m0.533s
Running block BLOCK_DIM_X=16 BLOCK_DIM_Y=32
With GRID_DIM_X=512 GRID_DIM_Y=256
Device count = 1
Using device 0
Matrix Dimension = 8192
Block_Dim_x = 16, Block_Dim_y = 32, Grid_Dim_x = 512, Grid_Dim_y = 256
Time to calculate results on GPU: 3014.947754 ms.

real	0m6.709s
user	0m6.127s
sys	0m0.526s
Device count = 1
Using device 0
Matrix Dimension = 8192
Block_Dim_x = 16, Block_Dim_y = 32, Grid_Dim_x = 512, Grid_Dim_y = 256
Time to calculate results on GPU: 3009.925537 ms.

real	0m6.706s
user	0m6.122s
sys	0m0.529s
Device count = 1
Using device 0
Matrix Dimension = 8192
Block_Dim_x = 16, Block_Dim_y = 32, Grid_Dim_x = 512, Grid_Dim_y = 256
Time to calculate results on GPU: 3028.984863 ms.

real	0m6.737s
user	0m6.145s
sys	0m0.538s
Running block BLOCK_DIM_X=16 BLOCK_DIM_Y=64
With GRID_DIM_X=512 GRID_DIM_Y=128
Device count = 1
Using device 0
Matrix Dimension = 8192
Block_Dim_x = 16, Block_Dim_y = 64, Grid_Dim_x = 512, Grid_Dim_y = 128
Time to calculate results on GPU: 3034.720459 ms.

real	0m6.728s
user	0m6.147s
sys	0m0.528s
Device count = 1
Using device 0
Matrix Dimension = 8192
Block_Dim_x = 16, Block_Dim_y = 64, Grid_Dim_x = 512, Grid_Dim_y = 128
Time to calculate results on GPU: 3011.383545 ms.

real	0m6.705s
user	0m6.136s
sys	0m0.511s
Device count = 1
Using device 0
Matrix Dimension = 8192
Block_Dim_x = 16, Block_Dim_y = 64, Grid_Dim_x = 512, Grid_Dim_y = 128
Time to calculate results on GPU: 3020.337158 ms.

real	0m6.711s
user	0m6.134s
sys	0m0.519s
Running block BLOCK_DIM_X=16 BLOCK_DIM_Y=128
With GRID_DIM_X=512 GRID_DIM_Y=64
Device count = 1
Error, too many threads in block

real	0m0.046s
user	0m0.004s
sys	0m0.021s
Device count = 1
Error, too many threads in block

real	0m0.030s
user	0m0.004s
sys	0m0.019s
Device count = 1
Error, too many threads in block

real	0m0.031s
user	0m0.003s
sys	0m0.020s
Running block BLOCK_DIM_X=16 BLOCK_DIM_Y=256
With GRID_DIM_X=512 GRID_DIM_Y=32
Device count = 1
Error, too many threads in block

real	0m0.026s
user	0m0.003s
sys	0m0.020s
Device count = 1
Error, too many threads in block

real	0m0.028s
user	0m0.003s
sys	0m0.020s
Device count = 1
Error, too many threads in block

real	0m0.027s
user	0m0.002s
sys	0m0.021s
Running block BLOCK_DIM_X=32 BLOCK_DIM_Y=8
With GRID_DIM_X=256 GRID_DIM_Y=1024
Device count = 1
Using device 0
Matrix Dimension = 8192
Block_Dim_x = 32, Block_Dim_y = 8, Grid_Dim_x = 256, Grid_Dim_y = 1024
Time to calculate results on GPU: 3152.067139 ms.

real	0m6.834s
user	0m6.270s
sys	0m0.528s
Device count = 1
Using device 0
Matrix Dimension = 8192
Block_Dim_x = 32, Block_Dim_y = 8, Grid_Dim_x = 256, Grid_Dim_y = 1024
Time to calculate results on GPU: 3157.181152 ms.

real	0m6.854s
user	0m6.261s
sys	0m0.531s
Device count = 1
Using device 0
Matrix Dimension = 8192
Block_Dim_x = 32, Block_Dim_y = 8, Grid_Dim_x = 256, Grid_Dim_y = 1024
Time to calculate results on GPU: 3152.286377 ms.

real	0m6.855s
user	0m6.251s
sys	0m0.545s
Running block BLOCK_DIM_X=32 BLOCK_DIM_Y=16
With GRID_DIM_X=256 GRID_DIM_Y=512
Device count = 1
Using device 0
Matrix Dimension = 8192
Block_Dim_x = 32, Block_Dim_y = 16, Grid_Dim_x = 256, Grid_Dim_y = 512
Time to calculate results on GPU: 3190.980713 ms.

real	0m6.885s
user	0m6.295s
sys	0m0.536s
Device count = 1
Using device 0
Matrix Dimension = 8192
Block_Dim_x = 32, Block_Dim_y = 16, Grid_Dim_x = 256, Grid_Dim_y = 512
Time to calculate results on GPU: 3191.508545 ms.

real	0m6.888s
user	0m6.305s
sys	0m0.532s
Device count = 1
Using device 0
Matrix Dimension = 8192
Block_Dim_x = 32, Block_Dim_y = 16, Grid_Dim_x = 256, Grid_Dim_y = 512
Time to calculate results on GPU: 3208.725586 ms.

real	0m6.902s
user	0m6.313s
sys	0m0.533s
Running block BLOCK_DIM_X=32 BLOCK_DIM_Y=32
With GRID_DIM_X=256 GRID_DIM_Y=256
Device count = 1
Using device 0
Matrix Dimension = 8192
Block_Dim_x = 32, Block_Dim_y = 32, Grid_Dim_x = 256, Grid_Dim_y = 256
Time to calculate results on GPU: 2981.268555 ms.

real	0m6.676s
user	0m6.096s
sys	0m0.525s
Device count = 1
Using device 0
Matrix Dimension = 8192
Block_Dim_x = 32, Block_Dim_y = 32, Grid_Dim_x = 256, Grid_Dim_y = 256
Time to calculate results on GPU: 2975.122070 ms.

real	0m6.677s
user	0m6.091s
sys	0m0.526s
Device count = 1
Using device 0
Matrix Dimension = 8192
Block_Dim_x = 32, Block_Dim_y = 32, Grid_Dim_x = 256, Grid_Dim_y = 256
Time to calculate results on GPU: 2968.912598 ms.

real	0m6.685s
user	0m6.084s
sys	0m0.541s
Running block BLOCK_DIM_X=32 BLOCK_DIM_Y=64
With GRID_DIM_X=256 GRID_DIM_Y=128
Device count = 1
Error, too many threads in block

real	0m0.053s
user	0m0.003s
sys	0m0.022s
Device count = 1
Error, too many threads in block

real	0m0.026s
user	0m0.003s
sys	0m0.020s
Device count = 1
Error, too many threads in block

real	0m0.027s
user	0m0.002s
sys	0m0.021s
Running block BLOCK_DIM_X=32 BLOCK_DIM_Y=128
With GRID_DIM_X=256 GRID_DIM_Y=64
Device count = 1
Error, too many threads in block

real	0m0.026s
user	0m0.002s
sys	0m0.021s
Device count = 1
Error, too many threads in block

real	0m0.029s
user	0m0.004s
sys	0m0.019s
Device count = 1
Error, too many threads in block

real	0m0.029s
user	0m0.006s
sys	0m0.017s
Running block BLOCK_DIM_X=32 BLOCK_DIM_Y=256
With GRID_DIM_X=256 GRID_DIM_Y=32
Device count = 1
Error, too many threads in block

real	0m0.026s
user	0m0.004s
sys	0m0.018s
Device count = 1
Error, too many threads in block

real	0m0.027s
user	0m0.003s
sys	0m0.020s
Device count = 1
Error, too many threads in block

real	0m0.027s
user	0m0.004s
sys	0m0.019s
Running block BLOCK_DIM_X=64 BLOCK_DIM_Y=8
With GRID_DIM_X=128 GRID_DIM_Y=1024
Device count = 1
Using device 0
Matrix Dimension = 8192
Block_Dim_x = 64, Block_Dim_y = 8, Grid_Dim_x = 128, Grid_Dim_y = 1024
Time to calculate results on GPU: 3162.884766 ms.

real	0m6.835s
user	0m6.271s
sys	0m0.526s
Device count = 1
Using device 0
Matrix Dimension = 8192
Block_Dim_x = 64, Block_Dim_y = 8, Grid_Dim_x = 128, Grid_Dim_y = 1024
Time to calculate results on GPU: 3162.784668 ms.

real	0m6.864s
user	0m6.284s
sys	0m0.524s
Device count = 1
Using device 0
Matrix Dimension = 8192
Block_Dim_x = 64, Block_Dim_y = 8, Grid_Dim_x = 128, Grid_Dim_y = 1024
Time to calculate results on GPU: 3161.657959 ms.

real	0m6.850s
user	0m6.272s
sys	0m0.524s
Running block BLOCK_DIM_X=64 BLOCK_DIM_Y=16
With GRID_DIM_X=128 GRID_DIM_Y=512
Device count = 1
Using device 0
Matrix Dimension = 8192
Block_Dim_x = 64, Block_Dim_y = 16, Grid_Dim_x = 128, Grid_Dim_y = 512
Time to calculate results on GPU: 3096.514893 ms.

real	0m6.797s
user	0m6.195s
sys	0m0.544s
Device count = 1
Using device 0
Matrix Dimension = 8192
Block_Dim_x = 64, Block_Dim_y = 16, Grid_Dim_x = 128, Grid_Dim_y = 512
Time to calculate results on GPU: 3082.675293 ms.

real	0m6.772s
user	0m6.187s
sys	0m0.527s
Device count = 1
Using device 0
Matrix Dimension = 8192
Block_Dim_x = 64, Block_Dim_y = 16, Grid_Dim_x = 128, Grid_Dim_y = 512
Time to calculate results on GPU: 3086.919678 ms.

real	0m6.786s
user	0m6.207s
sys	0m0.526s
Running block BLOCK_DIM_X=64 BLOCK_DIM_Y=32
With GRID_DIM_X=128 GRID_DIM_Y=256
Device count = 1
Error, too many threads in block

real	0m0.045s
user	0m0.004s
sys	0m0.021s
Device count = 1
Error, too many threads in block

real	0m0.028s
user	0m0.006s
sys	0m0.018s
Device count = 1
Error, too many threads in block

real	0m0.027s
user	0m0.005s
sys	0m0.017s
Running block BLOCK_DIM_X=64 BLOCK_DIM_Y=64
With GRID_DIM_X=128 GRID_DIM_Y=128
Device count = 1
Error, too many threads in block

real	0m0.026s
user	0m0.003s
sys	0m0.019s
Device count = 1
Error, too many threads in block

real	0m0.027s
user	0m0.002s
sys	0m0.020s
Device count = 1
Error, too many threads in block

real	0m0.026s
user	0m0.004s
sys	0m0.018s
Running block BLOCK_DIM_X=64 BLOCK_DIM_Y=128
With GRID_DIM_X=128 GRID_DIM_Y=64
Device count = 1
Error, too many threads in block

real	0m0.028s
user	0m0.004s
sys	0m0.019s
Device count = 1
Error, too many threads in block

real	0m0.027s
user	0m0.003s
sys	0m0.020s
Device count = 1
Error, too many threads in block

real	0m0.026s
user	0m0.003s
sys	0m0.019s
Running block BLOCK_DIM_X=64 BLOCK_DIM_Y=256
With GRID_DIM_X=128 GRID_DIM_Y=32
Device count = 1
Error, too many threads in block

real	0m0.026s
user	0m0.005s
sys	0m0.018s
Device count = 1
Error, too many threads in block

real	0m0.038s
user	0m0.003s
sys	0m0.020s
Device count = 1
Error, too many threads in block

real	0m0.026s
user	0m0.005s
sys	0m0.017s
Running block BLOCK_DIM_X=128 BLOCK_DIM_Y=8
With GRID_DIM_X=64 GRID_DIM_Y=1024
Device count = 1
Using device 0
Matrix Dimension = 8192
Block_Dim_x = 128, Block_Dim_y = 8, Grid_Dim_x = 64, Grid_Dim_y = 1024
Time to calculate results on GPU: 3130.383789 ms.

real	0m6.808s
user	0m6.239s
sys	0m0.527s
Device count = 1
Using device 0
Matrix Dimension = 8192
Block_Dim_x = 128, Block_Dim_y = 8, Grid_Dim_x = 64, Grid_Dim_y = 1024
Time to calculate results on GPU: 3122.518066 ms.

real	0m6.824s
user	0m6.243s
sys	0m0.520s
Device count = 1
Using device 0
Matrix Dimension = 8192
Block_Dim_x = 128, Block_Dim_y = 8, Grid_Dim_x = 64, Grid_Dim_y = 1024
Time to calculate results on GPU: 3125.513916 ms.

real	0m6.817s
user	0m6.234s
sys	0m0.526s
Running block BLOCK_DIM_X=128 BLOCK_DIM_Y=16
With GRID_DIM_X=64 GRID_DIM_Y=512
Device count = 1
Error, too many threads in block

real	0m0.050s
user	0m0.003s
sys	0m0.022s
Device count = 1
Error, too many threads in block

real	0m0.026s
user	0m0.002s
sys	0m0.021s
Device count = 1
Error, too many threads in block

real	0m0.027s
user	0m0.004s
sys	0m0.019s
Running block BLOCK_DIM_X=128 BLOCK_DIM_Y=32
With GRID_DIM_X=64 GRID_DIM_Y=256
Device count = 1
Error, too many threads in block

real	0m0.027s
user	0m0.002s
sys	0m0.021s
Device count = 1
Error, too many threads in block

real	0m0.026s
user	0m0.003s
sys	0m0.019s
Device count = 1
Error, too many threads in block

real	0m0.026s
user	0m0.004s
sys	0m0.019s
Running block BLOCK_DIM_X=128 BLOCK_DIM_Y=64
With GRID_DIM_X=64 GRID_DIM_Y=128
Device count = 1
Error, too many threads in block

real	0m0.026s
user	0m0.002s
sys	0m0.021s
Device count = 1
Error, too many threads in block

real	0m0.026s
user	0m0.003s
sys	0m0.019s
Device count = 1
Error, too many threads in block

real	0m0.028s
user	0m0.003s
sys	0m0.020s
Running block BLOCK_DIM_X=128 BLOCK_DIM_Y=128
With GRID_DIM_X=64 GRID_DIM_Y=64
Device count = 1
Error, too many threads in block

real	0m0.025s
user	0m0.002s
sys	0m0.021s
Device count = 1
Error, too many threads in block

real	0m0.026s
user	0m0.003s
sys	0m0.019s
Device count = 1
Error, too many threads in block

real	0m0.027s
user	0m0.003s
sys	0m0.019s
Running block BLOCK_DIM_X=128 BLOCK_DIM_Y=256
With GRID_DIM_X=64 GRID_DIM_Y=32
Device count = 1
Error, too many threads in block

real	0m0.027s
user	0m0.003s
sys	0m0.020s
Device count = 1
Error, too many threads in block

real	0m0.027s
user	0m0.005s
sys	0m0.018s
Device count = 1
Error, too many threads in block

real	0m0.027s
user	0m0.004s
sys	0m0.018s
Running block BLOCK_DIM_X=256 BLOCK_DIM_Y=8
With GRID_DIM_X=32 GRID_DIM_Y=1024
Device count = 1
Error, too many threads in block

real	0m0.026s
user	0m0.001s
sys	0m0.021s
Device count = 1
Error, too many threads in block

real	0m0.026s
user	0m0.004s
sys	0m0.018s
Device count = 1
Error, too many threads in block

real	0m0.026s
user	0m0.003s
sys	0m0.020s
Running block BLOCK_DIM_X=256 BLOCK_DIM_Y=16
With GRID_DIM_X=32 GRID_DIM_Y=512
Device count = 1
Error, too many threads in block

real	0m0.030s
user	0m0.002s
sys	0m0.021s
Device count = 1
Error, too many threads in block

real	0m0.030s
user	0m0.003s
sys	0m0.020s
Device count = 1
Error, too many threads in block

real	0m0.030s
user	0m0.003s
sys	0m0.019s
Running block BLOCK_DIM_X=256 BLOCK_DIM_Y=32
With GRID_DIM_X=32 GRID_DIM_Y=256
Device count = 1
Error, too many threads in block

real	0m0.033s
user	0m0.004s
sys	0m0.019s
Device count = 1
Error, too many threads in block

real	0m0.028s
user	0m0.003s
sys	0m0.019s
Device count = 1
Error, too many threads in block

real	0m0.033s
user	0m0.002s
sys	0m0.021s
Running block BLOCK_DIM_X=256 BLOCK_DIM_Y=64
With GRID_DIM_X=32 GRID_DIM_Y=128
Device count = 1
Error, too many threads in block

real	0m0.028s
user	0m0.005s
sys	0m0.018s
Device count = 1
Error, too many threads in block

real	0m0.026s
user	0m0.003s
sys	0m0.019s
Device count = 1
Error, too many threads in block

real	0m0.026s
user	0m0.002s
sys	0m0.020s
Running block BLOCK_DIM_X=256 BLOCK_DIM_Y=128
With GRID_DIM_X=32 GRID_DIM_Y=64
Device count = 1
Error, too many threads in block

real	0m0.028s
user	0m0.002s
sys	0m0.020s
Device count = 1
Error, too many threads in block

real	0m0.025s
user	0m0.004s
sys	0m0.018s
Device count = 1
Error, too many threads in block

real	0m0.027s
user	0m0.003s
sys	0m0.020s
Running block BLOCK_DIM_X=256 BLOCK_DIM_Y=256
With GRID_DIM_X=32 GRID_DIM_Y=32
Device count = 1
Error, too many threads in block

real	0m0.029s
user	0m0.004s
sys	0m0.019s
Device count = 1
Error, too many threads in block

real	0m0.026s
user	0m0.003s
sys	0m0.019s
Device count = 1
Error, too many threads in block

real	0m0.027s
user	0m0.003s
sys	0m0.020s
