***Purging module files

The following modules were not unloaded:
  (Use "module --force purge" to unload all):

  1) StdEnv

***Loading CUDA module file



Currently Loaded Modules:
  1) StdEnv                       (S)   5) GCC/10.2.0
  2) GCCcore/10.2.0                     6) CUDAcore/11.1.1        (g)
  3) zlib/1.2.11-GCCcore-10.2.0         7) CUDA/11.1.1-GCC-10.2.0 (g)
  4) binutils/2.35-GCCcore-10.2.0

  Where:
   S:  Module is Sticky, requires --force to unload or purge
   g:  built for GPU

 


***Running nvidia-smi

Sat Dec  9 22:30:18 2023       
+---------------------------------------------------------------------------------------+
| NVIDIA-SMI 545.23.08              Driver Version: 545.23.08    CUDA Version: 12.3     |
|-----------------------------------------+----------------------+----------------------+
| GPU  Name                 Persistence-M | Bus-Id        Disp.A | Volatile Uncorr. ECC |
| Fan  Temp   Perf          Pwr:Usage/Cap |         Memory-Usage | GPU-Util  Compute M. |
|                                         |                      |               MIG M. |
|=========================================+======================+======================|
|   0  NVIDIA GeForce RTX 2080 Ti     On  | 00000000:AF:00.0 Off |                  N/A |
| 29%   32C    P8              25W / 250W |      1MiB / 11264MiB |      0%      Default |
|                                         |                      |                  N/A |
+-----------------------------------------+----------------------+----------------------+
                                                                                         
+---------------------------------------------------------------------------------------+
| Processes:                                                                            |
|  GPU   GI   CI        PID   Type   Process name                            GPU Memory |
|        ID   ID                                                             Usage      |
|=======================================================================================|
|  No running processes found                                                           |
+---------------------------------------------------------------------------------------+


***Running deviceQuery
/vast/palmer/apps/avx.grace/software/CUDAcore/11.3.1/extras/demo_suite/deviceQuery Starting...

 CUDA Device Query (Runtime API) version (CUDART static linking)

Detected 1 CUDA Capable device(s)

Device 0: "NVIDIA GeForce RTX 2080 Ti"
  CUDA Driver Version / Runtime Version          12.3 / 11.3
  CUDA Capability Major/Minor version number:    7.5
  Total amount of global memory:                 11012 MBytes (11546394624 bytes)
  (68) Multiprocessors, ( 64) CUDA Cores/MP:     4352 CUDA Cores
  GPU Max Clock rate:                            1545 MHz (1.54 GHz)
  Memory Clock rate:                             7000 Mhz
  Memory Bus Width:                              352-bit
  L2 Cache Size:                                 5767168 bytes
  Maximum Texture Dimension Size (x,y,z)         1D=(131072), 2D=(131072, 65536), 3D=(16384, 16384, 16384)
  Maximum Layered 1D Texture Size, (num) layers  1D=(32768), 2048 layers
  Maximum Layered 2D Texture Size, (num) layers  2D=(32768, 32768), 2048 layers
  Total amount of constant memory:               65536 bytes
  Total amount of shared memory per block:       49152 bytes
  Total number of registers available per block: 65536
  Warp size:                                     32
  Maximum number of threads per multiprocessor:  1024
  Maximum number of threads per block:           1024
  Max dimension size of a thread block (x,y,z): (1024, 1024, 64)
  Max dimension size of a grid size    (x,y,z): (2147483647, 65535, 65535)
  Maximum memory pitch:                          2147483647 bytes
  Texture alignment:                             512 bytes
  Concurrent copy and kernel execution:          Yes with 3 copy engine(s)
  Run time limit on kernels:                     No
  Integrated GPU sharing Host Memory:            No
  Support host page-locked memory mapping:       Yes
  Alignment requirement for Surfaces:            Yes
  Device has ECC support:                        Disabled
  Device supports Unified Addressing (UVA):      Yes
  Device supports Compute Preemption:            Yes
  Supports Cooperative Kernel Launch:            Yes
  Supports MultiDevice Co-op Kernel Launch:      Yes
  Device PCI Domain ID / Bus ID / location ID:   0 / 175 / 0
  Compute Mode:
     < Default (multiple host threads can use ::cudaSetDevice() with device simultaneously) >

deviceQuery, CUDA Driver = CUDART, CUDA Driver Version = 12.3, CUDA Runtime Version = 11.3, NumDevs = 1, Device0 = NVIDIA GeForce RTX 2080 Ti
Result = PASS

***Building task1
rm -f obj/*.o  bin/task1  bin/matmul  bin/serial 
nvcc -gencode=arch=compute_75,code=sm_75 -O3 -g -I include -o obj/serial.o -c src/serial.cu
Building binary bin/serial from object obj/serial.o
nvcc -gencode=arch=compute_75,code=sm_75 -lm -g -o bin/serial obj/serial.o
rm obj/serial.o
nvcc -gencode=arch=compute_75,code=sm_75 -O3 -g -I include -o obj/task1.o -c src/task1.cu
Building binary bin/task1 from object obj/task1.o
nvcc -gencode=arch=compute_75,code=sm_75 -lm -g -o bin/task1 obj/task1.o
rm obj/task1.o
Running n=8192, p=8192, m=8192
Running block BLOCK_DIM_X=8 BLOCK_DIM_Y=8
With GRID_DIM_X=1024 GRID_DIM_Y=1024
Device count = 1
Using device 0
Matrix Dimension = 8192
Block_Dim_x = 8, Block_Dim_y = 8, Grid_Dim_x = 1024, Grid_Dim_y = 1024
Time to calculate results on GPU: 3791.342773 ms.

real	0m7.819s
user	0m7.254s
sys	0m0.525s
Device count = 1
Using device 0
Matrix Dimension = 8192
Block_Dim_x = 8, Block_Dim_y = 8, Grid_Dim_x = 1024, Grid_Dim_y = 1024
Time to calculate results on GPU: 3800.817627 ms.

real	0m7.838s
user	0m7.265s
sys	0m0.524s
Device count = 1
Using device 0
Matrix Dimension = 8192
Block_Dim_x = 8, Block_Dim_y = 8, Grid_Dim_x = 1024, Grid_Dim_y = 1024
Time to calculate results on GPU: 3814.608398 ms.

real	0m7.855s
user	0m7.274s
sys	0m0.526s
Running block BLOCK_DIM_X=8 BLOCK_DIM_Y=16
With GRID_DIM_X=1024 GRID_DIM_Y=512
Device count = 1
Using device 0
Matrix Dimension = 8192
Block_Dim_x = 8, Block_Dim_y = 16, Grid_Dim_x = 1024, Grid_Dim_y = 512
Time to calculate results on GPU: 3573.551270 ms.

real	0m7.614s
user	0m7.044s
sys	0m0.515s
Device count = 1
Using device 0
Matrix Dimension = 8192
Block_Dim_x = 8, Block_Dim_y = 16, Grid_Dim_x = 1024, Grid_Dim_y = 512
Time to calculate results on GPU: 3597.836426 ms.

real	0m7.641s
user	0m7.069s
sys	0m0.520s
Device count = 1
Using device 0
Matrix Dimension = 8192
Block_Dim_x = 8, Block_Dim_y = 16, Grid_Dim_x = 1024, Grid_Dim_y = 512
Time to calculate results on GPU: 3610.547363 ms.

real	0m7.649s
user	0m7.074s
sys	0m0.524s
Running block BLOCK_DIM_X=8 BLOCK_DIM_Y=32
With GRID_DIM_X=1024 GRID_DIM_Y=256
Device count = 1
Using device 0
Matrix Dimension = 8192
Block_Dim_x = 8, Block_Dim_y = 32, Grid_Dim_x = 1024, Grid_Dim_y = 256
Time to calculate results on GPU: 3518.138184 ms.

real	0m7.547s
user	0m6.975s
sys	0m0.531s
Device count = 1
Using device 0
Matrix Dimension = 8192
Block_Dim_x = 8, Block_Dim_y = 32, Grid_Dim_x = 1024, Grid_Dim_y = 256
Time to calculate results on GPU: 3519.332520 ms.

real	0m7.582s
user	0m6.978s
sys	0m0.538s
Device count = 1
Using device 0
Matrix Dimension = 8192
Block_Dim_x = 8, Block_Dim_y = 32, Grid_Dim_x = 1024, Grid_Dim_y = 256
Time to calculate results on GPU: 3525.213135 ms.

real	0m7.567s
user	0m6.976s
sys	0m0.542s
Running block BLOCK_DIM_X=8 BLOCK_DIM_Y=64
With GRID_DIM_X=1024 GRID_DIM_Y=128
Device count = 1
Using device 0
Matrix Dimension = 8192
Block_Dim_x = 8, Block_Dim_y = 64, Grid_Dim_x = 1024, Grid_Dim_y = 128
Time to calculate results on GPU: 3542.618164 ms.

real	0m7.581s
user	0m7.017s
sys	0m0.515s
Device count = 1
Using device 0
Matrix Dimension = 8192
Block_Dim_x = 8, Block_Dim_y = 64, Grid_Dim_x = 1024, Grid_Dim_y = 128
Time to calculate results on GPU: 3512.128418 ms.

real	0m7.563s
user	0m6.967s
sys	0m0.534s
Device count = 1
Using device 0
Matrix Dimension = 8192
Block_Dim_x = 8, Block_Dim_y = 64, Grid_Dim_x = 1024, Grid_Dim_y = 128
Time to calculate results on GPU: 3537.385986 ms.

real	0m7.588s
user	0m7.002s
sys	0m0.528s
Running block BLOCK_DIM_X=8 BLOCK_DIM_Y=128
With GRID_DIM_X=1024 GRID_DIM_Y=64
Device count = 1
Using device 0
Matrix Dimension = 8192
Block_Dim_x = 8, Block_Dim_y = 128, Grid_Dim_x = 1024, Grid_Dim_y = 64
Time to calculate results on GPU: 3562.007812 ms.

real	0m7.603s
user	0m7.032s
sys	0m0.523s
Device count = 1
Using device 0
Matrix Dimension = 8192
Block_Dim_x = 8, Block_Dim_y = 128, Grid_Dim_x = 1024, Grid_Dim_y = 64
Time to calculate results on GPU: 3529.727051 ms.

real	0m7.567s
user	0m6.997s
sys	0m0.522s
Device count = 1
Using device 0
Matrix Dimension = 8192
Block_Dim_x = 8, Block_Dim_y = 128, Grid_Dim_x = 1024, Grid_Dim_y = 64
Time to calculate results on GPU: 3550.326172 ms.

real	0m7.587s
user	0m7.006s
sys	0m0.531s
Running block BLOCK_DIM_X=16 BLOCK_DIM_Y=8
With GRID_DIM_X=512 GRID_DIM_Y=1024
Device count = 1
Using device 0
Matrix Dimension = 8192
Block_Dim_x = 16, Block_Dim_y = 8, Grid_Dim_x = 512, Grid_Dim_y = 1024
Time to calculate results on GPU: 3242.572754 ms.

real	0m7.290s
user	0m6.713s
sys	0m0.520s
Device count = 1
Using device 0
Matrix Dimension = 8192
Block_Dim_x = 16, Block_Dim_y = 8, Grid_Dim_x = 512, Grid_Dim_y = 1024
Time to calculate results on GPU: 3229.588135 ms.

real	0m7.279s
user	0m6.700s
sys	0m0.519s
Device count = 1
Using device 0
Matrix Dimension = 8192
Block_Dim_x = 16, Block_Dim_y = 8, Grid_Dim_x = 512, Grid_Dim_y = 1024
Time to calculate results on GPU: 3224.623535 ms.

real	0m7.274s
user	0m6.686s
sys	0m0.530s
Running block BLOCK_DIM_X=16 BLOCK_DIM_Y=16
With GRID_DIM_X=512 GRID_DIM_Y=512
Device count = 1
Using device 0
Matrix Dimension = 8192
Block_Dim_x = 16, Block_Dim_y = 16, Grid_Dim_x = 512, Grid_Dim_y = 512
Time to calculate results on GPU: 3067.413818 ms.

real	0m7.116s
user	0m6.526s
sys	0m0.535s
Device count = 1
Using device 0
Matrix Dimension = 8192
Block_Dim_x = 16, Block_Dim_y = 16, Grid_Dim_x = 512, Grid_Dim_y = 512
Time to calculate results on GPU: 3090.244141 ms.

real	0m7.130s
user	0m6.553s
sys	0m0.524s
Device count = 1
Using device 0
Matrix Dimension = 8192
Block_Dim_x = 16, Block_Dim_y = 16, Grid_Dim_x = 512, Grid_Dim_y = 512
Time to calculate results on GPU: 3075.626709 ms.

real	0m7.119s
user	0m6.541s
sys	0m0.526s
Running block BLOCK_DIM_X=16 BLOCK_DIM_Y=32
With GRID_DIM_X=512 GRID_DIM_Y=256
Device count = 1
Using device 0
Matrix Dimension = 8192
Block_Dim_x = 16, Block_Dim_y = 32, Grid_Dim_x = 512, Grid_Dim_y = 256
Time to calculate results on GPU: 2915.585693 ms.

real	0m6.948s
user	0m6.366s
sys	0m0.535s
Device count = 1
Using device 0
Matrix Dimension = 8192
Block_Dim_x = 16, Block_Dim_y = 32, Grid_Dim_x = 512, Grid_Dim_y = 256
Time to calculate results on GPU: 2915.474609 ms.

real	0m7.050s
user	0m6.475s
sys	0m0.524s
Device count = 1
Using device 0
Matrix Dimension = 8192
Block_Dim_x = 16, Block_Dim_y = 32, Grid_Dim_x = 512, Grid_Dim_y = 256
Time to calculate results on GPU: 2912.504883 ms.

real	0m7.055s
user	0m6.465s
sys	0m0.537s
Running block BLOCK_DIM_X=16 BLOCK_DIM_Y=64
With GRID_DIM_X=512 GRID_DIM_Y=128
Device count = 1
Using device 0
Matrix Dimension = 8192
Block_Dim_x = 16, Block_Dim_y = 64, Grid_Dim_x = 512, Grid_Dim_y = 128
Time to calculate results on GPU: 2946.602783 ms.

real	0m6.985s
user	0m6.405s
sys	0m0.534s
Device count = 1
Using device 0
Matrix Dimension = 8192
Block_Dim_x = 16, Block_Dim_y = 64, Grid_Dim_x = 512, Grid_Dim_y = 128
Time to calculate results on GPU: 2935.899658 ms.

real	0m6.976s
user	0m6.401s
sys	0m0.527s
Device count = 1
Using device 0
Matrix Dimension = 8192
Block_Dim_x = 16, Block_Dim_y = 64, Grid_Dim_x = 512, Grid_Dim_y = 128
Time to calculate results on GPU: 2909.534424 ms.

real	0m6.956s
user	0m6.376s
sys	0m0.525s
Running block BLOCK_DIM_X=16 BLOCK_DIM_Y=128
With GRID_DIM_X=512 GRID_DIM_Y=64
Device count = 1
Error, too many threads in block

real	0m0.055s
user	0m0.004s
sys	0m0.022s
Device count = 1
Error, too many threads in block

real	0m0.031s
user	0m0.002s
sys	0m0.023s
Device count = 1
Error, too many threads in block

real	0m0.029s
user	0m0.002s
sys	0m0.022s
Running block BLOCK_DIM_X=32 BLOCK_DIM_Y=8
With GRID_DIM_X=256 GRID_DIM_Y=1024
Device count = 1
Using device 0
Matrix Dimension = 8192
Block_Dim_x = 32, Block_Dim_y = 8, Grid_Dim_x = 256, Grid_Dim_y = 1024
Time to calculate results on GPU: 3047.050049 ms.

real	0m7.062s
user	0m6.504s
sys	0m0.530s
Device count = 1
Using device 0
Matrix Dimension = 8192
Block_Dim_x = 32, Block_Dim_y = 8, Grid_Dim_x = 256, Grid_Dim_y = 1024
Time to calculate results on GPU: 3056.060791 ms.

real	0m7.089s
user	0m6.523s
sys	0m0.520s
Device count = 1
Using device 0
Matrix Dimension = 8192
Block_Dim_x = 32, Block_Dim_y = 8, Grid_Dim_x = 256, Grid_Dim_y = 1024
Time to calculate results on GPU: 3065.533691 ms.

real	0m7.109s
user	0m6.526s
sys	0m0.532s
Running block BLOCK_DIM_X=32 BLOCK_DIM_Y=16
With GRID_DIM_X=256 GRID_DIM_Y=512
Device count = 1
Using device 0
Matrix Dimension = 8192
Block_Dim_x = 32, Block_Dim_y = 16, Grid_Dim_x = 256, Grid_Dim_y = 512
Time to calculate results on GPU: 3089.657471 ms.

real	0m7.129s
user	0m6.550s
sys	0m0.527s
Device count = 1
Using device 0
Matrix Dimension = 8192
Block_Dim_x = 32, Block_Dim_y = 16, Grid_Dim_x = 256, Grid_Dim_y = 512
Time to calculate results on GPU: 3074.697510 ms.

real	0m7.099s
user	0m6.538s
sys	0m0.521s
Device count = 1
Using device 0
Matrix Dimension = 8192
Block_Dim_x = 32, Block_Dim_y = 16, Grid_Dim_x = 256, Grid_Dim_y = 512
Time to calculate results on GPU: 3099.618164 ms.

real	0m7.147s
user	0m6.570s
sys	0m0.520s
Running block BLOCK_DIM_X=32 BLOCK_DIM_Y=32
With GRID_DIM_X=256 GRID_DIM_Y=256
Device count = 1
Using device 0
Matrix Dimension = 8192
Block_Dim_x = 32, Block_Dim_y = 32, Grid_Dim_x = 256, Grid_Dim_y = 256
Time to calculate results on GPU: 2867.545166 ms.

real	0m6.920s
user	0m6.335s
sys	0m0.518s
Device count = 1
Using device 0
Matrix Dimension = 8192
Block_Dim_x = 32, Block_Dim_y = 32, Grid_Dim_x = 256, Grid_Dim_y = 256
Time to calculate results on GPU: 2897.223877 ms.

real	0m6.942s
user	0m6.356s
sys	0m0.535s
Device count = 1
Using device 0
Matrix Dimension = 8192
Block_Dim_x = 32, Block_Dim_y = 32, Grid_Dim_x = 256, Grid_Dim_y = 256
Time to calculate results on GPU: 2869.814697 ms.

real	0m6.908s
user	0m6.339s
sys	0m0.520s
Running block BLOCK_DIM_X=32 BLOCK_DIM_Y=64
With GRID_DIM_X=256 GRID_DIM_Y=128
Device count = 1
Error, too many threads in block

real	0m0.058s
user	0m0.003s
sys	0m0.023s
Device count = 1
Error, too many threads in block

real	0m0.030s
user	0m0.004s
sys	0m0.020s
Device count = 1
Error, too many threads in block

real	0m0.029s
user	0m0.002s
sys	0m0.022s
Running block BLOCK_DIM_X=32 BLOCK_DIM_Y=128
With GRID_DIM_X=256 GRID_DIM_Y=64
Device count = 1
Error, too many threads in block

real	0m0.030s
user	0m0.003s
sys	0m0.021s
Device count = 1
Error, too many threads in block

real	0m0.036s
user	0m0.003s
sys	0m0.021s
Device count = 1
Error, too many threads in block

real	0m0.033s
user	0m0.002s
sys	0m0.022s
Running block BLOCK_DIM_X=64 BLOCK_DIM_Y=8
With GRID_DIM_X=128 GRID_DIM_Y=1024
Device count = 1
Using device 0
Matrix Dimension = 8192
Block_Dim_x = 64, Block_Dim_y = 8, Grid_Dim_x = 128, Grid_Dim_y = 1024
Time to calculate results on GPU: 3038.771729 ms.

real	0m7.072s
user	0m6.501s
sys	0m0.527s
Device count = 1
Using device 0
Matrix Dimension = 8192
Block_Dim_x = 64, Block_Dim_y = 8, Grid_Dim_x = 128, Grid_Dim_y = 1024
Time to calculate results on GPU: 3066.060059 ms.

real	0m7.112s
user	0m6.533s
sys	0m0.526s
Device count = 1
Using device 0
Matrix Dimension = 8192
Block_Dim_x = 64, Block_Dim_y = 8, Grid_Dim_x = 128, Grid_Dim_y = 1024
Time to calculate results on GPU: 3053.973633 ms.

real	0m7.096s
user	0m6.513s
sys	0m0.531s
Running block BLOCK_DIM_X=64 BLOCK_DIM_Y=16
With GRID_DIM_X=128 GRID_DIM_Y=512
Device count = 1
Using device 0
Matrix Dimension = 8192
Block_Dim_x = 64, Block_Dim_y = 16, Grid_Dim_x = 128, Grid_Dim_y = 512
Time to calculate results on GPU: 2968.472412 ms.

real	0m7.008s
user	0m6.432s
sys	0m0.529s
Device count = 1
Using device 0
Matrix Dimension = 8192
Block_Dim_x = 64, Block_Dim_y = 16, Grid_Dim_x = 128, Grid_Dim_y = 512
Time to calculate results on GPU: 2981.727539 ms.

real	0m7.015s
user	0m6.444s
sys	0m0.531s
Device count = 1
Using device 0
Matrix Dimension = 8192
Block_Dim_x = 64, Block_Dim_y = 16, Grid_Dim_x = 128, Grid_Dim_y = 512
Time to calculate results on GPU: 2980.248779 ms.

real	0m7.030s
user	0m6.446s
sys	0m0.529s
Running block BLOCK_DIM_X=64 BLOCK_DIM_Y=32
With GRID_DIM_X=128 GRID_DIM_Y=256
Device count = 1
Error, too many threads in block

real	0m0.052s
user	0m0.002s
sys	0m0.024s
Device count = 1
Error, too many threads in block

real	0m0.028s
user	0m0.002s
sys	0m0.022s
Device count = 1
Error, too many threads in block

real	0m0.028s
user	0m0.004s
sys	0m0.020s
Running block BLOCK_DIM_X=64 BLOCK_DIM_Y=64
With GRID_DIM_X=128 GRID_DIM_Y=128
Device count = 1
Error, too many threads in block

real	0m0.035s
user	0m0.005s
sys	0m0.018s
Device count = 1
Error, too many threads in block

real	0m0.028s
user	0m0.005s
sys	0m0.019s
Device count = 1
Error, too many threads in block

real	0m0.027s
user	0m0.003s
sys	0m0.021s
Running block BLOCK_DIM_X=64 BLOCK_DIM_Y=128
With GRID_DIM_X=128 GRID_DIM_Y=64
Device count = 1
Error, too many threads in block

real	0m0.027s
user	0m0.003s
sys	0m0.020s
Device count = 1
Error, too many threads in block

real	0m0.027s
user	0m0.004s
sys	0m0.020s
Device count = 1
Error, too many threads in block

real	0m0.028s
user	0m0.003s
sys	0m0.021s
Running block BLOCK_DIM_X=128 BLOCK_DIM_Y=8
With GRID_DIM_X=64 GRID_DIM_Y=1024
Device count = 1
Using device 0
Matrix Dimension = 8192
Block_Dim_x = 128, Block_Dim_y = 8, Grid_Dim_x = 64, Grid_Dim_y = 1024
Time to calculate results on GPU: 3024.736084 ms.

real	0m7.057s
user	0m6.484s
sys	0m0.530s
Device count = 1
Using device 0
Matrix Dimension = 8192
Block_Dim_x = 128, Block_Dim_y = 8, Grid_Dim_x = 64, Grid_Dim_y = 1024
Time to calculate results on GPU: 3019.080566 ms.

real	0m7.066s
user	0m6.488s
sys	0m0.530s
Device count = 1
Using device 0
Matrix Dimension = 8192
Block_Dim_x = 128, Block_Dim_y = 8, Grid_Dim_x = 64, Grid_Dim_y = 1024
Time to calculate results on GPU: 3014.034912 ms.

real	0m7.056s
user	0m6.472s
sys	0m0.533s
Running block BLOCK_DIM_X=128 BLOCK_DIM_Y=16
With GRID_DIM_X=64 GRID_DIM_Y=512
Device count = 1
Error, too many threads in block

real	0m0.054s
user	0m0.004s
sys	0m0.022s
Device count = 1
Error, too many threads in block

real	0m0.031s
user	0m0.003s
sys	0m0.022s
Device count = 1
Error, too many threads in block

real	0m0.029s
user	0m0.003s
sys	0m0.022s
Running block BLOCK_DIM_X=128 BLOCK_DIM_Y=32
With GRID_DIM_X=64 GRID_DIM_Y=256
Device count = 1
Error, too many threads in block

real	0m0.029s
user	0m0.002s
sys	0m0.022s
Device count = 1
Error, too many threads in block

real	0m0.029s
user	0m0.004s
sys	0m0.020s
Device count = 1
Error, too many threads in block

real	0m0.030s
user	0m0.003s
sys	0m0.021s
Running block BLOCK_DIM_X=128 BLOCK_DIM_Y=64
With GRID_DIM_X=64 GRID_DIM_Y=128
Device count = 1
Error, too many threads in block

real	0m0.030s
user	0m0.004s
sys	0m0.020s
Device count = 1
Error, too many threads in block

real	0m0.030s
user	0m0.002s
sys	0m0.022s
Device count = 1
Error, too many threads in block

real	0m0.027s
user	0m0.003s
sys	0m0.020s
Running block BLOCK_DIM_X=128 BLOCK_DIM_Y=128
With GRID_DIM_X=64 GRID_DIM_Y=64
Device count = 1
Error, too many threads in block

real	0m0.029s
user	0m0.002s
sys	0m0.022s
Device count = 1
Error, too many threads in block

real	0m0.032s
user	0m0.005s
sys	0m0.019s
Device count = 1
Error, too many threads in block

real	0m0.032s
user	0m0.004s
sys	0m0.020s
