***Purging module files

The following modules were not unloaded:
  (Use "module --force purge" to unload all):

  1) StdEnv

***Loading CUDA module file



Currently Loaded Modules:
  1) StdEnv                       (S)   5) GCC/10.2.0
  2) GCCcore/10.2.0                     6) CUDAcore/11.1.1        (g)
  3) zlib/1.2.11-GCCcore-10.2.0         7) CUDA/11.1.1-GCC-10.2.0 (g)
  4) binutils/2.35-GCCcore-10.2.0

  Where:
   S:  Module is Sticky, requires --force to unload or purge
   g:  built for GPU

 


***Running nvidia-smi

Sun Dec 10 10:02:06 2023       
+---------------------------------------------------------------------------------------+
| NVIDIA-SMI 545.23.08              Driver Version: 545.23.08    CUDA Version: 12.3     |
|-----------------------------------------+----------------------+----------------------+
| GPU  Name                 Persistence-M | Bus-Id        Disp.A | Volatile Uncorr. ECC |
| Fan  Temp   Perf          Pwr:Usage/Cap |         Memory-Usage | GPU-Util  Compute M. |
|                                         |                      |               MIG M. |
|=========================================+======================+======================|
|   0  NVIDIA GeForce RTX 2080 Ti     On  | 00000000:3B:00.0 Off |                  N/A |
| 34%   37C    P8              26W / 250W |      1MiB / 11264MiB |      0%      Default |
|                                         |                      |                  N/A |
+-----------------------------------------+----------------------+----------------------+
                                                                                         
+---------------------------------------------------------------------------------------+
| Processes:                                                                            |
|  GPU   GI   CI        PID   Type   Process name                            GPU Memory |
|        ID   ID                                                             Usage      |
|=======================================================================================|
|  No running processes found                                                           |
+---------------------------------------------------------------------------------------+


***Running deviceQuery
/vast/palmer/apps/avx.grace/software/CUDAcore/11.3.1/extras/demo_suite/deviceQuery Starting...

 CUDA Device Query (Runtime API) version (CUDART static linking)

Detected 1 CUDA Capable device(s)

Device 0: "NVIDIA GeForce RTX 2080 Ti"
  CUDA Driver Version / Runtime Version          12.3 / 11.3
  CUDA Capability Major/Minor version number:    7.5
  Total amount of global memory:                 11012 MBytes (11546394624 bytes)
  (68) Multiprocessors, ( 64) CUDA Cores/MP:     4352 CUDA Cores
  GPU Max Clock rate:                            1545 MHz (1.54 GHz)
  Memory Clock rate:                             7000 Mhz
  Memory Bus Width:                              352-bit
  L2 Cache Size:                                 5767168 bytes
  Maximum Texture Dimension Size (x,y,z)         1D=(131072), 2D=(131072, 65536), 3D=(16384, 16384, 16384)
  Maximum Layered 1D Texture Size, (num) layers  1D=(32768), 2048 layers
  Maximum Layered 2D Texture Size, (num) layers  2D=(32768, 32768), 2048 layers
  Total amount of constant memory:               65536 bytes
  Total amount of shared memory per block:       49152 bytes
  Total number of registers available per block: 65536
  Warp size:                                     32
  Maximum number of threads per multiprocessor:  1024
  Maximum number of threads per block:           1024
  Max dimension size of a thread block (x,y,z): (1024, 1024, 64)
  Max dimension size of a grid size    (x,y,z): (2147483647, 65535, 65535)
  Maximum memory pitch:                          2147483647 bytes
  Texture alignment:                             512 bytes
  Concurrent copy and kernel execution:          Yes with 3 copy engine(s)
  Run time limit on kernels:                     No
  Integrated GPU sharing Host Memory:            No
  Support host page-locked memory mapping:       Yes
  Alignment requirement for Surfaces:            Yes
  Device has ECC support:                        Disabled
  Device supports Unified Addressing (UVA):      Yes
  Device supports Compute Preemption:            Yes
  Supports Cooperative Kernel Launch:            Yes
  Supports MultiDevice Co-op Kernel Launch:      Yes
  Device PCI Domain ID / Bus ID / location ID:   0 / 59 / 0
  Compute Mode:
     < Default (multiple host threads can use ::cudaSetDevice() with device simultaneously) >

deviceQuery, CUDA Driver = CUDART, CUDA Driver Version = 12.3, CUDA Runtime Version = 11.3, NumDevs = 1, Device0 = NVIDIA GeForce RTX 2080 Ti
Result = PASS

***Building task1
rm -f obj/*.o  bin/task1  bin/matmul  bin/serial 
nvcc -gencode=arch=compute_75,code=sm_75 -O3 -g -I include -o obj/serial.o -c src/serial.cu
Building binary bin/serial from object obj/serial.o
nvcc -gencode=arch=compute_75,code=sm_75 -lm -g -o bin/serial obj/serial.o
rm obj/serial.o
nvcc -gencode=arch=compute_75,code=sm_75 -O3 -g -I include -o obj/task1.o -c src/task1.cu
Building binary bin/task1 from object obj/task1.o
nvcc -gencode=arch=compute_75,code=sm_75 -lm -g -o bin/task1 obj/task1.o
rm obj/task1.o
Running n=1024, p=1024, m=1024
Running block BLOCK_DIM_X=8 BLOCK_DIM_Y=8
With GRID_DIM_X=128 GRID_DIM_Y=128
Device count = 1
Using device 0
Matrix Dimension = 1024
Block_Dim_x = 8, Block_Dim_y = 8, Grid_Dim_x = 128, Grid_Dim_y = 128
Time to calculate results on GPU: 7.067200 ms.

real	0m0.279s
user	0m0.069s
sys	0m0.185s
Device count = 1
Using device 0
Matrix Dimension = 1024
Block_Dim_x = 8, Block_Dim_y = 8, Grid_Dim_x = 128, Grid_Dim_y = 128
Time to calculate results on GPU: 7.054784 ms.

real	0m0.210s
user	0m0.069s
sys	0m0.131s
Device count = 1
Using device 0
Matrix Dimension = 1024
Block_Dim_x = 8, Block_Dim_y = 8, Grid_Dim_x = 128, Grid_Dim_y = 128
Time to calculate results on GPU: 7.053952 ms.

real	0m0.210s
user	0m0.075s
sys	0m0.125s
Running block BLOCK_DIM_X=8 BLOCK_DIM_Y=16
With GRID_DIM_X=128 GRID_DIM_Y=64
Device count = 1
Using device 0
Matrix Dimension = 1024
Block_Dim_x = 8, Block_Dim_y = 16, Grid_Dim_x = 128, Grid_Dim_y = 64
Time to calculate results on GPU: 7.051008 ms.

real	0m0.209s
user	0m0.075s
sys	0m0.124s
Device count = 1
Using device 0
Matrix Dimension = 1024
Block_Dim_x = 8, Block_Dim_y = 16, Grid_Dim_x = 128, Grid_Dim_y = 64
Time to calculate results on GPU: 7.045408 ms.

real	0m0.211s
user	0m0.078s
sys	0m0.125s
Device count = 1
Using device 0
Matrix Dimension = 1024
Block_Dim_x = 8, Block_Dim_y = 16, Grid_Dim_x = 128, Grid_Dim_y = 64
Time to calculate results on GPU: 7.046848 ms.

real	0m0.215s
user	0m0.076s
sys	0m0.129s
Running block BLOCK_DIM_X=8 BLOCK_DIM_Y=32
With GRID_DIM_X=128 GRID_DIM_Y=32
Device count = 1
Using device 0
Matrix Dimension = 1024
Block_Dim_x = 8, Block_Dim_y = 32, Grid_Dim_x = 128, Grid_Dim_y = 32
Time to calculate results on GPU: 7.079744 ms.

real	0m0.209s
user	0m0.070s
sys	0m0.130s
Device count = 1
Using device 0
Matrix Dimension = 1024
Block_Dim_x = 8, Block_Dim_y = 32, Grid_Dim_x = 128, Grid_Dim_y = 32
Time to calculate results on GPU: 7.080576 ms.

real	0m0.215s
user	0m0.075s
sys	0m0.130s
Device count = 1
Using device 0
Matrix Dimension = 1024
Block_Dim_x = 8, Block_Dim_y = 32, Grid_Dim_x = 128, Grid_Dim_y = 32
Time to calculate results on GPU: 7.080768 ms.

real	0m0.209s
user	0m0.070s
sys	0m0.130s
Running block BLOCK_DIM_X=8 BLOCK_DIM_Y=64
With GRID_DIM_X=128 GRID_DIM_Y=16
Device count = 1
Using device 0
Matrix Dimension = 1024
Block_Dim_x = 8, Block_Dim_y = 64, Grid_Dim_x = 128, Grid_Dim_y = 16
Time to calculate results on GPU: 7.152544 ms.

real	0m0.213s
user	0m0.072s
sys	0m0.132s
Device count = 1
Using device 0
Matrix Dimension = 1024
Block_Dim_x = 8, Block_Dim_y = 64, Grid_Dim_x = 128, Grid_Dim_y = 16
Time to calculate results on GPU: 7.161152 ms.

real	0m0.212s
user	0m0.075s
sys	0m0.124s
Device count = 1
Using device 0
Matrix Dimension = 1024
Block_Dim_x = 8, Block_Dim_y = 64, Grid_Dim_x = 128, Grid_Dim_y = 16
Time to calculate results on GPU: 7.145728 ms.

real	0m0.212s
user	0m0.075s
sys	0m0.128s
Running block BLOCK_DIM_X=8 BLOCK_DIM_Y=128
With GRID_DIM_X=128 GRID_DIM_Y=8
Device count = 1
Using device 0
Matrix Dimension = 1024
Block_Dim_x = 8, Block_Dim_y = 128, Grid_Dim_x = 128, Grid_Dim_y = 8
Time to calculate results on GPU: 7.512416 ms.

real	0m0.209s
user	0m0.071s
sys	0m0.128s
Device count = 1
Using device 0
Matrix Dimension = 1024
Block_Dim_x = 8, Block_Dim_y = 128, Grid_Dim_x = 128, Grid_Dim_y = 8
Time to calculate results on GPU: 7.503392 ms.

real	0m0.217s
user	0m0.070s
sys	0m0.137s
Device count = 1
Using device 0
Matrix Dimension = 1024
Block_Dim_x = 8, Block_Dim_y = 128, Grid_Dim_x = 128, Grid_Dim_y = 8
Time to calculate results on GPU: 7.510816 ms.

real	0m0.214s
user	0m0.074s
sys	0m0.129s
Running block BLOCK_DIM_X=16 BLOCK_DIM_Y=8
With GRID_DIM_X=64 GRID_DIM_Y=128
Device count = 1
Using device 0
Matrix Dimension = 1024
Block_Dim_x = 16, Block_Dim_y = 8, Grid_Dim_x = 64, Grid_Dim_y = 128
Time to calculate results on GPU: 4.258656 ms.

real	0m0.204s
user	0m0.072s
sys	0m0.125s
Device count = 1
Using device 0
Matrix Dimension = 1024
Block_Dim_x = 16, Block_Dim_y = 8, Grid_Dim_x = 64, Grid_Dim_y = 128
Time to calculate results on GPU: 4.266112 ms.

real	0m0.214s
user	0m0.068s
sys	0m0.137s
Device count = 1
Using device 0
Matrix Dimension = 1024
Block_Dim_x = 16, Block_Dim_y = 8, Grid_Dim_x = 64, Grid_Dim_y = 128
Time to calculate results on GPU: 4.263488 ms.

real	0m0.211s
user	0m0.065s
sys	0m0.137s
Running block BLOCK_DIM_X=16 BLOCK_DIM_Y=16
With GRID_DIM_X=64 GRID_DIM_Y=64
Device count = 1
Using device 0
Matrix Dimension = 1024
Block_Dim_x = 16, Block_Dim_y = 16, Grid_Dim_x = 64, Grid_Dim_y = 64
Time to calculate results on GPU: 4.263776 ms.

real	0m0.207s
user	0m0.070s
sys	0m0.127s
Device count = 1
Using device 0
Matrix Dimension = 1024
Block_Dim_x = 16, Block_Dim_y = 16, Grid_Dim_x = 64, Grid_Dim_y = 64
Time to calculate results on GPU: 4.259328 ms.

real	0m0.206s
user	0m0.070s
sys	0m0.127s
Device count = 1
Using device 0
Matrix Dimension = 1024
Block_Dim_x = 16, Block_Dim_y = 16, Grid_Dim_x = 64, Grid_Dim_y = 64
Time to calculate results on GPU: 4.260480 ms.

real	0m0.220s
user	0m0.068s
sys	0m0.134s
Running block BLOCK_DIM_X=16 BLOCK_DIM_Y=32
With GRID_DIM_X=64 GRID_DIM_Y=32
Device count = 1
Using device 0
Matrix Dimension = 1024
Block_Dim_x = 16, Block_Dim_y = 32, Grid_Dim_x = 64, Grid_Dim_y = 32
Time to calculate results on GPU: 4.327520 ms.

real	0m0.222s
user	0m0.075s
sys	0m0.127s
Device count = 1
Using device 0
Matrix Dimension = 1024
Block_Dim_x = 16, Block_Dim_y = 32, Grid_Dim_x = 64, Grid_Dim_y = 32
Time to calculate results on GPU: 4.336192 ms.

real	0m0.214s
user	0m0.072s
sys	0m0.131s
Device count = 1
Using device 0
Matrix Dimension = 1024
Block_Dim_x = 16, Block_Dim_y = 32, Grid_Dim_x = 64, Grid_Dim_y = 32
Time to calculate results on GPU: 4.330528 ms.

real	0m0.205s
user	0m0.068s
sys	0m0.130s
Running block BLOCK_DIM_X=16 BLOCK_DIM_Y=64
With GRID_DIM_X=64 GRID_DIM_Y=16
Device count = 1
Using device 0
Matrix Dimension = 1024
Block_Dim_x = 16, Block_Dim_y = 64, Grid_Dim_x = 64, Grid_Dim_y = 16
Time to calculate results on GPU: 4.507968 ms.

real	0m0.205s
user	0m0.069s
sys	0m0.128s
Device count = 1
Using device 0
Matrix Dimension = 1024
Block_Dim_x = 16, Block_Dim_y = 64, Grid_Dim_x = 64, Grid_Dim_y = 16
Time to calculate results on GPU: 4.573888 ms.

real	0m0.209s
user	0m0.069s
sys	0m0.132s
Device count = 1
Using device 0
Matrix Dimension = 1024
Block_Dim_x = 16, Block_Dim_y = 64, Grid_Dim_x = 64, Grid_Dim_y = 16
Time to calculate results on GPU: 4.510272 ms.

real	0m0.224s
user	0m0.074s
sys	0m0.126s
Running block BLOCK_DIM_X=16 BLOCK_DIM_Y=128
With GRID_DIM_X=64 GRID_DIM_Y=8
Device count = 1
Error, too many threads in block

real	0m0.029s
user	0m0.002s
sys	0m0.022s
Device count = 1
Error, too many threads in block

real	0m0.031s
user	0m0.004s
sys	0m0.019s
Device count = 1
Error, too many threads in block

real	0m0.027s
user	0m0.002s
sys	0m0.021s
Running block BLOCK_DIM_X=32 BLOCK_DIM_Y=8
With GRID_DIM_X=32 GRID_DIM_Y=128
Device count = 1
Using device 0
Matrix Dimension = 1024
Block_Dim_x = 32, Block_Dim_y = 8, Grid_Dim_x = 32, Grid_Dim_y = 128
Time to calculate results on GPU: 3.670912 ms.

real	0m0.213s
user	0m0.073s
sys	0m0.131s
Device count = 1
Using device 0
Matrix Dimension = 1024
Block_Dim_x = 32, Block_Dim_y = 8, Grid_Dim_x = 32, Grid_Dim_y = 128
Time to calculate results on GPU: 3.661152 ms.

real	0m0.207s
user	0m0.065s
sys	0m0.135s
Device count = 1
Using device 0
Matrix Dimension = 1024
Block_Dim_x = 32, Block_Dim_y = 8, Grid_Dim_x = 32, Grid_Dim_y = 128
Time to calculate results on GPU: 3.690368 ms.

real	0m0.204s
user	0m0.068s
sys	0m0.129s
Running block BLOCK_DIM_X=32 BLOCK_DIM_Y=16
With GRID_DIM_X=32 GRID_DIM_Y=64
Device count = 1
Using device 0
Matrix Dimension = 1024
Block_Dim_x = 32, Block_Dim_y = 16, Grid_Dim_x = 32, Grid_Dim_y = 64
Time to calculate results on GPU: 3.613248 ms.

real	0m0.209s
user	0m0.075s
sys	0m0.124s
Device count = 1
Using device 0
Matrix Dimension = 1024
Block_Dim_x = 32, Block_Dim_y = 16, Grid_Dim_x = 32, Grid_Dim_y = 64
Time to calculate results on GPU: 3.613856 ms.

real	0m0.205s
user	0m0.070s
sys	0m0.127s
Device count = 1
Using device 0
Matrix Dimension = 1024
Block_Dim_x = 32, Block_Dim_y = 16, Grid_Dim_x = 32, Grid_Dim_y = 64
Time to calculate results on GPU: 3.621600 ms.

real	0m0.208s
user	0m0.072s
sys	0m0.128s
Running block BLOCK_DIM_X=32 BLOCK_DIM_Y=32
With GRID_DIM_X=32 GRID_DIM_Y=32
Device count = 1
Using device 0
Matrix Dimension = 1024
Block_Dim_x = 32, Block_Dim_y = 32, Grid_Dim_x = 32, Grid_Dim_y = 32
Time to calculate results on GPU: 3.655008 ms.

real	0m0.207s
user	0m0.073s
sys	0m0.124s
Device count = 1
Using device 0
Matrix Dimension = 1024
Block_Dim_x = 32, Block_Dim_y = 32, Grid_Dim_x = 32, Grid_Dim_y = 32
Time to calculate results on GPU: 3.658752 ms.

real	0m0.207s
user	0m0.070s
sys	0m0.128s
Device count = 1
Using device 0
Matrix Dimension = 1024
Block_Dim_x = 32, Block_Dim_y = 32, Grid_Dim_x = 32, Grid_Dim_y = 32
Time to calculate results on GPU: 3.692096 ms.

real	0m0.225s
user	0m0.066s
sys	0m0.135s
Running block BLOCK_DIM_X=32 BLOCK_DIM_Y=64
With GRID_DIM_X=32 GRID_DIM_Y=16
Device count = 1
Error, too many threads in block

real	0m0.028s
user	0m0.002s
sys	0m0.023s
Device count = 1
Error, too many threads in block

real	0m0.027s
user	0m0.004s
sys	0m0.019s
Device count = 1
Error, too many threads in block

real	0m0.031s
user	0m0.003s
sys	0m0.020s
Running block BLOCK_DIM_X=32 BLOCK_DIM_Y=128
With GRID_DIM_X=32 GRID_DIM_Y=8
Device count = 1
Error, too many threads in block

real	0m0.045s
user	0m0.003s
sys	0m0.020s
Device count = 1
Error, too many threads in block

real	0m0.027s
user	0m0.005s
sys	0m0.018s
Device count = 1
Error, too many threads in block

real	0m0.031s
user	0m0.004s
sys	0m0.019s
Running block BLOCK_DIM_X=64 BLOCK_DIM_Y=8
With GRID_DIM_X=16 GRID_DIM_Y=128
Device count = 1
Using device 0
Matrix Dimension = 1024
Block_Dim_x = 64, Block_Dim_y = 8, Grid_Dim_x = 16, Grid_Dim_y = 128
Time to calculate results on GPU: 3.650400 ms.

real	0m0.203s
user	0m0.070s
sys	0m0.124s
Device count = 1
Using device 0
Matrix Dimension = 1024
Block_Dim_x = 64, Block_Dim_y = 8, Grid_Dim_x = 16, Grid_Dim_y = 128
Time to calculate results on GPU: 3.645120 ms.

real	0m0.208s
user	0m0.067s
sys	0m0.134s
Device count = 1
Using device 0
Matrix Dimension = 1024
Block_Dim_x = 64, Block_Dim_y = 8, Grid_Dim_x = 16, Grid_Dim_y = 128
Time to calculate results on GPU: 3.672576 ms.

real	0m0.206s
user	0m0.072s
sys	0m0.125s
Running block BLOCK_DIM_X=64 BLOCK_DIM_Y=16
With GRID_DIM_X=16 GRID_DIM_Y=64
Device count = 1
Using device 0
Matrix Dimension = 1024
Block_Dim_x = 64, Block_Dim_y = 16, Grid_Dim_x = 16, Grid_Dim_y = 64
Time to calculate results on GPU: 3.603136 ms.

real	0m0.206s
user	0m0.073s
sys	0m0.125s
Device count = 1
Using device 0
Matrix Dimension = 1024
Block_Dim_x = 64, Block_Dim_y = 16, Grid_Dim_x = 16, Grid_Dim_y = 64
Time to calculate results on GPU: 3.600160 ms.

real	0m0.208s
user	0m0.069s
sys	0m0.128s
Device count = 1
Using device 0
Matrix Dimension = 1024
Block_Dim_x = 64, Block_Dim_y = 16, Grid_Dim_x = 16, Grid_Dim_y = 64
Time to calculate results on GPU: 3.584576 ms.

real	0m0.210s
user	0m0.068s
sys	0m0.134s
Running block BLOCK_DIM_X=64 BLOCK_DIM_Y=32
With GRID_DIM_X=16 GRID_DIM_Y=32
Device count = 1
Error, too many threads in block

real	0m0.029s
user	0m0.004s
sys	0m0.021s
Device count = 1
Error, too many threads in block

real	0m0.027s
user	0m0.003s
sys	0m0.020s
Device count = 1
Error, too many threads in block

real	0m0.026s
user	0m0.003s
sys	0m0.020s
Running block BLOCK_DIM_X=64 BLOCK_DIM_Y=64
With GRID_DIM_X=16 GRID_DIM_Y=16
Device count = 1
Error, too many threads in block

real	0m0.027s
user	0m0.004s
sys	0m0.018s
Device count = 1
Error, too many threads in block

real	0m0.026s
user	0m0.004s
sys	0m0.018s
Device count = 1
Error, too many threads in block

real	0m0.026s
user	0m0.003s
sys	0m0.019s
Running block BLOCK_DIM_X=64 BLOCK_DIM_Y=128
With GRID_DIM_X=16 GRID_DIM_Y=8
Device count = 1
Error, too many threads in block

real	0m0.026s
user	0m0.002s
sys	0m0.020s
Device count = 1
Error, too many threads in block

real	0m0.027s
user	0m0.002s
sys	0m0.020s
Device count = 1
Error, too many threads in block

real	0m0.026s
user	0m0.002s
sys	0m0.021s
Running block BLOCK_DIM_X=128 BLOCK_DIM_Y=8
With GRID_DIM_X=8 GRID_DIM_Y=128
Device count = 1
Using device 0
Matrix Dimension = 1024
Block_Dim_x = 128, Block_Dim_y = 8, Grid_Dim_x = 8, Grid_Dim_y = 128
Time to calculate results on GPU: 3.700416 ms.

real	0m0.204s
user	0m0.072s
sys	0m0.124s
Device count = 1
Using device 0
Matrix Dimension = 1024
Block_Dim_x = 128, Block_Dim_y = 8, Grid_Dim_x = 8, Grid_Dim_y = 128
Time to calculate results on GPU: 3.732608 ms.

real	0m0.205s
user	0m0.069s
sys	0m0.128s
Device count = 1
Using device 0
Matrix Dimension = 1024
Block_Dim_x = 128, Block_Dim_y = 8, Grid_Dim_x = 8, Grid_Dim_y = 128
Time to calculate results on GPU: 3.691872 ms.

real	0m0.218s
user	0m0.072s
sys	0m0.124s
Running block BLOCK_DIM_X=128 BLOCK_DIM_Y=16
With GRID_DIM_X=8 GRID_DIM_Y=64
Device count = 1
Error, too many threads in block

real	0m0.031s
user	0m0.004s
sys	0m0.020s
Device count = 1
Error, too many threads in block

real	0m0.029s
user	0m0.002s
sys	0m0.021s
Device count = 1
Error, too many threads in block

real	0m0.026s
user	0m0.002s
sys	0m0.021s
Running block BLOCK_DIM_X=128 BLOCK_DIM_Y=32
With GRID_DIM_X=8 GRID_DIM_Y=32
Device count = 1
Error, too many threads in block

real	0m0.028s
user	0m0.004s
sys	0m0.019s
Device count = 1
Error, too many threads in block

real	0m0.026s
user	0m0.004s
sys	0m0.018s
Device count = 1
Error, too many threads in block

real	0m0.028s
user	0m0.004s
sys	0m0.019s
Running block BLOCK_DIM_X=128 BLOCK_DIM_Y=64
With GRID_DIM_X=8 GRID_DIM_Y=16
Device count = 1
Error, too many threads in block

real	0m0.027s
user	0m0.002s
sys	0m0.021s
Device count = 1
Error, too many threads in block

real	0m0.040s
user	0m0.004s
sys	0m0.021s
Device count = 1
Error, too many threads in block

real	0m0.029s
user	0m0.003s
sys	0m0.014s
Running block BLOCK_DIM_X=128 BLOCK_DIM_Y=128
With GRID_DIM_X=8 GRID_DIM_Y=8
Device count = 1
Error, too many threads in block

real	0m0.061s
user	0m0.003s
sys	0m0.019s
Device count = 1
Error, too many threads in block

real	0m0.016s
user	0m0.003s
sys	0m0.008s
Device count = 1
Error, too many threads in block

real	0m0.015s
user	0m0.003s
sys	0m0.006s
Running n=8192, p=8192, m=8192
Running block BLOCK_DIM_X=8 BLOCK_DIM_Y=8
With GRID_DIM_X=1024 GRID_DIM_Y=1024
Device count = 1
Using device 0
Matrix Dimension = 8192
Block_Dim_x = 8, Block_Dim_y = 8, Grid_Dim_x = 1024, Grid_Dim_y = 1024
Time to calculate results on GPU: 2859.153809 ms.

real	0m6.786s
user	0m6.153s
sys	0m0.320s
Device count = 1
Using device 0
Matrix Dimension = 8192
Block_Dim_x = 8, Block_Dim_y = 8, Grid_Dim_x = 1024, Grid_Dim_y = 1024
Time to calculate results on GPU: 2881.795898 ms.

real	0m6.641s
user	0m6.180s
sys	0m0.332s
Device count = 1
Using device 0
Matrix Dimension = 8192
Block_Dim_x = 8, Block_Dim_y = 8, Grid_Dim_x = 1024, Grid_Dim_y = 1024
Time to calculate results on GPU: 2864.299561 ms.

real	0m6.547s
user	0m6.166s
sys	0m0.316s
Running block BLOCK_DIM_X=8 BLOCK_DIM_Y=16
With GRID_DIM_X=1024 GRID_DIM_Y=512
Device count = 1
Using device 0
Matrix Dimension = 8192
Block_Dim_x = 8, Block_Dim_y = 16, Grid_Dim_x = 1024, Grid_Dim_y = 512
Time to calculate results on GPU: 2784.551514 ms.

real	0m6.454s
user	0m6.082s
sys	0m0.320s
Device count = 1
Using device 0
Matrix Dimension = 8192
Block_Dim_x = 8, Block_Dim_y = 16, Grid_Dim_x = 1024, Grid_Dim_y = 512
Time to calculate results on GPU: 2790.116699 ms.

real	0m6.465s
user	0m6.092s
sys	0m0.318s
Device count = 1
Using device 0
Matrix Dimension = 8192
Block_Dim_x = 8, Block_Dim_y = 16, Grid_Dim_x = 1024, Grid_Dim_y = 512
Time to calculate results on GPU: 2787.178955 ms.

real	0m6.463s
user	0m6.079s
sys	0m0.327s
Running block BLOCK_DIM_X=8 BLOCK_DIM_Y=32
With GRID_DIM_X=1024 GRID_DIM_Y=256
Device count = 1
Using device 0
Matrix Dimension = 8192
Block_Dim_x = 8, Block_Dim_y = 32, Grid_Dim_x = 1024, Grid_Dim_y = 256
Time to calculate results on GPU: 2732.124023 ms.

real	0m6.408s
user	0m6.029s
sys	0m0.325s
Device count = 1
Using device 0
Matrix Dimension = 8192
Block_Dim_x = 8, Block_Dim_y = 32, Grid_Dim_x = 1024, Grid_Dim_y = 256
Time to calculate results on GPU: 2747.195068 ms.

real	0m6.433s
user	0m6.039s
sys	0m0.328s
Device count = 1
Using device 0
Matrix Dimension = 8192
Block_Dim_x = 8, Block_Dim_y = 32, Grid_Dim_x = 1024, Grid_Dim_y = 256
Time to calculate results on GPU: 2754.700439 ms.

real	0m6.438s
user	0m6.054s
sys	0m0.324s
Running block BLOCK_DIM_X=8 BLOCK_DIM_Y=64
With GRID_DIM_X=1024 GRID_DIM_Y=128
Device count = 1
Using device 0
Matrix Dimension = 8192
Block_Dim_x = 8, Block_Dim_y = 64, Grid_Dim_x = 1024, Grid_Dim_y = 128
Time to calculate results on GPU: 2737.560059 ms.

real	0m6.411s
user	0m6.040s
sys	0m0.317s
Device count = 1
Using device 0
Matrix Dimension = 8192
Block_Dim_x = 8, Block_Dim_y = 64, Grid_Dim_x = 1024, Grid_Dim_y = 128
Time to calculate results on GPU: 2750.061768 ms.

real	0m6.424s
user	0m6.052s
sys	0m0.318s
Device count = 1
Using device 0
Matrix Dimension = 8192
Block_Dim_x = 8, Block_Dim_y = 64, Grid_Dim_x = 1024, Grid_Dim_y = 128
Time to calculate results on GPU: 2752.833740 ms.

real	0m6.428s
user	0m6.049s
sys	0m0.324s
Running block BLOCK_DIM_X=8 BLOCK_DIM_Y=128
With GRID_DIM_X=1024 GRID_DIM_Y=64
Device count = 1
Using device 0
Matrix Dimension = 8192
Block_Dim_x = 8, Block_Dim_y = 128, Grid_Dim_x = 1024, Grid_Dim_y = 64
Time to calculate results on GPU: 2777.897217 ms.

real	0m6.461s
user	0m6.073s
sys	0m0.325s
Device count = 1
Using device 0
Matrix Dimension = 8192
Block_Dim_x = 8, Block_Dim_y = 128, Grid_Dim_x = 1024, Grid_Dim_y = 64
Time to calculate results on GPU: 2788.296387 ms.

real	0m6.459s
user	0m6.087s
sys	0m0.318s
Device count = 1
Using device 0
Matrix Dimension = 8192
Block_Dim_x = 8, Block_Dim_y = 128, Grid_Dim_x = 1024, Grid_Dim_y = 64
Time to calculate results on GPU: 2782.415771 ms.

real	0m6.464s
user	0m6.082s
sys	0m0.325s
Running block BLOCK_DIM_X=16 BLOCK_DIM_Y=8
With GRID_DIM_X=512 GRID_DIM_Y=1024
Device count = 1
Using device 0
Matrix Dimension = 8192
Block_Dim_x = 16, Block_Dim_y = 8, Grid_Dim_x = 512, Grid_Dim_y = 1024
Time to calculate results on GPU: 2680.181396 ms.

real	0m6.310s
user	0m5.921s
sys	0m0.331s
Device count = 1
Using device 0
Matrix Dimension = 8192
Block_Dim_x = 16, Block_Dim_y = 8, Grid_Dim_x = 512, Grid_Dim_y = 1024
Time to calculate results on GPU: 2665.909180 ms.

real	0m6.347s
user	0m5.935s
sys	0m0.349s
Device count = 1
Using device 0
Matrix Dimension = 8192
Block_Dim_x = 16, Block_Dim_y = 8, Grid_Dim_x = 512, Grid_Dim_y = 1024
Time to calculate results on GPU: 2680.181396 ms.

real	0m6.355s
user	0m5.975s
sys	0m0.321s
Running block BLOCK_DIM_X=16 BLOCK_DIM_Y=16
With GRID_DIM_X=512 GRID_DIM_Y=512
Device count = 1
Using device 0
Matrix Dimension = 8192
Block_Dim_x = 16, Block_Dim_y = 16, Grid_Dim_x = 512, Grid_Dim_y = 512
Time to calculate results on GPU: 2377.002686 ms.

real	0m6.052s
user	0m5.674s
sys	0m0.319s
Device count = 1
Using device 0
Matrix Dimension = 8192
Block_Dim_x = 16, Block_Dim_y = 16, Grid_Dim_x = 512, Grid_Dim_y = 512
Time to calculate results on GPU: 2408.534912 ms.

real	0m6.145s
user	0m5.703s
sys	0m0.383s
Device count = 1
Using device 0
Matrix Dimension = 8192
Block_Dim_x = 16, Block_Dim_y = 16, Grid_Dim_x = 512, Grid_Dim_y = 512
Time to calculate results on GPU: 2391.532227 ms.

real	0m6.064s
user	0m5.695s
sys	0m0.315s
Running block BLOCK_DIM_X=16 BLOCK_DIM_Y=32
With GRID_DIM_X=512 GRID_DIM_Y=256
Device count = 1
Using device 0
Matrix Dimension = 8192
Block_Dim_x = 16, Block_Dim_y = 32, Grid_Dim_x = 512, Grid_Dim_y = 256
Time to calculate results on GPU: 2287.918457 ms.

real	0m5.975s
user	0m5.585s
sys	0m0.329s
Device count = 1
Using device 0
Matrix Dimension = 8192
Block_Dim_x = 16, Block_Dim_y = 32, Grid_Dim_x = 512, Grid_Dim_y = 256
Time to calculate results on GPU: 2298.565186 ms.

real	0m5.976s
user	0m5.604s
sys	0m0.316s
Device count = 1
Using device 0
Matrix Dimension = 8192
Block_Dim_x = 16, Block_Dim_y = 32, Grid_Dim_x = 512, Grid_Dim_y = 256
Time to calculate results on GPU: 2292.406006 ms.

real	0m5.968s
user	0m5.588s
sys	0m0.331s
Running block BLOCK_DIM_X=16 BLOCK_DIM_Y=64
With GRID_DIM_X=512 GRID_DIM_Y=128
Device count = 1
Using device 0
Matrix Dimension = 8192
Block_Dim_x = 16, Block_Dim_y = 64, Grid_Dim_x = 512, Grid_Dim_y = 128
Time to calculate results on GPU: 2241.539062 ms.

real	0m5.925s
user	0m5.536s
sys	0m0.330s
Device count = 1
Using device 0
Matrix Dimension = 8192
Block_Dim_x = 16, Block_Dim_y = 64, Grid_Dim_x = 512, Grid_Dim_y = 128
Time to calculate results on GPU: 2256.082764 ms.

real	0m5.936s
user	0m5.547s
sys	0m0.330s
Device count = 1
Using device 0
Matrix Dimension = 8192
Block_Dim_x = 16, Block_Dim_y = 64, Grid_Dim_x = 512, Grid_Dim_y = 128
Time to calculate results on GPU: 2241.124512 ms.

real	0m5.918s
user	0m5.524s
sys	0m0.342s
Running block BLOCK_DIM_X=16 BLOCK_DIM_Y=128
With GRID_DIM_X=512 GRID_DIM_Y=64
Device count = 1
Error, too many threads in block

real	0m0.045s
user	0m0.004s
sys	0m0.021s
Device count = 1
Error, too many threads in block

real	0m0.029s
user	0m0.003s
sys	0m0.020s
Device count = 1
Error, too many threads in block

real	0m0.027s
user	0m0.004s
sys	0m0.018s
Running block BLOCK_DIM_X=32 BLOCK_DIM_Y=8
With GRID_DIM_X=256 GRID_DIM_Y=1024
Device count = 1
Using device 0
Matrix Dimension = 8192
Block_Dim_x = 32, Block_Dim_y = 8, Grid_Dim_x = 256, Grid_Dim_y = 1024
Time to calculate results on GPU: 2398.010254 ms.

real	0m6.061s
user	0m5.698s
sys	0m0.322s
Device count = 1
Using device 0
Matrix Dimension = 8192
Block_Dim_x = 32, Block_Dim_y = 8, Grid_Dim_x = 256, Grid_Dim_y = 1024
Time to calculate results on GPU: 2393.323975 ms.

real	0m6.067s
user	0m5.690s
sys	0m0.321s
Device count = 1
Using device 0
Matrix Dimension = 8192
Block_Dim_x = 32, Block_Dim_y = 8, Grid_Dim_x = 256, Grid_Dim_y = 1024
Time to calculate results on GPU: 2387.448242 ms.

real	0m6.131s
user	0m5.688s
sys	0m0.324s
Running block BLOCK_DIM_X=32 BLOCK_DIM_Y=16
With GRID_DIM_X=256 GRID_DIM_Y=512
Device count = 1
Using device 0
Matrix Dimension = 8192
Block_Dim_x = 32, Block_Dim_y = 16, Grid_Dim_x = 256, Grid_Dim_y = 512
Time to calculate results on GPU: 2304.993652 ms.

real	0m5.983s
user	0m5.609s
sys	0m0.320s
Device count = 1
Using device 0
Matrix Dimension = 8192
Block_Dim_x = 32, Block_Dim_y = 16, Grid_Dim_x = 256, Grid_Dim_y = 512
Time to calculate results on GPU: 2312.328613 ms.

real	0m6.018s
user	0m5.606s
sys	0m0.342s
Device count = 1
Using device 0
Matrix Dimension = 8192
Block_Dim_x = 32, Block_Dim_y = 16, Grid_Dim_x = 256, Grid_Dim_y = 512
Time to calculate results on GPU: 2303.550537 ms.

real	0m5.999s
user	0m5.596s
sys	0m0.339s
Running block BLOCK_DIM_X=32 BLOCK_DIM_Y=32
With GRID_DIM_X=256 GRID_DIM_Y=256
Device count = 1
Using device 0
Matrix Dimension = 8192
Block_Dim_x = 32, Block_Dim_y = 32, Grid_Dim_x = 256, Grid_Dim_y = 256
Time to calculate results on GPU: 2238.255371 ms.

real	0m5.910s
user	0m5.529s
sys	0m0.332s
Device count = 1
Using device 0
Matrix Dimension = 8192
Block_Dim_x = 32, Block_Dim_y = 32, Grid_Dim_x = 256, Grid_Dim_y = 256
Time to calculate results on GPU: 2258.744141 ms.

real	0m5.938s
user	0m5.559s
sys	0m0.325s
Device count = 1
Using device 0
Matrix Dimension = 8192
Block_Dim_x = 32, Block_Dim_y = 32, Grid_Dim_x = 256, Grid_Dim_y = 256
Time to calculate results on GPU: 2242.846924 ms.

real	0m5.920s
user	0m5.534s
sys	0m0.326s
Running block BLOCK_DIM_X=32 BLOCK_DIM_Y=64
With GRID_DIM_X=256 GRID_DIM_Y=128
Device count = 1
Error, too many threads in block

real	0m0.050s
user	0m0.002s
sys	0m0.022s
Device count = 1
Error, too many threads in block

real	0m0.028s
user	0m0.004s
sys	0m0.020s
Device count = 1
Error, too many threads in block

real	0m0.028s
user	0m0.004s
sys	0m0.019s
Running block BLOCK_DIM_X=32 BLOCK_DIM_Y=128
With GRID_DIM_X=256 GRID_DIM_Y=64
Device count = 1
Error, too many threads in block

real	0m0.026s
user	0m0.004s
sys	0m0.019s
Device count = 1
Error, too many threads in block

real	0m0.027s
user	0m0.003s
sys	0m0.020s
Device count = 1
Error, too many threads in block

real	0m0.026s
user	0m0.004s
sys	0m0.018s
Running block BLOCK_DIM_X=64 BLOCK_DIM_Y=8
With GRID_DIM_X=128 GRID_DIM_Y=1024
Device count = 1
Using device 0
Matrix Dimension = 8192
Block_Dim_x = 64, Block_Dim_y = 8, Grid_Dim_x = 128, Grid_Dim_y = 1024
Time to calculate results on GPU: 2375.308838 ms.

real	0m6.099s
user	0m5.671s
sys	0m0.327s
Device count = 1
Using device 0
Matrix Dimension = 8192
Block_Dim_x = 64, Block_Dim_y = 8, Grid_Dim_x = 128, Grid_Dim_y = 1024
Time to calculate results on GPU: 2388.899658 ms.

real	0m6.091s
user	0m5.679s
sys	0m0.342s
Device count = 1
Using device 0
Matrix Dimension = 8192
Block_Dim_x = 64, Block_Dim_y = 8, Grid_Dim_x = 128, Grid_Dim_y = 1024
Time to calculate results on GPU: 2384.562012 ms.

real	0m6.059s
user	0m5.680s
sys	0m0.324s
Running block BLOCK_DIM_X=64 BLOCK_DIM_Y=16
With GRID_DIM_X=128 GRID_DIM_Y=512
Device count = 1
Using device 0
Matrix Dimension = 8192
Block_Dim_x = 64, Block_Dim_y = 16, Grid_Dim_x = 128, Grid_Dim_y = 512
Time to calculate results on GPU: 2273.520752 ms.

real	0m5.947s
user	0m5.582s
sys	0m0.310s
Device count = 1
Using device 0
Matrix Dimension = 8192
Block_Dim_x = 64, Block_Dim_y = 16, Grid_Dim_x = 128, Grid_Dim_y = 512
Time to calculate results on GPU: 2295.140869 ms.

real	0m6.039s
user	0m5.592s
sys	0m0.332s
Device count = 1
Using device 0
Matrix Dimension = 8192
Block_Dim_x = 64, Block_Dim_y = 16, Grid_Dim_x = 128, Grid_Dim_y = 512
Time to calculate results on GPU: 2286.635742 ms.

real	0m5.964s
user	0m5.579s
sys	0m0.328s
Running block BLOCK_DIM_X=64 BLOCK_DIM_Y=32
With GRID_DIM_X=128 GRID_DIM_Y=256
Device count = 1
Error, too many threads in block

real	0m0.054s
user	0m0.003s
sys	0m0.022s
Device count = 1
Error, too many threads in block

real	0m0.028s
user	0m0.003s
sys	0m0.020s
Device count = 1
Error, too many threads in block

real	0m0.028s
user	0m0.004s
sys	0m0.019s
Running block BLOCK_DIM_X=64 BLOCK_DIM_Y=64
With GRID_DIM_X=128 GRID_DIM_Y=128
Device count = 1
Error, too many threads in block

real	0m0.028s
user	0m0.004s
sys	0m0.018s
Device count = 1
Error, too many threads in block

real	0m0.029s
user	0m0.002s
sys	0m0.021s
Device count = 1
Error, too many threads in block

real	0m0.028s
user	0m0.002s
sys	0m0.021s
Running block BLOCK_DIM_X=64 BLOCK_DIM_Y=128
With GRID_DIM_X=128 GRID_DIM_Y=64
Device count = 1
Error, too many threads in block

real	0m0.027s
user	0m0.006s
sys	0m0.016s
Device count = 1
Error, too many threads in block

real	0m0.027s
user	0m0.005s
sys	0m0.017s
Device count = 1
Error, too many threads in block

real	0m0.030s
user	0m0.003s
sys	0m0.020s
Running block BLOCK_DIM_X=128 BLOCK_DIM_Y=8
With GRID_DIM_X=64 GRID_DIM_Y=1024
Device count = 1
Using device 0
Matrix Dimension = 8192
Block_Dim_x = 128, Block_Dim_y = 8, Grid_Dim_x = 64, Grid_Dim_y = 1024
Time to calculate results on GPU: 2383.031250 ms.

real	0m6.048s
user	0m5.686s
sys	0m0.317s
Device count = 1
Using device 0
Matrix Dimension = 8192
Block_Dim_x = 128, Block_Dim_y = 8, Grid_Dim_x = 64, Grid_Dim_y = 1024
Time to calculate results on GPU: 2376.968506 ms.

real	0m6.053s
user	0m5.679s
sys	0m0.320s
Device count = 1
Using device 0
Matrix Dimension = 8192
Block_Dim_x = 128, Block_Dim_y = 8, Grid_Dim_x = 64, Grid_Dim_y = 1024
Time to calculate results on GPU: 2377.285156 ms.

real	0m6.046s
user	0m5.672s
sys	0m0.321s
Running block BLOCK_DIM_X=128 BLOCK_DIM_Y=16
With GRID_DIM_X=64 GRID_DIM_Y=512
Device count = 1
Error, too many threads in block

real	0m0.049s
user	0m0.003s
sys	0m0.022s
Device count = 1
Error, too many threads in block

real	0m0.038s
user	0m0.004s
sys	0m0.020s
Device count = 1
Error, too many threads in block

real	0m0.030s
user	0m0.004s
sys	0m0.019s
Running block BLOCK_DIM_X=128 BLOCK_DIM_Y=32
With GRID_DIM_X=64 GRID_DIM_Y=256
Device count = 1
Error, too many threads in block

real	0m0.027s
user	0m0.004s
sys	0m0.018s
Device count = 1
Error, too many threads in block

real	0m0.035s
user	0m0.002s
sys	0m0.021s
Device count = 1
Error, too many threads in block

real	0m0.026s
user	0m0.003s
sys	0m0.020s
Running block BLOCK_DIM_X=128 BLOCK_DIM_Y=64
With GRID_DIM_X=64 GRID_DIM_Y=128
Device count = 1
Error, too many threads in block

real	0m0.026s
user	0m0.005s
sys	0m0.017s
Device count = 1
Error, too many threads in block

real	0m0.026s
user	0m0.003s
sys	0m0.020s
Device count = 1
Error, too many threads in block

real	0m0.029s
user	0m0.003s
sys	0m0.020s
Running block BLOCK_DIM_X=128 BLOCK_DIM_Y=128
With GRID_DIM_X=64 GRID_DIM_Y=64
Device count = 1
Error, too many threads in block

real	0m0.026s
user	0m0.003s
sys	0m0.019s
Device count = 1
Error, too many threads in block

real	0m0.026s
user	0m0.003s
sys	0m0.019s
Device count = 1
Error, too many threads in block

real	0m0.026s
user	0m0.004s
sys	0m0.018s
Running n=1024, p=8192, m=1024
Running block BLOCK_DIM_X=8 BLOCK_DIM_Y=8
With GRID_DIM_X=128 GRID_DIM_Y=128
Device count = 1
128,8Error, number of threads in x dimensions less than number of array elements

real	0m0.028s
user	0m0.003s
sys	0m0.020s
Device count = 1
128,8Error, number of threads in x dimensions less than number of array elements

real	0m0.026s
user	0m0.003s
sys	0m0.019s
Device count = 1
128,8Error, number of threads in x dimensions less than number of array elements

real	0m0.033s
user	0m0.002s
sys	0m0.021s
Running block BLOCK_DIM_X=8 BLOCK_DIM_Y=16
With GRID_DIM_X=128 GRID_DIM_Y=64
Device count = 1
128,8Error, number of threads in x dimensions less than number of array elements

real	0m0.026s
user	0m0.004s
sys	0m0.019s
Device count = 1
128,8Error, number of threads in x dimensions less than number of array elements

real	0m0.026s
user	0m0.003s
sys	0m0.019s
Device count = 1
128,8Error, number of threads in x dimensions less than number of array elements

real	0m0.028s
user	0m0.003s
sys	0m0.019s
Running block BLOCK_DIM_X=8 BLOCK_DIM_Y=32
With GRID_DIM_X=128 GRID_DIM_Y=32
Device count = 1
128,8Error, number of threads in x dimensions less than number of array elements

real	0m0.026s
user	0m0.003s
sys	0m0.019s
Device count = 1
128,8Error, number of threads in x dimensions less than number of array elements

real	0m0.027s
user	0m0.002s
sys	0m0.021s
Device count = 1
128,8Error, number of threads in x dimensions less than number of array elements

real	0m0.026s
user	0m0.003s
sys	0m0.019s
Running block BLOCK_DIM_X=8 BLOCK_DIM_Y=64
With GRID_DIM_X=128 GRID_DIM_Y=16
Device count = 1
128,8Error, number of threads in x dimensions less than number of array elements

real	0m0.027s
user	0m0.002s
sys	0m0.021s
Device count = 1
128,8Error, number of threads in x dimensions less than number of array elements

real	0m0.029s
user	0m0.003s
sys	0m0.019s
Device count = 1
128,8Error, number of threads in x dimensions less than number of array elements

real	0m0.027s
user	0m0.003s
sys	0m0.019s
Running block BLOCK_DIM_X=8 BLOCK_DIM_Y=128
With GRID_DIM_X=128 GRID_DIM_Y=8
Device count = 1
128,8Error, number of threads in x dimensions less than number of array elements

real	0m0.028s
user	0m0.003s
sys	0m0.019s
Device count = 1
128,8Error, number of threads in x dimensions less than number of array elements

real	0m0.029s
user	0m0.003s
sys	0m0.019s
Device count = 1
128,8Error, number of threads in x dimensions less than number of array elements

real	0m0.034s
user	0m0.004s
sys	0m0.019s
Running block BLOCK_DIM_X=16 BLOCK_DIM_Y=8
With GRID_DIM_X=64 GRID_DIM_Y=128
Device count = 1
64,16Error, number of threads in x dimensions less than number of array elements

real	0m0.027s
user	0m0.003s
sys	0m0.019s
Device count = 1
64,16Error, number of threads in x dimensions less than number of array elements

real	0m0.026s
user	0m0.003s
sys	0m0.019s
Device count = 1
64,16Error, number of threads in x dimensions less than number of array elements

real	0m0.026s
user	0m0.006s
sys	0m0.017s
Running block BLOCK_DIM_X=16 BLOCK_DIM_Y=16
With GRID_DIM_X=64 GRID_DIM_Y=64
Device count = 1
64,16Error, number of threads in x dimensions less than number of array elements

real	0m0.026s
user	0m0.001s
sys	0m0.021s
Device count = 1
64,16Error, number of threads in x dimensions less than number of array elements

real	0m0.026s
user	0m0.003s
sys	0m0.019s
Device count = 1
64,16Error, number of threads in x dimensions less than number of array elements

real	0m0.026s
user	0m0.004s
sys	0m0.019s
Running block BLOCK_DIM_X=16 BLOCK_DIM_Y=32
With GRID_DIM_X=64 GRID_DIM_Y=32
Device count = 1
64,16Error, number of threads in x dimensions less than number of array elements

real	0m0.027s
user	0m0.003s
sys	0m0.019s
Device count = 1
64,16Error, number of threads in x dimensions less than number of array elements

real	0m0.026s
user	0m0.003s
sys	0m0.019s
Device count = 1
64,16Error, number of threads in x dimensions less than number of array elements

real	0m0.026s
user	0m0.003s
sys	0m0.019s
Running block BLOCK_DIM_X=16 BLOCK_DIM_Y=64
With GRID_DIM_X=64 GRID_DIM_Y=16
Device count = 1
64,16Error, number of threads in x dimensions less than number of array elements

real	0m0.028s
user	0m0.003s
sys	0m0.019s
Device count = 1
64,16Error, number of threads in x dimensions less than number of array elements

real	0m0.026s
user	0m0.003s
sys	0m0.020s
Device count = 1
64,16Error, number of threads in x dimensions less than number of array elements

real	0m0.038s
user	0m0.004s
sys	0m0.019s
Running block BLOCK_DIM_X=16 BLOCK_DIM_Y=128
With GRID_DIM_X=64 GRID_DIM_Y=8
Device count = 1
Error, too many threads in block

real	0m0.026s
user	0m0.003s
sys	0m0.020s
Device count = 1
Error, too many threads in block

real	0m0.026s
user	0m0.004s
sys	0m0.018s
Device count = 1
Error, too many threads in block

real	0m0.028s
user	0m0.003s
sys	0m0.019s
Running block BLOCK_DIM_X=32 BLOCK_DIM_Y=8
With GRID_DIM_X=32 GRID_DIM_Y=128
Device count = 1
32,32Error, number of threads in x dimensions less than number of array elements

real	0m0.027s
user	0m0.003s
sys	0m0.019s
Device count = 1
32,32Error, number of threads in x dimensions less than number of array elements

real	0m0.032s
user	0m0.007s
sys	0m0.015s
Device count = 1
32,32Error, number of threads in x dimensions less than number of array elements

real	0m0.026s
user	0m0.004s
sys	0m0.018s
Running block BLOCK_DIM_X=32 BLOCK_DIM_Y=16
With GRID_DIM_X=32 GRID_DIM_Y=64
Device count = 1
32,32Error, number of threads in x dimensions less than number of array elements

real	0m0.026s
user	0m0.003s
sys	0m0.019s
Device count = 1
32,32Error, number of threads in x dimensions less than number of array elements

real	0m0.026s
user	0m0.003s
sys	0m0.020s
Device count = 1
32,32Error, number of threads in x dimensions less than number of array elements

real	0m0.026s
user	0m0.003s
sys	0m0.020s
Running block BLOCK_DIM_X=32 BLOCK_DIM_Y=32
With GRID_DIM_X=32 GRID_DIM_Y=32
Device count = 1
32,32Error, number of threads in x dimensions less than number of array elements

real	0m0.028s
user	0m0.003s
sys	0m0.019s
Device count = 1
32,32Error, number of threads in x dimensions less than number of array elements

real	0m0.027s
user	0m0.003s
sys	0m0.019s
Device count = 1
32,32Error, number of threads in x dimensions less than number of array elements

real	0m0.027s
user	0m0.002s
sys	0m0.021s
Running block BLOCK_DIM_X=32 BLOCK_DIM_Y=64
With GRID_DIM_X=32 GRID_DIM_Y=16
Device count = 1
Error, too many threads in block

real	0m0.026s
user	0m0.003s
sys	0m0.019s
Device count = 1
Error, too many threads in block

real	0m0.030s
user	0m0.003s
sys	0m0.020s
Device count = 1
Error, too many threads in block

real	0m0.026s
user	0m0.002s
sys	0m0.020s
Running block BLOCK_DIM_X=32 BLOCK_DIM_Y=128
With GRID_DIM_X=32 GRID_DIM_Y=8
Device count = 1
Error, too many threads in block

real	0m0.027s
user	0m0.005s
sys	0m0.018s
Device count = 1
Error, too many threads in block

real	0m0.028s
user	0m0.002s
sys	0m0.020s
Device count = 1
Error, too many threads in block

real	0m0.028s
user	0m0.003s
sys	0m0.019s
Running block BLOCK_DIM_X=64 BLOCK_DIM_Y=8
With GRID_DIM_X=16 GRID_DIM_Y=128
Device count = 1
16,64Error, number of threads in x dimensions less than number of array elements

real	0m0.026s
user	0m0.004s
sys	0m0.018s
Device count = 1
16,64Error, number of threads in x dimensions less than number of array elements

real	0m0.028s
user	0m0.002s
sys	0m0.020s
Device count = 1
16,64Error, number of threads in x dimensions less than number of array elements

real	0m0.027s
user	0m0.004s
sys	0m0.018s
Running block BLOCK_DIM_X=64 BLOCK_DIM_Y=16
With GRID_DIM_X=16 GRID_DIM_Y=64
Device count = 1
16,64Error, number of threads in x dimensions less than number of array elements

real	0m0.028s
user	0m0.003s
sys	0m0.019s
Device count = 1
16,64Error, number of threads in x dimensions less than number of array elements

real	0m0.027s
user	0m0.003s
sys	0m0.020s
Device count = 1
16,64Error, number of threads in x dimensions less than number of array elements

real	0m0.029s
user	0m0.003s
sys	0m0.020s
Running block BLOCK_DIM_X=64 BLOCK_DIM_Y=32
With GRID_DIM_X=16 GRID_DIM_Y=32
Device count = 1
Error, too many threads in block

real	0m0.028s
user	0m0.003s
sys	0m0.020s
Device count = 1
Error, too many threads in block

real	0m0.027s
user	0m0.002s
sys	0m0.021s
Device count = 1
Error, too many threads in block

real	0m0.028s
user	0m0.003s
sys	0m0.020s
Running block BLOCK_DIM_X=64 BLOCK_DIM_Y=64
With GRID_DIM_X=16 GRID_DIM_Y=16
Device count = 1
Error, too many threads in block

real	0m0.027s
user	0m0.004s
sys	0m0.019s
Device count = 1
Error, too many threads in block

real	0m0.026s
user	0m0.005s
sys	0m0.018s
Device count = 1
Error, too many threads in block

real	0m0.026s
user	0m0.005s
sys	0m0.018s
Running block BLOCK_DIM_X=64 BLOCK_DIM_Y=128
With GRID_DIM_X=16 GRID_DIM_Y=8
Device count = 1
Error, too many threads in block

real	0m0.028s
user	0m0.003s
sys	0m0.020s
Device count = 1
Error, too many threads in block

real	0m0.042s
user	0m0.002s
sys	0m0.021s
Device count = 1
Error, too many threads in block

real	0m0.027s
user	0m0.005s
sys	0m0.017s
Running block BLOCK_DIM_X=128 BLOCK_DIM_Y=8
With GRID_DIM_X=8 GRID_DIM_Y=128
Device count = 1
8,128Error, number of threads in x dimensions less than number of array elements

real	0m0.027s
user	0m0.004s
sys	0m0.019s
Device count = 1
8,128Error, number of threads in x dimensions less than number of array elements

real	0m0.039s
user	0m0.003s
sys	0m0.020s
Device count = 1
8,128Error, number of threads in x dimensions less than number of array elements

real	0m0.027s
user	0m0.002s
sys	0m0.021s
Running block BLOCK_DIM_X=128 BLOCK_DIM_Y=16
With GRID_DIM_X=8 GRID_DIM_Y=64
Device count = 1
Error, too many threads in block

real	0m0.027s
user	0m0.003s
sys	0m0.020s
Device count = 1
Error, too many threads in block

real	0m0.027s
user	0m0.003s
sys	0m0.020s
Device count = 1
Error, too many threads in block

real	0m0.028s
user	0m0.002s
sys	0m0.020s
Running block BLOCK_DIM_X=128 BLOCK_DIM_Y=32
With GRID_DIM_X=8 GRID_DIM_Y=32
Device count = 1
Error, too many threads in block

real	0m0.026s
user	0m0.003s
sys	0m0.020s
Device count = 1
Error, too many threads in block

real	0m0.029s
user	0m0.002s
sys	0m0.021s
Device count = 1
Error, too many threads in block

real	0m0.027s
user	0m0.004s
sys	0m0.019s
Running block BLOCK_DIM_X=128 BLOCK_DIM_Y=64
With GRID_DIM_X=8 GRID_DIM_Y=16
Device count = 1
Error, too many threads in block

real	0m0.027s
user	0m0.003s
sys	0m0.020s
Device count = 1
Error, too many threads in block

real	0m0.027s
user	0m0.002s
sys	0m0.021s
Device count = 1
Error, too many threads in block

real	0m0.027s
user	0m0.002s
sys	0m0.021s
Running block BLOCK_DIM_X=128 BLOCK_DIM_Y=128
With GRID_DIM_X=8 GRID_DIM_Y=8
Device count = 1
Error, too many threads in block

real	0m0.029s
user	0m0.004s
sys	0m0.019s
Device count = 1
Error, too many threads in block

real	0m0.027s
user	0m0.003s
sys	0m0.020s
Device count = 1
Error, too many threads in block

real	0m0.029s
user	0m0.004s
sys	0m0.019s
Running n=8192, p=1024, m=8192
Running block BLOCK_DIM_X=8 BLOCK_DIM_Y=8
With GRID_DIM_X=1024 GRID_DIM_Y=1024
/var/spool/slurmd/job30449149/slurm_script: line 56: 640449 Segmentation fault      (core dumped) ./bin/task1 $n $m $p $blockx $blocky $Grid_Dim_x $Grid_Dim_y

real	0m2.245s
user	0m1.779s
sys	0m0.070s
/var/spool/slurmd/job30449149/slurm_script: line 56: 640458 Segmentation fault      (core dumped) ./bin/task1 $n $m $p $blockx $blocky $Grid_Dim_x $Grid_Dim_y

real	0m2.104s
user	0m1.773s
sys	0m0.078s
munmap_chunk(): invalid pointer
/var/spool/slurmd/job30449149/slurm_script: line 56: 640475 Aborted                 (core dumped) ./bin/task1 $n $m $p $blockx $blocky $Grid_Dim_x $Grid_Dim_y

real	0m4.050s
user	0m3.614s
sys	0m0.182s
Running block BLOCK_DIM_X=8 BLOCK_DIM_Y=16
With GRID_DIM_X=1024 GRID_DIM_Y=512
/var/spool/slurmd/job30449149/slurm_script: line 56: 640495 Segmentation fault      (core dumped) ./bin/task1 $n $m $p $blockx $blocky $Grid_Dim_x $Grid_Dim_y

real	0m2.099s
user	0m1.776s
sys	0m0.074s
/var/spool/slurmd/job30449149/slurm_script: line 56: 640510 Segmentation fault      (core dumped) ./bin/task1 $n $m $p $blockx $blocky $Grid_Dim_x $Grid_Dim_y

real	0m2.105s
user	0m1.772s
sys	0m0.080s
/var/spool/slurmd/job30449149/slurm_script: line 56: 640522 Segmentation fault      (core dumped) ./bin/task1 $n $m $p $blockx $blocky $Grid_Dim_x $Grid_Dim_y

real	0m2.116s
user	0m1.778s
sys	0m0.075s
Running block BLOCK_DIM_X=8 BLOCK_DIM_Y=32
With GRID_DIM_X=1024 GRID_DIM_Y=256
munmap_chunk(): invalid pointer
/var/spool/slurmd/job30449149/slurm_script: line 56: 640534 Aborted                 (core dumped) ./bin/task1 $n $m $p $blockx $blocky $Grid_Dim_x $Grid_Dim_y

real	0m4.103s
user	0m3.600s
sys	0m0.190s
/var/spool/slurmd/job30449149/slurm_script: line 56: 640601 Segmentation fault      (core dumped) ./bin/task1 $n $m $p $blockx $blocky $Grid_Dim_x $Grid_Dim_y

real	0m2.031s
user	0m1.770s
sys	0m0.081s
/var/spool/slurmd/job30449149/slurm_script: line 56: 640608 Segmentation fault      (core dumped) ./bin/task1 $n $m $p $blockx $blocky $Grid_Dim_x $Grid_Dim_y

real	0m2.113s
user	0m1.774s
sys	0m0.077s
Running block BLOCK_DIM_X=8 BLOCK_DIM_Y=64
With GRID_DIM_X=1024 GRID_DIM_Y=128
/var/spool/slurmd/job30449149/slurm_script: line 56: 640620 Segmentation fault      (core dumped) ./bin/task1 $n $m $p $blockx $blocky $Grid_Dim_x $Grid_Dim_y

real	0m2.136s
user	0m1.804s
sys	0m0.080s
/var/spool/slurmd/job30449149/slurm_script: line 56: 640632 Segmentation fault      (core dumped) ./bin/task1 $n $m $p $blockx $blocky $Grid_Dim_x $Grid_Dim_y

real	0m2.101s
user	0m1.775s
sys	0m0.076s
munmap_chunk(): invalid pointer
/var/spool/slurmd/job30449149/slurm_script: line 56: 640645 Aborted                 (core dumped) ./bin/task1 $n $m $p $blockx $blocky $Grid_Dim_x $Grid_Dim_y

real	0m4.106s
user	0m3.565s
sys	0m0.204s
Running block BLOCK_DIM_X=8 BLOCK_DIM_Y=128
With GRID_DIM_X=1024 GRID_DIM_Y=64
/var/spool/slurmd/job30449149/slurm_script: line 56: 640668 Segmentation fault      (core dumped) ./bin/task1 $n $m $p $blockx $blocky $Grid_Dim_x $Grid_Dim_y

real	0m2.116s
user	0m1.767s
sys	0m0.083s
/var/spool/slurmd/job30449149/slurm_script: line 56: 640675 Segmentation fault      (core dumped) ./bin/task1 $n $m $p $blockx $blocky $Grid_Dim_x $Grid_Dim_y

real	0m2.100s
user	0m1.774s
sys	0m0.077s
munmap_chunk(): invalid pointer
/var/spool/slurmd/job30449149/slurm_script: line 56: 640687 Aborted                 (core dumped) ./bin/task1 $n $m $p $blockx $blocky $Grid_Dim_x $Grid_Dim_y

real	0m4.038s
user	0m3.570s
sys	0m0.213s
Running block BLOCK_DIM_X=16 BLOCK_DIM_Y=8
With GRID_DIM_X=512 GRID_DIM_Y=1024
/var/spool/slurmd/job30449149/slurm_script: line 56: 640719 Segmentation fault      (core dumped) ./bin/task1 $n $m $p $blockx $blocky $Grid_Dim_x $Grid_Dim_y

real	0m2.114s
user	0m1.771s
sys	0m0.079s
/var/spool/slurmd/job30449149/slurm_script: line 56: 640726 Segmentation fault      (core dumped) ./bin/task1 $n $m $p $blockx $blocky $Grid_Dim_x $Grid_Dim_y

real	0m2.112s
user	0m1.768s
sys	0m0.083s
/var/spool/slurmd/job30449149/slurm_script: line 56: 640738 Segmentation fault      (core dumped) ./bin/task1 $n $m $p $blockx $blocky $Grid_Dim_x $Grid_Dim_y

real	0m2.115s
user	0m1.769s
sys	0m0.083s
Running block BLOCK_DIM_X=16 BLOCK_DIM_Y=16
With GRID_DIM_X=512 GRID_DIM_Y=512
/var/spool/slurmd/job30449149/slurm_script: line 56: 640750 Segmentation fault      (core dumped) ./bin/task1 $n $m $p $blockx $blocky $Grid_Dim_x $Grid_Dim_y

real	0m2.112s
user	0m1.773s
sys	0m0.079s
munmap_chunk(): invalid pointer
/var/spool/slurmd/job30449149/slurm_script: line 56: 640764 Aborted                 (core dumped) ./bin/task1 $n $m $p $blockx $blocky $Grid_Dim_x $Grid_Dim_y

real	0m3.943s
user	0m3.489s
sys	0m0.204s
/var/spool/slurmd/job30449149/slurm_script: line 56: 640783 Segmentation fault      (core dumped) ./bin/task1 $n $m $p $blockx $blocky $Grid_Dim_x $Grid_Dim_y

real	0m2.096s
user	0m1.778s
sys	0m0.073s
Running block BLOCK_DIM_X=16 BLOCK_DIM_Y=32
With GRID_DIM_X=512 GRID_DIM_Y=256
/var/spool/slurmd/job30449149/slurm_script: line 56: 640790 Segmentation fault      (core dumped) ./bin/task1 $n $m $p $blockx $blocky $Grid_Dim_x $Grid_Dim_y

real	0m2.149s
user	0m1.773s
sys	0m0.078s
/var/spool/slurmd/job30449149/slurm_script: line 56: 640804 Segmentation fault      (core dumped) ./bin/task1 $n $m $p $blockx $blocky $Grid_Dim_x $Grid_Dim_y

real	0m2.069s
user	0m1.746s
sys	0m0.080s
munmap_chunk(): invalid pointer
/var/spool/slurmd/job30449149/slurm_script: line 56: 640814 Aborted                 (core dumped) ./bin/task1 $n $m $p $blockx $blocky $Grid_Dim_x $Grid_Dim_y

real	0m3.959s
user	0m3.506s
sys	0m0.201s
Running block BLOCK_DIM_X=16 BLOCK_DIM_Y=64
With GRID_DIM_X=512 GRID_DIM_Y=128
/var/spool/slurmd/job30449149/slurm_script: line 56: 640835 Segmentation fault      (core dumped) ./bin/task1 $n $m $p $blockx $blocky $Grid_Dim_x $Grid_Dim_y

real	0m2.117s
user	0m1.770s
sys	0m0.080s
/var/spool/slurmd/job30449149/slurm_script: line 56: 640842 Segmentation fault      (core dumped) ./bin/task1 $n $m $p $blockx $blocky $Grid_Dim_x $Grid_Dim_y

real	0m2.104s
user	0m1.775s
sys	0m0.076s
/var/spool/slurmd/job30449149/slurm_script: line 56: 640854 Segmentation fault      (core dumped) ./bin/task1 $n $m $p $blockx $blocky $Grid_Dim_x $Grid_Dim_y

real	0m2.101s
user	0m1.771s
sys	0m0.080s
Running block BLOCK_DIM_X=16 BLOCK_DIM_Y=128
With GRID_DIM_X=512 GRID_DIM_Y=64
Device count = 1
Error, too many threads in block

real	0m0.044s
user	0m0.002s
sys	0m0.024s
Device count = 1
Error, too many threads in block

real	0m0.031s
user	0m0.002s
sys	0m0.023s
Device count = 1
Error, too many threads in block

real	0m0.028s
user	0m0.003s
sys	0m0.021s
Running block BLOCK_DIM_X=32 BLOCK_DIM_Y=8
With GRID_DIM_X=256 GRID_DIM_Y=1024
/var/spool/slurmd/job30449149/slurm_script: line 56: 640892 Segmentation fault      (core dumped) ./bin/task1 $n $m $p $blockx $blocky $Grid_Dim_x $Grid_Dim_y

real	0m2.084s
user	0m1.770s
sys	0m0.079s
/var/spool/slurmd/job30449149/slurm_script: line 56: 640905 Segmentation fault      (core dumped) ./bin/task1 $n $m $p $blockx $blocky $Grid_Dim_x $Grid_Dim_y

real	0m2.107s
user	0m1.776s
sys	0m0.076s
/var/spool/slurmd/job30449149/slurm_script: line 56: 640917 Segmentation fault      (core dumped) ./bin/task1 $n $m $p $blockx $blocky $Grid_Dim_x $Grid_Dim_y

real	0m2.119s
user	0m1.773s
sys	0m0.078s
Running block BLOCK_DIM_X=32 BLOCK_DIM_Y=16
With GRID_DIM_X=256 GRID_DIM_Y=512
/var/spool/slurmd/job30449149/slurm_script: line 56: 640929 Segmentation fault      (core dumped) ./bin/task1 $n $m $p $blockx $blocky $Grid_Dim_x $Grid_Dim_y

real	0m2.106s
user	0m1.769s
sys	0m0.082s
/var/spool/slurmd/job30449149/slurm_script: line 56: 640943 Segmentation fault      (core dumped) ./bin/task1 $n $m $p $blockx $blocky $Grid_Dim_x $Grid_Dim_y

real	0m2.118s
user	0m1.772s
sys	0m0.079s
/var/spool/slurmd/job30449149/slurm_script: line 56: 640956 Segmentation fault      (core dumped) ./bin/task1 $n $m $p $blockx $blocky $Grid_Dim_x $Grid_Dim_y

real	0m2.080s
user	0m1.746s
sys	0m0.080s
Running block BLOCK_DIM_X=32 BLOCK_DIM_Y=32
With GRID_DIM_X=256 GRID_DIM_Y=256
/var/spool/slurmd/job30449149/slurm_script: line 56: 640968 Segmentation fault      (core dumped) ./bin/task1 $n $m $p $blockx $blocky $Grid_Dim_x $Grid_Dim_y

real	0m2.102s
user	0m1.777s
sys	0m0.074s
/var/spool/slurmd/job30449149/slurm_script: line 56: 640980 Segmentation fault      (core dumped) ./bin/task1 $n $m $p $blockx $blocky $Grid_Dim_x $Grid_Dim_y

real	0m2.094s
user	0m1.777s
sys	0m0.075s
/var/spool/slurmd/job30449149/slurm_script: line 56: 640992 Segmentation fault      (core dumped) ./bin/task1 $n $m $p $blockx $blocky $Grid_Dim_x $Grid_Dim_y

real	0m2.184s
user	0m1.825s
sys	0m0.083s
Running block BLOCK_DIM_X=32 BLOCK_DIM_Y=64
With GRID_DIM_X=256 GRID_DIM_Y=128
Device count = 1
Error, too many threads in block

real	0m0.043s
user	0m0.003s
sys	0m0.023s
Device count = 1
Error, too many threads in block

real	0m0.028s
user	0m0.000s
sys	0m0.025s
Device count = 1
Error, too many threads in block

real	0m0.029s
user	0m0.004s
sys	0m0.020s
Running block BLOCK_DIM_X=32 BLOCK_DIM_Y=128
With GRID_DIM_X=256 GRID_DIM_Y=64
Device count = 1
Error, too many threads in block

real	0m0.028s
user	0m0.003s
sys	0m0.021s
Device count = 1
Error, too many threads in block

real	0m0.030s
user	0m0.002s
sys	0m0.022s
Device count = 1
Error, too many threads in block

real	0m0.030s
user	0m0.002s
sys	0m0.022s
Running block BLOCK_DIM_X=64 BLOCK_DIM_Y=8
With GRID_DIM_X=128 GRID_DIM_Y=1024
/var/spool/slurmd/job30449149/slurm_script: line 56: 641039 Segmentation fault      (core dumped) ./bin/task1 $n $m $p $blockx $blocky $Grid_Dim_x $Grid_Dim_y

real	0m2.118s
user	0m1.768s
sys	0m0.084s
/var/spool/slurmd/job30449149/slurm_script: line 56: 641046 Segmentation fault      (core dumped) ./bin/task1 $n $m $p $blockx $blocky $Grid_Dim_x $Grid_Dim_y

real	0m2.115s
user	0m1.765s
sys	0m0.089s
/var/spool/slurmd/job30449149/slurm_script: line 56: 641060 Segmentation fault      (core dumped) ./bin/task1 $n $m $p $blockx $blocky $Grid_Dim_x $Grid_Dim_y

real	0m2.188s
user	0m1.827s
sys	0m0.083s
Running block BLOCK_DIM_X=64 BLOCK_DIM_Y=16
With GRID_DIM_X=128 GRID_DIM_Y=512
/var/spool/slurmd/job30449149/slurm_script: line 56: 641072 Segmentation fault      (core dumped) ./bin/task1 $n $m $p $blockx $blocky $Grid_Dim_x $Grid_Dim_y

real	0m2.112s
user	0m1.772s
sys	0m0.079s
/var/spool/slurmd/job30449149/slurm_script: line 56: 641086 Segmentation fault      (core dumped) ./bin/task1 $n $m $p $blockx $blocky $Grid_Dim_x $Grid_Dim_y

real	0m2.102s
user	0m1.771s
sys	0m0.081s
munmap_chunk(): invalid pointer
/var/spool/slurmd/job30449149/slurm_script: line 56: 641098 Aborted                 (core dumped) ./bin/task1 $n $m $p $blockx $blocky $Grid_Dim_x $Grid_Dim_y

real	0m3.959s
user	0m3.480s
sys	0m0.206s
Running block BLOCK_DIM_X=64 BLOCK_DIM_Y=32
With GRID_DIM_X=128 GRID_DIM_Y=256
Device count = 1
Error, too many threads in block

real	0m0.041s
user	0m0.003s
sys	0m0.022s
Device count = 1
Error, too many threads in block

real	0m0.028s
user	0m0.003s
sys	0m0.021s
Device count = 1
Error, too many threads in block

real	0m0.026s
user	0m0.003s
sys	0m0.020s
Running block BLOCK_DIM_X=64 BLOCK_DIM_Y=64
With GRID_DIM_X=128 GRID_DIM_Y=128
Device count = 1
Error, too many threads in block

real	0m0.026s
user	0m0.002s
sys	0m0.021s
Device count = 1
Error, too many threads in block

real	0m0.026s
user	0m0.004s
sys	0m0.018s
Device count = 1
Error, too many threads in block

real	0m0.026s
user	0m0.004s
sys	0m0.019s
Running block BLOCK_DIM_X=64 BLOCK_DIM_Y=128
With GRID_DIM_X=128 GRID_DIM_Y=64
Device count = 1
Error, too many threads in block

real	0m0.026s
user	0m0.003s
sys	0m0.019s
Device count = 1
Error, too many threads in block

real	0m0.026s
user	0m0.004s
sys	0m0.019s
Device count = 1
Error, too many threads in block

real	0m0.026s
user	0m0.005s
sys	0m0.018s
Running block BLOCK_DIM_X=128 BLOCK_DIM_Y=8
With GRID_DIM_X=64 GRID_DIM_Y=1024
/var/spool/slurmd/job30449149/slurm_script: line 56: 641178 Segmentation fault      (core dumped) ./bin/task1 $n $m $p $blockx $blocky $Grid_Dim_x $Grid_Dim_y

real	0m2.002s
user	0m1.773s
sys	0m0.075s
/var/spool/slurmd/job30449149/slurm_script: line 56: 641185 Segmentation fault      (core dumped) ./bin/task1 $n $m $p $blockx $blocky $Grid_Dim_x $Grid_Dim_y

real	0m2.111s
user	0m1.768s
sys	0m0.083s
munmap_chunk(): invalid pointer
/var/spool/slurmd/job30449149/slurm_script: line 56: 641199 Aborted                 (core dumped) ./bin/task1 $n $m $p $blockx $blocky $Grid_Dim_x $Grid_Dim_y

real	0m3.922s
user	0m3.489s
sys	0m0.182s
Running block BLOCK_DIM_X=128 BLOCK_DIM_Y=16
With GRID_DIM_X=64 GRID_DIM_Y=512
Device count = 1
Error, too many threads in block

real	0m0.041s
user	0m0.003s
sys	0m0.022s
Device count = 1
Error, too many threads in block

real	0m0.028s
user	0m0.003s
sys	0m0.021s
Device count = 1
Error, too many threads in block

real	0m0.027s
user	0m0.002s
sys	0m0.021s
Running block BLOCK_DIM_X=128 BLOCK_DIM_Y=32
With GRID_DIM_X=64 GRID_DIM_Y=256
Device count = 1
Error, too many threads in block

real	0m0.026s
user	0m0.004s
sys	0m0.018s
Device count = 1
Error, too many threads in block

real	0m0.027s
user	0m0.004s
sys	0m0.019s
Device count = 1
Error, too many threads in block

real	0m0.026s
user	0m0.004s
sys	0m0.018s
Running block BLOCK_DIM_X=128 BLOCK_DIM_Y=64
With GRID_DIM_X=64 GRID_DIM_Y=128
Device count = 1
Error, too many threads in block

real	0m0.027s
user	0m0.003s
sys	0m0.020s
Device count = 1
Error, too many threads in block

real	0m0.026s
user	0m0.003s
sys	0m0.020s
Device count = 1
Error, too many threads in block

real	0m0.026s
user	0m0.002s
sys	0m0.020s
Running block BLOCK_DIM_X=128 BLOCK_DIM_Y=128
With GRID_DIM_X=64 GRID_DIM_Y=64
Device count = 1
Error, too many threads in block

real	0m0.027s
user	0m0.005s
sys	0m0.018s
Device count = 1
Error, too many threads in block

real	0m0.026s
user	0m0.002s
sys	0m0.020s
Device count = 1
Error, too many threads in block

real	0m0.027s
user	0m0.004s
sys	0m0.019s
Running n=8192, p=8192, m=1024
Running block BLOCK_DIM_X=8 BLOCK_DIM_Y=8
With GRID_DIM_X=128 GRID_DIM_Y=1024
Device count = 1
128,8Error, number of threads in x dimensions less than number of array elements

real	0m0.026s
user	0m0.003s
sys	0m0.019s
Device count = 1
128,8Error, number of threads in x dimensions less than number of array elements

real	0m0.027s
user	0m0.003s
sys	0m0.020s
Device count = 1
128,8Error, number of threads in x dimensions less than number of array elements

real	0m0.026s
user	0m0.005s
sys	0m0.018s
Running block BLOCK_DIM_X=8 BLOCK_DIM_Y=16
With GRID_DIM_X=128 GRID_DIM_Y=512
Device count = 1
128,8Error, number of threads in x dimensions less than number of array elements

real	0m0.026s
user	0m0.004s
sys	0m0.018s
Device count = 1
128,8Error, number of threads in x dimensions less than number of array elements

real	0m0.026s
user	0m0.002s
sys	0m0.020s
Device count = 1
128,8Error, number of threads in x dimensions less than number of array elements

real	0m0.030s
user	0m0.004s
sys	0m0.019s
Running block BLOCK_DIM_X=8 BLOCK_DIM_Y=32
With GRID_DIM_X=128 GRID_DIM_Y=256
Device count = 1
128,8Error, number of threads in x dimensions less than number of array elements

real	0m0.026s
user	0m0.003s
sys	0m0.019s
Device count = 1
128,8Error, number of threads in x dimensions less than number of array elements

real	0m0.026s
user	0m0.003s
sys	0m0.019s
Device count = 1
128,8Error, number of threads in x dimensions less than number of array elements

real	0m0.026s
user	0m0.003s
sys	0m0.019s
Running block BLOCK_DIM_X=8 BLOCK_DIM_Y=64
With GRID_DIM_X=128 GRID_DIM_Y=128
Device count = 1
128,8Error, number of threads in x dimensions less than number of array elements

real	0m0.026s
user	0m0.004s
sys	0m0.019s
Device count = 1
128,8Error, number of threads in x dimensions less than number of array elements

real	0m0.026s
user	0m0.002s
sys	0m0.020s
Device count = 1
128,8Error, number of threads in x dimensions less than number of array elements

real	0m0.026s
user	0m0.004s
sys	0m0.018s
Running block BLOCK_DIM_X=8 BLOCK_DIM_Y=128
With GRID_DIM_X=128 GRID_DIM_Y=64
Device count = 1
128,8Error, number of threads in x dimensions less than number of array elements

real	0m0.028s
user	0m0.003s
sys	0m0.020s
Device count = 1
128,8Error, number of threads in x dimensions less than number of array elements

real	0m0.028s
user	0m0.003s
sys	0m0.019s
Device count = 1
128,8Error, number of threads in x dimensions less than number of array elements

real	0m0.028s
user	0m0.004s
sys	0m0.019s
Running block BLOCK_DIM_X=16 BLOCK_DIM_Y=8
With GRID_DIM_X=64 GRID_DIM_Y=1024
Device count = 1
64,16Error, number of threads in x dimensions less than number of array elements

real	0m0.026s
user	0m0.002s
sys	0m0.020s
Device count = 1
64,16Error, number of threads in x dimensions less than number of array elements

real	0m0.026s
user	0m0.004s
sys	0m0.019s
Device count = 1
64,16Error, number of threads in x dimensions less than number of array elements

real	0m0.027s
user	0m0.005s
sys	0m0.018s
Running block BLOCK_DIM_X=16 BLOCK_DIM_Y=16
With GRID_DIM_X=64 GRID_DIM_Y=512
Device count = 1
64,16Error, number of threads in x dimensions less than number of array elements

real	0m0.026s
user	0m0.003s
sys	0m0.019s
Device count = 1
64,16Error, number of threads in x dimensions less than number of array elements

real	0m0.026s
user	0m0.003s
sys	0m0.019s
Device count = 1
64,16Error, number of threads in x dimensions less than number of array elements

real	0m0.026s
user	0m0.005s
sys	0m0.018s
Running block BLOCK_DIM_X=16 BLOCK_DIM_Y=32
With GRID_DIM_X=64 GRID_DIM_Y=256
Device count = 1
64,16Error, number of threads in x dimensions less than number of array elements

real	0m0.027s
user	0m0.004s
sys	0m0.019s
Device count = 1
64,16Error, number of threads in x dimensions less than number of array elements

real	0m0.027s
user	0m0.004s
sys	0m0.019s
Device count = 1
64,16Error, number of threads in x dimensions less than number of array elements

real	0m0.026s
user	0m0.004s
sys	0m0.018s
Running block BLOCK_DIM_X=16 BLOCK_DIM_Y=64
With GRID_DIM_X=64 GRID_DIM_Y=128
Device count = 1
64,16Error, number of threads in x dimensions less than number of array elements

real	0m0.026s
user	0m0.004s
sys	0m0.018s
Device count = 1
64,16Error, number of threads in x dimensions less than number of array elements

real	0m0.026s
user	0m0.004s
sys	0m0.018s
Device count = 1
64,16Error, number of threads in x dimensions less than number of array elements

real	0m0.025s
user	0m0.004s
sys	0m0.018s
Running block BLOCK_DIM_X=16 BLOCK_DIM_Y=128
With GRID_DIM_X=64 GRID_DIM_Y=64
Device count = 1
Error, too many threads in block

real	0m0.031s
user	0m0.005s
sys	0m0.018s
Device count = 1
Error, too many threads in block

real	0m0.027s
user	0m0.002s
sys	0m0.020s
Device count = 1
Error, too many threads in block

real	0m0.026s
user	0m0.005s
sys	0m0.017s
Running block BLOCK_DIM_X=32 BLOCK_DIM_Y=8
With GRID_DIM_X=32 GRID_DIM_Y=1024
Device count = 1
32,32Error, number of threads in x dimensions less than number of array elements

real	0m0.026s
user	0m0.004s
sys	0m0.018s
Device count = 1
32,32Error, number of threads in x dimensions less than number of array elements

real	0m0.038s
user	0m0.005s
sys	0m0.018s
Device count = 1
32,32Error, number of threads in x dimensions less than number of array elements

real	0m0.027s
user	0m0.002s
sys	0m0.020s
Running block BLOCK_DIM_X=32 BLOCK_DIM_Y=16
With GRID_DIM_X=32 GRID_DIM_Y=512
Device count = 1
32,32Error, number of threads in x dimensions less than number of array elements

real	0m0.027s
user	0m0.004s
sys	0m0.019s
Device count = 1
32,32Error, number of threads in x dimensions less than number of array elements

real	0m0.027s
user	0m0.003s
sys	0m0.019s
Device count = 1
32,32Error, number of threads in x dimensions less than number of array elements

real	0m0.028s
user	0m0.005s
sys	0m0.017s
Running block BLOCK_DIM_X=32 BLOCK_DIM_Y=32
With GRID_DIM_X=32 GRID_DIM_Y=256
Device count = 1
32,32Error, number of threads in x dimensions less than number of array elements

real	0m0.029s
user	0m0.003s
sys	0m0.019s
Device count = 1
32,32Error, number of threads in x dimensions less than number of array elements

real	0m0.027s
user	0m0.003s
sys	0m0.019s
Device count = 1
32,32Error, number of threads in x dimensions less than number of array elements

real	0m0.028s
user	0m0.003s
sys	0m0.019s
Running block BLOCK_DIM_X=32 BLOCK_DIM_Y=64
With GRID_DIM_X=32 GRID_DIM_Y=128
Device count = 1
Error, too many threads in block

real	0m0.028s
user	0m0.004s
sys	0m0.019s
Device count = 1
Error, too many threads in block

real	0m0.027s
user	0m0.003s
sys	0m0.020s
Device count = 1
Error, too many threads in block

real	0m0.028s
user	0m0.002s
sys	0m0.021s
Running block BLOCK_DIM_X=32 BLOCK_DIM_Y=128
With GRID_DIM_X=32 GRID_DIM_Y=64
Device count = 1
Error, too many threads in block

real	0m0.026s
user	0m0.004s
sys	0m0.018s
Device count = 1
Error, too many threads in block

real	0m0.028s
user	0m0.003s
sys	0m0.019s
Device count = 1
Error, too many threads in block

real	0m0.027s
user	0m0.003s
sys	0m0.020s
Running block BLOCK_DIM_X=64 BLOCK_DIM_Y=8
With GRID_DIM_X=16 GRID_DIM_Y=1024
Device count = 1
16,64Error, number of threads in x dimensions less than number of array elements

real	0m0.027s
user	0m0.005s
sys	0m0.018s
Device count = 1
16,64Error, number of threads in x dimensions less than number of array elements

real	0m0.030s
user	0m0.004s
sys	0m0.020s
Device count = 1
16,64Error, number of threads in x dimensions less than number of array elements

real	0m0.028s
user	0m0.004s
sys	0m0.020s
Running block BLOCK_DIM_X=64 BLOCK_DIM_Y=16
With GRID_DIM_X=16 GRID_DIM_Y=512
Device count = 1
16,64Error, number of threads in x dimensions less than number of array elements

real	0m0.027s
user	0m0.004s
sys	0m0.019s
Device count = 1
16,64Error, number of threads in x dimensions less than number of array elements

real	0m0.027s
user	0m0.004s
sys	0m0.020s
Device count = 1
16,64Error, number of threads in x dimensions less than number of array elements

real	0m0.029s
user	0m0.003s
sys	0m0.021s
Running block BLOCK_DIM_X=64 BLOCK_DIM_Y=32
With GRID_DIM_X=16 GRID_DIM_Y=256
Device count = 1
Error, too many threads in block

real	0m0.028s
user	0m0.003s
sys	0m0.021s
Device count = 1
Error, too many threads in block

real	0m0.028s
user	0m0.004s
sys	0m0.020s
Device count = 1
Error, too many threads in block

real	0m0.028s
user	0m0.004s
sys	0m0.019s
Running block BLOCK_DIM_X=64 BLOCK_DIM_Y=64
With GRID_DIM_X=16 GRID_DIM_Y=128
Device count = 1
Error, too many threads in block

real	0m0.027s
user	0m0.006s
sys	0m0.018s
Device count = 1
Error, too many threads in block

real	0m0.039s
user	0m0.004s
sys	0m0.019s
Device count = 1
Error, too many threads in block

real	0m0.027s
user	0m0.005s
sys	0m0.018s
Running block BLOCK_DIM_X=64 BLOCK_DIM_Y=128
With GRID_DIM_X=16 GRID_DIM_Y=64
Device count = 1
Error, too many threads in block

real	0m0.027s
user	0m0.003s
sys	0m0.021s
Device count = 1
Error, too many threads in block

real	0m0.027s
user	0m0.004s
sys	0m0.020s
Device count = 1
Error, too many threads in block

real	0m0.030s
user	0m0.003s
sys	0m0.020s
Running block BLOCK_DIM_X=128 BLOCK_DIM_Y=8
With GRID_DIM_X=8 GRID_DIM_Y=1024
Device count = 1
8,128Error, number of threads in x dimensions less than number of array elements

real	0m0.029s
user	0m0.003s
sys	0m0.020s
Device count = 1
8,128Error, number of threads in x dimensions less than number of array elements

real	0m0.033s
user	0m0.002s
sys	0m0.021s
Device count = 1
8,128Error, number of threads in x dimensions less than number of array elements

real	0m0.029s
user	0m0.004s
sys	0m0.020s
Running block BLOCK_DIM_X=128 BLOCK_DIM_Y=16
With GRID_DIM_X=8 GRID_DIM_Y=512
Device count = 1
Error, too many threads in block

real	0m0.028s
user	0m0.006s
sys	0m0.018s
Device count = 1
Error, too many threads in block

real	0m0.028s
user	0m0.002s
sys	0m0.021s
Device count = 1
Error, too many threads in block

real	0m0.028s
user	0m0.003s
sys	0m0.021s
Running block BLOCK_DIM_X=128 BLOCK_DIM_Y=32
With GRID_DIM_X=8 GRID_DIM_Y=256
Device count = 1
Error, too many threads in block

real	0m0.030s
user	0m0.004s
sys	0m0.020s
Device count = 1
Error, too many threads in block

real	0m0.028s
user	0m0.005s
sys	0m0.019s
Device count = 1
Error, too many threads in block

real	0m0.028s
user	0m0.003s
sys	0m0.021s
Running block BLOCK_DIM_X=128 BLOCK_DIM_Y=64
With GRID_DIM_X=8 GRID_DIM_Y=128
Device count = 1
Error, too many threads in block

real	0m0.027s
user	0m0.004s
sys	0m0.020s
Device count = 1
Error, too many threads in block

real	0m0.027s
user	0m0.003s
sys	0m0.021s
Device count = 1
Error, too many threads in block

real	0m0.027s
user	0m0.005s
sys	0m0.019s
Running block BLOCK_DIM_X=128 BLOCK_DIM_Y=128
With GRID_DIM_X=8 GRID_DIM_Y=64
Device count = 1
Error, too many threads in block

real	0m0.028s
user	0m0.005s
sys	0m0.018s
Device count = 1
Error, too many threads in block

real	0m0.027s
user	0m0.002s
sys	0m0.021s
Device count = 1
Error, too many threads in block

real	0m0.028s
user	0m0.004s
sys	0m0.019s
Running n=1024, p=1024, m=1024
1024,1024,1024
real	0m0.435s
user	0m0.291s
sys	0m0.132s
1024,1024,1024
real	0m0.417s
user	0m0.281s
sys	0m0.126s
1024,1024,1024
real	0m0.424s
user	0m0.279s
sys	0m0.133s
Running n=8192, p=8192, m=8192
8192,8192,8192
real	3m46.092s
user	3m44.853s
sys	0m0.353s
8192,8192,8192
real	3m45.944s
user	3m44.735s
sys	0m0.337s
8192,8192,8192
real	3m46.119s
user	3m44.892s
sys	0m0.344s
Running n=1024, p=1024, m=8192
1024,8192,1024
real	0m2.535s
user	0m2.351s
sys	0m0.143s
1024,8192,1024
real	0m2.536s
user	0m2.366s
sys	0m0.140s
1024,8192,1024
real	0m2.580s
user	0m2.412s
sys	0m0.138s
Running n=8192, p=8192, m=1024
8192,1024,8192
real	0m28.666s
user	0m28.337s
sys	0m0.198s
8192,1024,8192
real	0m28.691s
user	0m28.309s
sys	0m0.215s
8192,1024,8192
real	0m28.685s
user	0m28.323s
sys	0m0.209s
Running n=8192, p=1024, m=8192
8192,8192,1024
real	0m26.413s
user	0m26.039s
sys	0m0.223s
8192,8192,1024
real	0m26.382s
user	0m26.040s
sys	0m0.198s
8192,8192,1024
real	0m26.556s
user	0m26.206s
sys	0m0.205s
