cleaning
SRC_FILES = src/drand.c src/mandomp-avx.c src/mandomp-collapse.c src/mandomp-ts-avx.c src/mandomp-ts.c src/mandomp.c src/mandseq-avx.c src/mandseq.c src/timing.c src/utilities.c
OBJ_FILES =  obj/drand.o  obj/mandomp-avx.o  obj/mandomp-collapse.o  obj/mandomp-ts-avx.o  obj/mandomp-ts.o  obj/mandomp.o  obj/mandseq-avx.o  obj/mandseq.o  obj/timing.o  obj/utilities.o
rm -f bin/mandomp obj/mandomp.o
SRC_FILES = src/drand.c src/mandomp-avx.c src/mandomp-collapse.c src/mandomp-ts-avx.c src/mandomp-ts.c src/mandomp.c src/mandseq-avx.c src/mandseq.c src/timing.c src/utilities.c
OBJ_FILES =  obj/drand.o  obj/mandomp-avx.o  obj/mandomp-collapse.o  obj/mandomp-ts-avx.o  obj/mandomp-ts.o  obj/mandomp.o  obj/mandseq-avx.o  obj/mandseq.o  obj/timing.o  obj/utilities.o
rm -f bin/mandomp-avx obj/mandomp-avx.o
SRC_FILES = src/drand.c src/mandomp-avx.c src/mandomp-collapse.c src/mandomp-ts-avx.c src/mandomp-ts.c src/mandomp.c src/mandseq-avx.c src/mandseq.c src/timing.c src/utilities.c
OBJ_FILES =  obj/drand.o  obj/mandomp-avx.o  obj/mandomp-collapse.o  obj/mandomp-ts-avx.o  obj/mandomp-ts.o  obj/mandomp.o  obj/mandseq-avx.o  obj/mandseq.o  obj/timing.o  obj/utilities.o
rm -f bin/mandomp-ts obj/mandomp-ts.o
SRC_FILES = src/drand.c src/mandomp-avx.c src/mandomp-collapse.c src/mandomp-ts-avx.c src/mandomp-ts.c src/mandomp.c src/mandseq-avx.c src/mandseq.c src/timing.c src/utilities.c
OBJ_FILES =  obj/drand.o  obj/mandomp-avx.o  obj/mandomp-collapse.o  obj/mandomp-ts-avx.o  obj/mandomp-ts.o  obj/mandomp.o  obj/mandseq-avx.o  obj/mandseq.o  obj/timing.o  obj/utilities.o
rm -f bin/mandomp-ts-avx obj/mandomp-ts-avx.o
compiling
SRC_FILES = src/drand.c src/mandomp-avx.c src/mandomp-collapse.c src/mandomp-ts-avx.c src/mandomp-ts.c src/mandomp.c src/mandseq-avx.c src/mandseq.c src/timing.c src/utilities.c
OBJ_FILES =  obj/drand.o  obj/mandomp-avx.o  obj/mandomp-collapse.o  obj/mandomp-ts-avx.o  obj/mandomp-ts.o  obj/mandomp.o  obj/mandseq-avx.o  obj/mandseq.o  obj/timing.o  obj/utilities.o
icc -g -O3 -xHost -fno-alias -std=c99 -qopenmp -I include  -c src/mandomp.c -o obj/mandomp.o
icc -g -O3 -xHost -fno-alias -std=c99 -qopenmp -I include  obj/mandomp.o obj/drand.o obj/timing.o obj/utilities.o -o bin/mandomp
SRC_FILES = src/drand.c src/mandomp-avx.c src/mandomp-collapse.c src/mandomp-ts-avx.c src/mandomp-ts.c src/mandomp.c src/mandseq-avx.c src/mandseq.c src/timing.c src/utilities.c
OBJ_FILES =  obj/drand.o  obj/mandomp-avx.o  obj/mandomp-collapse.o  obj/mandomp-ts-avx.o  obj/mandomp-ts.o  obj/mandomp.o  obj/mandseq-avx.o  obj/mandseq.o  obj/timing.o  obj/utilities.o
icc -g -O3 -xHost -fno-alias -std=c99 -qopenmp -I include  -c src/mandomp-avx.c -o obj/mandomp-avx.o
icc -g -O3 -xHost -fno-alias -std=c99 -qopenmp -I include  obj/mandomp-avx.o obj/drand.o obj/timing.o obj/utilities.o -o bin/mandomp-avx
SRC_FILES = src/drand.c src/mandomp-avx.c src/mandomp-collapse.c src/mandomp-ts-avx.c src/mandomp-ts.c src/mandomp.c src/mandseq-avx.c src/mandseq.c src/timing.c src/utilities.c
OBJ_FILES =  obj/drand.o  obj/mandomp-avx.o  obj/mandomp-collapse.o  obj/mandomp-ts-avx.o  obj/mandomp-ts.o  obj/mandomp.o  obj/mandseq-avx.o  obj/mandseq.o  obj/timing.o  obj/utilities.o
icc -g -O3 -xHost -fno-alias -std=c99 -qopenmp -I include  -c src/mandomp-ts.c -o obj/mandomp-ts.o
icc -g -O3 -xHost -fno-alias -std=c99 -qopenmp -I include  obj/mandomp-ts.o obj/drand.o obj/timing.o obj/utilities.o -o bin/mandomp-ts
SRC_FILES = src/drand.c src/mandomp-avx.c src/mandomp-collapse.c src/mandomp-ts-avx.c src/mandomp-ts.c src/mandomp.c src/mandseq-avx.c src/mandseq.c src/timing.c src/utilities.c
OBJ_FILES =  obj/drand.o  obj/mandomp-avx.o  obj/mandomp-collapse.o  obj/mandomp-ts-avx.o  obj/mandomp-ts.o  obj/mandomp.o  obj/mandseq-avx.o  obj/mandseq.o  obj/timing.o  obj/utilities.o
icc -g -O3 -xHost -fno-alias -std=c99 -qopenmp -I include  -c src/mandomp-ts-avx.c -o obj/mandomp-ts-avx.o
icc -g -O3 -xHost -fno-alias -std=c99 -qopenmp -I include  obj/mandomp-ts-avx.o obj/drand.o obj/timing.o obj/utilities.o -o bin/mandomp-ts-avx


OMP version
Number of threads =  2
OMP_SCHEDULE = 
Warning: OMP_SCHEDULE environment variable is not set.
Seed = 144544. RAND_MAX = 2147483647.

area estimate = 1.506770
elapsed wall clock time = 42.079318
elapsed cpu time = 49.361408

real	0m42.109s
user	0m49.386s
sys	0m0.005s
Warning: OMP_SCHEDULE environment variable is not set.
Seed = 144544. RAND_MAX = 2147483647.

area estimate = 1.506788
elapsed wall clock time = 42.089270
elapsed cpu time = 49.366995

real	0m42.110s
user	0m49.381s
sys	0m0.004s
Warning: OMP_SCHEDULE environment variable is not set.
Seed = 144544. RAND_MAX = 2147483647.

area estimate = 1.506768
elapsed wall clock time = 42.067333
elapsed cpu time = 49.375128

real	0m42.114s
user	0m49.397s
sys	0m0.007s


OMP version
Warning: OMP_SCHEDULE environment variable is not set.
Seed = 144544. RAND_MAX = 2147483647.

area estimate = 1.506610
elapsed wall clock time = 15.014513
elapsed cpu time = 17.781674

real	0m15.040s
user	0m17.798s
sys	0m0.009s
Warning: OMP_SCHEDULE environment variable is not set.
Seed = 144544. RAND_MAX = 2147483647.

area estimate = 1.506622
elapsed wall clock time = 14.998944
elapsed cpu time = 17.783154

real	0m15.023s
user	0m17.791s
sys	0m0.008s
Warning: OMP_SCHEDULE environment variable is not set.
Seed = 144544. RAND_MAX = 2147483647.

area estimate = 1.506684
elapsed wall clock time = 14.996365
elapsed cpu time = 17.787275

real	0m15.039s
user	0m17.799s
sys	0m0.007s


OMP THREAD SAFE version


Number of threads =  1
OMP_SCHEDULE = 
NON AVX
Warning: OMP_SCHEDULE environment variable is not set.
Seed_ts = 144544. RAND_MAX = 2147483647.

area estimate = 1.506700
elapsed wall clock time = 49.240604
elapsed cpu time = 49.178900

real	0m49.278s
user	0m49.180s
sys	0m0.003s

AVX
Warning: OMP_SCHEDULE environment variable is not set.
Seed_ts = 144544. RAND_MAX = 2147483647.

area estimate = 1.506826
elapsed wall clock time = 17.483396
elapsed cpu time = 17.455481

real	0m17.521s
user	0m17.456s
sys	0m0.005s
NON AVX
Warning: OMP_SCHEDULE environment variable is not set.
Seed_ts = 144544. RAND_MAX = 2147483647.

area estimate = 1.506700
elapsed wall clock time = 49.245979
elapsed cpu time = 49.177093

real	0m49.288s
user	0m49.177s
sys	0m0.007s

AVX
Warning: OMP_SCHEDULE environment variable is not set.
Seed_ts = 144544. RAND_MAX = 2147483647.

area estimate = 1.506826
elapsed wall clock time = 17.483723
elapsed cpu time = 17.454445

real	0m17.523s
user	0m17.455s
sys	0m0.006s
NON AVX
Warning: OMP_SCHEDULE environment variable is not set.
Seed_ts = 144544. RAND_MAX = 2147483647.

area estimate = 1.506700
elapsed wall clock time = 49.253663
elapsed cpu time = 49.178379

real	0m49.285s
user	0m49.179s
sys	0m0.005s

AVX
Warning: OMP_SCHEDULE environment variable is not set.
Seed_ts = 144544. RAND_MAX = 2147483647.

area estimate = 1.506826
elapsed wall clock time = 17.481048
elapsed cpu time = 17.454924

real	0m17.519s
user	0m17.456s
sys	0m0.003s


Number of threads =  2
OMP_SCHEDULE = 
NON AVX
Warning: OMP_SCHEDULE environment variable is not set.
Seed_ts = 144544. RAND_MAX = 2147483647.
Seed_ts = 144544. RAND_MAX = 2147483647.

area estimate = 1.506616
elapsed wall clock time = 42.078146
elapsed cpu time = 49.370494

real	0m42.103s
user	0m49.380s
sys	0m0.006s

AVX
Warning: OMP_SCHEDULE environment variable is not set.
Seed_ts = 144544. RAND_MAX = 2147483647.

area estimate = 1.506640
elapsed wall clock time = 14.893872
elapsed cpu time = 17.648575

real	0m14.921s
user	0m17.661s
sys	0m0.007s
NON AVX
Warning: OMP_SCHEDULE environment variable is not set.
Seed_ts = 144544. RAND_MAX = 2147483647.
Seed_ts = 144544. RAND_MAX = 2147483647.

area estimate = 1.506616
elapsed wall clock time = 42.070343
elapsed cpu time = 49.356346

real	0m42.130s
user	0m49.378s
sys	0m0.003s

AVX
Warning: OMP_SCHEDULE environment variable is not set.
Seed_ts = 144544. RAND_MAX = 2147483647.

area estimate = 1.506640
elapsed wall clock time = 14.885849
elapsed cpu time = 17.622760

real	0m14.912s
user	0m17.631s
sys	0m0.013s
NON AVX
Warning: OMP_SCHEDULE environment variable is not set.
Seed_ts = 144544. RAND_MAX = 2147483647.
Seed_ts = 144544. RAND_MAX = 2147483647.

area estimate = 1.506616
elapsed wall clock time = 42.084672
elapsed cpu time = 49.376375

real	0m42.118s
user	0m49.395s
sys	0m0.005s

AVX
Warning: OMP_SCHEDULE environment variable is not set.
Seed_ts = 144544. RAND_MAX = 2147483647.

area estimate = 1.506640
elapsed wall clock time = 14.884681
elapsed cpu time = 17.653798

real	0m14.921s
user	0m17.663s
sys	0m0.006s


Number of threads =  4
OMP_SCHEDULE = 
NON AVX
Warning: OMP_SCHEDULE environment variable is not set.
Seed_ts = 144544. RAND_MAX = 2147483647.
Seed_ts = 144544. RAND_MAX = 2147483647.
Seed_ts = 144544. RAND_MAX = 2147483647.
Seed_ts = 144544. RAND_MAX = 2147483647.

area estimate = 1.506724
elapsed wall clock time = 22.466812
elapsed cpu time = 49.971567

real	0m22.492s
user	0m49.999s
sys	0m0.023s

AVX
Warning: OMP_SCHEDULE environment variable is not set.
Seed_ts = 144544. RAND_MAX = 2147483647.

area estimate = 1.506636
elapsed wall clock time = 7.934529
elapsed cpu time = 18.155443

real	0m7.956s
user	0m18.175s
sys	0m0.027s
NON AVX
Warning: OMP_SCHEDULE environment variable is not set.
Seed_ts = 144544. RAND_MAX = 2147483647.
Seed_ts = 144544. RAND_MAX = 2147483647.
Seed_ts = 144544. RAND_MAX = 2147483647.
Seed_ts = 144544. RAND_MAX = 2147483647.

area estimate = 1.506724
elapsed wall clock time = 22.468593
elapsed cpu time = 49.886247

real	0m22.499s
user	0m49.932s
sys	0m0.024s

AVX
Warning: OMP_SCHEDULE environment variable is not set.
Seed_ts = 144544. RAND_MAX = 2147483647.

area estimate = 1.506636
elapsed wall clock time = 7.935076
elapsed cpu time = 18.227803

real	0m7.971s
user	0m18.252s
sys	0m0.016s
NON AVX
Warning: OMP_SCHEDULE environment variable is not set.
Seed_ts = 144544. RAND_MAX = 2147483647.
Seed_ts = 144544. RAND_MAX = 2147483647.
Seed_ts = 144544. RAND_MAX = 2147483647.
Seed_ts = 144544. RAND_MAX = 2147483647.

area estimate = 1.506724
elapsed wall clock time = 22.469146
elapsed cpu time = 49.907039

real	0m22.494s
user	0m49.933s
sys	0m0.022s

AVX
Warning: OMP_SCHEDULE environment variable is not set.
Seed_ts = 144544. RAND_MAX = 2147483647.

area estimate = 1.506636
elapsed wall clock time = 7.932740
elapsed cpu time = 18.162649

real	0m7.958s
user	0m18.190s
sys	0m0.020s


Number of threads =  12
OMP_SCHEDULE = 
NON AVX
Warning: OMP_SCHEDULE environment variable is not set.
Seed_ts = 144544. RAND_MAX = 2147483647.
Seed_ts = 144544. RAND_MAX = 2147483647.
Seed_ts = 144544. RAND_MAX = 2147483647.
Seed_ts = 144544. RAND_MAX = 2147483647.
Seed_ts = 144544. RAND_MAX = 2147483647.
Seed_ts = 144544. RAND_MAX = 2147483647.
Seed_ts = 144544. RAND_MAX = 2147483647.
Seed_ts = 144544. RAND_MAX = 2147483647.
Seed_ts = 144544. RAND_MAX = 2147483647.
Seed_ts = 144544. RAND_MAX = 2147483647.
Seed_ts = 144544. RAND_MAX = 2147483647.
Seed_ts = 144544. RAND_MAX = 2147483647.

area estimate = 1.506798
elapsed wall clock time = 9.724553
elapsed cpu time = 52.004422

real	0m9.748s
user	0m52.085s
sys	0m0.065s

AVX
Warning: OMP_SCHEDULE environment variable is not set.
Seed_ts = 144544. RAND_MAX = 2147483647.

area estimate = 1.506726
elapsed wall clock time = 3.434448
elapsed cpu time = 20.229280

real	0m3.445s
user	0m20.247s
sys	0m0.063s
NON AVX
Warning: OMP_SCHEDULE environment variable is not set.
Seed_ts = 144544. RAND_MAX = 2147483647.
Seed_ts = 144544. RAND_MAX = 2147483647.
Seed_ts = 144544. RAND_MAX = 2147483647.
Seed_ts = 144544. RAND_MAX = 2147483647.
Seed_ts = 144544. RAND_MAX = 2147483647.
Seed_ts = 144544. RAND_MAX = 2147483647.
Seed_ts = 144544. RAND_MAX = 2147483647.
Seed_ts = 144544. RAND_MAX = 2147483647.
Seed_ts = 144544. RAND_MAX = 2147483647.
Seed_ts = 144544. RAND_MAX = 2147483647.
Seed_ts = 144544. RAND_MAX = 2147483647.
Seed_ts = 144544. RAND_MAX = 2147483647.

area estimate = 1.506798
elapsed wall clock time = 9.725707
elapsed cpu time = 51.923866

real	0m9.749s
user	0m52.057s
sys	0m0.070s

AVX
Warning: OMP_SCHEDULE environment variable is not set.
Seed_ts = 144544. RAND_MAX = 2147483647.

area estimate = 1.506726
elapsed wall clock time = 3.436631
elapsed cpu time = 20.213039

real	0m3.460s
user	0m20.220s
sys	0m0.095s
NON AVX
Warning: OMP_SCHEDULE environment variable is not set.
Seed_ts = 144544. RAND_MAX = 2147483647.
Seed_ts = 144544. RAND_MAX = 2147483647.
Seed_ts = 144544. RAND_MAX = 2147483647.
Seed_ts = 144544. RAND_MAX = 2147483647.
Seed_ts = 144544. RAND_MAX = 2147483647.
Seed_ts = 144544. RAND_MAX = 2147483647.
Seed_ts = 144544. RAND_MAX = 2147483647.
Seed_ts = 144544. RAND_MAX = 2147483647.
Seed_ts = 144544. RAND_MAX = 2147483647.
Seed_ts = 144544. RAND_MAX = 2147483647.
Seed_ts = 144544. RAND_MAX = 2147483647.
Seed_ts = 144544. RAND_MAX = 2147483647.

area estimate = 1.506798
elapsed wall clock time = 9.724807
elapsed cpu time = 51.983937

real	0m9.743s
user	0m52.075s
sys	0m0.087s

AVX
Warning: OMP_SCHEDULE environment variable is not set.
Seed_ts = 144544. RAND_MAX = 2147483647.

area estimate = 1.506726
elapsed wall clock time = 3.437733
elapsed cpu time = 20.227121

real	0m3.449s
user	0m20.244s
sys	0m0.071s


Number of threads =  24
OMP_SCHEDULE = 
NON AVX
Warning: OMP_SCHEDULE environment variable is not set.
Seed_ts = 144544. RAND_MAX = 2147483647.
Seed_ts = 144544. RAND_MAX = 2147483647.
Seed_ts = 144544. RAND_MAX = 2147483647.
Seed_ts = 144544. RAND_MAX = 2147483647.
Seed_ts = 144544. RAND_MAX = 2147483647.
Seed_ts = 144544. RAND_MAX = 2147483647.
Seed_ts = 144544. RAND_MAX = 2147483647.
Seed_ts = 144544. RAND_MAX = 2147483647.
Seed_ts = 144544. RAND_MAX = 2147483647.
Seed_ts = 144544. RAND_MAX = 2147483647.
Seed_ts = 144544. RAND_MAX = 2147483647.
Seed_ts = 144544. RAND_MAX = 2147483647.
Seed_ts = 144544. RAND_MAX = 2147483647.
Seed_ts = 144544. RAND_MAX = 2147483647.
Seed_ts = 144544. RAND_MAX = 2147483647.
Seed_ts = 144544. RAND_MAX = 2147483647.
Seed_ts = 144544. RAND_MAX = 2147483647.
Seed_ts = 144544. RAND_MAX = 2147483647.
Seed_ts = 144544. RAND_MAX = 2147483647.
Seed_ts = 144544. RAND_MAX = 2147483647.
Seed_ts = 144544. RAND_MAX = 2147483647.
Seed_ts = 144544. RAND_MAX = 2147483647.
Seed_ts = 144544. RAND_MAX = 2147483647.
Seed_ts = 144544. RAND_MAX = 2147483647.

area estimate = 1.506616
elapsed wall clock time = 5.436780
elapsed cpu time = 55.097079

real	0m5.454s
user	0m55.279s
sys	0m0.141s

AVX
Warning: OMP_SCHEDULE environment variable is not set.
Seed_ts = 144544. RAND_MAX = 2147483647.

area estimate = 1.506684
elapsed wall clock time = 1.923867
elapsed cpu time = 23.071826

real	0m1.949s
user	0m23.314s
sys	0m0.140s
NON AVX
Warning: OMP_SCHEDULE environment variable is not set.
Seed_ts = 144544. RAND_MAX = 2147483647.
Seed_ts = 144544. RAND_MAX = 2147483647.
Seed_ts = 144544. RAND_MAX = 2147483647.
Seed_ts = 144544. RAND_MAX = 2147483647.
Seed_ts = 144544. RAND_MAX = 2147483647.
Seed_ts = 144544. RAND_MAX = 2147483647.
Seed_ts = 144544. RAND_MAX = 2147483647.
Seed_ts = 144544. RAND_MAX = 2147483647.
Seed_ts = 144544. RAND_MAX = 2147483647.
Seed_ts = 144544. RAND_MAX = 2147483647.
Seed_ts = 144544. RAND_MAX = 2147483647.
Seed_ts = 144544. RAND_MAX = 2147483647.
Seed_ts = 144544. RAND_MAX = 2147483647.
Seed_ts = 144544. RAND_MAX = 2147483647.
Seed_ts = 144544. RAND_MAX = 2147483647.
Seed_ts = 144544. RAND_MAX = 2147483647.
Seed_ts = 144544. RAND_MAX = 2147483647.
Seed_ts = 144544. RAND_MAX = 2147483647.
Seed_ts = 144544. RAND_MAX = 2147483647.
Seed_ts = 144544. RAND_MAX = 2147483647.
Seed_ts = 144544. RAND_MAX = 2147483647.
Seed_ts = 144544. RAND_MAX = 2147483647.
Seed_ts = 144544. RAND_MAX = 2147483647.
Seed_ts = 144544. RAND_MAX = 2147483647.

area estimate = 1.506616
elapsed wall clock time = 5.437643
elapsed cpu time = 55.106136

real	0m5.456s
user	0m55.309s
sys	0m0.140s

AVX
Warning: OMP_SCHEDULE environment variable is not set.
Seed_ts = 144544. RAND_MAX = 2147483647.

area estimate = 1.506684
elapsed wall clock time = 1.923119
elapsed cpu time = 23.072739

real	0m1.935s
user	0m23.105s
sys	0m0.137s
NON AVX
Warning: OMP_SCHEDULE environment variable is not set.
Seed_ts = 144544. RAND_MAX = 2147483647.
Seed_ts = 144544. RAND_MAX = 2147483647.
Seed_ts = 144544. RAND_MAX = 2147483647.
Seed_ts = 144544. RAND_MAX = 2147483647.
Seed_ts = 144544. RAND_MAX = 2147483647.
Seed_ts = 144544. RAND_MAX = 2147483647.
Seed_ts = 144544. RAND_MAX = 2147483647.
Seed_ts = 144544. RAND_MAX = 2147483647.
Seed_ts = 144544. RAND_MAX = 2147483647.
Seed_ts = 144544. RAND_MAX = 2147483647.
Seed_ts = 144544. RAND_MAX = 2147483647.
Seed_ts = 144544. RAND_MAX = 2147483647.
Seed_ts = 144544. RAND_MAX = 2147483647.
Seed_ts = 144544. RAND_MAX = 2147483647.
Seed_ts = 144544. RAND_MAX = 2147483647.
Seed_ts = 144544. RAND_MAX = 2147483647.
Seed_ts = 144544. RAND_MAX = 2147483647.
Seed_ts = 144544. RAND_MAX = 2147483647.
Seed_ts = 144544. RAND_MAX = 2147483647.
Seed_ts = 144544. RAND_MAX = 2147483647.
Seed_ts = 144544. RAND_MAX = 2147483647.
Seed_ts = 144544. RAND_MAX = 2147483647.
Seed_ts = 144544. RAND_MAX = 2147483647.
Seed_ts = 144544. RAND_MAX = 2147483647.

area estimate = 1.506616
elapsed wall clock time = 5.438148
elapsed cpu time = 55.085978

real	0m5.457s
user	0m55.275s
sys	0m0.155s

AVX
Warning: OMP_SCHEDULE environment variable is not set.
Seed_ts = 144544. RAND_MAX = 2147483647.

area estimate = 1.506684
elapsed wall clock time = 1.922059
elapsed cpu time = 23.061273

real	0m1.932s
user	0m23.095s
sys	0m0.143s


Number of threads =  2
OMP_SCHEDULE =  static,1
NON AVX
Seed_ts = 144544. RAND_MAX = 2147483647.
Seed_ts = 144544. RAND_MAX = 2147483647.

area estimate = 1.506616
elapsed wall clock time = 42.056273
elapsed cpu time = 49.376787

real	0m42.086s
user	0m49.394s
sys	0m0.009s

AVX
Seed_ts = 144544. RAND_MAX = 2147483647.

area estimate = 1.506640
elapsed wall clock time = 14.880413
elapsed cpu time = 17.646601

real	0m14.917s
user	0m17.657s
sys	0m0.006s
NON AVX
Seed_ts = 144544. RAND_MAX = 2147483647.
Seed_ts = 144544. RAND_MAX = 2147483647.

area estimate = 1.506616
elapsed wall clock time = 42.055020
elapsed cpu time = 49.357699

real	0m42.097s
user	0m49.368s
sys	0m0.003s

AVX
Seed_ts = 144544. RAND_MAX = 2147483647.

area estimate = 1.506640
elapsed wall clock time = 14.881450
elapsed cpu time = 17.647675

real	0m14.919s
user	0m17.666s
sys	0m0.007s
NON AVX
Seed_ts = 144544. RAND_MAX = 2147483647.
Seed_ts = 144544. RAND_MAX = 2147483647.

area estimate = 1.506616
elapsed wall clock time = 42.063782
elapsed cpu time = 49.370863

real	0m42.104s
user	0m49.378s
sys	0m0.010s

AVX
Seed_ts = 144544. RAND_MAX = 2147483647.

area estimate = 1.506640
elapsed wall clock time = 14.883820
elapsed cpu time = 17.633549

real	0m14.907s
user	0m17.642s
sys	0m0.007s


Number of threads =  4
OMP_SCHEDULE =  static,1
NON AVX
Seed_ts = 144544. RAND_MAX = 2147483647.
Seed_ts = 144544. RAND_MAX = 2147483647.
Seed_ts = 144544. RAND_MAX = 2147483647.
Seed_ts = 144544. RAND_MAX = 2147483647.

area estimate = 1.506724
elapsed wall clock time = 22.467113
elapsed cpu time = 49.949503

real	0m22.498s
user	0m49.993s
sys	0m0.023s

AVX
Seed_ts = 144544. RAND_MAX = 2147483647.

area estimate = 1.506636
elapsed wall clock time = 7.938067
elapsed cpu time = 18.218103

real	0m7.976s
user	0m18.241s
sys	0m0.030s
NON AVX
Seed_ts = 144544. RAND_MAX = 2147483647.
Seed_ts = 144544. RAND_MAX = 2147483647.
Seed_ts = 144544. RAND_MAX = 2147483647.
Seed_ts = 144544. RAND_MAX = 2147483647.

area estimate = 1.506724
elapsed wall clock time = 22.467876
elapsed cpu time = 49.973751

real	0m22.495s
user	0m50.007s
sys	0m0.022s

AVX
Seed_ts = 144544. RAND_MAX = 2147483647.

area estimate = 1.506636
elapsed wall clock time = 7.933265
elapsed cpu time = 18.223820

real	0m7.956s
user	0m18.246s
sys	0m0.022s
NON AVX
Seed_ts = 144544. RAND_MAX = 2147483647.
Seed_ts = 144544. RAND_MAX = 2147483647.
Seed_ts = 144544. RAND_MAX = 2147483647.
Seed_ts = 144544. RAND_MAX = 2147483647.

area estimate = 1.506724
elapsed wall clock time = 22.468309
elapsed cpu time = 49.964139

real	0m22.500s
user	0m50.011s
sys	0m0.032s

AVX
Seed_ts = 144544. RAND_MAX = 2147483647.

area estimate = 1.506636
elapsed wall clock time = 7.935439
elapsed cpu time = 18.161189

real	0m7.976s
user	0m18.197s
sys	0m0.025s


Number of threads =  12
OMP_SCHEDULE =  static,1
NON AVX
Seed_ts = 144544. RAND_MAX = 2147483647.
Seed_ts = 144544. RAND_MAX = 2147483647.
Seed_ts = 144544. RAND_MAX = 2147483647.
Seed_ts = 144544. RAND_MAX = 2147483647.
Seed_ts = 144544. RAND_MAX = 2147483647.
Seed_ts = 144544. RAND_MAX = 2147483647.
Seed_ts = 144544. RAND_MAX = 2147483647.
Seed_ts = 144544. RAND_MAX = 2147483647.
Seed_ts = 144544. RAND_MAX = 2147483647.
Seed_ts = 144544. RAND_MAX = 2147483647.
Seed_ts = 144544. RAND_MAX = 2147483647.
Seed_ts = 144544. RAND_MAX = 2147483647.

area estimate = 1.506798
elapsed wall clock time = 9.721393
elapsed cpu time = 51.886235

real	0m9.750s
user	0m51.978s
sys	0m0.098s

AVX
Seed_ts = 144544. RAND_MAX = 2147483647.

area estimate = 1.506726
elapsed wall clock time = 3.438596
elapsed cpu time = 20.226579

real	0m3.452s
user	0m20.245s
sys	0m0.074s
NON AVX
Seed_ts = 144544. RAND_MAX = 2147483647.
Seed_ts = 144544. RAND_MAX = 2147483647.
Seed_ts = 144544. RAND_MAX = 2147483647.
Seed_ts = 144544. RAND_MAX = 2147483647.
Seed_ts = 144544. RAND_MAX = 2147483647.
Seed_ts = 144544. RAND_MAX = 2147483647.
Seed_ts = 144544. RAND_MAX = 2147483647.
Seed_ts = 144544. RAND_MAX = 2147483647.
Seed_ts = 144544. RAND_MAX = 2147483647.
Seed_ts = 144544. RAND_MAX = 2147483647.
Seed_ts = 144544. RAND_MAX = 2147483647.
Seed_ts = 144544. RAND_MAX = 2147483647.

area estimate = 1.506798
elapsed wall clock time = 9.726970
elapsed cpu time = 51.998908

real	0m9.748s
user	0m52.092s
sys	0m0.076s

AVX
Seed_ts = 144544. RAND_MAX = 2147483647.

area estimate = 1.506726
elapsed wall clock time = 3.437347
elapsed cpu time = 20.228348

real	0m3.449s
user	0m20.245s
sys	0m0.070s
NON AVX
Seed_ts = 144544. RAND_MAX = 2147483647.
Seed_ts = 144544. RAND_MAX = 2147483647.
Seed_ts = 144544. RAND_MAX = 2147483647.
Seed_ts = 144544. RAND_MAX = 2147483647.
Seed_ts = 144544. RAND_MAX = 2147483647.
Seed_ts = 144544. RAND_MAX = 2147483647.
Seed_ts = 144544. RAND_MAX = 2147483647.
Seed_ts = 144544. RAND_MAX = 2147483647.
Seed_ts = 144544. RAND_MAX = 2147483647.
Seed_ts = 144544. RAND_MAX = 2147483647.
Seed_ts = 144544. RAND_MAX = 2147483647.
Seed_ts = 144544. RAND_MAX = 2147483647.

area estimate = 1.506798
elapsed wall clock time = 9.725427
elapsed cpu time = 51.929542

real	0m9.752s
user	0m52.096s
sys	0m0.062s

AVX
Seed_ts = 144544. RAND_MAX = 2147483647.

area estimate = 1.506726
elapsed wall clock time = 3.439627
elapsed cpu time = 20.025560

real	0m3.452s
user	0m20.042s
sys	0m0.053s


Number of threads =  24
OMP_SCHEDULE =  static,1
NON AVX
Seed_ts = 144544. RAND_MAX = 2147483647.
Seed_ts = 144544. RAND_MAX = 2147483647.
Seed_ts = 144544. RAND_MAX = 2147483647.
Seed_ts = 144544. RAND_MAX = 2147483647.
Seed_ts = 144544. RAND_MAX = 2147483647.
Seed_ts = 144544. RAND_MAX = 2147483647.
Seed_ts = 144544. RAND_MAX = 2147483647.
Seed_ts = 144544. RAND_MAX = 2147483647.
Seed_ts = 144544. RAND_MAX = 2147483647.
Seed_ts = 144544. RAND_MAX = 2147483647.
Seed_ts = 144544. RAND_MAX = 2147483647.
Seed_ts = 144544. RAND_MAX = 2147483647.
Seed_ts = 144544. RAND_MAX = 2147483647.
Seed_ts = 144544. RAND_MAX = 2147483647.
Seed_ts = 144544. RAND_MAX = 2147483647.
Seed_ts = 144544. RAND_MAX = 2147483647.
Seed_ts = 144544. RAND_MAX = 2147483647.
Seed_ts = 144544. RAND_MAX = 2147483647.
Seed_ts = 144544. RAND_MAX = 2147483647.
Seed_ts = 144544. RAND_MAX = 2147483647.
Seed_ts = 144544. RAND_MAX = 2147483647.
Seed_ts = 144544. RAND_MAX = 2147483647.
Seed_ts = 144544. RAND_MAX = 2147483647.
Seed_ts = 144544. RAND_MAX = 2147483647.

area estimate = 1.506616
elapsed wall clock time = 5.437435
elapsed cpu time = 55.274558

real	0m5.456s
user	0m55.462s
sys	0m0.139s

AVX
Seed_ts = 144544. RAND_MAX = 2147483647.

area estimate = 1.506684
elapsed wall clock time = 1.923245
elapsed cpu time = 23.085613

real	0m1.941s
user	0m23.185s
sys	0m0.130s
NON AVX
Seed_ts = 144544. RAND_MAX = 2147483647.
Seed_ts = 144544. RAND_MAX = 2147483647.
Seed_ts = 144544. RAND_MAX = 2147483647.
Seed_ts = 144544. RAND_MAX = 2147483647.
Seed_ts = 144544. RAND_MAX = 2147483647.
Seed_ts = 144544. RAND_MAX = 2147483647.
Seed_ts = 144544. RAND_MAX = 2147483647.
Seed_ts = 144544. RAND_MAX = 2147483647.
Seed_ts = 144544. RAND_MAX = 2147483647.
Seed_ts = 144544. RAND_MAX = 2147483647.
Seed_ts = 144544. RAND_MAX = 2147483647.
Seed_ts = 144544. RAND_MAX = 2147483647.
Seed_ts = 144544. RAND_MAX = 2147483647.
Seed_ts = 144544. RAND_MAX = 2147483647.
Seed_ts = 144544. RAND_MAX = 2147483647.
Seed_ts = 144544. RAND_MAX = 2147483647.
Seed_ts = 144544. RAND_MAX = 2147483647.
Seed_ts = 144544. RAND_MAX = 2147483647.
Seed_ts = 144544. RAND_MAX = 2147483647.
Seed_ts = 144544. RAND_MAX = 2147483647.
Seed_ts = 144544. RAND_MAX = 2147483647.
Seed_ts = 144544. RAND_MAX = 2147483647.
Seed_ts = 144544. RAND_MAX = 2147483647.
Seed_ts = 144544. RAND_MAX = 2147483647.

area estimate = 1.506616
elapsed wall clock time = 5.438277
elapsed cpu time = 55.088949

real	0m5.463s
user	0m55.446s
sys	0m0.157s

AVX
Seed_ts = 144544. RAND_MAX = 2147483647.

area estimate = 1.506684
elapsed wall clock time = 1.922586
elapsed cpu time = 22.805213

real	0m1.945s
user	0m22.840s
sys	0m0.116s
NON AVX
Seed_ts = 144544. RAND_MAX = 2147483647.
Seed_ts = 144544. RAND_MAX = 2147483647.
Seed_ts = 144544. RAND_MAX = 2147483647.
Seed_ts = 144544. RAND_MAX = 2147483647.
Seed_ts = 144544. RAND_MAX = 2147483647.
Seed_ts = 144544. RAND_MAX = 2147483647.
Seed_ts = 144544. RAND_MAX = 2147483647.
Seed_ts = 144544. RAND_MAX = 2147483647.
Seed_ts = 144544. RAND_MAX = 2147483647.
Seed_ts = 144544. RAND_MAX = 2147483647.
Seed_ts = 144544. RAND_MAX = 2147483647.
Seed_ts = 144544. RAND_MAX = 2147483647.
Seed_ts = 144544. RAND_MAX = 2147483647.
Seed_ts = 144544. RAND_MAX = 2147483647.
Seed_ts = 144544. RAND_MAX = 2147483647.
Seed_ts = 144544. RAND_MAX = 2147483647.
Seed_ts = 144544. RAND_MAX = 2147483647.
Seed_ts = 144544. RAND_MAX = 2147483647.
Seed_ts = 144544. RAND_MAX = 2147483647.
Seed_ts = 144544. RAND_MAX = 2147483647.
Seed_ts = 144544. RAND_MAX = 2147483647.
Seed_ts = 144544. RAND_MAX = 2147483647.
Seed_ts = 144544. RAND_MAX = 2147483647.
Seed_ts = 144544. RAND_MAX = 2147483647.

area estimate = 1.506616
elapsed wall clock time = 5.437972
elapsed cpu time = 55.064411

real	0m5.457s
user	0m55.124s
sys	0m0.174s

AVX
Seed_ts = 144544. RAND_MAX = 2147483647.

area estimate = 1.506684
elapsed wall clock time = 1.925585
elapsed cpu time = 23.074129

real	0m1.932s
user	0m23.109s
sys	0m0.133s


Number of threads =  2
OMP_SCHEDULE =  static,100
NON AVX
Seed_ts = 144544. RAND_MAX = 2147483647.
Seed_ts = 144544. RAND_MAX = 2147483647.

area estimate = 1.506616
elapsed wall clock time = 42.063457
elapsed cpu time = 49.366521

real	0m42.082s
user	0m49.377s
sys	0m0.010s

AVX
Seed_ts = 144544. RAND_MAX = 2147483647.

area estimate = 1.506640
elapsed wall clock time = 14.890815
elapsed cpu time = 17.632773

real	0m14.923s
user	0m17.648s
sys	0m0.007s
NON AVX
Seed_ts = 144544. RAND_MAX = 2147483647.
Seed_ts = 144544. RAND_MAX = 2147483647.

area estimate = 1.506616
elapsed wall clock time = 42.077046
elapsed cpu time = 49.376692

real	0m42.121s
user	0m49.385s
sys	0m0.008s

AVX
Seed_ts = 144544. RAND_MAX = 2147483647.

area estimate = 1.506640
elapsed wall clock time = 14.885097
elapsed cpu time = 17.647394

real	0m14.912s
user	0m17.658s
sys	0m0.007s
NON AVX
Seed_ts = 144544. RAND_MAX = 2147483647.
Seed_ts = 144544. RAND_MAX = 2147483647.

area estimate = 1.506616
elapsed wall clock time = 42.066116
elapsed cpu time = 49.374624

real	0m42.098s
user	0m49.388s
sys	0m0.011s

AVX
Seed_ts = 144544. RAND_MAX = 2147483647.

area estimate = 1.506640
elapsed wall clock time = 14.885005
elapsed cpu time = 17.631236

real	0m14.940s
user	0m17.653s
sys	0m0.010s


Number of threads =  4
OMP_SCHEDULE =  static,100
NON AVX
Seed_ts = 144544. RAND_MAX = 2147483647.
Seed_ts = 144544. RAND_MAX = 2147483647.
Seed_ts = 144544. RAND_MAX = 2147483647.
Seed_ts = 144544. RAND_MAX = 2147483647.

area estimate = 1.506724
elapsed wall clock time = 22.465877
elapsed cpu time = 49.969197

real	0m22.490s
user	0m49.996s
sys	0m0.026s

AVX
Seed_ts = 144544. RAND_MAX = 2147483647.

area estimate = 1.506636
elapsed wall clock time = 7.934618
elapsed cpu time = 18.227151

real	0m7.957s
user	0m18.254s
sys	0m0.018s
NON AVX
Seed_ts = 144544. RAND_MAX = 2147483647.
Seed_ts = 144544. RAND_MAX = 2147483647.
Seed_ts = 144544. RAND_MAX = 2147483647.
Seed_ts = 144544. RAND_MAX = 2147483647.

area estimate = 1.506724
elapsed wall clock time = 22.468552
elapsed cpu time = 49.948079

real	0m22.499s
user	0m49.994s
sys	0m0.026s

AVX
Seed_ts = 144544. RAND_MAX = 2147483647.

area estimate = 1.506636
elapsed wall clock time = 7.933381
elapsed cpu time = 18.228082

real	0m7.969s
user	0m18.251s
sys	0m0.016s
NON AVX
Seed_ts = 144544. RAND_MAX = 2147483647.
Seed_ts = 144544. RAND_MAX = 2147483647.
Seed_ts = 144544. RAND_MAX = 2147483647.
Seed_ts = 144544. RAND_MAX = 2147483647.

area estimate = 1.506724
elapsed wall clock time = 22.465709
elapsed cpu time = 49.976241

real	0m22.489s
user	0m49.999s
sys	0m0.021s

AVX
Seed_ts = 144544. RAND_MAX = 2147483647.

area estimate = 1.506636
elapsed wall clock time = 7.933805
elapsed cpu time = 18.159281

real	0m7.957s
user	0m18.184s
sys	0m0.025s


Number of threads =  12
OMP_SCHEDULE =  static,100
NON AVX
Seed_ts = 144544. RAND_MAX = 2147483647.
Seed_ts = 144544. RAND_MAX = 2147483647.
Seed_ts = 144544. RAND_MAX = 2147483647.
Seed_ts = 144544. RAND_MAX = 2147483647.
Seed_ts = 144544. RAND_MAX = 2147483647.
Seed_ts = 144544. RAND_MAX = 2147483647.
Seed_ts = 144544. RAND_MAX = 2147483647.
Seed_ts = 144544. RAND_MAX = 2147483647.
Seed_ts = 144544. RAND_MAX = 2147483647.
Seed_ts = 144544. RAND_MAX = 2147483647.
Seed_ts = 144544. RAND_MAX = 2147483647.
Seed_ts = 144544. RAND_MAX = 2147483647.

area estimate = 1.506798
elapsed wall clock time = 9.727797
elapsed cpu time = 51.702399

real	0m9.756s
user	0m51.803s
sys	0m0.073s

AVX
Seed_ts = 144544. RAND_MAX = 2147483647.

area estimate = 1.506726
elapsed wall clock time = 3.436990
elapsed cpu time = 20.240330

real	0m3.448s
user	0m20.258s
sys	0m0.060s
NON AVX
Seed_ts = 144544. RAND_MAX = 2147483647.
Seed_ts = 144544. RAND_MAX = 2147483647.
Seed_ts = 144544. RAND_MAX = 2147483647.
Seed_ts = 144544. RAND_MAX = 2147483647.
Seed_ts = 144544. RAND_MAX = 2147483647.
Seed_ts = 144544. RAND_MAX = 2147483647.
Seed_ts = 144544. RAND_MAX = 2147483647.
Seed_ts = 144544. RAND_MAX = 2147483647.
Seed_ts = 144544. RAND_MAX = 2147483647.
Seed_ts = 144544. RAND_MAX = 2147483647.
Seed_ts = 144544. RAND_MAX = 2147483647.
Seed_ts = 144544. RAND_MAX = 2147483647.

area estimate = 1.506798
elapsed wall clock time = 9.725705
elapsed cpu time = 51.936124

real	0m9.769s
user	0m52.282s
sys	0m0.061s

AVX
Seed_ts = 144544. RAND_MAX = 2147483647.

area estimate = 1.506726
elapsed wall clock time = 3.439414
elapsed cpu time = 20.308245

real	0m3.482s
user	0m20.327s
sys	0m0.072s
NON AVX
Seed_ts = 144544. RAND_MAX = 2147483647.
Seed_ts = 144544. RAND_MAX = 2147483647.
Seed_ts = 144544. RAND_MAX = 2147483647.
Seed_ts = 144544. RAND_MAX = 2147483647.
Seed_ts = 144544. RAND_MAX = 2147483647.
Seed_ts = 144544. RAND_MAX = 2147483647.
Seed_ts = 144544. RAND_MAX = 2147483647.
Seed_ts = 144544. RAND_MAX = 2147483647.
Seed_ts = 144544. RAND_MAX = 2147483647.
Seed_ts = 144544. RAND_MAX = 2147483647.
Seed_ts = 144544. RAND_MAX = 2147483647.
Seed_ts = 144544. RAND_MAX = 2147483647.

area estimate = 1.506798
elapsed wall clock time = 9.727124
elapsed cpu time = 51.927066

real	0m9.748s
user	0m52.015s
sys	0m0.065s

AVX
Seed_ts = 144544. RAND_MAX = 2147483647.

area estimate = 1.506726
elapsed wall clock time = 3.438502
elapsed cpu time = 20.231621

real	0m3.450s
user	0m20.249s
sys	0m0.067s


Number of threads =  24
OMP_SCHEDULE =  static,100
NON AVX
Seed_ts = 144544. RAND_MAX = 2147483647.
Seed_ts = 144544. RAND_MAX = 2147483647.
Seed_ts = 144544. RAND_MAX = 2147483647.
Seed_ts = 144544. RAND_MAX = 2147483647.
Seed_ts = 144544. RAND_MAX = 2147483647.
Seed_ts = 144544. RAND_MAX = 2147483647.
Seed_ts = 144544. RAND_MAX = 2147483647.
Seed_ts = 144544. RAND_MAX = 2147483647.
Seed_ts = 144544. RAND_MAX = 2147483647.
Seed_ts = 144544. RAND_MAX = 2147483647.
Seed_ts = 144544. RAND_MAX = 2147483647.
Seed_ts = 144544. RAND_MAX = 2147483647.
Seed_ts = 144544. RAND_MAX = 2147483647.
Seed_ts = 144544. RAND_MAX = 2147483647.
Seed_ts = 144544. RAND_MAX = 2147483647.
Seed_ts = 144544. RAND_MAX = 2147483647.
Seed_ts = 144544. RAND_MAX = 2147483647.
Seed_ts = 144544. RAND_MAX = 2147483647.
Seed_ts = 144544. RAND_MAX = 2147483647.
Seed_ts = 144544. RAND_MAX = 2147483647.
Seed_ts = 144544. RAND_MAX = 2147483647.
Seed_ts = 144544. RAND_MAX = 2147483647.
Seed_ts = 144544. RAND_MAX = 2147483647.
Seed_ts = 144544. RAND_MAX = 2147483647.

area estimate = 1.506616
elapsed wall clock time = 5.437113
elapsed cpu time = 54.642575

real	0m5.454s
user	0m54.807s
sys	0m0.148s

AVX
Seed_ts = 144544. RAND_MAX = 2147483647.

area estimate = 1.506684
elapsed wall clock time = 1.923374
elapsed cpu time = 22.656135

real	0m1.936s
user	0m22.716s
sys	0m0.134s
NON AVX
Seed_ts = 144544. RAND_MAX = 2147483647.
Seed_ts = 144544. RAND_MAX = 2147483647.
Seed_ts = 144544. RAND_MAX = 2147483647.
Seed_ts = 144544. RAND_MAX = 2147483647.
Seed_ts = 144544. RAND_MAX = 2147483647.
Seed_ts = 144544. RAND_MAX = 2147483647.
Seed_ts = 144544. RAND_MAX = 2147483647.
Seed_ts = 144544. RAND_MAX = 2147483647.
Seed_ts = 144544. RAND_MAX = 2147483647.
Seed_ts = 144544. RAND_MAX = 2147483647.
Seed_ts = 144544. RAND_MAX = 2147483647.
Seed_ts = 144544. RAND_MAX = 2147483647.
Seed_ts = 144544. RAND_MAX = 2147483647.
Seed_ts = 144544. RAND_MAX = 2147483647.
Seed_ts = 144544. RAND_MAX = 2147483647.
Seed_ts = 144544. RAND_MAX = 2147483647.
Seed_ts = 144544. RAND_MAX = 2147483647.
Seed_ts = 144544. RAND_MAX = 2147483647.
Seed_ts = 144544. RAND_MAX = 2147483647.
Seed_ts = 144544. RAND_MAX = 2147483647.
Seed_ts = 144544. RAND_MAX = 2147483647.
Seed_ts = 144544. RAND_MAX = 2147483647.
Seed_ts = 144544. RAND_MAX = 2147483647.
Seed_ts = 144544. RAND_MAX = 2147483647.

area estimate = 1.506616
elapsed wall clock time = 5.437440
elapsed cpu time = 55.243488

real	0m5.459s
user	0m55.532s
sys	0m0.173s

AVX
Seed_ts = 144544. RAND_MAX = 2147483647.

area estimate = 1.506684
elapsed wall clock time = 1.922719
elapsed cpu time = 23.060364

real	0m1.935s
user	0m23.129s
sys	0m0.153s
NON AVX
Seed_ts = 144544. RAND_MAX = 2147483647.
Seed_ts = 144544. RAND_MAX = 2147483647.
Seed_ts = 144544. RAND_MAX = 2147483647.
Seed_ts = 144544. RAND_MAX = 2147483647.
Seed_ts = 144544. RAND_MAX = 2147483647.
Seed_ts = 144544. RAND_MAX = 2147483647.
Seed_ts = 144544. RAND_MAX = 2147483647.
Seed_ts = 144544. RAND_MAX = 2147483647.
Seed_ts = 144544. RAND_MAX = 2147483647.
Seed_ts = 144544. RAND_MAX = 2147483647.
Seed_ts = 144544. RAND_MAX = 2147483647.
Seed_ts = 144544. RAND_MAX = 2147483647.
Seed_ts = 144544. RAND_MAX = 2147483647.
Seed_ts = 144544. RAND_MAX = 2147483647.
Seed_ts = 144544. RAND_MAX = 2147483647.
Seed_ts = 144544. RAND_MAX = 2147483647.
Seed_ts = 144544. RAND_MAX = 2147483647.
Seed_ts = 144544. RAND_MAX = 2147483647.
Seed_ts = 144544. RAND_MAX = 2147483647.
Seed_ts = 144544. RAND_MAX = 2147483647.
Seed_ts = 144544. RAND_MAX = 2147483647.
Seed_ts = 144544. RAND_MAX = 2147483647.
Seed_ts = 144544. RAND_MAX = 2147483647.
Seed_ts = 144544. RAND_MAX = 2147483647.

area estimate = 1.506616
elapsed wall clock time = 5.439095
elapsed cpu time = 55.232342

real	0m5.460s
user	0m55.431s
sys	0m0.173s

AVX
Seed_ts = 144544. RAND_MAX = 2147483647.

area estimate = 1.506684
elapsed wall clock time = 1.923242
elapsed cpu time = 23.063470

real	0m1.936s
user	0m23.102s
sys	0m0.149s


Number of threads =  2
OMP_SCHEDULE =  dynamic
NON AVX
Seed_ts = 144544. RAND_MAX = 2147483647.
Seed_ts = 144544. RAND_MAX = 2147483647.

area estimate = 1.506616
elapsed wall clock time = 42.064587
elapsed cpu time = 49.370556

real	0m42.096s
user	0m49.387s
sys	0m0.010s

AVX
Seed_ts = 144544. RAND_MAX = 2147483647.

area estimate = 1.506640
elapsed wall clock time = 14.895154
elapsed cpu time = 17.647710

real	0m14.969s
user	0m17.659s
sys	0m0.005s
NON AVX
Seed_ts = 144544. RAND_MAX = 2147483647.
Seed_ts = 144544. RAND_MAX = 2147483647.

area estimate = 1.506616
elapsed wall clock time = 42.071470
elapsed cpu time = 49.374094

real	0m42.099s
user	0m49.384s
sys	0m0.005s

AVX
Seed_ts = 144544. RAND_MAX = 2147483647.

area estimate = 1.506640
elapsed wall clock time = 14.894448
elapsed cpu time = 17.651140

real	0m14.958s
user	0m17.687s
sys	0m0.010s
NON AVX
Seed_ts = 144544. RAND_MAX = 2147483647.
Seed_ts = 144544. RAND_MAX = 2147483647.

area estimate = 1.506616
elapsed wall clock time = 42.072363
elapsed cpu time = 49.376967

real	0m42.135s
user	0m49.387s
sys	0m0.008s

AVX
Seed_ts = 144544. RAND_MAX = 2147483647.

area estimate = 1.506640
elapsed wall clock time = 14.894637
elapsed cpu time = 17.648368

real	0m14.927s
user	0m17.661s
sys	0m0.006s


Number of threads =  4
OMP_SCHEDULE =  dynamic
NON AVX
Seed_ts = 144544. RAND_MAX = 2147483647.
Seed_ts = 144544. RAND_MAX = 2147483647.
Seed_ts = 144544. RAND_MAX = 2147483647.
Seed_ts = 144544. RAND_MAX = 2147483647.

area estimate = 1.506724
elapsed wall clock time = 22.472572
elapsed cpu time = 49.953372

real	0m22.506s
user	0m50.004s
sys	0m0.020s

AVX
Seed_ts = 144544. RAND_MAX = 2147483647.

area estimate = 1.506636
elapsed wall clock time = 7.931842
elapsed cpu time = 18.239114

real	0m7.967s
user	0m18.266s
sys	0m0.027s
NON AVX
Seed_ts = 144544. RAND_MAX = 2147483647.
Seed_ts = 144544. RAND_MAX = 2147483647.
Seed_ts = 144544. RAND_MAX = 2147483647.
Seed_ts = 144544. RAND_MAX = 2147483647.

area estimate = 1.506724
elapsed wall clock time = 22.466588
elapsed cpu time = 49.951753

real	0m22.494s
user	0m49.981s
sys	0m0.022s

AVX
Seed_ts = 144544. RAND_MAX = 2147483647.

area estimate = 1.506636
elapsed wall clock time = 7.933920
elapsed cpu time = 18.238522

real	0m7.955s
user	0m18.259s
sys	0m0.031s
NON AVX
Seed_ts = 144544. RAND_MAX = 2147483647.
Seed_ts = 144544. RAND_MAX = 2147483647.
Seed_ts = 144544. RAND_MAX = 2147483647.
Seed_ts = 144544. RAND_MAX = 2147483647.

area estimate = 1.506724
elapsed wall clock time = 22.464593
elapsed cpu time = 49.971532

real	0m22.498s
user	0m50.016s
sys	0m0.026s

AVX
Seed_ts = 144544. RAND_MAX = 2147483647.

area estimate = 1.506636
elapsed wall clock time = 7.933663
elapsed cpu time = 18.246146

real	0m7.978s
user	0m18.267s
sys	0m0.022s


Number of threads =  12
OMP_SCHEDULE =  dynamic
NON AVX
Seed_ts = 144544. RAND_MAX = 2147483647.
Seed_ts = 144544. RAND_MAX = 2147483647.
Seed_ts = 144544. RAND_MAX = 2147483647.
Seed_ts = 144544. RAND_MAX = 2147483647.
Seed_ts = 144544. RAND_MAX = 2147483647.
Seed_ts = 144544. RAND_MAX = 2147483647.
Seed_ts = 144544. RAND_MAX = 2147483647.
Seed_ts = 144544. RAND_MAX = 2147483647.
Seed_ts = 144544. RAND_MAX = 2147483647.
Seed_ts = 144544. RAND_MAX = 2147483647.
Seed_ts = 144544. RAND_MAX = 2147483647.
Seed_ts = 144544. RAND_MAX = 2147483647.

area estimate = 1.506798
elapsed wall clock time = 9.725009
elapsed cpu time = 51.701881

real	0m9.750s
user	0m51.792s
sys	0m0.068s

AVX
Seed_ts = 144544. RAND_MAX = 2147483647.

area estimate = 1.506726
elapsed wall clock time = 3.437362
elapsed cpu time = 20.006562

real	0m3.453s
user	0m20.024s
sys	0m0.076s
NON AVX
Seed_ts = 144544. RAND_MAX = 2147483647.
Seed_ts = 144544. RAND_MAX = 2147483647.
Seed_ts = 144544. RAND_MAX = 2147483647.
Seed_ts = 144544. RAND_MAX = 2147483647.
Seed_ts = 144544. RAND_MAX = 2147483647.
Seed_ts = 144544. RAND_MAX = 2147483647.
Seed_ts = 144544. RAND_MAX = 2147483647.
Seed_ts = 144544. RAND_MAX = 2147483647.
Seed_ts = 144544. RAND_MAX = 2147483647.
Seed_ts = 144544. RAND_MAX = 2147483647.
Seed_ts = 144544. RAND_MAX = 2147483647.
Seed_ts = 144544. RAND_MAX = 2147483647.

area estimate = 1.506798
elapsed wall clock time = 9.725877
elapsed cpu time = 51.929863

real	0m9.750s
user	0m52.032s
sys	0m0.063s

AVX
Seed_ts = 144544. RAND_MAX = 2147483647.

area estimate = 1.506726
elapsed wall clock time = 3.436804
elapsed cpu time = 20.008844

real	0m3.448s
user	0m20.028s
sys	0m0.071s
NON AVX
Seed_ts = 144544. RAND_MAX = 2147483647.
Seed_ts = 144544. RAND_MAX = 2147483647.
Seed_ts = 144544. RAND_MAX = 2147483647.
Seed_ts = 144544. RAND_MAX = 2147483647.
Seed_ts = 144544. RAND_MAX = 2147483647.
Seed_ts = 144544. RAND_MAX = 2147483647.
Seed_ts = 144544. RAND_MAX = 2147483647.
Seed_ts = 144544. RAND_MAX = 2147483647.
Seed_ts = 144544. RAND_MAX = 2147483647.
Seed_ts = 144544. RAND_MAX = 2147483647.
Seed_ts = 144544. RAND_MAX = 2147483647.
Seed_ts = 144544. RAND_MAX = 2147483647.

area estimate = 1.506798
elapsed wall clock time = 9.724605
elapsed cpu time = 51.984861

real	0m9.745s
user	0m52.080s
sys	0m0.086s

AVX
Seed_ts = 144544. RAND_MAX = 2147483647.

area estimate = 1.506726
elapsed wall clock time = 3.438121
elapsed cpu time = 20.237951

real	0m3.451s
user	0m20.256s
sys	0m0.062s


Number of threads =  24
OMP_SCHEDULE =  dynamic
NON AVX
Seed_ts = 144544. RAND_MAX = 2147483647.
Seed_ts = 144544. RAND_MAX = 2147483647.
Seed_ts = 144544. RAND_MAX = 2147483647.
Seed_ts = 144544. RAND_MAX = 2147483647.
Seed_ts = 144544. RAND_MAX = 2147483647.
Seed_ts = 144544. RAND_MAX = 2147483647.
Seed_ts = 144544. RAND_MAX = 2147483647.
Seed_ts = 144544. RAND_MAX = 2147483647.
Seed_ts = 144544. RAND_MAX = 2147483647.
Seed_ts = 144544. RAND_MAX = 2147483647.
Seed_ts = 144544. RAND_MAX = 2147483647.
Seed_ts = 144544. RAND_MAX = 2147483647.
Seed_ts = 144544. RAND_MAX = 2147483647.
Seed_ts = 144544. RAND_MAX = 2147483647.
Seed_ts = 144544. RAND_MAX = 2147483647.
Seed_ts = 144544. RAND_MAX = 2147483647.
Seed_ts = 144544. RAND_MAX = 2147483647.
Seed_ts = 144544. RAND_MAX = 2147483647.
Seed_ts = 144544. RAND_MAX = 2147483647.
Seed_ts = 144544. RAND_MAX = 2147483647.
Seed_ts = 144544. RAND_MAX = 2147483647.
Seed_ts = 144544. RAND_MAX = 2147483647.
Seed_ts = 144544. RAND_MAX = 2147483647.
Seed_ts = 144544. RAND_MAX = 2147483647.

area estimate = 1.506616
elapsed wall clock time = 5.439309
elapsed cpu time = 55.251582

real	0m5.448s
user	0m55.289s
sys	0m0.157s

AVX
Seed_ts = 144544. RAND_MAX = 2147483647.

area estimate = 1.506684
elapsed wall clock time = 1.923114
elapsed cpu time = 22.650698

real	0m1.935s
user	0m22.682s
sys	0m0.159s
NON AVX
Seed_ts = 144544. RAND_MAX = 2147483647.
Seed_ts = 144544. RAND_MAX = 2147483647.
Seed_ts = 144544. RAND_MAX = 2147483647.
Seed_ts = 144544. RAND_MAX = 2147483647.
Seed_ts = 144544. RAND_MAX = 2147483647.
Seed_ts = 144544. RAND_MAX = 2147483647.
Seed_ts = 144544. RAND_MAX = 2147483647.
Seed_ts = 144544. RAND_MAX = 2147483647.
Seed_ts = 144544. RAND_MAX = 2147483647.
Seed_ts = 144544. RAND_MAX = 2147483647.
Seed_ts = 144544. RAND_MAX = 2147483647.
Seed_ts = 144544. RAND_MAX = 2147483647.
Seed_ts = 144544. RAND_MAX = 2147483647.
Seed_ts = 144544. RAND_MAX = 2147483647.
Seed_ts = 144544. RAND_MAX = 2147483647.
Seed_ts = 144544. RAND_MAX = 2147483647.
Seed_ts = 144544. RAND_MAX = 2147483647.
Seed_ts = 144544. RAND_MAX = 2147483647.
Seed_ts = 144544. RAND_MAX = 2147483647.
Seed_ts = 144544. RAND_MAX = 2147483647.
Seed_ts = 144544. RAND_MAX = 2147483647.
Seed_ts = 144544. RAND_MAX = 2147483647.
Seed_ts = 144544. RAND_MAX = 2147483647.
Seed_ts = 144544. RAND_MAX = 2147483647.

area estimate = 1.506616
elapsed wall clock time = 5.439405
elapsed cpu time = 54.655884

real	0m5.467s
user	0m55.032s
sys	0m0.139s

AVX
Seed_ts = 144544. RAND_MAX = 2147483647.

area estimate = 1.506684
elapsed wall clock time = 1.923912
elapsed cpu time = 23.088856

real	0m1.958s
user	0m23.171s
sys	0m0.121s
NON AVX
Seed_ts = 144544. RAND_MAX = 2147483647.
Seed_ts = 144544. RAND_MAX = 2147483647.
Seed_ts = 144544. RAND_MAX = 2147483647.
Seed_ts = 144544. RAND_MAX = 2147483647.
Seed_ts = 144544. RAND_MAX = 2147483647.
Seed_ts = 144544. RAND_MAX = 2147483647.
Seed_ts = 144544. RAND_MAX = 2147483647.
Seed_ts = 144544. RAND_MAX = 2147483647.
Seed_ts = 144544. RAND_MAX = 2147483647.
Seed_ts = 144544. RAND_MAX = 2147483647.
Seed_ts = 144544. RAND_MAX = 2147483647.
Seed_ts = 144544. RAND_MAX = 2147483647.
Seed_ts = 144544. RAND_MAX = 2147483647.
Seed_ts = 144544. RAND_MAX = 2147483647.
Seed_ts = 144544. RAND_MAX = 2147483647.
Seed_ts = 144544. RAND_MAX = 2147483647.
Seed_ts = 144544. RAND_MAX = 2147483647.
Seed_ts = 144544. RAND_MAX = 2147483647.
Seed_ts = 144544. RAND_MAX = 2147483647.
Seed_ts = 144544. RAND_MAX = 2147483647.
Seed_ts = 144544. RAND_MAX = 2147483647.
Seed_ts = 144544. RAND_MAX = 2147483647.
Seed_ts = 144544. RAND_MAX = 2147483647.
Seed_ts = 144544. RAND_MAX = 2147483647.

area estimate = 1.506616
elapsed wall clock time = 5.442862
elapsed cpu time = 55.076503

real	0m5.461s
user	0m55.270s
sys	0m0.168s

AVX
Seed_ts = 144544. RAND_MAX = 2147483647.

area estimate = 1.506684
elapsed wall clock time = 1.922376
elapsed cpu time = 23.081944

real	0m1.939s
user	0m23.117s
sys	0m0.126s


Number of threads =  2
OMP_SCHEDULE =  dynamic,250
NON AVX
Seed_ts = 144544. RAND_MAX = 2147483647.
Seed_ts = 144544. RAND_MAX = 2147483647.

area estimate = 1.506616
elapsed wall clock time = 42.080682
elapsed cpu time = 49.371025

real	0m42.115s
user	0m49.385s
sys	0m0.005s

AVX
Seed_ts = 144544. RAND_MAX = 2147483647.

area estimate = 1.506640
elapsed wall clock time = 14.884478
elapsed cpu time = 17.653100

real	0m14.934s
user	0m17.680s
sys	0m0.007s
NON AVX
Seed_ts = 144544. RAND_MAX = 2147483647.
Seed_ts = 144544. RAND_MAX = 2147483647.

area estimate = 1.506616
elapsed wall clock time = 42.066566
elapsed cpu time = 49.369690

real	0m42.139s
user	0m49.386s
sys	0m0.007s

AVX
Seed_ts = 144544. RAND_MAX = 2147483647.

area estimate = 1.506640
elapsed wall clock time = 14.884488
elapsed cpu time = 17.652020

real	0m14.911s
user	0m17.660s
sys	0m0.003s
NON AVX
Seed_ts = 144544. RAND_MAX = 2147483647.
Seed_ts = 144544. RAND_MAX = 2147483647.

area estimate = 1.506616
elapsed wall clock time = 42.063384
elapsed cpu time = 49.374430

real	0m42.100s
user	0m49.389s
sys	0m0.006s

AVX
Seed_ts = 144544. RAND_MAX = 2147483647.

area estimate = 1.506640
elapsed wall clock time = 14.885601
elapsed cpu time = 17.641071

real	0m14.929s
user	0m17.652s
sys	0m0.013s


Number of threads =  4
OMP_SCHEDULE =  dynamic,250
NON AVX
Seed_ts = 144544. RAND_MAX = 2147483647.
Seed_ts = 144544. RAND_MAX = 2147483647.
Seed_ts = 144544. RAND_MAX = 2147483647.
Seed_ts = 144544. RAND_MAX = 2147483647.

area estimate = 1.506724
elapsed wall clock time = 22.467093
elapsed cpu time = 49.949256

real	0m22.497s
user	0m49.979s
sys	0m0.025s

AVX
Seed_ts = 144544. RAND_MAX = 2147483647.

area estimate = 1.506636
elapsed wall clock time = 7.932153
elapsed cpu time = 18.226114

real	0m7.955s
user	0m18.247s
sys	0m0.017s
NON AVX
Seed_ts = 144544. RAND_MAX = 2147483647.
Seed_ts = 144544. RAND_MAX = 2147483647.
Seed_ts = 144544. RAND_MAX = 2147483647.
Seed_ts = 144544. RAND_MAX = 2147483647.

area estimate = 1.506724
elapsed wall clock time = 22.466819
elapsed cpu time = 49.955170

real	0m22.501s
user	0m50.004s
sys	0m0.020s

AVX
Seed_ts = 144544. RAND_MAX = 2147483647.

area estimate = 1.506636
elapsed wall clock time = 7.934973
elapsed cpu time = 18.223522

real	0m7.973s
user	0m18.247s
sys	0m0.022s
NON AVX
Seed_ts = 144544. RAND_MAX = 2147483647.
Seed_ts = 144544. RAND_MAX = 2147483647.
Seed_ts = 144544. RAND_MAX = 2147483647.
Seed_ts = 144544. RAND_MAX = 2147483647.

area estimate = 1.506724
elapsed wall clock time = 22.469307
elapsed cpu time = 49.975837

real	0m22.493s
user	0m50.001s
sys	0m0.022s

AVX
Seed_ts = 144544. RAND_MAX = 2147483647.

area estimate = 1.506636
elapsed wall clock time = 7.933713
elapsed cpu time = 18.222670

real	0m7.956s
user	0m18.244s
sys	0m0.019s


Number of threads =  12
OMP_SCHEDULE =  dynamic,250
NON AVX
Seed_ts = 144544. RAND_MAX = 2147483647.
Seed_ts = 144544. RAND_MAX = 2147483647.
Seed_ts = 144544. RAND_MAX = 2147483647.
Seed_ts = 144544. RAND_MAX = 2147483647.
Seed_ts = 144544. RAND_MAX = 2147483647.
Seed_ts = 144544. RAND_MAX = 2147483647.
Seed_ts = 144544. RAND_MAX = 2147483647.
Seed_ts = 144544. RAND_MAX = 2147483647.
Seed_ts = 144544. RAND_MAX = 2147483647.
Seed_ts = 144544. RAND_MAX = 2147483647.
Seed_ts = 144544. RAND_MAX = 2147483647.
Seed_ts = 144544. RAND_MAX = 2147483647.

area estimate = 1.506798
elapsed wall clock time = 9.725053
elapsed cpu time = 51.712904

real	0m9.769s
user	0m51.885s
sys	0m0.062s

AVX
Seed_ts = 144544. RAND_MAX = 2147483647.

area estimate = 1.506726
elapsed wall clock time = 3.439449
elapsed cpu time = 20.019711

real	0m3.454s
user	0m20.038s
sys	0m0.061s
NON AVX
Seed_ts = 144544. RAND_MAX = 2147483647.
Seed_ts = 144544. RAND_MAX = 2147483647.
Seed_ts = 144544. RAND_MAX = 2147483647.
Seed_ts = 144544. RAND_MAX = 2147483647.
Seed_ts = 144544. RAND_MAX = 2147483647.
Seed_ts = 144544. RAND_MAX = 2147483647.
Seed_ts = 144544. RAND_MAX = 2147483647.
Seed_ts = 144544. RAND_MAX = 2147483647.
Seed_ts = 144544. RAND_MAX = 2147483647.
Seed_ts = 144544. RAND_MAX = 2147483647.
Seed_ts = 144544. RAND_MAX = 2147483647.
Seed_ts = 144544. RAND_MAX = 2147483647.

area estimate = 1.506798
elapsed wall clock time = 9.725966
elapsed cpu time = 51.702981

real	0m9.750s
user	0m51.848s
sys	0m0.074s

AVX
Seed_ts = 144544. RAND_MAX = 2147483647.

area estimate = 1.506726
elapsed wall clock time = 3.437696
elapsed cpu time = 20.011734

real	0m3.468s
user	0m20.032s
sys	0m0.067s
NON AVX
Seed_ts = 144544. RAND_MAX = 2147483647.
Seed_ts = 144544. RAND_MAX = 2147483647.
Seed_ts = 144544. RAND_MAX = 2147483647.
Seed_ts = 144544. RAND_MAX = 2147483647.
Seed_ts = 144544. RAND_MAX = 2147483647.
Seed_ts = 144544. RAND_MAX = 2147483647.
Seed_ts = 144544. RAND_MAX = 2147483647.
Seed_ts = 144544. RAND_MAX = 2147483647.
Seed_ts = 144544. RAND_MAX = 2147483647.
Seed_ts = 144544. RAND_MAX = 2147483647.
Seed_ts = 144544. RAND_MAX = 2147483647.
Seed_ts = 144544. RAND_MAX = 2147483647.

area estimate = 1.506798
elapsed wall clock time = 9.725903
elapsed cpu time = 51.909243

real	0m9.746s
user	0m52.012s
sys	0m0.082s

AVX
Seed_ts = 144544. RAND_MAX = 2147483647.

area estimate = 1.506726
elapsed wall clock time = 3.437016
elapsed cpu time = 20.223319

real	0m3.450s
user	0m20.260s
sys	0m0.076s


Number of threads =  24
OMP_SCHEDULE =  dynamic,250
NON AVX
Seed_ts = 144544. RAND_MAX = 2147483647.
Seed_ts = 144544. RAND_MAX = 2147483647.
Seed_ts = 144544. RAND_MAX = 2147483647.
Seed_ts = 144544. RAND_MAX = 2147483647.
Seed_ts = 144544. RAND_MAX = 2147483647.
Seed_ts = 144544. RAND_MAX = 2147483647.
Seed_ts = 144544. RAND_MAX = 2147483647.
Seed_ts = 144544. RAND_MAX = 2147483647.
Seed_ts = 144544. RAND_MAX = 2147483647.
Seed_ts = 144544. RAND_MAX = 2147483647.
Seed_ts = 144544. RAND_MAX = 2147483647.
Seed_ts = 144544. RAND_MAX = 2147483647.
Seed_ts = 144544. RAND_MAX = 2147483647.
Seed_ts = 144544. RAND_MAX = 2147483647.
Seed_ts = 144544. RAND_MAX = 2147483647.
Seed_ts = 144544. RAND_MAX = 2147483647.
Seed_ts = 144544. RAND_MAX = 2147483647.
Seed_ts = 144544. RAND_MAX = 2147483647.
Seed_ts = 144544. RAND_MAX = 2147483647.
Seed_ts = 144544. RAND_MAX = 2147483647.
Seed_ts = 144544. RAND_MAX = 2147483647.
Seed_ts = 144544. RAND_MAX = 2147483647.
Seed_ts = 144544. RAND_MAX = 2147483647.
Seed_ts = 144544. RAND_MAX = 2147483647.

area estimate = 1.506616
elapsed wall clock time = 5.437871
elapsed cpu time = 55.238919

real	0m5.454s
user	0m55.392s
sys	0m0.168s

AVX
Seed_ts = 144544. RAND_MAX = 2147483647.

area estimate = 1.506684
elapsed wall clock time = 1.922475
elapsed cpu time = 23.221248

real	0m1.937s
user	0m23.325s
sys	0m0.146s
NON AVX
Seed_ts = 144544. RAND_MAX = 2147483647.
Seed_ts = 144544. RAND_MAX = 2147483647.
Seed_ts = 144544. RAND_MAX = 2147483647.
Seed_ts = 144544. RAND_MAX = 2147483647.
Seed_ts = 144544. RAND_MAX = 2147483647.
Seed_ts = 144544. RAND_MAX = 2147483647.
Seed_ts = 144544. RAND_MAX = 2147483647.
Seed_ts = 144544. RAND_MAX = 2147483647.
Seed_ts = 144544. RAND_MAX = 2147483647.
Seed_ts = 144544. RAND_MAX = 2147483647.
Seed_ts = 144544. RAND_MAX = 2147483647.
Seed_ts = 144544. RAND_MAX = 2147483647.
Seed_ts = 144544. RAND_MAX = 2147483647.
Seed_ts = 144544. RAND_MAX = 2147483647.
Seed_ts = 144544. RAND_MAX = 2147483647.
Seed_ts = 144544. RAND_MAX = 2147483647.
Seed_ts = 144544. RAND_MAX = 2147483647.
Seed_ts = 144544. RAND_MAX = 2147483647.
Seed_ts = 144544. RAND_MAX = 2147483647.
Seed_ts = 144544. RAND_MAX = 2147483647.
Seed_ts = 144544. RAND_MAX = 2147483647.
Seed_ts = 144544. RAND_MAX = 2147483647.
Seed_ts = 144544. RAND_MAX = 2147483647.
Seed_ts = 144544. RAND_MAX = 2147483647.

area estimate = 1.506616
elapsed wall clock time = 5.438281
elapsed cpu time = 55.103354

real	0m5.454s
user	0m55.258s
sys	0m0.140s

AVX
Seed_ts = 144544. RAND_MAX = 2147483647.

area estimate = 1.506684
elapsed wall clock time = 1.922858
elapsed cpu time = 23.075274

real	0m1.940s
user	0m23.190s
sys	0m0.134s
NON AVX
Seed_ts = 144544. RAND_MAX = 2147483647.
Seed_ts = 144544. RAND_MAX = 2147483647.
Seed_ts = 144544. RAND_MAX = 2147483647.
Seed_ts = 144544. RAND_MAX = 2147483647.
Seed_ts = 144544. RAND_MAX = 2147483647.
Seed_ts = 144544. RAND_MAX = 2147483647.
Seed_ts = 144544. RAND_MAX = 2147483647.
Seed_ts = 144544. RAND_MAX = 2147483647.
Seed_ts = 144544. RAND_MAX = 2147483647.
Seed_ts = 144544. RAND_MAX = 2147483647.
Seed_ts = 144544. RAND_MAX = 2147483647.
Seed_ts = 144544. RAND_MAX = 2147483647.
Seed_ts = 144544. RAND_MAX = 2147483647.
Seed_ts = 144544. RAND_MAX = 2147483647.
Seed_ts = 144544. RAND_MAX = 2147483647.
Seed_ts = 144544. RAND_MAX = 2147483647.
Seed_ts = 144544. RAND_MAX = 2147483647.
Seed_ts = 144544. RAND_MAX = 2147483647.
Seed_ts = 144544. RAND_MAX = 2147483647.
Seed_ts = 144544. RAND_MAX = 2147483647.
Seed_ts = 144544. RAND_MAX = 2147483647.
Seed_ts = 144544. RAND_MAX = 2147483647.
Seed_ts = 144544. RAND_MAX = 2147483647.
Seed_ts = 144544. RAND_MAX = 2147483647.

area estimate = 1.506616
elapsed wall clock time = 5.438103
elapsed cpu time = 54.792222

real	0m5.450s
user	0m54.884s
sys	0m0.143s

AVX
Seed_ts = 144544. RAND_MAX = 2147483647.

area estimate = 1.506684
elapsed wall clock time = 1.922369
elapsed cpu time = 23.066518

real	0m1.942s
user	0m23.285s
sys	0m0.147s


Number of threads =  2
OMP_SCHEDULE =  guided
NON AVX
Seed_ts = 144544. RAND_MAX = 2147483647.
Seed_ts = 144544. RAND_MAX = 2147483647.

area estimate = 1.506616
elapsed wall clock time = 42.054804
elapsed cpu time = 49.374200

real	0m42.088s
user	0m49.393s
sys	0m0.003s

AVX
Seed_ts = 144544. RAND_MAX = 2147483647.

area estimate = 1.506640
elapsed wall clock time = 14.896873
elapsed cpu time = 17.647669

real	0m14.946s
user	0m17.662s
sys	0m0.008s
NON AVX
Seed_ts = 144544. RAND_MAX = 2147483647.
Seed_ts = 144544. RAND_MAX = 2147483647.

area estimate = 1.506616
elapsed wall clock time = 42.069776
elapsed cpu time = 49.375339

real	0m42.112s
user	0m49.390s
sys	0m0.009s

AVX
Seed_ts = 144544. RAND_MAX = 2147483647.

area estimate = 1.506640
elapsed wall clock time = 14.899876
elapsed cpu time = 17.645792

real	0m14.930s
user	0m17.660s
sys	0m0.009s
NON AVX
Seed_ts = 144544. RAND_MAX = 2147483647.
Seed_ts = 144544. RAND_MAX = 2147483647.

area estimate = 1.506616
elapsed wall clock time = 42.082727
elapsed cpu time = 49.375013

real	0m42.134s
user	0m49.391s
sys	0m0.008s

AVX
Seed_ts = 144544. RAND_MAX = 2147483647.

area estimate = 1.506640
elapsed wall clock time = 14.887360
elapsed cpu time = 17.653858

real	0m14.931s
user	0m17.667s
sys	0m0.009s


Number of threads =  4
OMP_SCHEDULE =  guided
NON AVX
Seed_ts = 144544. RAND_MAX = 2147483647.
Seed_ts = 144544. RAND_MAX = 2147483647.
Seed_ts = 144544. RAND_MAX = 2147483647.
Seed_ts = 144544. RAND_MAX = 2147483647.

area estimate = 1.506724
elapsed wall clock time = 22.467389
elapsed cpu time = 49.947204

real	0m22.527s
user	0m50.059s
sys	0m0.031s

AVX
Seed_ts = 144544. RAND_MAX = 2147483647.

area estimate = 1.506636
elapsed wall clock time = 7.934313
elapsed cpu time = 18.171679

real	0m7.993s
user	0m18.219s
sys	0m0.016s
NON AVX
Seed_ts = 144544. RAND_MAX = 2147483647.
Seed_ts = 144544. RAND_MAX = 2147483647.
Seed_ts = 144544. RAND_MAX = 2147483647.
Seed_ts = 144544. RAND_MAX = 2147483647.

area estimate = 1.506724
elapsed wall clock time = 22.467283
elapsed cpu time = 49.892671

real	0m22.493s
user	0m49.923s
sys	0m0.019s

AVX
Seed_ts = 144544. RAND_MAX = 2147483647.

area estimate = 1.506636
elapsed wall clock time = 7.934573
elapsed cpu time = 18.229272

real	0m7.958s
user	0m18.254s
sys	0m0.016s
NON AVX
Seed_ts = 144544. RAND_MAX = 2147483647.
Seed_ts = 144544. RAND_MAX = 2147483647.
Seed_ts = 144544. RAND_MAX = 2147483647.
Seed_ts = 144544. RAND_MAX = 2147483647.

area estimate = 1.506724
elapsed wall clock time = 22.469071
elapsed cpu time = 49.973993

real	0m22.500s
user	0m50.014s
sys	0m0.025s

AVX
Seed_ts = 144544. RAND_MAX = 2147483647.

area estimate = 1.506636
elapsed wall clock time = 7.934924
elapsed cpu time = 18.245378

real	0m7.975s
user	0m18.265s
sys	0m0.025s


Number of threads =  12
OMP_SCHEDULE =  guided
NON AVX
Seed_ts = 144544. RAND_MAX = 2147483647.
Seed_ts = 144544. RAND_MAX = 2147483647.
Seed_ts = 144544. RAND_MAX = 2147483647.
Seed_ts = 144544. RAND_MAX = 2147483647.
Seed_ts = 144544. RAND_MAX = 2147483647.
Seed_ts = 144544. RAND_MAX = 2147483647.
Seed_ts = 144544. RAND_MAX = 2147483647.
Seed_ts = 144544. RAND_MAX = 2147483647.
Seed_ts = 144544. RAND_MAX = 2147483647.
Seed_ts = 144544. RAND_MAX = 2147483647.
Seed_ts = 144544. RAND_MAX = 2147483647.
Seed_ts = 144544. RAND_MAX = 2147483647.

area estimate = 1.506798
elapsed wall clock time = 9.725131
elapsed cpu time = 51.924610

real	0m9.752s
user	0m52.029s
sys	0m0.070s

AVX
Seed_ts = 144544. RAND_MAX = 2147483647.

area estimate = 1.506726
elapsed wall clock time = 3.437052
elapsed cpu time = 20.030370

real	0m3.453s
user	0m20.055s
sys	0m0.053s
NON AVX
Seed_ts = 144544. RAND_MAX = 2147483647.
Seed_ts = 144544. RAND_MAX = 2147483647.
Seed_ts = 144544. RAND_MAX = 2147483647.
Seed_ts = 144544. RAND_MAX = 2147483647.
Seed_ts = 144544. RAND_MAX = 2147483647.
Seed_ts = 144544. RAND_MAX = 2147483647.
Seed_ts = 144544. RAND_MAX = 2147483647.
Seed_ts = 144544. RAND_MAX = 2147483647.
Seed_ts = 144544. RAND_MAX = 2147483647.
Seed_ts = 144544. RAND_MAX = 2147483647.
Seed_ts = 144544. RAND_MAX = 2147483647.
Seed_ts = 144544. RAND_MAX = 2147483647.

area estimate = 1.506798
elapsed wall clock time = 9.725417
elapsed cpu time = 51.917783

real	0m9.746s
user	0m52.026s
sys	0m0.075s

AVX
Seed_ts = 144544. RAND_MAX = 2147483647.

area estimate = 1.506726
elapsed wall clock time = 3.439899
elapsed cpu time = 20.020201

real	0m3.454s
user	0m20.045s
sys	0m0.054s
NON AVX
Seed_ts = 144544. RAND_MAX = 2147483647.
Seed_ts = 144544. RAND_MAX = 2147483647.
Seed_ts = 144544. RAND_MAX = 2147483647.
Seed_ts = 144544. RAND_MAX = 2147483647.
Seed_ts = 144544. RAND_MAX = 2147483647.
Seed_ts = 144544. RAND_MAX = 2147483647.
Seed_ts = 144544. RAND_MAX = 2147483647.
Seed_ts = 144544. RAND_MAX = 2147483647.
Seed_ts = 144544. RAND_MAX = 2147483647.
Seed_ts = 144544. RAND_MAX = 2147483647.
Seed_ts = 144544. RAND_MAX = 2147483647.
Seed_ts = 144544. RAND_MAX = 2147483647.

area estimate = 1.506798
elapsed wall clock time = 9.725515
elapsed cpu time = 51.707000

real	0m9.737s
user	0m51.740s
sys	0m0.065s

AVX
Seed_ts = 144544. RAND_MAX = 2147483647.

area estimate = 1.506726
elapsed wall clock time = 3.446386
elapsed cpu time = 20.225564

real	0m3.463s
user	0m20.290s
sys	0m0.074s


Number of threads =  24
OMP_SCHEDULE =  guided
NON AVX
Seed_ts = 144544. RAND_MAX = 2147483647.
Seed_ts = 144544. RAND_MAX = 2147483647.
Seed_ts = 144544. RAND_MAX = 2147483647.
Seed_ts = 144544. RAND_MAX = 2147483647.
Seed_ts = 144544. RAND_MAX = 2147483647.
Seed_ts = 144544. RAND_MAX = 2147483647.
Seed_ts = 144544. RAND_MAX = 2147483647.
Seed_ts = 144544. RAND_MAX = 2147483647.
Seed_ts = 144544. RAND_MAX = 2147483647.
Seed_ts = 144544. RAND_MAX = 2147483647.
Seed_ts = 144544. RAND_MAX = 2147483647.
Seed_ts = 144544. RAND_MAX = 2147483647.
Seed_ts = 144544. RAND_MAX = 2147483647.
Seed_ts = 144544. RAND_MAX = 2147483647.
Seed_ts = 144544. RAND_MAX = 2147483647.
Seed_ts = 144544. RAND_MAX = 2147483647.
Seed_ts = 144544. RAND_MAX = 2147483647.
Seed_ts = 144544. RAND_MAX = 2147483647.
Seed_ts = 144544. RAND_MAX = 2147483647.
Seed_ts = 144544. RAND_MAX = 2147483647.
Seed_ts = 144544. RAND_MAX = 2147483647.
Seed_ts = 144544. RAND_MAX = 2147483647.
Seed_ts = 144544. RAND_MAX = 2147483647.
Seed_ts = 144544. RAND_MAX = 2147483647.

area estimate = 1.506616
elapsed wall clock time = 5.442083
elapsed cpu time = 54.779787

real	0m5.454s
user	0m54.846s
sys	0m0.149s

AVX
Seed_ts = 144544. RAND_MAX = 2147483647.

area estimate = 1.506684
elapsed wall clock time = 1.923437
elapsed cpu time = 23.039453

real	0m1.937s
user	0m23.233s
sys	0m0.171s
NON AVX
Seed_ts = 144544. RAND_MAX = 2147483647.
Seed_ts = 144544. RAND_MAX = 2147483647.
Seed_ts = 144544. RAND_MAX = 2147483647.
Seed_ts = 144544. RAND_MAX = 2147483647.
Seed_ts = 144544. RAND_MAX = 2147483647.
Seed_ts = 144544. RAND_MAX = 2147483647.
Seed_ts = 144544. RAND_MAX = 2147483647.
Seed_ts = 144544. RAND_MAX = 2147483647.
Seed_ts = 144544. RAND_MAX = 2147483647.
Seed_ts = 144544. RAND_MAX = 2147483647.
Seed_ts = 144544. RAND_MAX = 2147483647.
Seed_ts = 144544. RAND_MAX = 2147483647.
Seed_ts = 144544. RAND_MAX = 2147483647.
Seed_ts = 144544. RAND_MAX = 2147483647.
Seed_ts = 144544. RAND_MAX = 2147483647.
Seed_ts = 144544. RAND_MAX = 2147483647.
Seed_ts = 144544. RAND_MAX = 2147483647.
Seed_ts = 144544. RAND_MAX = 2147483647.
Seed_ts = 144544. RAND_MAX = 2147483647.
Seed_ts = 144544. RAND_MAX = 2147483647.
Seed_ts = 144544. RAND_MAX = 2147483647.
Seed_ts = 144544. RAND_MAX = 2147483647.
Seed_ts = 144544. RAND_MAX = 2147483647.
Seed_ts = 144544. RAND_MAX = 2147483647.

area estimate = 1.506616
elapsed wall clock time = 5.437439
elapsed cpu time = 55.090567

real	0m5.469s
user	0m55.497s
sys	0m0.164s

AVX
Seed_ts = 144544. RAND_MAX = 2147483647.

area estimate = 1.506684
elapsed wall clock time = 1.923395
elapsed cpu time = 22.781716

real	0m1.952s
user	0m22.817s
sys	0m0.137s
NON AVX
Seed_ts = 144544. RAND_MAX = 2147483647.
Seed_ts = 144544. RAND_MAX = 2147483647.
Seed_ts = 144544. RAND_MAX = 2147483647.
Seed_ts = 144544. RAND_MAX = 2147483647.
Seed_ts = 144544. RAND_MAX = 2147483647.
Seed_ts = 144544. RAND_MAX = 2147483647.
Seed_ts = 144544. RAND_MAX = 2147483647.
Seed_ts = 144544. RAND_MAX = 2147483647.
Seed_ts = 144544. RAND_MAX = 2147483647.
Seed_ts = 144544. RAND_MAX = 2147483647.
Seed_ts = 144544. RAND_MAX = 2147483647.
Seed_ts = 144544. RAND_MAX = 2147483647.
Seed_ts = 144544. RAND_MAX = 2147483647.
Seed_ts = 144544. RAND_MAX = 2147483647.
Seed_ts = 144544. RAND_MAX = 2147483647.
Seed_ts = 144544. RAND_MAX = 2147483647.
Seed_ts = 144544. RAND_MAX = 2147483647.
Seed_ts = 144544. RAND_MAX = 2147483647.
Seed_ts = 144544. RAND_MAX = 2147483647.
Seed_ts = 144544. RAND_MAX = 2147483647.
Seed_ts = 144544. RAND_MAX = 2147483647.
Seed_ts = 144544. RAND_MAX = 2147483647.
Seed_ts = 144544. RAND_MAX = 2147483647.
Seed_ts = 144544. RAND_MAX = 2147483647.

area estimate = 1.506616
elapsed wall clock time = 5.438699
elapsed cpu time = 55.061838

real	0m5.456s
user	0m55.219s
sys	0m0.204s

AVX
Seed_ts = 144544. RAND_MAX = 2147483647.

area estimate = 1.506684
elapsed wall clock time = 1.922736
elapsed cpu time = 23.055934

real	0m1.980s
user	0m23.092s
sys	0m0.152s
