cleaning
SRC_FILES = src/drand-ts.c src/drand.c src/mandomp-avx.c src/mandomp-collapse-avx.c src/mandomp-collapse.c src/mandomp-ts-avx.c src/mandomp-ts.c src/mandomp.c src/mandseq-avx.c src/mandseq.c src/timing.c src/utilities.c
OBJ_FILES =  obj/drand-ts.o  obj/drand.o  obj/mandomp-avx.o  obj/mandomp-collapse-avx.o  obj/mandomp-collapse.o  obj/mandomp-ts-avx.o  obj/mandomp-ts.o  obj/mandomp.o  obj/mandseq-avx.o  obj/mandseq.o  obj/timing.o  obj/utilities.o
rm -f bin/mandomp obj/mandomp.o
SRC_FILES = src/drand-ts.c src/drand.c src/mandomp-avx.c src/mandomp-collapse-avx.c src/mandomp-collapse.c src/mandomp-ts-avx.c src/mandomp-ts.c src/mandomp.c src/mandseq-avx.c src/mandseq.c src/timing.c src/utilities.c
OBJ_FILES =  obj/drand-ts.o  obj/drand.o  obj/mandomp-avx.o  obj/mandomp-collapse-avx.o  obj/mandomp-collapse.o  obj/mandomp-ts-avx.o  obj/mandomp-ts.o  obj/mandomp.o  obj/mandseq-avx.o  obj/mandseq.o  obj/timing.o  obj/utilities.o
rm -f bin/mandomp-avx obj/mandomp-avx.o
SRC_FILES = src/drand-ts.c src/drand.c src/mandomp-avx.c src/mandomp-collapse-avx.c src/mandomp-collapse.c src/mandomp-ts-avx.c src/mandomp-ts.c src/mandomp.c src/mandseq-avx.c src/mandseq.c src/timing.c src/utilities.c
OBJ_FILES =  obj/drand-ts.o  obj/drand.o  obj/mandomp-avx.o  obj/mandomp-collapse-avx.o  obj/mandomp-collapse.o  obj/mandomp-ts-avx.o  obj/mandomp-ts.o  obj/mandomp.o  obj/mandseq-avx.o  obj/mandseq.o  obj/timing.o  obj/utilities.o
rm -f bin/mandomp-ts obj/mandomp-ts.o
SRC_FILES = src/drand-ts.c src/drand.c src/mandomp-avx.c src/mandomp-collapse-avx.c src/mandomp-collapse.c src/mandomp-ts-avx.c src/mandomp-ts.c src/mandomp.c src/mandseq-avx.c src/mandseq.c src/timing.c src/utilities.c
OBJ_FILES =  obj/drand-ts.o  obj/drand.o  obj/mandomp-avx.o  obj/mandomp-collapse-avx.o  obj/mandomp-collapse.o  obj/mandomp-ts-avx.o  obj/mandomp-ts.o  obj/mandomp.o  obj/mandseq-avx.o  obj/mandseq.o  obj/timing.o  obj/utilities.o
rm -f bin/mandomp-ts-avx obj/mandomp-ts-avx.o
SRC_FILES = src/drand-ts.c src/drand.c src/mandomp-avx.c src/mandomp-collapse-avx.c src/mandomp-collapse.c src/mandomp-ts-avx.c src/mandomp-ts.c src/mandomp.c src/mandseq-avx.c src/mandseq.c src/timing.c src/utilities.c
OBJ_FILES =  obj/drand-ts.o  obj/drand.o  obj/mandomp-avx.o  obj/mandomp-collapse-avx.o  obj/mandomp-collapse.o  obj/mandomp-ts-avx.o  obj/mandomp-ts.o  obj/mandomp.o  obj/mandseq-avx.o  obj/mandseq.o  obj/timing.o  obj/utilities.o
rm -f bin/mandomp-collapse obj/mandomp-collapse.o
SRC_FILES = src/drand-ts.c src/drand.c src/mandomp-avx.c src/mandomp-collapse-avx.c src/mandomp-collapse.c src/mandomp-ts-avx.c src/mandomp-ts.c src/mandomp.c src/mandseq-avx.c src/mandseq.c src/timing.c src/utilities.c
OBJ_FILES =  obj/drand-ts.o  obj/drand.o  obj/mandomp-avx.o  obj/mandomp-collapse-avx.o  obj/mandomp-collapse.o  obj/mandomp-ts-avx.o  obj/mandomp-ts.o  obj/mandomp.o  obj/mandseq-avx.o  obj/mandseq.o  obj/timing.o  obj/utilities.o
rm -f bin/mandomp-collapse-avx obj/mandomp-collapse-avx.o
compiling
SRC_FILES = src/drand-ts.c src/drand.c src/mandomp-avx.c src/mandomp-collapse-avx.c src/mandomp-collapse.c src/mandomp-ts-avx.c src/mandomp-ts.c src/mandomp.c src/mandseq-avx.c src/mandseq.c src/timing.c src/utilities.c
OBJ_FILES =  obj/drand-ts.o  obj/drand.o  obj/mandomp-avx.o  obj/mandomp-collapse-avx.o  obj/mandomp-collapse.o  obj/mandomp-ts-avx.o  obj/mandomp-ts.o  obj/mandomp.o  obj/mandseq-avx.o  obj/mandseq.o  obj/timing.o  obj/utilities.o
icc -g -O3 -xHost -fno-alias -std=c99 -qopenmp -I include  -c src/mandomp.c -o obj/mandomp.o
icc -g -O3 -xHost -fno-alias -std=c99 -qopenmp -I include  obj/mandomp.o obj/drand.o obj/timing.o obj/utilities.o -o bin/mandomp
SRC_FILES = src/drand-ts.c src/drand.c src/mandomp-avx.c src/mandomp-collapse-avx.c src/mandomp-collapse.c src/mandomp-ts-avx.c src/mandomp-ts.c src/mandomp.c src/mandseq-avx.c src/mandseq.c src/timing.c src/utilities.c
OBJ_FILES =  obj/drand-ts.o  obj/drand.o  obj/mandomp-avx.o  obj/mandomp-collapse-avx.o  obj/mandomp-collapse.o  obj/mandomp-ts-avx.o  obj/mandomp-ts.o  obj/mandomp.o  obj/mandseq-avx.o  obj/mandseq.o  obj/timing.o  obj/utilities.o
icc -g -O3 -xHost -fno-alias -std=c99 -qopenmp -I include  -c src/mandomp-avx.c -o obj/mandomp-avx.o
icc -g -O3 -xHost -fno-alias -std=c99 -qopenmp -I include  obj/mandomp-avx.o obj/drand.o obj/timing.o obj/utilities.o -o bin/mandomp-avx
SRC_FILES = src/drand-ts.c src/drand.c src/mandomp-avx.c src/mandomp-collapse-avx.c src/mandomp-collapse.c src/mandomp-ts-avx.c src/mandomp-ts.c src/mandomp.c src/mandseq-avx.c src/mandseq.c src/timing.c src/utilities.c
OBJ_FILES =  obj/drand-ts.o  obj/drand.o  obj/mandomp-avx.o  obj/mandomp-collapse-avx.o  obj/mandomp-collapse.o  obj/mandomp-ts-avx.o  obj/mandomp-ts.o  obj/mandomp.o  obj/mandseq-avx.o  obj/mandseq.o  obj/timing.o  obj/utilities.o
icc -g -O3 -xHost -fno-alias -std=c99 -qopenmp -I include  -c src/mandomp-ts.c -o obj/mandomp-ts.o
icc -g -O3 -xHost -fno-alias -std=c99 -qopenmp -I include  -c src/drand-ts.c -o obj/drand-ts.o
icc -g -O3 -xHost -fno-alias -std=c99 -qopenmp -I include  obj/mandomp-ts.o obj/drand-ts.o obj/timing.o obj/utilities.o -o bin/mandomp-ts
SRC_FILES = src/drand-ts.c src/drand.c src/mandomp-avx.c src/mandomp-collapse-avx.c src/mandomp-collapse.c src/mandomp-ts-avx.c src/mandomp-ts.c src/mandomp.c src/mandseq-avx.c src/mandseq.c src/timing.c src/utilities.c
OBJ_FILES =  obj/drand-ts.o  obj/drand.o  obj/mandomp-avx.o  obj/mandomp-collapse-avx.o  obj/mandomp-collapse.o  obj/mandomp-ts-avx.o  obj/mandomp-ts.o  obj/mandomp.o  obj/mandseq-avx.o  obj/mandseq.o  obj/timing.o  obj/utilities.o
icc -g -O3 -xHost -fno-alias -std=c99 -qopenmp -I include  -c src/mandomp-ts-avx.c -o obj/mandomp-ts-avx.o
icc -g -O3 -xHost -fno-alias -std=c99 -qopenmp -I include  obj/mandomp-ts-avx.o obj/drand-ts.o obj/timing.o obj/utilities.o -o bin/mandomp-ts-avx
SRC_FILES = src/drand-ts.c src/drand.c src/mandomp-avx.c src/mandomp-collapse-avx.c src/mandomp-collapse.c src/mandomp-ts-avx.c src/mandomp-ts.c src/mandomp.c src/mandseq-avx.c src/mandseq.c src/timing.c src/utilities.c
OBJ_FILES =  obj/drand-ts.o  obj/drand.o  obj/mandomp-avx.o  obj/mandomp-collapse-avx.o  obj/mandomp-collapse.o  obj/mandomp-ts-avx.o  obj/mandomp-ts.o  obj/mandomp.o  obj/mandseq-avx.o  obj/mandseq.o  obj/timing.o  obj/utilities.o
icc -g -O3 -xHost -fno-alias -std=c99 -qopenmp -I include  -c src/mandomp-collapse.c -o obj/mandomp-collapse.o
icc -g -O3 -xHost -fno-alias -std=c99 -qopenmp -I include  obj/mandomp-collapse.o obj/drand-ts.o obj/timing.o obj/utilities.o -o bin/mandomp-collapse
SRC_FILES = src/drand-ts.c src/drand.c src/mandomp-avx.c src/mandomp-collapse-avx.c src/mandomp-collapse.c src/mandomp-ts-avx.c src/mandomp-ts.c src/mandomp.c src/mandseq-avx.c src/mandseq.c src/timing.c src/utilities.c
OBJ_FILES =  obj/drand-ts.o  obj/drand.o  obj/mandomp-avx.o  obj/mandomp-collapse-avx.o  obj/mandomp-collapse.o  obj/mandomp-ts-avx.o  obj/mandomp-ts.o  obj/mandomp.o  obj/mandseq-avx.o  obj/mandseq.o  obj/timing.o  obj/utilities.o
icc -g -O3 -xHost -fno-alias -std=c99 -qopenmp -I include  -c src/mandomp-collapse-avx.c -o obj/mandomp-collapse-avx.o
icc -g -O3 -xHost -fno-alias -std=c99 -qopenmp -I include  obj/mandomp-collapse-avx.o obj/drand-ts.o obj/timing.o obj/utilities.o -o bin/mandomp-collapse-avx


OMP version
Number of threads =  2
OMP_SCHEDULE = 


MANDOMP
Warning: OMP_SCHEDULE environment variable is not set.
Seed = 144544. RAND_MAX = 2147483647.

area estimate = 1.506564
elapsed wall clock time = 42.215240
elapsed cpu time = 49.536116

real	0m42.240s
user	0m49.555s
sys	0m0.008s
Warning: OMP_SCHEDULE environment variable is not set.
Seed = 144544. RAND_MAX = 2147483647.

area estimate = 1.506732
elapsed wall clock time = 42.223147
elapsed cpu time = 49.520764

real	0m42.246s
user	0m49.539s
sys	0m0.007s
Warning: OMP_SCHEDULE environment variable is not set.
Seed = 144544. RAND_MAX = 2147483647.

area estimate = 1.506652
elapsed wall clock time = 42.216827
elapsed cpu time = 49.536005

real	0m42.271s
user	0m49.559s
sys	0m0.009s


MANDOMP AVX
Warning: OMP_SCHEDULE environment variable is not set.
Seed = 144544. RAND_MAX = 2147483647.

area estimate = 1.506672
elapsed wall clock time = 15.173463
elapsed cpu time = 17.983159

real	0m15.190s
user	0m17.989s
sys	0m0.004s
Warning: OMP_SCHEDULE environment variable is not set.
Seed = 144544. RAND_MAX = 2147483647.

area estimate = 1.506684
elapsed wall clock time = 15.166615
elapsed cpu time = 17.972830

real	0m15.192s
user	0m17.983s
sys	0m0.008s
Warning: OMP_SCHEDULE environment variable is not set.
Seed = 144544. RAND_MAX = 2147483647.

area estimate = 1.506668
elapsed wall clock time = 15.172900
elapsed cpu time = 17.981757

real	0m15.217s
user	0m17.991s
sys	0m0.007s


MANDOMP TS
Warning: OMP_SCHEDULE environment variable is not set.
Seed_ts = 144544. RAND_MAX = 2147483647.

area estimate = 1.506624
elapsed wall clock time = 42.066382
elapsed cpu time = 49.371320

real	0m42.113s
user	0m49.404s
sys	0m0.010s
Warning: OMP_SCHEDULE environment variable is not set.
Seed_ts = 144544. RAND_MAX = 2147483647.

area estimate = 1.506624
elapsed wall clock time = 42.038241
elapsed cpu time = 49.351959

real	0m42.060s
user	0m49.362s
sys	0m0.006s
Warning: OMP_SCHEDULE environment variable is not set.
Seed_ts = 144544. RAND_MAX = 2147483647.

area estimate = 1.506624
elapsed wall clock time = 42.052891
elapsed cpu time = 49.333882

real	0m42.106s
user	0m49.359s
sys	0m0.011s


MANDOMP TS AVX
Warning: OMP_SCHEDULE environment variable is not set.
Seed_ts = 144544. RAND_MAX = 2147483647.

area estimate = 1.506640
elapsed wall clock time = 15.096848
elapsed cpu time = 17.906711

real	0m15.117s
user	0m17.915s
sys	0m0.008s
Warning: OMP_SCHEDULE environment variable is not set.
Seed_ts = 144544. RAND_MAX = 2147483647.

area estimate = 1.506640
elapsed wall clock time = 15.087386
elapsed cpu time = 17.891211

real	0m15.115s
user	0m17.899s
sys	0m0.015s
Warning: OMP_SCHEDULE environment variable is not set.
Seed_ts = 144544. RAND_MAX = 2147483647.

area estimate = 1.506640
elapsed wall clock time = 15.088311
elapsed cpu time = 17.896250

real	0m15.124s
user	0m17.905s
sys	0m0.009s


MANDOMP THREAD SAFE VERSION ACROSS THREAD COUNTS


Number of threads =  1
OMP_SCHEDULE = 
NON AVX
Warning: OMP_SCHEDULE environment variable is not set.
Seed_ts = 144544. RAND_MAX = 2147483647.

area estimate = 1.506700
elapsed wall clock time = 49.254005
elapsed cpu time = 49.182598

real	0m49.286s
user	0m49.184s
sys	0m0.002s

AVX
Warning: OMP_SCHEDULE environment variable is not set.
Seed_ts = 144544. RAND_MAX = 2147483647.

area estimate = 1.506826
elapsed wall clock time = 17.756317
elapsed cpu time = 17.723714

real	0m17.812s
user	0m17.724s
sys	0m0.005s
NON AVX
Warning: OMP_SCHEDULE environment variable is not set.
Seed_ts = 144544. RAND_MAX = 2147483647.

area estimate = 1.506700
elapsed wall clock time = 49.159313
elapsed cpu time = 49.072463

real	0m49.185s
user	0m49.074s
sys	0m0.002s

AVX
Warning: OMP_SCHEDULE environment variable is not set.
Seed_ts = 144544. RAND_MAX = 2147483647.

area estimate = 1.506826
elapsed wall clock time = 17.731125
elapsed cpu time = 17.696737

real	0m17.765s
user	0m17.698s
sys	0m0.002s
NON AVX
Warning: OMP_SCHEDULE environment variable is not set.
Seed_ts = 144544. RAND_MAX = 2147483647.

area estimate = 1.506700
elapsed wall clock time = 49.271063
elapsed cpu time = 49.189834

real	0m49.304s
user	0m49.192s
sys	0m0.002s

AVX
Warning: OMP_SCHEDULE environment variable is not set.
Seed_ts = 144544. RAND_MAX = 2147483647.

area estimate = 1.506826
elapsed wall clock time = 17.741868
elapsed cpu time = 17.700296

real	0m17.770s
user	0m17.701s
sys	0m0.003s


Number of threads =  2
OMP_SCHEDULE = 
NON AVX
Warning: OMP_SCHEDULE environment variable is not set.
Seed_ts = 144544. RAND_MAX = 2147483647.

area estimate = 1.506624
elapsed wall clock time = 42.088681
elapsed cpu time = 49.388234

real	0m42.116s
user	0m49.398s
sys	0m0.007s

AVX
Warning: OMP_SCHEDULE environment variable is not set.
Seed_ts = 144544. RAND_MAX = 2147483647.

area estimate = 1.506640
elapsed wall clock time = 15.089258
elapsed cpu time = 17.904190

real	0m15.125s
user	0m17.924s
sys	0m0.006s
NON AVX
Warning: OMP_SCHEDULE environment variable is not set.
Seed_ts = 144544. RAND_MAX = 2147483647.

area estimate = 1.506624
elapsed wall clock time = 42.079512
elapsed cpu time = 49.371126

real	0m42.108s
user	0m49.381s
sys	0m0.009s

AVX
Warning: OMP_SCHEDULE environment variable is not set.
Seed_ts = 144544. RAND_MAX = 2147483647.

area estimate = 1.506640
elapsed wall clock time = 15.097360
elapsed cpu time = 17.911166

real	0m15.125s
user	0m17.924s
sys	0m0.004s
NON AVX
Warning: OMP_SCHEDULE environment variable is not set.
Seed_ts = 144544. RAND_MAX = 2147483647.

area estimate = 1.506624
elapsed wall clock time = 42.073072
elapsed cpu time = 49.367401

real	0m42.107s
user	0m49.383s
sys	0m0.010s

AVX
Warning: OMP_SCHEDULE environment variable is not set.
Seed_ts = 144544. RAND_MAX = 2147483647.

area estimate = 1.506640
elapsed wall clock time = 15.092922
elapsed cpu time = 17.895811

real	0m15.127s
user	0m17.907s
sys	0m0.008s


Number of threads =  4
OMP_SCHEDULE = 
NON AVX
Warning: OMP_SCHEDULE environment variable is not set.
Seed_ts = 144544. RAND_MAX = 2147483647.

area estimate = 1.506662
elapsed wall clock time = 22.466307
elapsed cpu time = 49.887241

real	0m22.495s
user	0m49.916s
sys	0m0.019s

AVX
Warning: OMP_SCHEDULE environment variable is not set.
Seed_ts = 144544. RAND_MAX = 2147483647.

area estimate = 1.506636
elapsed wall clock time = 8.046497
elapsed cpu time = 18.479500

real	0m8.063s
user	0m18.485s
sys	0m0.020s
NON AVX
Warning: OMP_SCHEDULE environment variable is not set.
Seed_ts = 144544. RAND_MAX = 2147483647.

area estimate = 1.506662
elapsed wall clock time = 22.433504
elapsed cpu time = 49.816312

real	0m22.481s
user	0m49.878s
sys	0m0.029s

AVX
Warning: OMP_SCHEDULE environment variable is not set.
Seed_ts = 144544. RAND_MAX = 2147483647.

area estimate = 1.506636
elapsed wall clock time = 8.047945
elapsed cpu time = 18.402659

real	0m8.089s
user	0m18.427s
sys	0m0.018s
NON AVX
Warning: OMP_SCHEDULE environment variable is not set.
Seed_ts = 144544. RAND_MAX = 2147483647.

area estimate = 1.506662
elapsed wall clock time = 22.425403
elapsed cpu time = 49.915943

real	0m22.449s
user	0m49.939s
sys	0m0.018s

AVX
Warning: OMP_SCHEDULE environment variable is not set.
Seed_ts = 144544. RAND_MAX = 2147483647.

area estimate = 1.506636
elapsed wall clock time = 8.047094
elapsed cpu time = 18.474837

real	0m8.070s
user	0m18.499s
sys	0m0.024s


Number of threads =  12
OMP_SCHEDULE = 
NON AVX
Warning: OMP_SCHEDULE environment variable is not set.
Seed_ts = 144544. RAND_MAX = 2147483647.

area estimate = 1.506654
elapsed wall clock time = 9.720180
elapsed cpu time = 51.862383

real	0m9.747s
user	0m51.965s
sys	0m0.099s

AVX
Warning: OMP_SCHEDULE environment variable is not set.
Seed_ts = 144544. RAND_MAX = 2147483647.

area estimate = 1.506726
elapsed wall clock time = 3.470601
elapsed cpu time = 20.456196

real	0m3.481s
user	0m20.472s
sys	0m0.069s
NON AVX
Warning: OMP_SCHEDULE environment variable is not set.
Seed_ts = 144544. RAND_MAX = 2147483647.

area estimate = 1.506654
elapsed wall clock time = 9.707250
elapsed cpu time = 51.658193

real	0m9.729s
user	0m51.824s
sys	0m0.066s

AVX
Warning: OMP_SCHEDULE environment variable is not set.
Seed_ts = 144544. RAND_MAX = 2147483647.

area estimate = 1.506726
elapsed wall clock time = 3.471289
elapsed cpu time = 20.231295

real	0m3.489s
user	0m20.249s
sys	0m0.077s
NON AVX
Warning: OMP_SCHEDULE environment variable is not set.
Seed_ts = 144544. RAND_MAX = 2147483647.

area estimate = 1.506654
elapsed wall clock time = 9.706760
elapsed cpu time = 51.862674

real	0m9.720s
user	0m51.941s
sys	0m0.077s

AVX
Warning: OMP_SCHEDULE environment variable is not set.
Seed_ts = 144544. RAND_MAX = 2147483647.

area estimate = 1.506726
elapsed wall clock time = 3.470182
elapsed cpu time = 20.239284

real	0m3.483s
user	0m20.259s
sys	0m0.067s


Number of threads =  24
OMP_SCHEDULE = 
NON AVX
Warning: OMP_SCHEDULE environment variable is not set.
Seed_ts = 144544. RAND_MAX = 2147483647.

area estimate = 1.506646
elapsed wall clock time = 5.433416
elapsed cpu time = 54.608158

real	0m5.455s
user	0m54.777s
sys	0m0.149s

AVX
Warning: OMP_SCHEDULE environment variable is not set.
Seed_ts = 144544. RAND_MAX = 2147483647.

area estimate = 1.506684
elapsed wall clock time = 1.947270
elapsed cpu time = 23.343989

real	0m1.960s
user	0m23.422s
sys	0m0.137s
NON AVX
Warning: OMP_SCHEDULE environment variable is not set.
Seed_ts = 144544. RAND_MAX = 2147483647.

area estimate = 1.506646
elapsed wall clock time = 5.425495
elapsed cpu time = 54.725669

real	0m5.444s
user	0m54.890s
sys	0m0.148s

AVX
Warning: OMP_SCHEDULE environment variable is not set.
Seed_ts = 144544. RAND_MAX = 2147483647.

area estimate = 1.506684
elapsed wall clock time = 1.947783
elapsed cpu time = 23.088693

real	0m1.959s
user	0m23.137s
sys	0m0.110s
NON AVX
Warning: OMP_SCHEDULE environment variable is not set.
Seed_ts = 144544. RAND_MAX = 2147483647.

area estimate = 1.506646
elapsed wall clock time = 5.434730
elapsed cpu time = 55.054386

real	0m5.460s
user	0m55.269s
sys	0m0.132s

AVX
Warning: OMP_SCHEDULE environment variable is not set.
Seed_ts = 144544. RAND_MAX = 2147483647.

area estimate = 1.506684
elapsed wall clock time = 1.949307
elapsed cpu time = 23.496392

real	0m1.960s
user	0m23.541s
sys	0m0.139s


MANDOMP THREAD SAFE VERSION ACROSS SCHEDULES ACROSS THREAD COUNTS


Number of threads =  2
OMP_SCHEDULE =  static,1
NON AVX
Seed_ts = 144544. RAND_MAX = 2147483647.

area estimate = 1.506624
elapsed wall clock time = 42.052523
elapsed cpu time = 49.342187

real	0m42.091s
user	0m49.364s
sys	0m0.018s

AVX
Seed_ts = 144544. RAND_MAX = 2147483647.

area estimate = 1.506640
elapsed wall clock time = 15.091659
elapsed cpu time = 17.882111

real	0m15.121s
user	0m17.885s
sys	0m0.008s
NON AVX
Seed_ts = 144544. RAND_MAX = 2147483647.

area estimate = 1.506624
elapsed wall clock time = 42.060689
elapsed cpu time = 49.358957

real	0m42.089s
user	0m49.372s
sys	0m0.008s

AVX
Seed_ts = 144544. RAND_MAX = 2147483647.

area estimate = 1.506640
elapsed wall clock time = 15.090386
elapsed cpu time = 17.902389

real	0m15.122s
user	0m17.916s
sys	0m0.008s
NON AVX
Seed_ts = 144544. RAND_MAX = 2147483647.

area estimate = 1.506624
elapsed wall clock time = 42.083205
elapsed cpu time = 49.396631

real	0m42.114s
user	0m49.407s
sys	0m0.009s

AVX
Seed_ts = 144544. RAND_MAX = 2147483647.

area estimate = 1.506640
elapsed wall clock time = 15.093102
elapsed cpu time = 17.899210

real	0m15.116s
user	0m17.907s
sys	0m0.010s


Number of threads =  4
OMP_SCHEDULE =  static,1
NON AVX
Seed_ts = 144544. RAND_MAX = 2147483647.

area estimate = 1.506662
elapsed wall clock time = 22.399667
elapsed cpu time = 49.860701

real	0m22.431s
user	0m49.902s
sys	0m0.022s

AVX
Seed_ts = 144544. RAND_MAX = 2147483647.

area estimate = 1.506636
elapsed wall clock time = 8.046491
elapsed cpu time = 18.419783

real	0m8.075s
user	0m18.441s
sys	0m0.019s
NON AVX
Seed_ts = 144544. RAND_MAX = 2147483647.

area estimate = 1.506662
elapsed wall clock time = 22.466302
elapsed cpu time = 49.976017

real	0m22.496s
user	0m50.007s
sys	0m0.023s

AVX
Seed_ts = 144544. RAND_MAX = 2147483647.

area estimate = 1.506636
elapsed wall clock time = 8.043832
elapsed cpu time = 18.469194

real	0m8.060s
user	0m18.475s
sys	0m0.028s
NON AVX
Seed_ts = 144544. RAND_MAX = 2147483647.

area estimate = 1.506662
elapsed wall clock time = 22.429801
elapsed cpu time = 49.783275

real	0m22.471s
user	0m49.858s
sys	0m0.018s

AVX
Seed_ts = 144544. RAND_MAX = 2147483647.

area estimate = 1.506636
elapsed wall clock time = 8.045440
elapsed cpu time = 18.470733

real	0m8.463s
user	0m18.984s
sys	0m0.041s


Number of threads =  12
OMP_SCHEDULE =  static,1
NON AVX
Seed_ts = 144544. RAND_MAX = 2147483647.

area estimate = 1.506654
elapsed wall clock time = 9.719621
elapsed cpu time = 51.664807

real	0m9.756s
user	0m51.757s
sys	0m0.072s

AVX
Seed_ts = 144544. RAND_MAX = 2147483647.

area estimate = 1.506726
elapsed wall clock time = 3.471518
elapsed cpu time = 20.267851

real	0m3.484s
user	0m20.285s
sys	0m0.068s
NON AVX
Seed_ts = 144544. RAND_MAX = 2147483647.

area estimate = 1.506654
elapsed wall clock time = 9.725646
elapsed cpu time = 51.682630

real	0m9.746s
user	0m51.771s
sys	0m0.065s

AVX
Seed_ts = 144544. RAND_MAX = 2147483647.

area estimate = 1.506726
elapsed wall clock time = 3.471411
elapsed cpu time = 20.445276

real	0m3.483s
user	0m20.461s
sys	0m0.079s
NON AVX
Seed_ts = 144544. RAND_MAX = 2147483647.

area estimate = 1.506654
elapsed wall clock time = 9.711050
elapsed cpu time = 51.869565

real	0m9.733s
user	0m51.967s
sys	0m0.075s

AVX
Seed_ts = 144544. RAND_MAX = 2147483647.

area estimate = 1.506726
elapsed wall clock time = 3.471129
elapsed cpu time = 20.457678

real	0m3.482s
user	0m20.478s
sys	0m0.071s


Number of threads =  24
OMP_SCHEDULE =  static,1
NON AVX
Seed_ts = 144544. RAND_MAX = 2147483647.

area estimate = 1.506646
elapsed wall clock time = 5.433326
elapsed cpu time = 54.606686

real	0m5.454s
user	0m54.772s
sys	0m0.155s

AVX
Seed_ts = 144544. RAND_MAX = 2147483647.

area estimate = 1.506684
elapsed wall clock time = 1.947322
elapsed cpu time = 23.330547

real	0m1.955s
user	0m23.386s
sys	0m0.146s
NON AVX
Seed_ts = 144544. RAND_MAX = 2147483647.

area estimate = 1.506646
elapsed wall clock time = 5.435804
elapsed cpu time = 55.056458

real	0m5.461s
user	0m55.360s
sys	0m0.172s

AVX
Seed_ts = 144544. RAND_MAX = 2147483647.

area estimate = 1.506684
elapsed wall clock time = 1.948582
elapsed cpu time = 23.323717

real	0m1.974s
user	0m23.361s
sys	0m0.158s
NON AVX
Seed_ts = 144544. RAND_MAX = 2147483647.

area estimate = 1.506646
elapsed wall clock time = 5.426565
elapsed cpu time = 54.560232

real	0m5.450s
user	0m54.766s
sys	0m0.161s

AVX
Seed_ts = 144544. RAND_MAX = 2147483647.

area estimate = 1.506684
elapsed wall clock time = 1.947148
elapsed cpu time = 23.325076

real	0m1.958s
user	0m23.363s
sys	0m0.154s


Number of threads =  2
OMP_SCHEDULE =  static,100
NON AVX
Seed_ts = 144544. RAND_MAX = 2147483647.

area estimate = 1.506624
elapsed wall clock time = 42.083534
elapsed cpu time = 49.384471

real	0m42.108s
user	0m49.397s
sys	0m0.006s

AVX
Seed_ts = 144544. RAND_MAX = 2147483647.

area estimate = 1.506640
elapsed wall clock time = 15.098375
elapsed cpu time = 17.900597

real	0m15.145s
user	0m17.930s
sys	0m0.008s
NON AVX
Seed_ts = 144544. RAND_MAX = 2147483647.

area estimate = 1.506624
elapsed wall clock time = 42.088324
elapsed cpu time = 49.384132

real	0m42.144s
user	0m49.394s
sys	0m0.011s

AVX
Seed_ts = 144544. RAND_MAX = 2147483647.

area estimate = 1.506640
elapsed wall clock time = 15.097504
elapsed cpu time = 17.900851

real	0m15.129s
user	0m17.913s
sys	0m0.010s
NON AVX
Seed_ts = 144544. RAND_MAX = 2147483647.

area estimate = 1.506624
elapsed wall clock time = 41.994843
elapsed cpu time = 49.300412

real	0m42.048s
user	0m49.327s
sys	0m0.010s

AVX
Seed_ts = 144544. RAND_MAX = 2147483647.

area estimate = 1.506640
elapsed wall clock time = 15.089378
elapsed cpu time = 17.891495

real	0m15.131s
user	0m17.900s
sys	0m0.013s


Number of threads =  4
OMP_SCHEDULE =  static,100
NON AVX
Seed_ts = 144544. RAND_MAX = 2147483647.

area estimate = 1.506662
elapsed wall clock time = 22.475070
elapsed cpu time = 49.935748

real	0m22.504s
user	0m49.973s
sys	0m0.025s

AVX
Seed_ts = 144544. RAND_MAX = 2147483647.

area estimate = 1.506636
elapsed wall clock time = 8.049054
elapsed cpu time = 18.486286

real	0m8.078s
user	0m18.507s
sys	0m0.015s
NON AVX
Seed_ts = 144544. RAND_MAX = 2147483647.

area estimate = 1.506662
elapsed wall clock time = 22.474598
elapsed cpu time = 49.863962

real	0m22.522s
user	0m49.942s
sys	0m0.016s

AVX
Seed_ts = 144544. RAND_MAX = 2147483647.

area estimate = 1.506636
elapsed wall clock time = 8.048666
elapsed cpu time = 18.477817

real	0m8.082s
user	0m18.486s
sys	0m0.022s
NON AVX
Seed_ts = 144544. RAND_MAX = 2147483647.

area estimate = 1.506662
elapsed wall clock time = 22.454926
elapsed cpu time = 49.909962

real	0m22.486s
user	0m49.939s
sys	0m0.026s

AVX
Seed_ts = 144544. RAND_MAX = 2147483647.

area estimate = 1.506636
elapsed wall clock time = 8.057408
elapsed cpu time = 18.467836

real	0m8.093s
user	0m18.502s
sys	0m0.032s


Number of threads =  12
OMP_SCHEDULE =  static,100
NON AVX
Seed_ts = 144544. RAND_MAX = 2147483647.

area estimate = 1.506654
elapsed wall clock time = 9.722457
elapsed cpu time = 51.688279

real	0m9.746s
user	0m51.756s
sys	0m0.059s

AVX
Seed_ts = 144544. RAND_MAX = 2147483647.

area estimate = 1.506726
elapsed wall clock time = 3.472419
elapsed cpu time = 20.463636

real	0m3.500s
user	0m20.530s
sys	0m0.061s
NON AVX
Seed_ts = 144544. RAND_MAX = 2147483647.

area estimate = 1.506654
elapsed wall clock time = 9.719250
elapsed cpu time = 51.901389

real	0m9.764s
user	0m52.215s
sys	0m0.063s

AVX
Seed_ts = 144544. RAND_MAX = 2147483647.

area estimate = 1.506726
elapsed wall clock time = 3.471531
elapsed cpu time = 20.249404

real	0m3.528s
user	0m20.270s
sys	0m0.058s
NON AVX
Seed_ts = 144544. RAND_MAX = 2147483647.

area estimate = 1.506654
elapsed wall clock time = 9.718875
elapsed cpu time = 51.864951

real	0m9.739s
user	0m51.952s
sys	0m0.089s

AVX
Seed_ts = 144544. RAND_MAX = 2147483647.

area estimate = 1.506726
elapsed wall clock time = 3.471309
elapsed cpu time = 20.528060

real	0m3.482s
user	0m20.544s
sys	0m0.083s


Number of threads =  24
OMP_SCHEDULE =  static,100
NON AVX
Seed_ts = 144544. RAND_MAX = 2147483647.

area estimate = 1.506646
elapsed wall clock time = 5.430406
elapsed cpu time = 55.049263

real	0m5.450s
user	0m55.349s
sys	0m0.157s

AVX
Seed_ts = 144544. RAND_MAX = 2147483647.

area estimate = 1.506684
elapsed wall clock time = 1.947818
elapsed cpu time = 22.795491

real	0m1.968s
user	0m23.116s
sys	0m0.146s
NON AVX
Seed_ts = 144544. RAND_MAX = 2147483647.

area estimate = 1.506646
elapsed wall clock time = 5.429332
elapsed cpu time = 54.571699

real	0m5.447s
user	0m54.748s
sys	0m0.143s

AVX
Seed_ts = 144544. RAND_MAX = 2147483647.

area estimate = 1.506684
elapsed wall clock time = 1.947713
elapsed cpu time = 22.923661

real	0m1.960s
user	0m22.976s
sys	0m0.144s
NON AVX
Seed_ts = 144544. RAND_MAX = 2147483647.

area estimate = 1.506646
elapsed wall clock time = 5.431762
elapsed cpu time = 55.040979

real	0m5.443s
user	0m55.092s
sys	0m0.144s

AVX
Seed_ts = 144544. RAND_MAX = 2147483647.

area estimate = 1.506684
elapsed wall clock time = 1.949714
elapsed cpu time = 22.920434

real	0m1.956s
user	0m22.955s
sys	0m0.140s


Number of threads =  2
OMP_SCHEDULE =  dynamic
NON AVX
Seed_ts = 144544. RAND_MAX = 2147483647.

area estimate = 1.506624
elapsed wall clock time = 42.059388
elapsed cpu time = 49.358810

real	0m42.081s
user	0m49.367s
sys	0m0.005s

AVX
Seed_ts = 144544. RAND_MAX = 2147483647.

area estimate = 1.506640
elapsed wall clock time = 15.089421
elapsed cpu time = 17.896678

real	0m15.136s
user	0m17.913s
sys	0m0.008s
NON AVX
Seed_ts = 144544. RAND_MAX = 2147483647.

area estimate = 1.506624
elapsed wall clock time = 42.079146
elapsed cpu time = 49.361620

real	0m42.100s
user	0m49.369s
sys	0m0.012s

AVX
Seed_ts = 144544. RAND_MAX = 2147483647.

area estimate = 1.506640
elapsed wall clock time = 15.089310
elapsed cpu time = 17.881417

real	0m15.114s
user	0m17.889s
sys	0m0.006s
NON AVX
Seed_ts = 144544. RAND_MAX = 2147483647.

area estimate = 1.506624
elapsed wall clock time = 42.006422
elapsed cpu time = 49.267909

real	0m42.052s
user	0m49.289s
sys	0m0.012s

AVX
Seed_ts = 144544. RAND_MAX = 2147483647.

area estimate = 1.506640
elapsed wall clock time = 15.085900
elapsed cpu time = 17.903194

real	0m15.105s
user	0m17.912s
sys	0m0.004s


Number of threads =  4
OMP_SCHEDULE =  dynamic
NON AVX
Seed_ts = 144544. RAND_MAX = 2147483647.

area estimate = 1.506662
elapsed wall clock time = 22.474200
elapsed cpu time = 49.876711

real	0m22.502s
user	0m49.905s
sys	0m0.021s

AVX
Seed_ts = 144544. RAND_MAX = 2147483647.

area estimate = 1.506636
elapsed wall clock time = 8.046995
elapsed cpu time = 18.474088

real	0m8.090s
user	0m18.498s
sys	0m0.021s
NON AVX
Seed_ts = 144544. RAND_MAX = 2147483647.

area estimate = 1.506662
elapsed wall clock time = 22.469997
elapsed cpu time = 49.862859

real	0m22.503s
user	0m49.918s
sys	0m0.024s

AVX
Seed_ts = 144544. RAND_MAX = 2147483647.

area estimate = 1.506636
elapsed wall clock time = 8.043120
elapsed cpu time = 18.475432

real	0m8.063s
user	0m18.498s
sys	0m0.021s
NON AVX
Seed_ts = 144544. RAND_MAX = 2147483647.

area estimate = 1.506662
elapsed wall clock time = 22.426360
elapsed cpu time = 49.920939

real	0m22.453s
user	0m49.952s
sys	0m0.020s

AVX
Seed_ts = 144544. RAND_MAX = 2147483647.

area estimate = 1.506636
elapsed wall clock time = 8.046759
elapsed cpu time = 18.466126

real	0m8.086s
user	0m18.494s
sys	0m0.030s


Number of threads =  12
OMP_SCHEDULE =  dynamic
NON AVX
Seed_ts = 144544. RAND_MAX = 2147483647.

area estimate = 1.506654
elapsed wall clock time = 9.718190
elapsed cpu time = 51.966994

real	0m9.743s
user	0m52.105s
sys	0m0.066s

AVX
Seed_ts = 144544. RAND_MAX = 2147483647.

area estimate = 1.506726
elapsed wall clock time = 3.470282
elapsed cpu time = 20.447286

real	0m3.481s
user	0m20.464s
sys	0m0.076s
NON AVX
Seed_ts = 144544. RAND_MAX = 2147483647.

area estimate = 1.506654
elapsed wall clock time = 9.708359
elapsed cpu time = 51.643158

real	0m9.746s
user	0m51.833s
sys	0m0.070s

AVX
Seed_ts = 144544. RAND_MAX = 2147483647.

area estimate = 1.506726
elapsed wall clock time = 3.471351
elapsed cpu time = 20.465788

real	0m3.480s
user	0m20.481s
sys	0m0.065s
NON AVX
Seed_ts = 144544. RAND_MAX = 2147483647.

area estimate = 1.506654
elapsed wall clock time = 9.727810
elapsed cpu time = 51.897033

real	0m9.750s
user	0m51.981s
sys	0m0.082s

AVX
Seed_ts = 144544. RAND_MAX = 2147483647.

area estimate = 1.506726
elapsed wall clock time = 3.469901
elapsed cpu time = 20.172406

real	0m3.483s
user	0m20.192s
sys	0m0.068s


Number of threads =  24
OMP_SCHEDULE =  dynamic
NON AVX
Seed_ts = 144544. RAND_MAX = 2147483647.

area estimate = 1.506646
elapsed wall clock time = 5.433239
elapsed cpu time = 55.228036

real	0m5.460s
user	0m55.431s
sys	0m0.162s

AVX
Seed_ts = 144544. RAND_MAX = 2147483647.

area estimate = 1.506684
elapsed wall clock time = 1.948668
elapsed cpu time = 22.799296

real	0m1.966s
user	0m22.929s
sys	0m0.137s
NON AVX
Seed_ts = 144544. RAND_MAX = 2147483647.

area estimate = 1.506646
elapsed wall clock time = 5.422430
elapsed cpu time = 54.983079

real	0m5.448s
user	0m55.249s
sys	0m0.173s

AVX
Seed_ts = 144544. RAND_MAX = 2147483647.

area estimate = 1.506684
elapsed wall clock time = 1.948782
elapsed cpu time = 23.484839

real	0m1.978s
user	0m23.607s
sys	0m0.155s
NON AVX
Seed_ts = 144544. RAND_MAX = 2147483647.

area estimate = 1.506646
elapsed wall clock time = 5.434820
elapsed cpu time = 55.055421

real	0m5.461s
user	0m55.262s
sys	0m0.155s

AVX
Seed_ts = 144544. RAND_MAX = 2147483647.

area estimate = 1.506684
elapsed wall clock time = 1.947637
elapsed cpu time = 23.339028

real	0m1.955s
user	0m23.378s
sys	0m0.138s


Number of threads =  2
OMP_SCHEDULE =  dynamic,250
NON AVX
Seed_ts = 144544. RAND_MAX = 2147483647.

area estimate = 1.506624
elapsed wall clock time = 42.051604
elapsed cpu time = 49.362223

real	0m42.097s
user	0m49.388s
sys	0m0.009s

AVX
Seed_ts = 144544. RAND_MAX = 2147483647.

area estimate = 1.506640
elapsed wall clock time = 15.095805
elapsed cpu time = 17.881182

real	0m15.121s
user	0m17.895s
sys	0m0.007s
NON AVX
Seed_ts = 144544. RAND_MAX = 2147483647.

area estimate = 1.506624
elapsed wall clock time = 42.080810
elapsed cpu time = 49.357893

real	0m42.134s
user	0m49.371s
sys	0m0.007s

AVX
Seed_ts = 144544. RAND_MAX = 2147483647.

area estimate = 1.506640
elapsed wall clock time = 15.088947
elapsed cpu time = 17.903507

real	0m15.127s
user	0m17.924s
sys	0m0.013s
NON AVX
Seed_ts = 144544. RAND_MAX = 2147483647.

area estimate = 1.506624
elapsed wall clock time = 42.065842
elapsed cpu time = 49.360047

real	0m42.082s
user	0m49.370s
sys	0m0.007s

AVX
Seed_ts = 144544. RAND_MAX = 2147483647.

area estimate = 1.506640
elapsed wall clock time = 15.093008
elapsed cpu time = 17.907231

real	0m15.142s
user	0m17.912s
sys	0m0.005s


Number of threads =  4
OMP_SCHEDULE =  dynamic,250
NON AVX
Seed_ts = 144544. RAND_MAX = 2147483647.

area estimate = 1.506662
elapsed wall clock time = 22.409742
elapsed cpu time = 49.776038

real	0m22.448s
user	0m49.836s
sys	0m0.021s

AVX
Seed_ts = 144544. RAND_MAX = 2147483647.

area estimate = 1.506636
elapsed wall clock time = 8.047609
elapsed cpu time = 18.401891

real	0m8.067s
user	0m18.427s
sys	0m0.017s
NON AVX
Seed_ts = 144544. RAND_MAX = 2147483647.

area estimate = 1.506662
elapsed wall clock time = 22.453997
elapsed cpu time = 49.857098

real	0m22.474s
user	0m49.881s
sys	0m0.022s

AVX
Seed_ts = 144544. RAND_MAX = 2147483647.

area estimate = 1.506636
elapsed wall clock time = 8.048263
elapsed cpu time = 18.398327

real	0m8.081s
user	0m18.402s
sys	0m0.020s
NON AVX
Seed_ts = 144544. RAND_MAX = 2147483647.

area estimate = 1.506662
elapsed wall clock time = 22.468213
elapsed cpu time = 49.940010

real	0m22.506s
user	0m50.001s
sys	0m0.023s

AVX
Seed_ts = 144544. RAND_MAX = 2147483647.

area estimate = 1.506636
elapsed wall clock time = 8.046148
elapsed cpu time = 18.415756

real	0m8.068s
user	0m18.449s
sys	0m0.020s


Number of threads =  12
OMP_SCHEDULE =  dynamic,250
NON AVX
Seed_ts = 144544. RAND_MAX = 2147483647.

area estimate = 1.506654
elapsed wall clock time = 9.724198
elapsed cpu time = 51.679202

real	0m9.750s
user	0m51.771s
sys	0m0.063s

AVX
Seed_ts = 144544. RAND_MAX = 2147483647.

area estimate = 1.506726
elapsed wall clock time = 3.471668
elapsed cpu time = 20.160667

real	0m3.483s
user	0m20.180s
sys	0m0.084s
NON AVX
Seed_ts = 144544. RAND_MAX = 2147483647.

area estimate = 1.506654
elapsed wall clock time = 9.689821
elapsed cpu time = 51.857659

real	0m9.709s
user	0m51.941s
sys	0m0.075s

AVX
Seed_ts = 144544. RAND_MAX = 2147483647.

area estimate = 1.506726
elapsed wall clock time = 3.470871
elapsed cpu time = 20.463682

real	0m3.502s
user	0m20.482s
sys	0m0.061s
NON AVX
Seed_ts = 144544. RAND_MAX = 2147483647.

area estimate = 1.506654
elapsed wall clock time = 9.710092
elapsed cpu time = 51.832609

real	0m9.734s
user	0m51.915s
sys	0m0.071s

AVX
Seed_ts = 144544. RAND_MAX = 2147483647.

area estimate = 1.506726
elapsed wall clock time = 3.470324
elapsed cpu time = 20.545920

real	0m3.481s
user	0m20.561s
sys	0m0.060s


Number of threads =  24
OMP_SCHEDULE =  dynamic,250
NON AVX
Seed_ts = 144544. RAND_MAX = 2147483647.

area estimate = 1.506646
elapsed wall clock time = 5.433670
elapsed cpu time = 55.056085

real	0m5.447s
user	0m55.215s
sys	0m0.157s

AVX
Seed_ts = 144544. RAND_MAX = 2147483647.

area estimate = 1.506684
elapsed wall clock time = 1.948103
elapsed cpu time = 23.491663

real	0m1.960s
user	0m23.544s
sys	0m0.142s
NON AVX
Seed_ts = 144544. RAND_MAX = 2147483647.

area estimate = 1.506646
elapsed wall clock time = 5.427202
elapsed cpu time = 55.005272

real	0m5.457s
user	0m55.402s
sys	0m0.167s

AVX
Seed_ts = 144544. RAND_MAX = 2147483647.

area estimate = 1.506684
elapsed wall clock time = 1.948345
elapsed cpu time = 23.513436

real	0m1.954s
user	0m23.552s
sys	0m0.121s
NON AVX
Seed_ts = 144544. RAND_MAX = 2147483647.

area estimate = 1.506646
elapsed wall clock time = 5.425924
elapsed cpu time = 54.590012

real	0m5.449s
user	0m54.804s
sys	0m0.144s

AVX
Seed_ts = 144544. RAND_MAX = 2147483647.

area estimate = 1.506684
elapsed wall clock time = 1.948220
elapsed cpu time = 23.328616

real	0m1.960s
user	0m23.373s
sys	0m0.153s


Number of threads =  2
OMP_SCHEDULE =  guided
NON AVX
Seed_ts = 144544. RAND_MAX = 2147483647.

area estimate = 1.506624
elapsed wall clock time = 42.063934
elapsed cpu time = 49.379025

real	0m42.086s
user	0m49.390s
sys	0m0.008s

AVX
Seed_ts = 144544. RAND_MAX = 2147483647.

area estimate = 1.506640
elapsed wall clock time = 15.088371
elapsed cpu time = 17.896189

real	0m15.148s
user	0m17.917s
sys	0m0.007s
NON AVX
Seed_ts = 144544. RAND_MAX = 2147483647.

area estimate = 1.506624
elapsed wall clock time = 42.000562
elapsed cpu time = 49.311799

real	0m42.023s
user	0m49.320s
sys	0m0.014s

AVX
Seed_ts = 144544. RAND_MAX = 2147483647.

area estimate = 1.506640
elapsed wall clock time = 15.083028
elapsed cpu time = 17.893870

real	0m15.104s
user	0m17.905s
sys	0m0.009s
NON AVX
Seed_ts = 144544. RAND_MAX = 2147483647.

area estimate = 1.506624
elapsed wall clock time = 42.036449
elapsed cpu time = 49.323959

real	0m42.076s
user	0m49.335s
sys	0m0.012s

AVX
Seed_ts = 144544. RAND_MAX = 2147483647.

area estimate = 1.506640
elapsed wall clock time = 15.092162
elapsed cpu time = 17.877693

real	0m15.105s
user	0m17.887s
sys	0m0.006s


Number of threads =  4
OMP_SCHEDULE =  guided
NON AVX
Seed_ts = 144544. RAND_MAX = 2147483647.

area estimate = 1.506662
elapsed wall clock time = 22.453403
elapsed cpu time = 49.936262

real	0m22.475s
user	0m49.968s
sys	0m0.021s

AVX
Seed_ts = 144544. RAND_MAX = 2147483647.

area estimate = 1.506636
elapsed wall clock time = 8.049611
elapsed cpu time = 18.417368

real	0m8.102s
user	0m18.443s
sys	0m0.024s
NON AVX
Seed_ts = 144544. RAND_MAX = 2147483647.

area estimate = 1.506662
elapsed wall clock time = 22.471035
elapsed cpu time = 49.853634

real	0m22.508s
user	0m49.913s
sys	0m0.021s

AVX
Seed_ts = 144544. RAND_MAX = 2147483647.

area estimate = 1.506636
elapsed wall clock time = 8.050879
elapsed cpu time = 18.483557

real	0m8.069s
user	0m18.507s
sys	0m0.019s
NON AVX
Seed_ts = 144544. RAND_MAX = 2147483647.

area estimate = 1.506662
elapsed wall clock time = 22.460425
elapsed cpu time = 49.937172

real	0m22.480s
user	0m49.965s
sys	0m0.027s

AVX
Seed_ts = 144544. RAND_MAX = 2147483647.

area estimate = 1.506636
elapsed wall clock time = 8.048159
elapsed cpu time = 18.482157

real	0m8.093s
user	0m18.505s
sys	0m0.019s


Number of threads =  12
OMP_SCHEDULE =  guided
NON AVX
Seed_ts = 144544. RAND_MAX = 2147483647.

area estimate = 1.506654
elapsed wall clock time = 9.706146
elapsed cpu time = 51.848949

real	0m9.731s
user	0m51.924s
sys	0m0.079s

AVX
Seed_ts = 144544. RAND_MAX = 2147483647.

area estimate = 1.506726
elapsed wall clock time = 3.471914
elapsed cpu time = 20.177096

real	0m3.487s
user	0m20.249s
sys	0m0.067s
NON AVX
Seed_ts = 144544. RAND_MAX = 2147483647.

area estimate = 1.506654
elapsed wall clock time = 9.721545
elapsed cpu time = 51.649210

real	0m9.756s
user	0m51.871s
sys	0m0.074s

AVX
Seed_ts = 144544. RAND_MAX = 2147483647.

area estimate = 1.506726
elapsed wall clock time = 3.472231
elapsed cpu time = 20.446685

real	0m3.479s
user	0m20.475s
sys	0m0.083s
NON AVX
Seed_ts = 144544. RAND_MAX = 2147483647.

area estimate = 1.506654
elapsed wall clock time = 9.725238
elapsed cpu time = 51.881460

real	0m9.751s
user	0m51.968s
sys	0m0.080s

AVX
Seed_ts = 144544. RAND_MAX = 2147483647.

area estimate = 1.506726
elapsed wall clock time = 3.470795
elapsed cpu time = 20.240838

real	0m3.482s
user	0m20.267s
sys	0m0.067s


Number of threads =  24
OMP_SCHEDULE =  guided
NON AVX
Seed_ts = 144544. RAND_MAX = 2147483647.

area estimate = 1.506646
elapsed wall clock time = 5.433886
elapsed cpu time = 55.224714

real	0m5.452s
user	0m55.388s
sys	0m0.161s

AVX
Seed_ts = 144544. RAND_MAX = 2147483647.

area estimate = 1.506684
elapsed wall clock time = 1.947373
elapsed cpu time = 23.330123

real	0m1.959s
user	0m23.373s
sys	0m0.150s
NON AVX
Seed_ts = 144544. RAND_MAX = 2147483647.

area estimate = 1.506646
elapsed wall clock time = 5.424464
elapsed cpu time = 55.167692

real	0m5.433s
user	0m55.221s
sys	0m0.155s

AVX
Seed_ts = 144544. RAND_MAX = 2147483647.

area estimate = 1.506684
elapsed wall clock time = 1.950582
elapsed cpu time = 23.373011

real	0m1.977s
user	0m23.406s
sys	0m0.115s
NON AVX
Seed_ts = 144544. RAND_MAX = 2147483647.

area estimate = 1.506646
elapsed wall clock time = 5.423043
elapsed cpu time = 55.185400

real	0m5.445s
user	0m55.359s
sys	0m0.167s

AVX
Seed_ts = 144544. RAND_MAX = 2147483647.

area estimate = 1.506684
elapsed wall clock time = 1.948023
elapsed cpu time = 23.336150

real	0m1.962s
user	0m23.374s
sys	0m0.149s


MANDOMP THREAD SAFE VERSION COLLAPSED ACROSS SCHEDULES ACROSS THREAD COUNTS


Number of threads =  2
OMP_SCHEDULE =  static,1
NON AVX
Seed_ts = 144544. RAND_MAX = 2147483647.

area estimate = 1.506624
elapsed wall clock time = 42.131620
elapsed cpu time = 49.447612

real	0m42.168s
user	0m49.466s
sys	0m0.007s

AVX
Seed_ts = 144544. RAND_MAX = 2147483647.

area estimate = 1.506594
elapsed wall clock time = 15.155371
elapsed cpu time = 17.936873

real	0m15.170s
user	0m17.944s
sys	0m0.004s
NON AVX
Seed_ts = 144544. RAND_MAX = 2147483647.

area estimate = 1.506624
elapsed wall clock time = 42.134552
elapsed cpu time = 49.424212

real	0m42.181s
user	0m49.434s
sys	0m0.008s

AVX
Seed_ts = 144544. RAND_MAX = 2147483647.

area estimate = 1.506594
elapsed wall clock time = 15.148898
elapsed cpu time = 17.955858

real	0m15.176s
user	0m17.971s
sys	0m0.012s
NON AVX
Seed_ts = 144544. RAND_MAX = 2147483647.

area estimate = 1.506624
elapsed wall clock time = 42.118186
elapsed cpu time = 49.421676

real	0m42.139s
user	0m49.431s
sys	0m0.005s

AVX
Seed_ts = 144544. RAND_MAX = 2147483647.

area estimate = 1.506594
elapsed wall clock time = 15.138539
elapsed cpu time = 17.926365

real	0m15.178s
user	0m17.935s
sys	0m0.008s


Number of threads =  4
OMP_SCHEDULE =  static,1
NON AVX
Seed_ts = 144544. RAND_MAX = 2147483647.

area estimate = 1.506662
elapsed wall clock time = 22.506325
elapsed cpu time = 50.027008

real	0m22.544s
user	0m50.070s
sys	0m0.018s

AVX
Seed_ts = 144544. RAND_MAX = 2147483647.

area estimate = 1.506680
elapsed wall clock time = 8.071985
elapsed cpu time = 18.522139

real	0m8.096s
user	0m18.556s
sys	0m0.019s
NON AVX
Seed_ts = 144544. RAND_MAX = 2147483647.

area estimate = 1.506662
elapsed wall clock time = 22.502427
elapsed cpu time = 50.017443

real	0m22.533s
user	0m50.039s
sys	0m0.021s

AVX
Seed_ts = 144544. RAND_MAX = 2147483647.

area estimate = 1.506680
elapsed wall clock time = 8.077566
elapsed cpu time = 18.525681

real	0m8.123s
user	0m18.551s
sys	0m0.023s
NON AVX
Seed_ts = 144544. RAND_MAX = 2147483647.

area estimate = 1.506662
elapsed wall clock time = 22.503802
elapsed cpu time = 50.018658

real	0m22.550s
user	0m50.069s
sys	0m0.016s

AVX
Seed_ts = 144544. RAND_MAX = 2147483647.

area estimate = 1.506680
elapsed wall clock time = 8.065188
elapsed cpu time = 18.507897

real	0m8.084s
user	0m18.528s
sys	0m0.023s


Number of threads =  12
OMP_SCHEDULE =  static,1
NON AVX
Seed_ts = 144544. RAND_MAX = 2147483647.

area estimate = 1.506742
elapsed wall clock time = 9.779128
elapsed cpu time = 51.816998

real	0m9.821s
user	0m51.960s
sys	0m0.069s

AVX
Seed_ts = 144544. RAND_MAX = 2147483647.

area estimate = 1.506786
elapsed wall clock time = 3.498284
elapsed cpu time = 20.553851

real	0m3.513s
user	0m20.574s
sys	0m0.076s
NON AVX
Seed_ts = 144544. RAND_MAX = 2147483647.

area estimate = 1.506742
elapsed wall clock time = 9.784583
elapsed cpu time = 52.116655

real	0m9.800s
user	0m52.202s
sys	0m0.082s

AVX
Seed_ts = 144544. RAND_MAX = 2147483647.

area estimate = 1.506786
elapsed wall clock time = 3.495315
elapsed cpu time = 20.562950

real	0m3.530s
user	0m20.580s
sys	0m0.070s
NON AVX
Seed_ts = 144544. RAND_MAX = 2147483647.

area estimate = 1.506742
elapsed wall clock time = 9.783306
elapsed cpu time = 52.116698

real	0m9.811s
user	0m52.229s
sys	0m0.084s

AVX
Seed_ts = 144544. RAND_MAX = 2147483647.

area estimate = 1.506786
elapsed wall clock time = 3.495110
elapsed cpu time = 20.487293

real	0m3.516s
user	0m20.507s
sys	0m0.063s


Number of threads =  24
OMP_SCHEDULE =  static,1
NON AVX
Seed_ts = 144544. RAND_MAX = 2147483647.

area estimate = 1.506696
elapsed wall clock time = 5.473634
elapsed cpu time = 54.783813

real	0m5.490s
user	0m54.822s
sys	0m0.153s

AVX
Seed_ts = 144544. RAND_MAX = 2147483647.

area estimate = 1.506602
elapsed wall clock time = 1.963814
elapsed cpu time = 22.920270

real	0m1.983s
user	0m22.991s
sys	0m0.150s
NON AVX
Seed_ts = 144544. RAND_MAX = 2147483647.

area estimate = 1.506696
elapsed wall clock time = 5.470175
elapsed cpu time = 54.653478

real	0m5.511s
user	0m55.125s
sys	0m0.150s

AVX
Seed_ts = 144544. RAND_MAX = 2147483647.

area estimate = 1.506602
elapsed wall clock time = 1.965328
elapsed cpu time = 23.348924

real	0m1.975s
user	0m23.395s
sys	0m0.169s
NON AVX
Seed_ts = 144544. RAND_MAX = 2147483647.

area estimate = 1.506696
elapsed wall clock time = 5.471497
elapsed cpu time = 54.912634

real	0m5.498s
user	0m55.134s
sys	0m0.162s

AVX
Seed_ts = 144544. RAND_MAX = 2147483647.

area estimate = 1.506602
elapsed wall clock time = 1.963876
elapsed cpu time = 22.937837

real	0m1.982s
user	0m22.976s
sys	0m0.133s


Number of threads =  2
OMP_SCHEDULE =  static,100
NON AVX
Seed_ts = 144544. RAND_MAX = 2147483647.

area estimate = 1.506624
elapsed wall clock time = 42.108551
elapsed cpu time = 49.434019

real	0m42.129s
user	0m49.443s
sys	0m0.008s

AVX
Seed_ts = 144544. RAND_MAX = 2147483647.

area estimate = 1.506594
elapsed wall clock time = 15.138816
elapsed cpu time = 17.933791

real	0m15.199s
user	0m17.960s
sys	0m0.002s
NON AVX
Seed_ts = 144544. RAND_MAX = 2147483647.

area estimate = 1.506624
elapsed wall clock time = 42.099325
elapsed cpu time = 49.426788

real	0m42.134s
user	0m49.442s
sys	0m0.008s

AVX
Seed_ts = 144544. RAND_MAX = 2147483647.

area estimate = 1.506594
elapsed wall clock time = 15.138129
elapsed cpu time = 17.951434

real	0m15.163s
user	0m17.961s
sys	0m0.010s
NON AVX
Seed_ts = 144544. RAND_MAX = 2147483647.

area estimate = 1.506624
elapsed wall clock time = 42.099998
elapsed cpu time = 49.425247

real	0m42.151s
user	0m49.443s
sys	0m0.008s

AVX
Seed_ts = 144544. RAND_MAX = 2147483647.

area estimate = 1.506594
elapsed wall clock time = 15.139249
elapsed cpu time = 17.918014

real	0m15.178s
user	0m17.933s
sys	0m0.010s


Number of threads =  4
OMP_SCHEDULE =  static,100
NON AVX
Seed_ts = 144544. RAND_MAX = 2147483647.

area estimate = 1.506662
elapsed wall clock time = 22.494090
elapsed cpu time = 49.943136

real	0m22.522s
user	0m49.969s
sys	0m0.018s

AVX
Seed_ts = 144544. RAND_MAX = 2147483647.

area estimate = 1.506680
elapsed wall clock time = 8.077241
elapsed cpu time = 18.438050

real	0m8.125s
user	0m18.471s
sys	0m0.026s
NON AVX
Seed_ts = 144544. RAND_MAX = 2147483647.

area estimate = 1.506662
elapsed wall clock time = 22.501754
elapsed cpu time = 50.020923

real	0m22.541s
user	0m50.059s
sys	0m0.025s

AVX
Seed_ts = 144544. RAND_MAX = 2147483647.

area estimate = 1.506680
elapsed wall clock time = 8.064078
elapsed cpu time = 18.529464

real	0m8.095s
user	0m18.575s
sys	0m0.018s
NON AVX
Seed_ts = 144544. RAND_MAX = 2147483647.

area estimate = 1.506662
elapsed wall clock time = 22.508791
elapsed cpu time = 50.030264

real	0m22.538s
user	0m50.054s
sys	0m0.016s

AVX
Seed_ts = 144544. RAND_MAX = 2147483647.

area estimate = 1.506680
elapsed wall clock time = 8.061957
elapsed cpu time = 18.458618

real	0m8.096s
user	0m18.480s
sys	0m0.019s


Number of threads =  12
OMP_SCHEDULE =  static,100
NON AVX
Seed_ts = 144544. RAND_MAX = 2147483647.

area estimate = 1.506742
elapsed wall clock time = 9.780170
elapsed cpu time = 51.741057

real	0m9.812s
user	0m51.857s
sys	0m0.069s

AVX
Seed_ts = 144544. RAND_MAX = 2147483647.

area estimate = 1.506786
elapsed wall clock time = 3.509020
elapsed cpu time = 20.553686

real	0m3.521s
user	0m20.571s
sys	0m0.087s
NON AVX
Seed_ts = 144544. RAND_MAX = 2147483647.

area estimate = 1.506742
elapsed wall clock time = 9.779428
elapsed cpu time = 52.108904

real	0m9.806s
user	0m52.206s
sys	0m0.078s

AVX
Seed_ts = 144544. RAND_MAX = 2147483647.

area estimate = 1.506786
elapsed wall clock time = 3.500356
elapsed cpu time = 20.551561

real	0m3.514s
user	0m20.563s
sys	0m0.088s
NON AVX
Seed_ts = 144544. RAND_MAX = 2147483647.

area estimate = 1.506742
elapsed wall clock time = 9.780137
elapsed cpu time = 52.032132

real	0m9.796s
user	0m52.126s
sys	0m0.085s

AVX
Seed_ts = 144544. RAND_MAX = 2147483647.

area estimate = 1.506786
elapsed wall clock time = 3.502736
elapsed cpu time = 20.270829

real	0m3.515s
user	0m20.294s
sys	0m0.066s


Number of threads =  24
OMP_SCHEDULE =  static,100
NON AVX
Seed_ts = 144544. RAND_MAX = 2147483647.

area estimate = 1.506696
elapsed wall clock time = 5.471073
elapsed cpu time = 55.230679

real	0m5.499s
user	0m55.412s
sys	0m0.152s

AVX
Seed_ts = 144544. RAND_MAX = 2147483647.

area estimate = 1.506602
elapsed wall clock time = 1.964388
elapsed cpu time = 23.349771

real	0m1.979s
user	0m23.429s
sys	0m0.140s
NON AVX
Seed_ts = 144544. RAND_MAX = 2147483647.

area estimate = 1.506696
elapsed wall clock time = 5.471030
elapsed cpu time = 54.790817

real	0m5.494s
user	0m55.004s
sys	0m0.147s

AVX
Seed_ts = 144544. RAND_MAX = 2147483647.

area estimate = 1.506602
elapsed wall clock time = 1.966275
elapsed cpu time = 23.328863

real	0m2.000s
user	0m23.366s
sys	0m0.159s
NON AVX
Seed_ts = 144544. RAND_MAX = 2147483647.

area estimate = 1.506696
elapsed wall clock time = 5.471778
elapsed cpu time = 55.387127

real	0m5.493s
user	0m55.602s
sys	0m0.165s

AVX
Seed_ts = 144544. RAND_MAX = 2147483647.

area estimate = 1.506602
elapsed wall clock time = 1.964717
elapsed cpu time = 23.506544

real	0m1.995s
user	0m23.710s
sys	0m0.149s


Number of threads =  2
OMP_SCHEDULE =  dynamic
NON AVX
Seed_ts = 144544. RAND_MAX = 2147483647.

area estimate = 1.506624
elapsed wall clock time = 42.123842
elapsed cpu time = 49.441265

real	0m42.157s
user	0m49.461s
sys	0m0.010s

AVX
Seed_ts = 144544. RAND_MAX = 2147483647.

area estimate = 1.506594
elapsed wall clock time = 15.141684
elapsed cpu time = 17.926870

real	0m15.156s
user	0m17.932s
sys	0m0.011s
NON AVX
Seed_ts = 144544. RAND_MAX = 2147483647.

area estimate = 1.506624
elapsed wall clock time = 42.118355
elapsed cpu time = 49.415607

real	0m42.170s
user	0m49.434s
sys	0m0.011s

AVX
Seed_ts = 144544. RAND_MAX = 2147483647.

area estimate = 1.506594
elapsed wall clock time = 15.156580
elapsed cpu time = 17.956956

real	0m15.196s
user	0m17.980s
sys	0m0.006s
NON AVX
Seed_ts = 144544. RAND_MAX = 2147483647.

area estimate = 1.506624
elapsed wall clock time = 42.139448
elapsed cpu time = 49.444142

real	0m42.156s
user	0m49.454s
sys	0m0.006s

AVX
Seed_ts = 144544. RAND_MAX = 2147483647.

area estimate = 1.506594
elapsed wall clock time = 15.159215
elapsed cpu time = 17.940266

real	0m15.203s
user	0m17.951s
sys	0m0.009s


Number of threads =  4
OMP_SCHEDULE =  dynamic
NON AVX
Seed_ts = 144544. RAND_MAX = 2147483647.

area estimate = 1.506662
elapsed wall clock time = 22.502826
elapsed cpu time = 50.018279

real	0m22.541s
user	0m50.080s
sys	0m0.026s

AVX
Seed_ts = 144544. RAND_MAX = 2147483647.

area estimate = 1.506680
elapsed wall clock time = 8.066687
elapsed cpu time = 18.538365

real	0m8.087s
user	0m18.566s
sys	0m0.030s
NON AVX
Seed_ts = 144544. RAND_MAX = 2147483647.

area estimate = 1.506662
elapsed wall clock time = 22.500818
elapsed cpu time = 50.046107

real	0m22.538s
user	0m50.087s
sys	0m0.019s

AVX
Seed_ts = 144544. RAND_MAX = 2147483647.

area estimate = 1.506680
elapsed wall clock time = 8.070797
elapsed cpu time = 18.450100

real	0m8.107s
user	0m18.475s
sys	0m0.012s
NON AVX
Seed_ts = 144544. RAND_MAX = 2147483647.

area estimate = 1.506662
elapsed wall clock time = 22.497429
elapsed cpu time = 50.028299

real	0m22.537s
user	0m50.097s
sys	0m0.030s

AVX
Seed_ts = 144544. RAND_MAX = 2147483647.

area estimate = 1.506680
elapsed wall clock time = 8.065794
elapsed cpu time = 18.539522

real	0m8.088s
user	0m18.567s
sys	0m0.024s


Number of threads =  12
OMP_SCHEDULE =  dynamic
NON AVX
Seed_ts = 144544. RAND_MAX = 2147483647.

area estimate = 1.506742
elapsed wall clock time = 9.788139
elapsed cpu time = 51.779724

real	0m9.820s
user	0m51.863s
sys	0m0.060s

AVX
Seed_ts = 144544. RAND_MAX = 2147483647.

area estimate = 1.506786
elapsed wall clock time = 3.499018
elapsed cpu time = 20.554246

real	0m3.510s
user	0m20.571s
sys	0m0.083s
NON AVX
Seed_ts = 144544. RAND_MAX = 2147483647.

area estimate = 1.506742
elapsed wall clock time = 9.781123
elapsed cpu time = 52.112042

real	0m9.801s
user	0m52.196s
sys	0m0.080s

AVX
Seed_ts = 144544. RAND_MAX = 2147483647.

area estimate = 1.506786
elapsed wall clock time = 3.499158
elapsed cpu time = 20.265590

real	0m3.524s
user	0m20.286s
sys	0m0.071s
NON AVX
Seed_ts = 144544. RAND_MAX = 2147483647.

area estimate = 1.506742
elapsed wall clock time = 9.777950
elapsed cpu time = 52.017423

real	0m9.795s
user	0m52.124s
sys	0m0.090s

AVX
Seed_ts = 144544. RAND_MAX = 2147483647.

area estimate = 1.506786
elapsed wall clock time = 3.495317
elapsed cpu time = 20.556347

real	0m3.514s
user	0m20.576s
sys	0m0.068s


Number of threads =  24
OMP_SCHEDULE =  dynamic
NON AVX
Seed_ts = 144544. RAND_MAX = 2147483647.

area estimate = 1.506696
elapsed wall clock time = 5.470023
elapsed cpu time = 55.390193

real	0m5.492s
user	0m55.584s
sys	0m0.162s

AVX
Seed_ts = 144544. RAND_MAX = 2147483647.

area estimate = 1.506602
elapsed wall clock time = 1.961113
elapsed cpu time = 23.353980

real	0m1.978s
user	0m23.412s
sys	0m0.138s
NON AVX
Seed_ts = 144544. RAND_MAX = 2147483647.

area estimate = 1.506696
elapsed wall clock time = 5.474213
elapsed cpu time = 54.809138

real	0m5.511s
user	0m55.243s
sys	0m0.136s

AVX
Seed_ts = 144544. RAND_MAX = 2147483647.

area estimate = 1.506602
elapsed wall clock time = 1.963012
elapsed cpu time = 23.502872

real	0m1.972s
user	0m23.537s
sys	0m0.143s
NON AVX
Seed_ts = 144544. RAND_MAX = 2147483647.

area estimate = 1.506696
elapsed wall clock time = 5.471170
elapsed cpu time = 55.259853

real	0m5.495s
user	0m55.480s
sys	0m0.147s

AVX
Seed_ts = 144544. RAND_MAX = 2147483647.

area estimate = 1.506602
elapsed wall clock time = 1.964786
elapsed cpu time = 23.341387

real	0m1.984s
user	0m23.374s
sys	0m0.152s


Number of threads =  2
OMP_SCHEDULE =  dynamic,250
NON AVX
Seed_ts = 144544. RAND_MAX = 2147483647.

area estimate = 1.506624
elapsed wall clock time = 42.117974
elapsed cpu time = 49.434043

real	0m42.140s
user	0m49.444s
sys	0m0.009s

AVX
Seed_ts = 144544. RAND_MAX = 2147483647.

area estimate = 1.506594
elapsed wall clock time = 15.144119
elapsed cpu time = 17.951758

real	0m15.669s
user	0m18.147s
sys	0m0.011s
NON AVX
Seed_ts = 144544. RAND_MAX = 2147483647.

area estimate = 1.506624
elapsed wall clock time = 42.123728
elapsed cpu time = 49.431125

real	0m42.143s
user	0m49.442s
sys	0m0.010s

AVX
Seed_ts = 144544. RAND_MAX = 2147483647.

area estimate = 1.506594
elapsed wall clock time = 15.149741
elapsed cpu time = 17.954715

real	0m15.174s
user	0m17.959s
sys	0m0.007s
NON AVX
Seed_ts = 144544. RAND_MAX = 2147483647.

area estimate = 1.506624
elapsed wall clock time = 42.108296
elapsed cpu time = 49.427029

real	0m42.163s
user	0m49.449s
sys	0m0.006s

AVX
Seed_ts = 144544. RAND_MAX = 2147483647.

area estimate = 1.506594
elapsed wall clock time = 15.149239
elapsed cpu time = 17.962527

real	0m15.162s
user	0m17.967s
sys	0m0.005s


Number of threads =  4
OMP_SCHEDULE =  dynamic,250
NON AVX
Seed_ts = 144544. RAND_MAX = 2147483647.

area estimate = 1.506662
elapsed wall clock time = 22.499025
elapsed cpu time = 49.936808

real	0m22.530s
user	0m49.966s
sys	0m0.018s

AVX
Seed_ts = 144544. RAND_MAX = 2147483647.

area estimate = 1.506680
elapsed wall clock time = 8.079472
elapsed cpu time = 18.524580

real	0m8.129s
user	0m18.546s
sys	0m0.025s
NON AVX
Seed_ts = 144544. RAND_MAX = 2147483647.

area estimate = 1.506662
elapsed wall clock time = 22.488494
elapsed cpu time = 50.004452

real	0m22.538s
user	0m50.095s
sys	0m0.023s

AVX
Seed_ts = 144544. RAND_MAX = 2147483647.

area estimate = 1.506680
elapsed wall clock time = 8.075404
elapsed cpu time = 18.454489

real	0m8.090s
user	0m18.462s
sys	0m0.013s
NON AVX
Seed_ts = 144544. RAND_MAX = 2147483647.

area estimate = 1.506662
elapsed wall clock time = 22.503052
elapsed cpu time = 49.953213

real	0m22.533s
user	0m49.978s
sys	0m0.028s

AVX
Seed_ts = 144544. RAND_MAX = 2147483647.

area estimate = 1.506680
elapsed wall clock time = 8.064777
elapsed cpu time = 18.438596

real	0m8.112s
user	0m18.460s
sys	0m0.026s


Number of threads =  12
OMP_SCHEDULE =  dynamic,250
NON AVX
Seed_ts = 144544. RAND_MAX = 2147483647.

area estimate = 1.506742
elapsed wall clock time = 9.778998
elapsed cpu time = 51.733011

real	0m9.805s
user	0m51.825s
sys	0m0.087s

AVX
Seed_ts = 144544. RAND_MAX = 2147483647.

area estimate = 1.506786
elapsed wall clock time = 3.492292
elapsed cpu time = 20.464150

real	0m3.511s
user	0m20.481s
sys	0m0.082s
NON AVX
Seed_ts = 144544. RAND_MAX = 2147483647.

area estimate = 1.506742
elapsed wall clock time = 9.779660
elapsed cpu time = 51.827859

real	0m9.813s
user	0m52.072s
sys	0m0.072s

AVX
Seed_ts = 144544. RAND_MAX = 2147483647.

area estimate = 1.506786
elapsed wall clock time = 3.492862
elapsed cpu time = 20.460140

real	0m3.505s
user	0m20.475s
sys	0m0.081s
NON AVX
Seed_ts = 144544. RAND_MAX = 2147483647.

area estimate = 1.506742
elapsed wall clock time = 9.779549
elapsed cpu time = 52.052731

real	0m9.803s
user	0m52.150s
sys	0m0.057s

AVX
Seed_ts = 144544. RAND_MAX = 2147483647.

area estimate = 1.506786
elapsed wall clock time = 3.495518
elapsed cpu time = 20.468990

real	0m3.511s
user	0m20.484s
sys	0m0.086s


Number of threads =  24
OMP_SCHEDULE =  dynamic,250
NON AVX
Seed_ts = 144544. RAND_MAX = 2147483647.

area estimate = 1.506696
elapsed wall clock time = 5.470176
elapsed cpu time = 55.371023

real	0m5.490s
user	0m55.578s
sys	0m0.170s

AVX
Seed_ts = 144544. RAND_MAX = 2147483647.

area estimate = 1.506602
elapsed wall clock time = 1.963816
elapsed cpu time = 22.925845

real	0m1.982s
user	0m22.991s
sys	0m0.144s
NON AVX
Seed_ts = 144544. RAND_MAX = 2147483647.

area estimate = 1.506696
elapsed wall clock time = 5.472031
elapsed cpu time = 54.805175

real	0m5.495s
user	0m55.014s
sys	0m0.134s

AVX
Seed_ts = 144544. RAND_MAX = 2147483647.

area estimate = 1.506602
elapsed wall clock time = 1.964321
elapsed cpu time = 23.489986

real	0m1.994s
user	0m23.526s
sys	0m0.161s
NON AVX
Seed_ts = 144544. RAND_MAX = 2147483647.

area estimate = 1.506696
elapsed wall clock time = 5.470135
elapsed cpu time = 55.215106

real	0m5.490s
user	0m55.391s
sys	0m0.170s

AVX
Seed_ts = 144544. RAND_MAX = 2147483647.

area estimate = 1.506602
elapsed wall clock time = 1.963528
elapsed cpu time = 23.330019

real	0m1.974s
user	0m23.367s
sys	0m0.159s


Number of threads =  2
OMP_SCHEDULE =  guided
NON AVX
Seed_ts = 144544. RAND_MAX = 2147483647.

area estimate = 1.506624
elapsed wall clock time = 42.107049
elapsed cpu time = 49.417379

real	0m42.139s
user	0m49.438s
sys	0m0.006s

AVX
Seed_ts = 144544. RAND_MAX = 2147483647.

area estimate = 1.506594
elapsed wall clock time = 15.145652
elapsed cpu time = 17.930016

real	0m15.164s
user	0m17.939s
sys	0m0.011s
NON AVX
Seed_ts = 144544. RAND_MAX = 2147483647.

area estimate = 1.506624
elapsed wall clock time = 42.105013
elapsed cpu time = 49.404554

real	0m42.145s
user	0m49.415s
sys	0m0.010s

AVX
Seed_ts = 144544. RAND_MAX = 2147483647.

area estimate = 1.506594
elapsed wall clock time = 15.151042
elapsed cpu time = 17.960367

real	0m15.193s
user	0m17.982s
sys	0m0.004s
NON AVX
Seed_ts = 144544. RAND_MAX = 2147483647.

area estimate = 1.506624
elapsed wall clock time = 42.112760
elapsed cpu time = 49.434233

real	0m42.134s
user	0m49.444s
sys	0m0.008s

AVX
Seed_ts = 144544. RAND_MAX = 2147483647.

area estimate = 1.506594
elapsed wall clock time = 15.135812
elapsed cpu time = 17.936047

real	0m15.166s
user	0m17.945s
sys	0m0.008s


Number of threads =  4
OMP_SCHEDULE =  guided
NON AVX
Seed_ts = 144544. RAND_MAX = 2147483647.

area estimate = 1.506662
elapsed wall clock time = 22.488232
elapsed cpu time = 50.004458

real	0m22.522s
user	0m50.048s
sys	0m0.027s

AVX
Seed_ts = 144544. RAND_MAX = 2147483647.

area estimate = 1.506680
elapsed wall clock time = 8.075324
elapsed cpu time = 18.530488

real	0m8.095s
user	0m18.556s
sys	0m0.023s
NON AVX
Seed_ts = 144544. RAND_MAX = 2147483647.

area estimate = 1.506662
elapsed wall clock time = 22.504558
elapsed cpu time = 50.030003

real	0m22.541s
user	0m50.082s
sys	0m0.018s

AVX
Seed_ts = 144544. RAND_MAX = 2147483647.

area estimate = 1.506680
elapsed wall clock time = 8.068786
elapsed cpu time = 18.442832

real	0m8.097s
user	0m18.466s
sys	0m0.018s
NON AVX
Seed_ts = 144544. RAND_MAX = 2147483647.

area estimate = 1.506662
elapsed wall clock time = 22.494602
elapsed cpu time = 50.039977

real	0m22.530s
user	0m50.097s
sys	0m0.019s

AVX
Seed_ts = 144544. RAND_MAX = 2147483647.

area estimate = 1.506680
elapsed wall clock time = 8.074630
elapsed cpu time = 18.527895

real	0m8.095s
user	0m18.552s
sys	0m0.019s


Number of threads =  12
OMP_SCHEDULE =  guided
NON AVX
Seed_ts = 144544. RAND_MAX = 2147483647.

area estimate = 1.506742
elapsed wall clock time = 9.782437
elapsed cpu time = 51.836589

real	0m9.808s
user	0m51.874s
sys	0m0.057s

AVX
Seed_ts = 144544. RAND_MAX = 2147483647.

area estimate = 1.506786
elapsed wall clock time = 3.492735
elapsed cpu time = 20.470498

real	0m3.508s
user	0m20.486s
sys	0m0.074s
NON AVX
Seed_ts = 144544. RAND_MAX = 2147483647.

area estimate = 1.506742
elapsed wall clock time = 9.786123
elapsed cpu time = 52.115742

real	0m9.810s
user	0m52.239s
sys	0m0.089s

AVX
Seed_ts = 144544. RAND_MAX = 2147483647.

area estimate = 1.506786
elapsed wall clock time = 3.493350
elapsed cpu time = 20.564034

real	0m3.527s
user	0m20.588s
sys	0m0.065s
NON AVX
Seed_ts = 144544. RAND_MAX = 2147483647.

area estimate = 1.506742
elapsed wall clock time = 9.779895
elapsed cpu time = 52.041422

real	0m9.799s
user	0m52.129s
sys	0m0.068s

AVX
Seed_ts = 144544. RAND_MAX = 2147483647.

area estimate = 1.506786
elapsed wall clock time = 3.494524
elapsed cpu time = 20.467845

real	0m3.505s
user	0m20.486s
sys	0m0.076s


Number of threads =  24
OMP_SCHEDULE =  guided
NON AVX
Seed_ts = 144544. RAND_MAX = 2147483647.

area estimate = 1.506696
elapsed wall clock time = 5.470782
elapsed cpu time = 54.784084

real	0m5.484s
user	0m54.943s
sys	0m0.150s

AVX
Seed_ts = 144544. RAND_MAX = 2147483647.

area estimate = 1.506602
elapsed wall clock time = 1.963558
elapsed cpu time = 22.933744

real	0m1.984s
user	0m22.989s
sys	0m0.139s
NON AVX
Seed_ts = 144544. RAND_MAX = 2147483647.

area estimate = 1.506696
elapsed wall clock time = 5.472502
elapsed cpu time = 55.398748

real	0m5.503s
user	0m55.796s
sys	0m0.166s

AVX
Seed_ts = 144544. RAND_MAX = 2147483647.

area estimate = 1.506602
elapsed wall clock time = 1.963815
elapsed cpu time = 22.945038

real	0m1.970s
user	0m22.975s
sys	0m0.123s
NON AVX
Seed_ts = 144544. RAND_MAX = 2147483647.

area estimate = 1.506696
elapsed wall clock time = 5.472329
elapsed cpu time = 55.227847

real	0m5.493s
user	0m55.393s
sys	0m0.172s

AVX
Seed_ts = 144544. RAND_MAX = 2147483647.

area estimate = 1.506602
elapsed wall clock time = 1.964056
elapsed cpu time = 23.071424

real	0m1.980s
user	0m23.108s
sys	0m0.136s
