cleaning
SRC_FILES = src/drand-ts.c src/drand.c src/mandomp-avx.c src/mandomp-collapse-avx.c src/mandomp-collapse.c src/mandomp-tasks-columns-shared.c src/mandomp-tasks-columns.c src/mandomp-tasks.c src/mandomp-ts-avx-parallel.c src/mandomp-ts-avx.c src/mandomp-ts.c src/mandomp.c src/mandseq-avx.c src/mandseq.c src/timing.c src/utilities.c
OBJ_FILES =  obj/drand-ts.o  obj/drand.o  obj/mandomp-avx.o  obj/mandomp-collapse-avx.o  obj/mandomp-collapse.o  obj/mandomp-tasks-columns-shared.o  obj/mandomp-tasks-columns.o  obj/mandomp-tasks.o  obj/mandomp-ts-avx-parallel.o  obj/mandomp-ts-avx.o  obj/mandomp-ts.o  obj/mandomp.o  obj/mandseq-avx.o  obj/mandseq.o  obj/timing.o  obj/utilities.o
rm -f bin/mandomp obj/mandomp.o
SRC_FILES = src/drand-ts.c src/drand.c src/mandomp-avx.c src/mandomp-collapse-avx.c src/mandomp-collapse.c src/mandomp-tasks-columns-shared.c src/mandomp-tasks-columns.c src/mandomp-tasks.c src/mandomp-ts-avx-parallel.c src/mandomp-ts-avx.c src/mandomp-ts.c src/mandomp.c src/mandseq-avx.c src/mandseq.c src/timing.c src/utilities.c
OBJ_FILES =  obj/drand-ts.o  obj/drand.o  obj/mandomp-avx.o  obj/mandomp-collapse-avx.o  obj/mandomp-collapse.o  obj/mandomp-tasks-columns-shared.o  obj/mandomp-tasks-columns.o  obj/mandomp-tasks.o  obj/mandomp-ts-avx-parallel.o  obj/mandomp-ts-avx.o  obj/mandomp-ts.o  obj/mandomp.o  obj/mandseq-avx.o  obj/mandseq.o  obj/timing.o  obj/utilities.o
rm -f bin/mandomp-avx obj/mandomp-avx.o
SRC_FILES = src/drand-ts.c src/drand.c src/mandomp-avx.c src/mandomp-collapse-avx.c src/mandomp-collapse.c src/mandomp-tasks-columns-shared.c src/mandomp-tasks-columns.c src/mandomp-tasks.c src/mandomp-ts-avx-parallel.c src/mandomp-ts-avx.c src/mandomp-ts.c src/mandomp.c src/mandseq-avx.c src/mandseq.c src/timing.c src/utilities.c
OBJ_FILES =  obj/drand-ts.o  obj/drand.o  obj/mandomp-avx.o  obj/mandomp-collapse-avx.o  obj/mandomp-collapse.o  obj/mandomp-tasks-columns-shared.o  obj/mandomp-tasks-columns.o  obj/mandomp-tasks.o  obj/mandomp-ts-avx-parallel.o  obj/mandomp-ts-avx.o  obj/mandomp-ts.o  obj/mandomp.o  obj/mandseq-avx.o  obj/mandseq.o  obj/timing.o  obj/utilities.o
rm -f bin/mandomp-ts obj/mandomp-ts.o
SRC_FILES = src/drand-ts.c src/drand.c src/mandomp-avx.c src/mandomp-collapse-avx.c src/mandomp-collapse.c src/mandomp-tasks-columns-shared.c src/mandomp-tasks-columns.c src/mandomp-tasks.c src/mandomp-ts-avx-parallel.c src/mandomp-ts-avx.c src/mandomp-ts.c src/mandomp.c src/mandseq-avx.c src/mandseq.c src/timing.c src/utilities.c
OBJ_FILES =  obj/drand-ts.o  obj/drand.o  obj/mandomp-avx.o  obj/mandomp-collapse-avx.o  obj/mandomp-collapse.o  obj/mandomp-tasks-columns-shared.o  obj/mandomp-tasks-columns.o  obj/mandomp-tasks.o  obj/mandomp-ts-avx-parallel.o  obj/mandomp-ts-avx.o  obj/mandomp-ts.o  obj/mandomp.o  obj/mandseq-avx.o  obj/mandseq.o  obj/timing.o  obj/utilities.o
rm -f bin/mandomp-ts-avx obj/mandomp-ts-avx.o
SRC_FILES = src/drand-ts.c src/drand.c src/mandomp-avx.c src/mandomp-collapse-avx.c src/mandomp-collapse.c src/mandomp-tasks-columns-shared.c src/mandomp-tasks-columns.c src/mandomp-tasks.c src/mandomp-ts-avx-parallel.c src/mandomp-ts-avx.c src/mandomp-ts.c src/mandomp.c src/mandseq-avx.c src/mandseq.c src/timing.c src/utilities.c
OBJ_FILES =  obj/drand-ts.o  obj/drand.o  obj/mandomp-avx.o  obj/mandomp-collapse-avx.o  obj/mandomp-collapse.o  obj/mandomp-tasks-columns-shared.o  obj/mandomp-tasks-columns.o  obj/mandomp-tasks.o  obj/mandomp-ts-avx-parallel.o  obj/mandomp-ts-avx.o  obj/mandomp-ts.o  obj/mandomp.o  obj/mandseq-avx.o  obj/mandseq.o  obj/timing.o  obj/utilities.o
rm -f bin/mandomp-collapse obj/mandomp-collapse.o
SRC_FILES = src/drand-ts.c src/drand.c src/mandomp-avx.c src/mandomp-collapse-avx.c src/mandomp-collapse.c src/mandomp-tasks-columns-shared.c src/mandomp-tasks-columns.c src/mandomp-tasks.c src/mandomp-ts-avx-parallel.c src/mandomp-ts-avx.c src/mandomp-ts.c src/mandomp.c src/mandseq-avx.c src/mandseq.c src/timing.c src/utilities.c
OBJ_FILES =  obj/drand-ts.o  obj/drand.o  obj/mandomp-avx.o  obj/mandomp-collapse-avx.o  obj/mandomp-collapse.o  obj/mandomp-tasks-columns-shared.o  obj/mandomp-tasks-columns.o  obj/mandomp-tasks.o  obj/mandomp-ts-avx-parallel.o  obj/mandomp-ts-avx.o  obj/mandomp-ts.o  obj/mandomp.o  obj/mandseq-avx.o  obj/mandseq.o  obj/timing.o  obj/utilities.o
rm -f bin/mandomp-collapse-avx obj/mandomp-collapse-avx.o
compiling
SRC_FILES = src/drand-ts.c src/drand.c src/mandomp-avx.c src/mandomp-collapse-avx.c src/mandomp-collapse.c src/mandomp-tasks-columns-shared.c src/mandomp-tasks-columns.c src/mandomp-tasks.c src/mandomp-ts-avx-parallel.c src/mandomp-ts-avx.c src/mandomp-ts.c src/mandomp.c src/mandseq-avx.c src/mandseq.c src/timing.c src/utilities.c
OBJ_FILES =  obj/drand-ts.o  obj/drand.o  obj/mandomp-avx.o  obj/mandomp-collapse-avx.o  obj/mandomp-collapse.o  obj/mandomp-tasks-columns-shared.o  obj/mandomp-tasks-columns.o  obj/mandomp-tasks.o  obj/mandomp-ts-avx-parallel.o  obj/mandomp-ts-avx.o  obj/mandomp-ts.o  obj/mandomp.o  obj/mandseq-avx.o  obj/mandseq.o  obj/timing.o  obj/utilities.o
icc -g -O3 -xHost -fno-alias -std=c99 -qopenmp -I include  -c src/mandomp.c -o obj/mandomp.o
icc -g -O3 -xHost -fno-alias -std=c99 -qopenmp -I include  obj/mandomp.o obj/drand.o obj/timing.o obj/utilities.o -o bin/mandomp
SRC_FILES = src/drand-ts.c src/drand.c src/mandomp-avx.c src/mandomp-collapse-avx.c src/mandomp-collapse.c src/mandomp-tasks-columns-shared.c src/mandomp-tasks-columns.c src/mandomp-tasks.c src/mandomp-ts-avx-parallel.c src/mandomp-ts-avx.c src/mandomp-ts.c src/mandomp.c src/mandseq-avx.c src/mandseq.c src/timing.c src/utilities.c
OBJ_FILES =  obj/drand-ts.o  obj/drand.o  obj/mandomp-avx.o  obj/mandomp-collapse-avx.o  obj/mandomp-collapse.o  obj/mandomp-tasks-columns-shared.o  obj/mandomp-tasks-columns.o  obj/mandomp-tasks.o  obj/mandomp-ts-avx-parallel.o  obj/mandomp-ts-avx.o  obj/mandomp-ts.o  obj/mandomp.o  obj/mandseq-avx.o  obj/mandseq.o  obj/timing.o  obj/utilities.o
icc -g -O3 -xHost -fno-alias -std=c99 -qopenmp -I include  -c src/mandomp-avx.c -o obj/mandomp-avx.o
icc -g -O3 -xHost -fno-alias -std=c99 -qopenmp -I include  obj/mandomp-avx.o obj/drand.o obj/timing.o obj/utilities.o -o bin/mandomp-avx
SRC_FILES = src/drand-ts.c src/drand.c src/mandomp-avx.c src/mandomp-collapse-avx.c src/mandomp-collapse.c src/mandomp-tasks-columns-shared.c src/mandomp-tasks-columns.c src/mandomp-tasks.c src/mandomp-ts-avx-parallel.c src/mandomp-ts-avx.c src/mandomp-ts.c src/mandomp.c src/mandseq-avx.c src/mandseq.c src/timing.c src/utilities.c
OBJ_FILES =  obj/drand-ts.o  obj/drand.o  obj/mandomp-avx.o  obj/mandomp-collapse-avx.o  obj/mandomp-collapse.o  obj/mandomp-tasks-columns-shared.o  obj/mandomp-tasks-columns.o  obj/mandomp-tasks.o  obj/mandomp-ts-avx-parallel.o  obj/mandomp-ts-avx.o  obj/mandomp-ts.o  obj/mandomp.o  obj/mandseq-avx.o  obj/mandseq.o  obj/timing.o  obj/utilities.o
icc -g -O3 -xHost -fno-alias -std=c99 -qopenmp -I include  -c src/mandomp-ts.c -o obj/mandomp-ts.o
icc -g -O3 -xHost -fno-alias -std=c99 -qopenmp -I include  obj/mandomp-ts.o obj/drand-ts.o obj/timing.o obj/utilities.o -o bin/mandomp-ts
SRC_FILES = src/drand-ts.c src/drand.c src/mandomp-avx.c src/mandomp-collapse-avx.c src/mandomp-collapse.c src/mandomp-tasks-columns-shared.c src/mandomp-tasks-columns.c src/mandomp-tasks.c src/mandomp-ts-avx-parallel.c src/mandomp-ts-avx.c src/mandomp-ts.c src/mandomp.c src/mandseq-avx.c src/mandseq.c src/timing.c src/utilities.c
OBJ_FILES =  obj/drand-ts.o  obj/drand.o  obj/mandomp-avx.o  obj/mandomp-collapse-avx.o  obj/mandomp-collapse.o  obj/mandomp-tasks-columns-shared.o  obj/mandomp-tasks-columns.o  obj/mandomp-tasks.o  obj/mandomp-ts-avx-parallel.o  obj/mandomp-ts-avx.o  obj/mandomp-ts.o  obj/mandomp.o  obj/mandseq-avx.o  obj/mandseq.o  obj/timing.o  obj/utilities.o
icc -g -O3 -xHost -fno-alias -std=c99 -qopenmp -I include  -c src/mandomp-ts-avx.c -o obj/mandomp-ts-avx.o
icc -g -O3 -xHost -fno-alias -std=c99 -qopenmp -I include  obj/mandomp-ts-avx.o obj/drand-ts.o obj/timing.o obj/utilities.o -o bin/mandomp-ts-avx
SRC_FILES = src/drand-ts.c src/drand.c src/mandomp-avx.c src/mandomp-collapse-avx.c src/mandomp-collapse.c src/mandomp-tasks-columns-shared.c src/mandomp-tasks-columns.c src/mandomp-tasks.c src/mandomp-ts-avx-parallel.c src/mandomp-ts-avx.c src/mandomp-ts.c src/mandomp.c src/mandseq-avx.c src/mandseq.c src/timing.c src/utilities.c
OBJ_FILES =  obj/drand-ts.o  obj/drand.o  obj/mandomp-avx.o  obj/mandomp-collapse-avx.o  obj/mandomp-collapse.o  obj/mandomp-tasks-columns-shared.o  obj/mandomp-tasks-columns.o  obj/mandomp-tasks.o  obj/mandomp-ts-avx-parallel.o  obj/mandomp-ts-avx.o  obj/mandomp-ts.o  obj/mandomp.o  obj/mandseq-avx.o  obj/mandseq.o  obj/timing.o  obj/utilities.o
icc -g -O3 -xHost -fno-alias -std=c99 -qopenmp -I include  -c src/mandomp-collapse.c -o obj/mandomp-collapse.o
icc -g -O3 -xHost -fno-alias -std=c99 -qopenmp -I include  obj/mandomp-collapse.o obj/drand-ts.o obj/timing.o obj/utilities.o -o bin/mandomp-collapse
SRC_FILES = src/drand-ts.c src/drand.c src/mandomp-avx.c src/mandomp-collapse-avx.c src/mandomp-collapse.c src/mandomp-tasks-columns-shared.c src/mandomp-tasks-columns.c src/mandomp-tasks.c src/mandomp-ts-avx-parallel.c src/mandomp-ts-avx.c src/mandomp-ts.c src/mandomp.c src/mandseq-avx.c src/mandseq.c src/timing.c src/utilities.c
OBJ_FILES =  obj/drand-ts.o  obj/drand.o  obj/mandomp-avx.o  obj/mandomp-collapse-avx.o  obj/mandomp-collapse.o  obj/mandomp-tasks-columns-shared.o  obj/mandomp-tasks-columns.o  obj/mandomp-tasks.o  obj/mandomp-ts-avx-parallel.o  obj/mandomp-ts-avx.o  obj/mandomp-ts.o  obj/mandomp.o  obj/mandseq-avx.o  obj/mandseq.o  obj/timing.o  obj/utilities.o
icc -g -O3 -xHost -fno-alias -std=c99 -qopenmp -I include  -c src/mandomp-collapse-avx.c -o obj/mandomp-collapse-avx.o
icc -g -O3 -xHost -fno-alias -std=c99 -qopenmp -I include  obj/mandomp-collapse-avx.o obj/drand-ts.o obj/timing.o obj/utilities.o -o bin/mandomp-collapse-avx


OMP version
Number of threads =  2
OMP_SCHEDULE = 


MANDOMP
Warning: OMP_SCHEDULE environment variable is not set.
Seed = 12344. RAND_MAX = 2147483647.

area estimate = 1.506610
elapsed wall clock time = 42.208156
elapsed cpu time = 49.516819

real	0m42.236s
user	0m49.533s
sys	0m0.013s
Warning: OMP_SCHEDULE environment variable is not set.
Seed = 12344. RAND_MAX = 2147483647.

area estimate = 1.506772
elapsed wall clock time = 42.215741
elapsed cpu time = 49.544974

real	0m42.248s
user	0m49.559s
sys	0m0.012s
Warning: OMP_SCHEDULE environment variable is not set.
Seed = 12344. RAND_MAX = 2147483647.

area estimate = 1.506736
elapsed wall clock time = 42.218185
elapsed cpu time = 49.548253

real	0m42.264s
user	0m49.563s
sys	0m0.007s


MANDOMP AVX
Warning: OMP_SCHEDULE environment variable is not set.
Seed = 12344. RAND_MAX = 2147483647.

area estimate = 1.506428
elapsed wall clock time = 15.165475
elapsed cpu time = 17.950314

real	0m15.192s
user	0m17.961s
sys	0m0.007s
Warning: OMP_SCHEDULE environment variable is not set.
Seed = 12344. RAND_MAX = 2147483647.

area estimate = 1.506672
elapsed wall clock time = 15.159492
elapsed cpu time = 17.964646

real	0m15.189s
user	0m17.978s
sys	0m0.006s
Warning: OMP_SCHEDULE environment variable is not set.
Seed = 12344. RAND_MAX = 2147483647.

area estimate = 1.506454
elapsed wall clock time = 15.172434
elapsed cpu time = 17.972694

real	0m15.210s
user	0m17.983s
sys	0m0.007s


MANDOMP TS
Warning: OMP_SCHEDULE environment variable is not set.
Seed_ts = 12344. RAND_MAX = 2147483647.

area estimate = 1.506682
elapsed wall clock time = 42.265840
elapsed cpu time = 49.612315

real	0m42.293s
user	0m49.623s
sys	0m0.008s
Warning: OMP_SCHEDULE environment variable is not set.
Seed_ts = 12344. RAND_MAX = 2147483647.

area estimate = 1.506682
elapsed wall clock time = 42.279404
elapsed cpu time = 49.607405

real	0m42.307s
user	0m49.624s
sys	0m0.011s
Warning: OMP_SCHEDULE environment variable is not set.
Seed_ts = 12344. RAND_MAX = 2147483647.

area estimate = 1.506682
elapsed wall clock time = 42.273820
elapsed cpu time = 49.601019

real	0m42.317s
user	0m49.617s
sys	0m0.012s


MANDOMP TS AVX
Warning: OMP_SCHEDULE environment variable is not set.
Seed_ts = 12344. RAND_MAX = 2147483647.

area estimate = 1.506646
elapsed wall clock time = 15.183232
elapsed cpu time = 17.995111

real	0m15.210s
user	0m18.004s
sys	0m0.005s
Warning: OMP_SCHEDULE environment variable is not set.
Seed_ts = 12344. RAND_MAX = 2147483647.

area estimate = 1.506646
elapsed wall clock time = 15.181052
elapsed cpu time = 17.993854

real	0m15.212s
user	0m18.011s
sys	0m0.005s
Warning: OMP_SCHEDULE environment variable is not set.
Seed_ts = 12344. RAND_MAX = 2147483647.

area estimate = 1.506646
elapsed wall clock time = 15.190640
elapsed cpu time = 18.010249

real	0m15.228s
user	0m18.020s
sys	0m0.005s


MANDOMP THREAD SAFE VERSION ACROSS THREAD COUNTS


Number of threads =  1
OMP_SCHEDULE = 
NON AVX
Warning: OMP_SCHEDULE environment variable is not set.
Seed_ts = 12344. RAND_MAX = 2147483647.

area estimate = 1.506648
elapsed wall clock time = 49.489096
elapsed cpu time = 49.407885

real	0m49.521s
user	0m49.409s
sys	0m0.002s

AVX
Warning: OMP_SCHEDULE environment variable is not set.
Seed_ts = 12344. RAND_MAX = 2147483647.

area estimate = 1.506656
elapsed wall clock time = 17.853993
elapsed cpu time = 17.815837

real	0m17.887s
user	0m17.816s
sys	0m0.003s
NON AVX
Warning: OMP_SCHEDULE environment variable is not set.
Seed_ts = 12344. RAND_MAX = 2147483647.

area estimate = 1.506648
elapsed wall clock time = 49.493309
elapsed cpu time = 49.408234

real	0m49.526s
user	0m49.409s
sys	0m0.002s

AVX
Warning: OMP_SCHEDULE environment variable is not set.
Seed_ts = 12344. RAND_MAX = 2147483647.

area estimate = 1.506656
elapsed wall clock time = 17.849335
elapsed cpu time = 17.815738

real	0m17.888s
user	0m17.816s
sys	0m0.003s
NON AVX
Warning: OMP_SCHEDULE environment variable is not set.
Seed_ts = 12344. RAND_MAX = 2147483647.

area estimate = 1.506648
elapsed wall clock time = 49.502250
elapsed cpu time = 49.413957

real	0m49.533s
user	0m49.414s
sys	0m0.004s

AVX
Warning: OMP_SCHEDULE environment variable is not set.
Seed_ts = 12344. RAND_MAX = 2147483647.

area estimate = 1.506656
elapsed wall clock time = 17.853189
elapsed cpu time = 17.815055

real	0m17.886s
user	0m17.815s
sys	0m0.004s


Number of threads =  2
OMP_SCHEDULE = 
NON AVX
Warning: OMP_SCHEDULE environment variable is not set.
Seed_ts = 12344. RAND_MAX = 2147483647.

area estimate = 1.506682
elapsed wall clock time = 42.261537
elapsed cpu time = 49.609665

real	0m42.295s
user	0m49.630s
sys	0m0.010s

AVX
Warning: OMP_SCHEDULE environment variable is not set.
Seed_ts = 12344. RAND_MAX = 2147483647.

area estimate = 1.506646
elapsed wall clock time = 15.182564
elapsed cpu time = 17.993219

real	0m15.216s
user	0m18.001s
sys	0m0.007s
NON AVX
Warning: OMP_SCHEDULE environment variable is not set.
Seed_ts = 12344. RAND_MAX = 2147483647.

area estimate = 1.506682
elapsed wall clock time = 42.277007
elapsed cpu time = 49.608956

real	0m42.301s
user	0m49.623s
sys	0m0.008s

AVX
Warning: OMP_SCHEDULE environment variable is not set.
Seed_ts = 12344. RAND_MAX = 2147483647.

area estimate = 1.506646
elapsed wall clock time = 15.179768
elapsed cpu time = 18.008877

real	0m15.216s
user	0m18.032s
sys	0m0.005s
NON AVX
Warning: OMP_SCHEDULE environment variable is not set.
Seed_ts = 12344. RAND_MAX = 2147483647.

area estimate = 1.506682
elapsed wall clock time = 42.268140
elapsed cpu time = 49.606026

real	0m42.307s
user	0m49.617s
sys	0m0.007s

AVX
Warning: OMP_SCHEDULE environment variable is not set.
Seed_ts = 12344. RAND_MAX = 2147483647.

area estimate = 1.506646
elapsed wall clock time = 15.187607
elapsed cpu time = 17.991098

real	0m15.207s
user	0m17.995s
sys	0m0.008s


Number of threads =  4
OMP_SCHEDULE = 
NON AVX
Warning: OMP_SCHEDULE environment variable is not set.
Seed_ts = 12344. RAND_MAX = 2147483647.

area estimate = 1.506670
elapsed wall clock time = 22.571708
elapsed cpu time = 50.121079

real	0m22.614s
user	0m50.196s
sys	0m0.022s

AVX
Warning: OMP_SCHEDULE environment variable is not set.
Seed_ts = 12344. RAND_MAX = 2147483647.

area estimate = 1.506648
elapsed wall clock time = 8.100800
elapsed cpu time = 18.501755

real	0m8.175s
user	0m18.540s
sys	0m0.025s
NON AVX
Warning: OMP_SCHEDULE environment variable is not set.
Seed_ts = 12344. RAND_MAX = 2147483647.

area estimate = 1.506670
elapsed wall clock time = 22.570401
elapsed cpu time = 50.116376

real	0m22.592s
user	0m50.141s
sys	0m0.030s

AVX
Warning: OMP_SCHEDULE environment variable is not set.
Seed_ts = 12344. RAND_MAX = 2147483647.

area estimate = 1.506648
elapsed wall clock time = 8.095003
elapsed cpu time = 18.575729

real	0m8.122s
user	0m18.598s
sys	0m0.031s
NON AVX
Warning: OMP_SCHEDULE environment variable is not set.
Seed_ts = 12344. RAND_MAX = 2147483647.

area estimate = 1.506670
elapsed wall clock time = 22.570762
elapsed cpu time = 50.129620

real	0m22.600s
user	0m50.184s
sys	0m0.030s

AVX
Warning: OMP_SCHEDULE environment variable is not set.
Seed_ts = 12344. RAND_MAX = 2147483647.

area estimate = 1.506648
elapsed wall clock time = 8.093383
elapsed cpu time = 18.604037

real	0m8.135s
user	0m18.623s
sys	0m0.028s


Number of threads =  12
OMP_SCHEDULE = 
NON AVX
Warning: OMP_SCHEDULE environment variable is not set.
Seed_ts = 12344. RAND_MAX = 2147483647.

area estimate = 1.506656
elapsed wall clock time = 9.768185
elapsed cpu time = 52.241147

real	0m9.788s
user	0m52.334s
sys	0m0.080s

AVX
Warning: OMP_SCHEDULE environment variable is not set.
Seed_ts = 12344. RAND_MAX = 2147483647.

area estimate = 1.506726
elapsed wall clock time = 3.491793
elapsed cpu time = 20.354703

real	0m3.510s
user	0m20.372s
sys	0m0.055s
NON AVX
Warning: OMP_SCHEDULE environment variable is not set.
Seed_ts = 12344. RAND_MAX = 2147483647.

area estimate = 1.506656
elapsed wall clock time = 9.769066
elapsed cpu time = 52.154901

real	0m9.783s
user	0m52.245s
sys	0m0.079s

AVX
Warning: OMP_SCHEDULE environment variable is not set.
Seed_ts = 12344. RAND_MAX = 2147483647.

area estimate = 1.506726
elapsed wall clock time = 3.491850
elapsed cpu time = 20.649074

real	0m3.512s
user	0m20.664s
sys	0m0.062s
NON AVX
Warning: OMP_SCHEDULE environment variable is not set.
Seed_ts = 12344. RAND_MAX = 2147483647.

area estimate = 1.506656
elapsed wall clock time = 9.768059
elapsed cpu time = 52.014630

real	0m9.789s
user	0m52.120s
sys	0m0.066s

AVX
Warning: OMP_SCHEDULE environment variable is not set.
Seed_ts = 12344. RAND_MAX = 2147483647.

area estimate = 1.506726
elapsed wall clock time = 3.496674
elapsed cpu time = 20.333490

real	0m3.516s
user	0m20.375s
sys	0m0.078s


Number of threads =  24
OMP_SCHEDULE = 
NON AVX
Warning: OMP_SCHEDULE environment variable is not set.
Seed_ts = 12344. RAND_MAX = 2147483647.

area estimate = 1.506646
elapsed wall clock time = 5.461383
elapsed cpu time = 54.915988

real	0m5.475s
user	0m55.104s
sys	0m0.147s

AVX
Warning: OMP_SCHEDULE environment variable is not set.
Seed_ts = 12344. RAND_MAX = 2147483647.

area estimate = 1.506682
elapsed wall clock time = 1.961233
elapsed cpu time = 23.526342

real	0m1.979s
user	0m23.568s
sys	0m0.144s
NON AVX
Warning: OMP_SCHEDULE environment variable is not set.
Seed_ts = 12344. RAND_MAX = 2147483647.

area estimate = 1.506646
elapsed wall clock time = 5.461753
elapsed cpu time = 55.361149

real	0m5.485s
user	0m55.749s
sys	0m0.155s

AVX
Warning: OMP_SCHEDULE environment variable is not set.
Seed_ts = 12344. RAND_MAX = 2147483647.

area estimate = 1.506682
elapsed wall clock time = 1.960727
elapsed cpu time = 23.445265

real	0m1.990s
user	0m23.475s
sys	0m0.150s
NON AVX
Warning: OMP_SCHEDULE environment variable is not set.
Seed_ts = 12344. RAND_MAX = 2147483647.

area estimate = 1.506646
elapsed wall clock time = 5.461273
elapsed cpu time = 54.932643

real	0m5.476s
user	0m55.142s
sys	0m0.121s

AVX
Warning: OMP_SCHEDULE environment variable is not set.
Seed_ts = 12344. RAND_MAX = 2147483647.

area estimate = 1.506682
elapsed wall clock time = 1.960961
elapsed cpu time = 23.164953

real	0m1.979s
user	0m23.202s
sys	0m0.136s


MANDOMP THREAD SAFE VERSION ACROSS SCHEDULES ACROSS THREAD COUNTS


Number of threads =  2
OMP_SCHEDULE =  static,1
NON AVX
Seed_ts = 12344. RAND_MAX = 2147483647.

area estimate = 1.506682
elapsed wall clock time = 42.260265
elapsed cpu time = 49.611751

real	0m42.275s
user	0m49.619s
sys	0m0.008s

AVX
Seed_ts = 12344. RAND_MAX = 2147483647.

area estimate = 1.506646
elapsed wall clock time = 15.188426
elapsed cpu time = 18.014194

real	0m15.224s
user	0m18.031s
sys	0m0.009s
NON AVX
Seed_ts = 12344. RAND_MAX = 2147483647.

area estimate = 1.506682
elapsed wall clock time = 42.272081
elapsed cpu time = 49.589942

real	0m42.311s
user	0m49.601s
sys	0m0.007s

AVX
Seed_ts = 12344. RAND_MAX = 2147483647.

area estimate = 1.506646
elapsed wall clock time = 15.185001
elapsed cpu time = 18.006717

real	0m15.210s
user	0m18.018s
sys	0m0.007s
NON AVX
Seed_ts = 12344. RAND_MAX = 2147483647.

area estimate = 1.506682
elapsed wall clock time = 42.268593
elapsed cpu time = 49.607306

real	0m42.303s
user	0m49.631s
sys	0m0.007s

AVX
Seed_ts = 12344. RAND_MAX = 2147483647.

area estimate = 1.506646
elapsed wall clock time = 15.184525
elapsed cpu time = 18.010483

real	0m15.223s
user	0m18.019s
sys	0m0.010s


Number of threads =  4
OMP_SCHEDULE =  static,1
NON AVX
Seed_ts = 12344. RAND_MAX = 2147483647.

area estimate = 1.506670
elapsed wall clock time = 22.567831
elapsed cpu time = 50.113439

real	0m22.589s
user	0m50.136s
sys	0m0.023s

AVX
Seed_ts = 12344. RAND_MAX = 2147483647.

area estimate = 1.506648
elapsed wall clock time = 8.093043
elapsed cpu time = 18.575299

real	0m8.123s
user	0m18.615s
sys	0m0.031s
NON AVX
Seed_ts = 12344. RAND_MAX = 2147483647.

area estimate = 1.506670
elapsed wall clock time = 22.574304
elapsed cpu time = 50.135305

real	0m22.607s
user	0m50.193s
sys	0m0.026s

AVX
Seed_ts = 12344. RAND_MAX = 2147483647.

area estimate = 1.506648
elapsed wall clock time = 8.094588
elapsed cpu time = 18.522104

real	0m8.129s
user	0m18.552s
sys	0m0.025s
NON AVX
Seed_ts = 12344. RAND_MAX = 2147483647.

area estimate = 1.506670
elapsed wall clock time = 22.579733
elapsed cpu time = 50.121489

real	0m22.604s
user	0m50.147s
sys	0m0.016s

AVX
Seed_ts = 12344. RAND_MAX = 2147483647.

area estimate = 1.506648
elapsed wall clock time = 8.094553
elapsed cpu time = 18.587616

real	0m8.121s
user	0m18.614s
sys	0m0.019s


Number of threads =  12
OMP_SCHEDULE =  static,1
NON AVX
Seed_ts = 12344. RAND_MAX = 2147483647.

area estimate = 1.506656
elapsed wall clock time = 9.769866
elapsed cpu time = 52.021932

real	0m9.788s
user	0m52.109s
sys	0m0.063s

AVX
Seed_ts = 12344. RAND_MAX = 2147483647.

area estimate = 1.506726
elapsed wall clock time = 3.491147
elapsed cpu time = 20.556480

real	0m3.507s
user	0m20.575s
sys	0m0.070s
NON AVX
Seed_ts = 12344. RAND_MAX = 2147483647.

area estimate = 1.506656
elapsed wall clock time = 9.768812
elapsed cpu time = 52.158541

real	0m9.792s
user	0m52.352s
sys	0m0.074s

AVX
Seed_ts = 12344. RAND_MAX = 2147483647.

area estimate = 1.506726
elapsed wall clock time = 3.491322
elapsed cpu time = 20.561210

real	0m3.517s
user	0m20.570s
sys	0m0.076s
NON AVX
Seed_ts = 12344. RAND_MAX = 2147483647.

area estimate = 1.506656
elapsed wall clock time = 9.768605
elapsed cpu time = 52.168020

real	0m9.782s
user	0m52.261s
sys	0m0.065s

AVX
Seed_ts = 12344. RAND_MAX = 2147483647.

area estimate = 1.506726
elapsed wall clock time = 3.492874
elapsed cpu time = 20.545865

real	0m3.508s
user	0m20.564s
sys	0m0.081s


Number of threads =  24
OMP_SCHEDULE =  static,1
NON AVX
Seed_ts = 12344. RAND_MAX = 2147483647.

area estimate = 1.506646
elapsed wall clock time = 5.460032
elapsed cpu time = 55.371703

real	0m5.473s
user	0m55.526s
sys	0m0.139s

AVX
Seed_ts = 12344. RAND_MAX = 2147483647.

area estimate = 1.506682
elapsed wall clock time = 1.961056
elapsed cpu time = 23.455571

real	0m1.977s
user	0m23.504s
sys	0m0.135s
NON AVX
Seed_ts = 12344. RAND_MAX = 2147483647.

area estimate = 1.506646
elapsed wall clock time = 5.461459
elapsed cpu time = 55.372415

real	0m5.476s
user	0m55.565s
sys	0m0.161s

AVX
Seed_ts = 12344. RAND_MAX = 2147483647.

area estimate = 1.506682
elapsed wall clock time = 1.960730
elapsed cpu time = 23.468883

real	0m1.984s
user	0m23.516s
sys	0m0.125s
NON AVX
Seed_ts = 12344. RAND_MAX = 2147483647.

area estimate = 1.506646
elapsed wall clock time = 5.461864
elapsed cpu time = 54.918191

real	0m5.482s
user	0m55.149s
sys	0m0.142s

AVX
Seed_ts = 12344. RAND_MAX = 2147483647.

area estimate = 1.506682
elapsed wall clock time = 1.960950
elapsed cpu time = 23.428267

real	0m1.976s
user	0m23.472s
sys	0m0.164s


Number of threads =  2
OMP_SCHEDULE =  static,100
NON AVX
Seed_ts = 12344. RAND_MAX = 2147483647.

area estimate = 1.506682
elapsed wall clock time = 42.258931
elapsed cpu time = 49.602405

real	0m42.290s
user	0m49.628s
sys	0m0.007s

AVX
Seed_ts = 12344. RAND_MAX = 2147483647.

area estimate = 1.506646
elapsed wall clock time = 15.184871
elapsed cpu time = 17.991265

real	0m15.222s
user	0m18.001s
sys	0m0.008s
NON AVX
Seed_ts = 12344. RAND_MAX = 2147483647.

area estimate = 1.506682
elapsed wall clock time = 42.257906
elapsed cpu time = 49.606635

real	0m42.283s
user	0m49.622s
sys	0m0.008s

AVX
Seed_ts = 12344. RAND_MAX = 2147483647.

area estimate = 1.506646
elapsed wall clock time = 15.185739
elapsed cpu time = 17.990908

real	0m15.224s
user	0m18.013s
sys	0m0.009s
NON AVX
Seed_ts = 12344. RAND_MAX = 2147483647.

area estimate = 1.506682
elapsed wall clock time = 42.267460
elapsed cpu time = 49.614997

real	0m42.315s
user	0m49.624s
sys	0m0.011s

AVX
Seed_ts = 12344. RAND_MAX = 2147483647.

area estimate = 1.506646
elapsed wall clock time = 15.180872
elapsed cpu time = 17.989251

real	0m15.209s
user	0m17.998s
sys	0m0.010s


Number of threads =  4
OMP_SCHEDULE =  static,100
NON AVX
Seed_ts = 12344. RAND_MAX = 2147483647.

area estimate = 1.506670
elapsed wall clock time = 22.572328
elapsed cpu time = 50.183401

real	0m22.615s
user	0m50.269s
sys	0m0.021s

AVX
Seed_ts = 12344. RAND_MAX = 2147483647.

area estimate = 1.506648
elapsed wall clock time = 8.095870
elapsed cpu time = 18.583435

real	0m8.134s
user	0m18.605s
sys	0m0.023s
NON AVX
Seed_ts = 12344. RAND_MAX = 2147483647.

area estimate = 1.506670
elapsed wall clock time = 22.570524
elapsed cpu time = 50.208809

real	0m22.598s
user	0m50.239s
sys	0m0.020s

AVX
Seed_ts = 12344. RAND_MAX = 2147483647.

area estimate = 1.506648
elapsed wall clock time = 8.093793
elapsed cpu time = 18.515346

real	0m8.117s
user	0m18.538s
sys	0m0.027s
NON AVX
Seed_ts = 12344. RAND_MAX = 2147483647.

area estimate = 1.506670
elapsed wall clock time = 22.581524
elapsed cpu time = 50.214281

real	0m22.615s
user	0m50.274s
sys	0m0.017s

AVX
Seed_ts = 12344. RAND_MAX = 2147483647.

area estimate = 1.506648
elapsed wall clock time = 8.095351
elapsed cpu time = 18.591767

real	0m8.128s
user	0m18.614s
sys	0m0.015s


Number of threads =  12
OMP_SCHEDULE =  static,100
NON AVX
Seed_ts = 12344. RAND_MAX = 2147483647.

area estimate = 1.506656
elapsed wall clock time = 9.769940
elapsed cpu time = 52.244029

real	0m9.789s
user	0m52.335s
sys	0m0.078s

AVX
Seed_ts = 12344. RAND_MAX = 2147483647.

area estimate = 1.506726
elapsed wall clock time = 3.491452
elapsed cpu time = 20.560194

real	0m3.508s
user	0m20.579s
sys	0m0.066s
NON AVX
Seed_ts = 12344. RAND_MAX = 2147483647.

area estimate = 1.506656
elapsed wall clock time = 9.774216
elapsed cpu time = 52.169071

real	0m9.788s
user	0m52.250s
sys	0m0.085s

AVX
Seed_ts = 12344. RAND_MAX = 2147483647.

area estimate = 1.506726
elapsed wall clock time = 3.491657
elapsed cpu time = 20.563211

real	0m3.508s
user	0m20.571s
sys	0m0.072s
NON AVX
Seed_ts = 12344. RAND_MAX = 2147483647.

area estimate = 1.506656
elapsed wall clock time = 9.769913
elapsed cpu time = 52.180678

real	0m9.784s
user	0m52.264s
sys	0m0.063s

AVX
Seed_ts = 12344. RAND_MAX = 2147483647.

area estimate = 1.506726
elapsed wall clock time = 3.492565
elapsed cpu time = 20.335040

real	0m3.510s
user	0m20.357s
sys	0m0.077s


Number of threads =  24
OMP_SCHEDULE =  static,100
NON AVX
Seed_ts = 12344. RAND_MAX = 2147483647.

area estimate = 1.506646
elapsed wall clock time = 5.460836
elapsed cpu time = 55.066837

real	0m5.474s
user	0m55.250s
sys	0m0.134s

AVX
Seed_ts = 12344. RAND_MAX = 2147483647.

area estimate = 1.506682
elapsed wall clock time = 1.960723
elapsed cpu time = 23.610732

real	0m1.980s
user	0m23.656s
sys	0m0.140s
NON AVX
Seed_ts = 12344. RAND_MAX = 2147483647.

area estimate = 1.506646
elapsed wall clock time = 5.460594
elapsed cpu time = 54.906798

real	0m5.474s
user	0m55.065s
sys	0m0.164s

AVX
Seed_ts = 12344. RAND_MAX = 2147483647.

area estimate = 1.506682
elapsed wall clock time = 1.961353
elapsed cpu time = 23.444503

real	0m1.990s
user	0m23.482s
sys	0m0.149s
NON AVX
Seed_ts = 12344. RAND_MAX = 2147483647.

area estimate = 1.506646
elapsed wall clock time = 5.461624
elapsed cpu time = 55.522512

real	0m5.497s
user	0m56.096s
sys	0m0.175s

AVX
Seed_ts = 12344. RAND_MAX = 2147483647.

area estimate = 1.506682
elapsed wall clock time = 1.968976
elapsed cpu time = 23.452315

real	0m1.990s
user	0m23.480s
sys	0m0.154s


Number of threads =  2
OMP_SCHEDULE =  dynamic
NON AVX
Seed_ts = 12344. RAND_MAX = 2147483647.

area estimate = 1.506682
elapsed wall clock time = 42.258295
elapsed cpu time = 49.607013

real	0m42.274s
user	0m49.615s
sys	0m0.012s

AVX
Seed_ts = 12344. RAND_MAX = 2147483647.

area estimate = 1.506646
elapsed wall clock time = 15.190333
elapsed cpu time = 17.992131

real	0m15.233s
user	0m18.015s
sys	0m0.007s
NON AVX
Seed_ts = 12344. RAND_MAX = 2147483647.

area estimate = 1.506682
elapsed wall clock time = 42.252101
elapsed cpu time = 49.582604

real	0m42.291s
user	0m49.592s
sys	0m0.009s

AVX
Seed_ts = 12344. RAND_MAX = 2147483647.

area estimate = 1.506646
elapsed wall clock time = 15.181250
elapsed cpu time = 18.011728

real	0m15.205s
user	0m18.021s
sys	0m0.006s
NON AVX
Seed_ts = 12344. RAND_MAX = 2147483647.

area estimate = 1.506682
elapsed wall clock time = 42.266462
elapsed cpu time = 49.619726

real	0m42.300s
user	0m49.641s
sys	0m0.007s

AVX
Seed_ts = 12344. RAND_MAX = 2147483647.

area estimate = 1.506646
elapsed wall clock time = 15.183478
elapsed cpu time = 18.016221

real	0m15.217s
user	0m18.024s
sys	0m0.005s


Number of threads =  4
OMP_SCHEDULE =  dynamic
NON AVX
Seed_ts = 12344. RAND_MAX = 2147483647.

area estimate = 1.506670
elapsed wall clock time = 22.561773
elapsed cpu time = 50.191115

real	0m22.583s
user	0m50.217s
sys	0m0.026s

AVX
Seed_ts = 12344. RAND_MAX = 2147483647.

area estimate = 1.506648
elapsed wall clock time = 8.095737
elapsed cpu time = 18.580254

real	0m8.121s
user	0m18.608s
sys	0m0.023s
NON AVX
Seed_ts = 12344. RAND_MAX = 2147483647.

area estimate = 1.506670
elapsed wall clock time = 22.573555
elapsed cpu time = 50.208221

real	0m22.609s
user	0m50.272s
sys	0m0.023s

AVX
Seed_ts = 12344. RAND_MAX = 2147483647.

area estimate = 1.506648
elapsed wall clock time = 8.093444
elapsed cpu time = 18.584719

real	0m8.132s
user	0m18.610s
sys	0m0.022s
NON AVX
Seed_ts = 12344. RAND_MAX = 2147483647.

area estimate = 1.506670
elapsed wall clock time = 22.578523
elapsed cpu time = 50.181392

real	0m22.604s
user	0m50.222s
sys	0m0.026s

AVX
Seed_ts = 12344. RAND_MAX = 2147483647.

area estimate = 1.506648
elapsed wall clock time = 8.095685
elapsed cpu time = 18.606669

real	0m8.118s
user	0m18.629s
sys	0m0.023s


Number of threads =  12
OMP_SCHEDULE =  dynamic
NON AVX
Seed_ts = 12344. RAND_MAX = 2147483647.

area estimate = 1.506656
elapsed wall clock time = 9.766694
elapsed cpu time = 52.150364

real	0m9.785s
user	0m52.237s
sys	0m0.078s

AVX
Seed_ts = 12344. RAND_MAX = 2147483647.

area estimate = 1.506726
elapsed wall clock time = 3.492110
elapsed cpu time = 20.559092

real	0m3.510s
user	0m20.574s
sys	0m0.071s
NON AVX
Seed_ts = 12344. RAND_MAX = 2147483647.

area estimate = 1.506656
elapsed wall clock time = 9.766637
elapsed cpu time = 51.890049

real	0m9.804s
user	0m52.175s
sys	0m0.063s

AVX
Seed_ts = 12344. RAND_MAX = 2147483647.

area estimate = 1.506726
elapsed wall clock time = 3.491450
elapsed cpu time = 20.552411

real	0m3.519s
user	0m20.569s
sys	0m0.075s
NON AVX
Seed_ts = 12344. RAND_MAX = 2147483647.

area estimate = 1.506656
elapsed wall clock time = 9.766448
elapsed cpu time = 52.143405

real	0m9.781s
user	0m52.238s
sys	0m0.085s

AVX
Seed_ts = 12344. RAND_MAX = 2147483647.

area estimate = 1.506726
elapsed wall clock time = 3.490980
elapsed cpu time = 20.344771

real	0m3.507s
user	0m20.361s
sys	0m0.063s


Number of threads =  24
OMP_SCHEDULE =  dynamic
NON AVX
Seed_ts = 12344. RAND_MAX = 2147483647.

area estimate = 1.506646
elapsed wall clock time = 5.462699
elapsed cpu time = 55.536817

real	0m5.476s
user	0m55.708s
sys	0m0.146s

AVX
Seed_ts = 12344. RAND_MAX = 2147483647.

area estimate = 1.506682
elapsed wall clock time = 1.961870
elapsed cpu time = 23.060550

real	0m1.980s
user	0m23.109s
sys	0m0.113s
NON AVX
Seed_ts = 12344. RAND_MAX = 2147483647.

area estimate = 1.506646
elapsed wall clock time = 5.460552
elapsed cpu time = 55.356348

real	0m5.475s
user	0m55.562s
sys	0m0.151s

AVX
Seed_ts = 12344. RAND_MAX = 2147483647.

area estimate = 1.506682
elapsed wall clock time = 1.961315
elapsed cpu time = 23.606673

real	0m1.978s
user	0m23.641s
sys	0m0.142s
NON AVX
Seed_ts = 12344. RAND_MAX = 2147483647.

area estimate = 1.506646
elapsed wall clock time = 5.460746
elapsed cpu time = 55.335470

real	0m5.473s
user	0m55.477s
sys	0m0.190s

AVX
Seed_ts = 12344. RAND_MAX = 2147483647.

area estimate = 1.506682
elapsed wall clock time = 1.961121
elapsed cpu time = 23.605976

real	0m1.979s
user	0m23.642s
sys	0m0.141s


Number of threads =  2
OMP_SCHEDULE =  dynamic,250
NON AVX
Seed_ts = 12344. RAND_MAX = 2147483647.

area estimate = 1.506682
elapsed wall clock time = 42.247292
elapsed cpu time = 49.590838

real	0m42.276s
user	0m49.616s
sys	0m0.004s

AVX
Seed_ts = 12344. RAND_MAX = 2147483647.

area estimate = 1.506646
elapsed wall clock time = 15.186427
elapsed cpu time = 18.009816

real	0m15.222s
user	0m18.018s
sys	0m0.007s
NON AVX
Seed_ts = 12344. RAND_MAX = 2147483647.

area estimate = 1.506682
elapsed wall clock time = 42.257915
elapsed cpu time = 49.609310

real	0m42.280s
user	0m49.619s
sys	0m0.008s

AVX
Seed_ts = 12344. RAND_MAX = 2147483647.

area estimate = 1.506646
elapsed wall clock time = 15.184316
elapsed cpu time = 18.016617

real	0m15.221s
user	0m18.036s
sys	0m0.007s
NON AVX
Seed_ts = 12344. RAND_MAX = 2147483647.

area estimate = 1.506682
elapsed wall clock time = 42.263336
elapsed cpu time = 49.608851

real	0m42.296s
user	0m49.618s
sys	0m0.006s

AVX
Seed_ts = 12344. RAND_MAX = 2147483647.

area estimate = 1.506646
elapsed wall clock time = 15.180068
elapsed cpu time = 18.003609

real	0m15.204s
user	0m18.013s
sys	0m0.012s


Number of threads =  4
OMP_SCHEDULE =  dynamic,250
NON AVX
Seed_ts = 12344. RAND_MAX = 2147483647.

area estimate = 1.506670
elapsed wall clock time = 22.570267
elapsed cpu time = 50.166160

real	0m22.603s
user	0m50.229s
sys	0m0.024s

AVX
Seed_ts = 12344. RAND_MAX = 2147483647.

area estimate = 1.506648
elapsed wall clock time = 8.094296
elapsed cpu time = 18.587833

real	0m8.124s
user	0m18.610s
sys	0m0.017s
NON AVX
Seed_ts = 12344. RAND_MAX = 2147483647.

area estimate = 1.506670
elapsed wall clock time = 22.573541
elapsed cpu time = 50.175294

real	0m22.592s
user	0m50.199s
sys	0m0.022s

AVX
Seed_ts = 12344. RAND_MAX = 2147483647.

area estimate = 1.506648
elapsed wall clock time = 8.095396
elapsed cpu time = 18.511681

real	0m8.123s
user	0m18.537s
sys	0m0.030s
NON AVX
Seed_ts = 12344. RAND_MAX = 2147483647.

area estimate = 1.506670
elapsed wall clock time = 22.579488
elapsed cpu time = 50.166247

real	0m22.619s
user	0m50.229s
sys	0m0.026s

AVX
Seed_ts = 12344. RAND_MAX = 2147483647.

area estimate = 1.506648
elapsed wall clock time = 8.093283
elapsed cpu time = 18.583440

real	0m8.127s
user	0m18.604s
sys	0m0.026s


Number of threads =  12
OMP_SCHEDULE =  dynamic,250
NON AVX
Seed_ts = 12344. RAND_MAX = 2147483647.

area estimate = 1.506656
elapsed wall clock time = 9.768418
elapsed cpu time = 52.240513

real	0m9.789s
user	0m52.334s
sys	0m0.083s

AVX
Seed_ts = 12344. RAND_MAX = 2147483647.

area estimate = 1.506726
elapsed wall clock time = 3.491648
elapsed cpu time = 20.620292

real	0m3.508s
user	0m20.638s
sys	0m0.087s
NON AVX
Seed_ts = 12344. RAND_MAX = 2147483647.

area estimate = 1.506656
elapsed wall clock time = 9.769833
elapsed cpu time = 52.155720

real	0m9.784s
user	0m52.245s
sys	0m0.087s

AVX
Seed_ts = 12344. RAND_MAX = 2147483647.

area estimate = 1.506726
elapsed wall clock time = 3.492636
elapsed cpu time = 20.553104

real	0m3.509s
user	0m20.570s
sys	0m0.076s
NON AVX
Seed_ts = 12344. RAND_MAX = 2147483647.

area estimate = 1.506656
elapsed wall clock time = 9.767749
elapsed cpu time = 52.169988

real	0m9.781s
user	0m52.251s
sys	0m0.062s

AVX
Seed_ts = 12344. RAND_MAX = 2147483647.

area estimate = 1.506726
elapsed wall clock time = 3.491280
elapsed cpu time = 20.548466

real	0m3.507s
user	0m20.566s
sys	0m0.079s


Number of threads =  24
OMP_SCHEDULE =  dynamic,250
NON AVX
Seed_ts = 12344. RAND_MAX = 2147483647.

area estimate = 1.506646
elapsed wall clock time = 5.462011
elapsed cpu time = 54.912867

real	0m5.476s
user	0m55.090s
sys	0m0.149s

AVX
Seed_ts = 12344. RAND_MAX = 2147483647.

area estimate = 1.506682
elapsed wall clock time = 1.960600
elapsed cpu time = 23.599304

real	0m1.976s
user	0m23.650s
sys	0m0.149s
NON AVX
Seed_ts = 12344. RAND_MAX = 2147483647.

area estimate = 1.506646
elapsed wall clock time = 5.463975
elapsed cpu time = 55.388194

real	0m5.487s
user	0m55.782s
sys	0m0.134s

AVX
Seed_ts = 12344. RAND_MAX = 2147483647.

area estimate = 1.506682
elapsed wall clock time = 1.960886
elapsed cpu time = 23.033864

real	0m1.984s
user	0m23.049s
sys	0m0.160s
NON AVX
Seed_ts = 12344. RAND_MAX = 2147483647.

area estimate = 1.506646
elapsed wall clock time = 5.459811
elapsed cpu time = 55.344075

real	0m5.473s
user	0m55.516s
sys	0m0.161s

AVX
Seed_ts = 12344. RAND_MAX = 2147483647.

area estimate = 1.506682
elapsed wall clock time = 1.960553
elapsed cpu time = 23.033546

real	0m1.977s
user	0m23.069s
sys	0m0.139s


Number of threads =  2
OMP_SCHEDULE =  guided
NON AVX
Seed_ts = 12344. RAND_MAX = 2147483647.

area estimate = 1.506682
elapsed wall clock time = 42.260459
elapsed cpu time = 49.592910

real	0m42.271s
user	0m49.597s
sys	0m0.007s

AVX
Seed_ts = 12344. RAND_MAX = 2147483647.

area estimate = 1.506646
elapsed wall clock time = 15.188210
elapsed cpu time = 18.006512

real	0m15.222s
user	0m18.029s
sys	0m0.011s
NON AVX
Seed_ts = 12344. RAND_MAX = 2147483647.

area estimate = 1.506682
elapsed wall clock time = 42.270620
elapsed cpu time = 49.586809

real	0m42.304s
user	0m49.595s
sys	0m0.012s

AVX
Seed_ts = 12344. RAND_MAX = 2147483647.

area estimate = 1.506646
elapsed wall clock time = 15.186214
elapsed cpu time = 18.007488

real	0m15.210s
user	0m18.016s
sys	0m0.007s
NON AVX
Seed_ts = 12344. RAND_MAX = 2147483647.

area estimate = 1.506682
elapsed wall clock time = 42.260850
elapsed cpu time = 49.604084

real	0m42.293s
user	0m49.626s
sys	0m0.007s

AVX
Seed_ts = 12344. RAND_MAX = 2147483647.

area estimate = 1.506646
elapsed wall clock time = 15.178661
elapsed cpu time = 17.991220

real	0m15.213s
user	0m18.002s
sys	0m0.008s


Number of threads =  4
OMP_SCHEDULE =  guided
NON AVX
Seed_ts = 12344. RAND_MAX = 2147483647.

area estimate = 1.506670
elapsed wall clock time = 22.578167
elapsed cpu time = 50.122729

real	0m22.600s
user	0m50.150s
sys	0m0.022s

AVX
Seed_ts = 12344. RAND_MAX = 2147483647.

area estimate = 1.506648
elapsed wall clock time = 8.096473
elapsed cpu time = 18.502044

real	0m8.124s
user	0m18.530s
sys	0m0.022s
NON AVX
Seed_ts = 12344. RAND_MAX = 2147483647.

area estimate = 1.506670
elapsed wall clock time = 22.576234
elapsed cpu time = 50.202895

real	0m22.612s
user	0m50.272s
sys	0m0.023s

AVX
Seed_ts = 12344. RAND_MAX = 2147483647.

area estimate = 1.506648
elapsed wall clock time = 8.096576
elapsed cpu time = 18.603161

real	0m8.132s
user	0m18.627s
sys	0m0.024s
NON AVX
Seed_ts = 12344. RAND_MAX = 2147483647.

area estimate = 1.506670
elapsed wall clock time = 22.580233
elapsed cpu time = 50.140396

real	0m22.603s
user	0m50.169s
sys	0m0.018s

AVX
Seed_ts = 12344. RAND_MAX = 2147483647.

area estimate = 1.506648
elapsed wall clock time = 8.094606
elapsed cpu time = 18.576462

real	0m8.121s
user	0m18.611s
sys	0m0.033s


Number of threads =  12
OMP_SCHEDULE =  guided
NON AVX
Seed_ts = 12344. RAND_MAX = 2147483647.

area estimate = 1.506656
elapsed wall clock time = 9.766689
elapsed cpu time = 52.244816

real	0m9.787s
user	0m52.348s
sys	0m0.065s

AVX
Seed_ts = 12344. RAND_MAX = 2147483647.

area estimate = 1.506726
elapsed wall clock time = 3.492237
elapsed cpu time = 20.648731

real	0m3.511s
user	0m20.663s
sys	0m0.063s
NON AVX
Seed_ts = 12344. RAND_MAX = 2147483647.

area estimate = 1.506656
elapsed wall clock time = 9.768359
elapsed cpu time = 51.944508

real	0m9.799s
user	0m52.218s
sys	0m0.075s

AVX
Seed_ts = 12344. RAND_MAX = 2147483647.

area estimate = 1.506726
elapsed wall clock time = 3.491455
elapsed cpu time = 20.647230

real	0m3.517s
user	0m20.666s
sys	0m0.062s
NON AVX
Seed_ts = 12344. RAND_MAX = 2147483647.

area estimate = 1.506656
elapsed wall clock time = 9.769654
elapsed cpu time = 52.244701

real	0m9.785s
user	0m52.342s
sys	0m0.075s

AVX
Seed_ts = 12344. RAND_MAX = 2147483647.

area estimate = 1.506726
elapsed wall clock time = 3.492556
elapsed cpu time = 20.557722

real	0m3.510s
user	0m20.580s
sys	0m0.071s


Number of threads =  24
OMP_SCHEDULE =  guided
NON AVX
Seed_ts = 12344. RAND_MAX = 2147483647.

area estimate = 1.506646
elapsed wall clock time = 5.469570
elapsed cpu time = 55.545381

real	0m5.485s
user	0m55.710s
sys	0m0.154s

AVX
Seed_ts = 12344. RAND_MAX = 2147483647.

area estimate = 1.506682
elapsed wall clock time = 1.960650
elapsed cpu time = 23.043122

real	0m1.980s
user	0m23.112s
sys	0m0.130s
NON AVX
Seed_ts = 12344. RAND_MAX = 2147483647.

area estimate = 1.506646
elapsed wall clock time = 5.461543
elapsed cpu time = 55.376636

real	0m5.475s
user	0m55.565s
sys	0m0.162s

AVX
Seed_ts = 12344. RAND_MAX = 2147483647.

area estimate = 1.506682
elapsed wall clock time = 1.960810
elapsed cpu time = 23.030625

real	0m1.976s
user	0m23.066s
sys	0m0.142s
NON AVX
Seed_ts = 12344. RAND_MAX = 2147483647.

area estimate = 1.506646
elapsed wall clock time = 5.459056
elapsed cpu time = 55.321063

real	0m5.477s
user	0m55.585s
sys	0m0.185s

AVX
Seed_ts = 12344. RAND_MAX = 2147483647.

area estimate = 1.506682
elapsed wall clock time = 1.960824
elapsed cpu time = 23.617576

real	0m1.978s
user	0m23.654s
sys	0m0.130s


MANDOMP THREAD SAFE VERSION COLLAPSED ACROSS SCHEDULES ACROSS THREAD COUNTS


Number of threads =  2
OMP_SCHEDULE =  static,1
NON AVX
Seed_ts = 12344. RAND_MAX = 2147483647.

area estimate = 1.506682
elapsed wall clock time = 41.867121
elapsed cpu time = 49.146319

real	0m41.904s
user	0m49.168s
sys	0m0.009s

AVX
Seed_ts = 12344. RAND_MAX = 2147483647.

area estimate = 1.506532
elapsed wall clock time = 15.142886
elapsed cpu time = 17.940466

real	0m15.186s
user	0m17.949s
sys	0m0.010s
NON AVX
Seed_ts = 12344. RAND_MAX = 2147483647.

area estimate = 1.506682
elapsed wall clock time = 41.867687
elapsed cpu time = 49.149848

real	0m41.893s
user	0m49.160s
sys	0m0.004s

AVX
Seed_ts = 12344. RAND_MAX = 2147483647.

area estimate = 1.506532
elapsed wall clock time = 15.155487
elapsed cpu time = 17.959477

real	0m15.191s
user	0m17.980s
sys	0m0.005s
NON AVX
Seed_ts = 12344. RAND_MAX = 2147483647.

area estimate = 1.506682
elapsed wall clock time = 41.866298
elapsed cpu time = 49.134800

real	0m41.901s
user	0m49.145s
sys	0m0.004s

AVX
Seed_ts = 12344. RAND_MAX = 2147483647.

area estimate = 1.506532
elapsed wall clock time = 15.153821
elapsed cpu time = 17.944974

real	0m15.179s
user	0m17.955s
sys	0m0.011s


Number of threads =  4
OMP_SCHEDULE =  static,1
NON AVX
Seed_ts = 12344. RAND_MAX = 2147483647.

area estimate = 1.506670
elapsed wall clock time = 22.354978
elapsed cpu time = 49.718843

real	0m22.394s
user	0m49.781s
sys	0m0.023s

AVX
Seed_ts = 12344. RAND_MAX = 2147483647.

area estimate = 1.506674
elapsed wall clock time = 8.080374
elapsed cpu time = 18.495462

real	0m8.121s
user	0m18.544s
sys	0m0.021s
NON AVX
Seed_ts = 12344. RAND_MAX = 2147483647.

area estimate = 1.506670
elapsed wall clock time = 22.356625
elapsed cpu time = 49.666561

real	0m22.387s
user	0m49.696s
sys	0m0.015s

AVX
Seed_ts = 12344. RAND_MAX = 2147483647.

area estimate = 1.506674
elapsed wall clock time = 8.069376
elapsed cpu time = 18.538977

real	0m8.094s
user	0m18.563s
sys	0m0.020s
NON AVX
Seed_ts = 12344. RAND_MAX = 2147483647.

area estimate = 1.506670
elapsed wall clock time = 22.363357
elapsed cpu time = 49.725847

real	0m22.399s
user	0m49.780s
sys	0m0.024s

AVX
Seed_ts = 12344. RAND_MAX = 2147483647.

area estimate = 1.506674
elapsed wall clock time = 8.080439
elapsed cpu time = 18.561441

real	0m8.113s
user	0m18.590s
sys	0m0.018s


Number of threads =  12
OMP_SCHEDULE =  static,1
NON AVX
Seed_ts = 12344. RAND_MAX = 2147483647.

area estimate = 1.506744
elapsed wall clock time = 9.725929
elapsed cpu time = 51.777395

real	0m9.755s
user	0m51.874s
sys	0m0.071s

AVX
Seed_ts = 12344. RAND_MAX = 2147483647.

area estimate = 1.506784
elapsed wall clock time = 3.497864
elapsed cpu time = 20.310878

real	0m3.514s
user	0m20.328s
sys	0m0.060s
NON AVX
Seed_ts = 12344. RAND_MAX = 2147483647.

area estimate = 1.506744
elapsed wall clock time = 9.723073
elapsed cpu time = 51.551483

real	0m9.738s
user	0m51.652s
sys	0m0.078s

AVX
Seed_ts = 12344. RAND_MAX = 2147483647.

area estimate = 1.506784
elapsed wall clock time = 3.498367
elapsed cpu time = 20.594228

real	0m3.517s
user	0m20.610s
sys	0m0.075s
NON AVX
Seed_ts = 12344. RAND_MAX = 2147483647.

area estimate = 1.506744
elapsed wall clock time = 9.724969
elapsed cpu time = 51.776738

real	0m9.740s
user	0m51.888s
sys	0m0.072s

AVX
Seed_ts = 12344. RAND_MAX = 2147483647.

area estimate = 1.506784
elapsed wall clock time = 3.498224
elapsed cpu time = 20.307396

real	0m3.520s
user	0m20.325s
sys	0m0.063s


Number of threads =  24
OMP_SCHEDULE =  static,1
NON AVX
Seed_ts = 12344. RAND_MAX = 2147483647.

area estimate = 1.506696
elapsed wall clock time = 5.440729
elapsed cpu time = 54.981601

real	0m5.454s
user	0m55.148s
sys	0m0.160s

AVX
Seed_ts = 12344. RAND_MAX = 2147483647.

area estimate = 1.506600
elapsed wall clock time = 1.966643
elapsed cpu time = 23.014328

real	0m1.986s
user	0m23.076s
sys	0m0.115s
NON AVX
Seed_ts = 12344. RAND_MAX = 2147483647.

area estimate = 1.506696
elapsed wall clock time = 5.438863
elapsed cpu time = 55.117327

real	0m5.461s
user	0m55.372s
sys	0m0.172s

AVX
Seed_ts = 12344. RAND_MAX = 2147483647.

area estimate = 1.506600
elapsed wall clock time = 1.977022
elapsed cpu time = 23.362025

real	0m2.018s
user	0m23.409s
sys	0m0.162s
NON AVX
Seed_ts = 12344. RAND_MAX = 2147483647.

area estimate = 1.506696
elapsed wall clock time = 5.439091
elapsed cpu time = 54.534405

real	0m5.448s
user	0m54.610s
sys	0m0.145s

AVX
Seed_ts = 12344. RAND_MAX = 2147483647.

area estimate = 1.506600
elapsed wall clock time = 1.966036
elapsed cpu time = 23.400535

real	0m1.971s
user	0m23.434s
sys	0m0.148s


Number of threads =  2
OMP_SCHEDULE =  static,100
NON AVX
Seed_ts = 12344. RAND_MAX = 2147483647.

area estimate = 1.506682
elapsed wall clock time = 41.883592
elapsed cpu time = 49.163400

real	0m41.904s
user	0m49.177s
sys	0m0.009s

AVX
Seed_ts = 12344. RAND_MAX = 2147483647.

area estimate = 1.506532
elapsed wall clock time = 15.156143
elapsed cpu time = 17.970358

real	0m15.215s
user	0m18.012s
sys	0m0.007s
NON AVX
Seed_ts = 12344. RAND_MAX = 2147483647.

area estimate = 1.506682
elapsed wall clock time = 41.872788
elapsed cpu time = 49.152381

real	0m41.917s
user	0m49.162s
sys	0m0.009s

AVX
Seed_ts = 12344. RAND_MAX = 2147483647.

area estimate = 1.506532
elapsed wall clock time = 15.155683
elapsed cpu time = 17.974659

real	0m15.181s
user	0m17.986s
sys	0m0.006s
NON AVX
Seed_ts = 12344. RAND_MAX = 2147483647.

area estimate = 1.506682
elapsed wall clock time = 41.875103
elapsed cpu time = 49.157475

real	0m41.925s
user	0m49.184s
sys	0m0.008s

AVX
Seed_ts = 12344. RAND_MAX = 2147483647.

area estimate = 1.506532
elapsed wall clock time = 15.160516
elapsed cpu time = 17.951163

real	0m15.224s
user	0m17.964s
sys	0m0.011s


Number of threads =  4
OMP_SCHEDULE =  static,100
NON AVX
Seed_ts = 12344. RAND_MAX = 2147483647.

area estimate = 1.506670
elapsed wall clock time = 22.357995
elapsed cpu time = 49.745030

real	0m22.383s
user	0m49.770s
sys	0m0.026s

AVX
Seed_ts = 12344. RAND_MAX = 2147483647.

area estimate = 1.506674
elapsed wall clock time = 8.079285
elapsed cpu time = 18.571004

real	0m8.103s
user	0m18.599s
sys	0m0.025s
NON AVX
Seed_ts = 12344. RAND_MAX = 2147483647.

area estimate = 1.506670
elapsed wall clock time = 22.367515
elapsed cpu time = 49.728060

real	0m22.410s
user	0m49.803s
sys	0m0.020s

AVX
Seed_ts = 12344. RAND_MAX = 2147483647.

area estimate = 1.506674
elapsed wall clock time = 8.078982
elapsed cpu time = 18.558275

real	0m8.119s
user	0m18.579s
sys	0m0.015s
NON AVX
Seed_ts = 12344. RAND_MAX = 2147483647.

area estimate = 1.506670
elapsed wall clock time = 22.364851
elapsed cpu time = 49.721601

real	0m22.399s
user	0m49.750s
sys	0m0.022s

AVX
Seed_ts = 12344. RAND_MAX = 2147483647.

area estimate = 1.506674
elapsed wall clock time = 8.081345
elapsed cpu time = 18.477394

real	0m8.107s
user	0m18.501s
sys	0m0.023s


Number of threads =  12
OMP_SCHEDULE =  static,100
NON AVX
Seed_ts = 12344. RAND_MAX = 2147483647.

area estimate = 1.506744
elapsed wall clock time = 9.727569
elapsed cpu time = 51.574473

real	0m9.753s
user	0m51.665s
sys	0m0.062s

AVX
Seed_ts = 12344. RAND_MAX = 2147483647.

area estimate = 1.506784
elapsed wall clock time = 3.499032
elapsed cpu time = 20.504921

real	0m3.517s
user	0m20.523s
sys	0m0.080s
NON AVX
Seed_ts = 12344. RAND_MAX = 2147483647.

area estimate = 1.506744
elapsed wall clock time = 9.729894
elapsed cpu time = 51.776190

real	0m9.754s
user	0m51.974s
sys	0m0.087s

AVX
Seed_ts = 12344. RAND_MAX = 2147483647.

area estimate = 1.506784
elapsed wall clock time = 3.499461
elapsed cpu time = 20.311279

real	0m3.525s
user	0m20.336s
sys	0m0.062s
NON AVX
Seed_ts = 12344. RAND_MAX = 2147483647.

area estimate = 1.506744
elapsed wall clock time = 9.726757
elapsed cpu time = 51.779056

real	0m9.745s
user	0m51.861s
sys	0m0.073s

AVX
Seed_ts = 12344. RAND_MAX = 2147483647.

area estimate = 1.506784
elapsed wall clock time = 3.498010
elapsed cpu time = 20.506827

real	0m3.525s
user	0m20.525s
sys	0m0.080s


Number of threads =  24
OMP_SCHEDULE =  static,100
NON AVX
Seed_ts = 12344. RAND_MAX = 2147483647.

area estimate = 1.506696
elapsed wall clock time = 5.440686
elapsed cpu time = 54.544917

real	0m5.453s
user	0m54.698s
sys	0m0.138s

AVX
Seed_ts = 12344. RAND_MAX = 2147483647.

area estimate = 1.506600
elapsed wall clock time = 1.966684
elapsed cpu time = 23.003051

real	0m1.987s
user	0m23.137s
sys	0m0.134s
NON AVX
Seed_ts = 12344. RAND_MAX = 2147483647.

area estimate = 1.506696
elapsed wall clock time = 5.439502
elapsed cpu time = 54.537542

real	0m5.456s
user	0m54.695s
sys	0m0.150s

AVX
Seed_ts = 12344. RAND_MAX = 2147483647.

area estimate = 1.506600
elapsed wall clock time = 1.967008
elapsed cpu time = 23.417181

real	0m1.983s
user	0m23.452s
sys	0m0.136s
NON AVX
Seed_ts = 12344. RAND_MAX = 2147483647.

area estimate = 1.506696
elapsed wall clock time = 5.439853
elapsed cpu time = 54.545294

real	0m5.455s
user	0m54.715s
sys	0m0.143s

AVX
Seed_ts = 12344. RAND_MAX = 2147483647.

area estimate = 1.506600
elapsed wall clock time = 1.966404
elapsed cpu time = 23.401534

real	0m1.983s
user	0m23.440s
sys	0m0.149s


Number of threads =  2
OMP_SCHEDULE =  dynamic
NON AVX
Seed_ts = 12344. RAND_MAX = 2147483647.

area estimate = 1.506682
elapsed wall clock time = 41.867611
elapsed cpu time = 49.149203

real	0m41.899s
user	0m49.173s
sys	0m0.008s

AVX
Seed_ts = 12344. RAND_MAX = 2147483647.

area estimate = 1.506532
elapsed wall clock time = 15.140844
elapsed cpu time = 17.950992

real	0m15.177s
user	0m17.965s
sys	0m0.011s
NON AVX
Seed_ts = 12344. RAND_MAX = 2147483647.

area estimate = 1.506682
elapsed wall clock time = 41.877813
elapsed cpu time = 49.143418

real	0m41.906s
user	0m49.153s
sys	0m0.008s

AVX
Seed_ts = 12344. RAND_MAX = 2147483647.

area estimate = 1.506532
elapsed wall clock time = 15.147974
elapsed cpu time = 17.969928

real	0m15.192s
user	0m17.997s
sys	0m0.006s
NON AVX
Seed_ts = 12344. RAND_MAX = 2147483647.

area estimate = 1.506682
elapsed wall clock time = 41.871489
elapsed cpu time = 49.154478

real	0m41.925s
user	0m49.165s
sys	0m0.005s

AVX
Seed_ts = 12344. RAND_MAX = 2147483647.

area estimate = 1.506532
elapsed wall clock time = 15.148953
elapsed cpu time = 17.966981

real	0m15.172s
user	0m17.976s
sys	0m0.009s


Number of threads =  4
OMP_SCHEDULE =  dynamic
NON AVX
Seed_ts = 12344. RAND_MAX = 2147483647.

area estimate = 1.506670
elapsed wall clock time = 22.362822
elapsed cpu time = 49.655438

real	0m22.398s
user	0m49.712s
sys	0m0.023s

AVX
Seed_ts = 12344. RAND_MAX = 2147483647.

area estimate = 1.506674
elapsed wall clock time = 8.082090
elapsed cpu time = 18.560435

real	0m8.114s
user	0m18.589s
sys	0m0.024s
NON AVX
Seed_ts = 12344. RAND_MAX = 2147483647.

area estimate = 1.506670
elapsed wall clock time = 22.364452
elapsed cpu time = 49.670096

real	0m22.390s
user	0m49.694s
sys	0m0.017s

AVX
Seed_ts = 12344. RAND_MAX = 2147483647.

area estimate = 1.506674
elapsed wall clock time = 8.082254
elapsed cpu time = 18.558686

real	0m8.107s
user	0m18.586s
sys	0m0.023s
NON AVX
Seed_ts = 12344. RAND_MAX = 2147483647.

area estimate = 1.506670
elapsed wall clock time = 22.363996
elapsed cpu time = 49.736930

real	0m22.403s
user	0m49.800s
sys	0m0.026s

AVX
Seed_ts = 12344. RAND_MAX = 2147483647.

area estimate = 1.506674
elapsed wall clock time = 8.078637
elapsed cpu time = 18.544268

real	0m8.109s
user	0m18.570s
sys	0m0.032s


Number of threads =  12
OMP_SCHEDULE =  dynamic
NON AVX
Seed_ts = 12344. RAND_MAX = 2147483647.

area estimate = 1.506744
elapsed wall clock time = 9.728708
elapsed cpu time = 51.851177

real	0m9.756s
user	0m51.974s
sys	0m0.085s

AVX
Seed_ts = 12344. RAND_MAX = 2147483647.

area estimate = 1.506784
elapsed wall clock time = 3.497884
elapsed cpu time = 20.515652

real	0m3.513s
user	0m20.534s
sys	0m0.069s
NON AVX
Seed_ts = 12344. RAND_MAX = 2147483647.

area estimate = 1.506744
elapsed wall clock time = 9.726872
elapsed cpu time = 51.559541

real	0m9.741s
user	0m51.652s
sys	0m0.081s

AVX
Seed_ts = 12344. RAND_MAX = 2147483647.

area estimate = 1.506784
elapsed wall clock time = 3.500380
elapsed cpu time = 20.526516

real	0m3.516s
user	0m20.543s
sys	0m0.066s
NON AVX
Seed_ts = 12344. RAND_MAX = 2147483647.

area estimate = 1.506744
elapsed wall clock time = 9.733546
elapsed cpu time = 51.801961

real	0m9.750s
user	0m51.918s
sys	0m0.077s

AVX
Seed_ts = 12344. RAND_MAX = 2147483647.

area estimate = 1.506784
elapsed wall clock time = 3.500007
elapsed cpu time = 20.515390

real	0m3.518s
user	0m20.530s
sys	0m0.078s


Number of threads =  24
OMP_SCHEDULE =  dynamic
NON AVX
Seed_ts = 12344. RAND_MAX = 2147483647.

area estimate = 1.506696
elapsed wall clock time = 5.440646
elapsed cpu time = 54.967965

real	0m5.455s
user	0m55.141s
sys	0m0.167s

AVX
Seed_ts = 12344. RAND_MAX = 2147483647.

area estimate = 1.506600
elapsed wall clock time = 1.966828
elapsed cpu time = 23.003467

real	0m1.987s
user	0m23.054s
sys	0m0.130s
NON AVX
Seed_ts = 12344. RAND_MAX = 2147483647.

area estimate = 1.506696
elapsed wall clock time = 5.440114
elapsed cpu time = 54.994744

real	0m5.467s
user	0m55.470s
sys	0m0.164s

AVX
Seed_ts = 12344. RAND_MAX = 2147483647.

area estimate = 1.506600
elapsed wall clock time = 1.966888
elapsed cpu time = 23.384213

real	0m1.992s
user	0m23.421s
sys	0m0.168s
NON AVX
Seed_ts = 12344. RAND_MAX = 2147483647.

area estimate = 1.506696
elapsed wall clock time = 5.437902
elapsed cpu time = 54.956380

real	0m5.454s
user	0m55.189s
sys	0m0.177s

AVX
Seed_ts = 12344. RAND_MAX = 2147483647.

area estimate = 1.506600
elapsed wall clock time = 1.966116
elapsed cpu time = 23.384959

real	0m1.985s
user	0m23.422s
sys	0m0.161s


Number of threads =  2
OMP_SCHEDULE =  dynamic,250
NON AVX
Seed_ts = 12344. RAND_MAX = 2147483647.

area estimate = 1.506682
elapsed wall clock time = 41.870560
elapsed cpu time = 49.151514

real	0m41.885s
user	0m49.160s
sys	0m0.011s

AVX
Seed_ts = 12344. RAND_MAX = 2147483647.

area estimate = 1.506532
elapsed wall clock time = 15.158803
elapsed cpu time = 17.970767

real	0m15.195s
user	0m17.992s
sys	0m0.010s
NON AVX
Seed_ts = 12344. RAND_MAX = 2147483647.

area estimate = 1.506682
elapsed wall clock time = 41.865864
elapsed cpu time = 49.153990

real	0m41.899s
user	0m49.165s
sys	0m0.005s

AVX
Seed_ts = 12344. RAND_MAX = 2147483647.

area estimate = 1.506532
elapsed wall clock time = 15.161903
elapsed cpu time = 17.981962

real	0m15.185s
user	0m17.991s
sys	0m0.011s
NON AVX
Seed_ts = 12344. RAND_MAX = 2147483647.

area estimate = 1.506682
elapsed wall clock time = 41.865634
elapsed cpu time = 49.158855

real	0m41.902s
user	0m49.179s
sys	0m0.004s

AVX
Seed_ts = 12344. RAND_MAX = 2147483647.

area estimate = 1.506532
elapsed wall clock time = 15.138802
elapsed cpu time = 17.948237

real	0m15.171s
user	0m17.958s
sys	0m0.010s


Number of threads =  4
OMP_SCHEDULE =  dynamic,250
NON AVX
Seed_ts = 12344. RAND_MAX = 2147483647.

area estimate = 1.506670
elapsed wall clock time = 22.352477
elapsed cpu time = 49.713296

real	0m22.380s
user	0m49.739s
sys	0m0.023s

AVX
Seed_ts = 12344. RAND_MAX = 2147483647.

area estimate = 1.506674
elapsed wall clock time = 8.078369
elapsed cpu time = 18.577746

real	0m8.099s
user	0m18.599s
sys	0m0.021s
NON AVX
Seed_ts = 12344. RAND_MAX = 2147483647.

area estimate = 1.506670
elapsed wall clock time = 22.364397
elapsed cpu time = 49.756960

real	0m22.409s
user	0m49.832s
sys	0m0.019s

AVX
Seed_ts = 12344. RAND_MAX = 2147483647.

area estimate = 1.506674
elapsed wall clock time = 8.084071
elapsed cpu time = 18.564705

real	0m8.114s
user	0m18.586s
sys	0m0.019s
NON AVX
Seed_ts = 12344. RAND_MAX = 2147483647.

area estimate = 1.506670
elapsed wall clock time = 22.366787
elapsed cpu time = 49.752481

real	0m22.396s
user	0m49.789s
sys	0m0.023s

AVX
Seed_ts = 12344. RAND_MAX = 2147483647.

area estimate = 1.506674
elapsed wall clock time = 8.066350
elapsed cpu time = 18.457255

real	0m8.090s
user	0m18.482s
sys	0m0.034s


Number of threads =  12
OMP_SCHEDULE =  dynamic,250
NON AVX
Seed_ts = 12344. RAND_MAX = 2147483647.

area estimate = 1.506744
elapsed wall clock time = 9.726772
elapsed cpu time = 51.840761

real	0m9.754s
user	0m51.933s
sys	0m0.093s

AVX
Seed_ts = 12344. RAND_MAX = 2147483647.

area estimate = 1.506784
elapsed wall clock time = 3.500570
elapsed cpu time = 20.515359

real	0m3.515s
user	0m20.532s
sys	0m0.078s
NON AVX
Seed_ts = 12344. RAND_MAX = 2147483647.

area estimate = 1.506744
elapsed wall clock time = 9.724086
elapsed cpu time = 51.763456

real	0m9.753s
user	0m52.006s
sys	0m0.083s

AVX
Seed_ts = 12344. RAND_MAX = 2147483647.

area estimate = 1.506784
elapsed wall clock time = 3.498389
elapsed cpu time = 20.229196

real	0m3.529s
user	0m20.247s
sys	0m0.070s
NON AVX
Seed_ts = 12344. RAND_MAX = 2147483647.

area estimate = 1.506744
elapsed wall clock time = 9.724606
elapsed cpu time = 51.784542

real	0m9.739s
user	0m51.884s
sys	0m0.065s

AVX
Seed_ts = 12344. RAND_MAX = 2147483647.

area estimate = 1.506784
elapsed wall clock time = 3.500232
elapsed cpu time = 20.505588

real	0m3.527s
user	0m20.642s
sys	0m0.090s


Number of threads =  24
OMP_SCHEDULE =  dynamic,250
NON AVX
Seed_ts = 12344. RAND_MAX = 2147483647.

area estimate = 1.506696
elapsed wall clock time = 5.437526
elapsed cpu time = 54.986997

real	0m5.454s
user	0m55.150s
sys	0m0.148s

AVX
Seed_ts = 12344. RAND_MAX = 2147483647.

area estimate = 1.506600
elapsed wall clock time = 1.972003
elapsed cpu time = 23.104275

real	0m2.006s
user	0m23.433s
sys	0m0.168s
NON AVX
Seed_ts = 12344. RAND_MAX = 2147483647.

area estimate = 1.506696
elapsed wall clock time = 5.439470
elapsed cpu time = 54.536181

real	0m5.453s
user	0m54.707s
sys	0m0.159s

AVX
Seed_ts = 12344. RAND_MAX = 2147483647.

area estimate = 1.506600
elapsed wall clock time = 1.967604
elapsed cpu time = 23.003735

real	0m1.984s
user	0m23.039s
sys	0m0.123s
NON AVX
Seed_ts = 12344. RAND_MAX = 2147483647.

area estimate = 1.506696
elapsed wall clock time = 5.440180
elapsed cpu time = 54.522926

real	0m5.454s
user	0m54.697s
sys	0m0.162s

AVX
Seed_ts = 12344. RAND_MAX = 2147483647.

area estimate = 1.506600
elapsed wall clock time = 1.966309
elapsed cpu time = 23.395839

real	0m1.983s
user	0m23.431s
sys	0m0.153s


Number of threads =  2
OMP_SCHEDULE =  guided
NON AVX
Seed_ts = 12344. RAND_MAX = 2147483647.

area estimate = 1.506682
elapsed wall clock time = 41.871955
elapsed cpu time = 49.144460

real	0m41.900s
user	0m49.169s
sys	0m0.007s

AVX
Seed_ts = 12344. RAND_MAX = 2147483647.

area estimate = 1.506532
elapsed wall clock time = 15.151304
elapsed cpu time = 17.963758

real	0m15.184s
user	0m17.973s
sys	0m0.014s
NON AVX
Seed_ts = 12344. RAND_MAX = 2147483647.

area estimate = 1.506682
elapsed wall clock time = 41.871750
elapsed cpu time = 49.125647

real	0m41.897s
user	0m49.135s
sys	0m0.008s

AVX
Seed_ts = 12344. RAND_MAX = 2147483647.

area estimate = 1.506532
elapsed wall clock time = 15.162468
elapsed cpu time = 17.975673

real	0m15.201s
user	0m17.997s
sys	0m0.008s
NON AVX
Seed_ts = 12344. RAND_MAX = 2147483647.

area estimate = 1.506682
elapsed wall clock time = 41.874292
elapsed cpu time = 49.148462

real	0m41.909s
user	0m49.159s
sys	0m0.010s

AVX
Seed_ts = 12344. RAND_MAX = 2147483647.

area estimate = 1.506532
elapsed wall clock time = 15.163019
elapsed cpu time = 17.973012

real	0m15.185s
user	0m17.982s
sys	0m0.011s


Number of threads =  4
OMP_SCHEDULE =  guided
NON AVX
Seed_ts = 12344. RAND_MAX = 2147483647.

area estimate = 1.506670
elapsed wall clock time = 22.364282
elapsed cpu time = 49.645801

real	0m22.404s
user	0m49.708s
sys	0m0.019s

AVX
Seed_ts = 12344. RAND_MAX = 2147483647.

area estimate = 1.506674
elapsed wall clock time = 8.081905
elapsed cpu time = 18.470403

real	0m8.112s
user	0m18.493s
sys	0m0.030s
NON AVX
Seed_ts = 12344. RAND_MAX = 2147483647.

area estimate = 1.506670
elapsed wall clock time = 22.359422
elapsed cpu time = 49.667984

real	0m22.385s
user	0m49.693s
sys	0m0.019s

AVX
Seed_ts = 12344. RAND_MAX = 2147483647.

area estimate = 1.506674
elapsed wall clock time = 8.080379
elapsed cpu time = 18.479161

real	0m8.105s
user	0m18.508s
sys	0m0.020s
NON AVX
Seed_ts = 12344. RAND_MAX = 2147483647.

area estimate = 1.506670
elapsed wall clock time = 22.367387
elapsed cpu time = 49.730099

real	0m22.407s
user	0m49.784s
sys	0m0.023s

AVX
Seed_ts = 12344. RAND_MAX = 2147483647.

area estimate = 1.506674
elapsed wall clock time = 8.074829
elapsed cpu time = 18.565969

real	0m8.104s
user	0m18.587s
sys	0m0.023s


Number of threads =  12
OMP_SCHEDULE =  guided
NON AVX
Seed_ts = 12344. RAND_MAX = 2147483647.

area estimate = 1.506744
elapsed wall clock time = 9.723932
elapsed cpu time = 51.777112

real	0m9.748s
user	0m51.861s
sys	0m0.069s

AVX
Seed_ts = 12344. RAND_MAX = 2147483647.

area estimate = 1.506784
elapsed wall clock time = 3.498552
elapsed cpu time = 20.515384

real	0m3.515s
user	0m20.534s
sys	0m0.073s
NON AVX
Seed_ts = 12344. RAND_MAX = 2147483647.

area estimate = 1.506744
elapsed wall clock time = 9.729584
elapsed cpu time = 51.802058

real	0m9.743s
user	0m51.892s
sys	0m0.064s

AVX
Seed_ts = 12344. RAND_MAX = 2147483647.

area estimate = 1.506784
elapsed wall clock time = 3.500362
elapsed cpu time = 20.243734

real	0m3.517s
user	0m20.251s
sys	0m0.073s
NON AVX
Seed_ts = 12344. RAND_MAX = 2147483647.

area estimate = 1.506744
elapsed wall clock time = 9.726764
elapsed cpu time = 51.565382

real	0m9.741s
user	0m51.649s
sys	0m0.076s

AVX
Seed_ts = 12344. RAND_MAX = 2147483647.

area estimate = 1.506784
elapsed wall clock time = 3.498743
elapsed cpu time = 20.251734

real	0m3.517s
user	0m20.272s
sys	0m0.055s


Number of threads =  24
OMP_SCHEDULE =  guided
NON AVX
Seed_ts = 12344. RAND_MAX = 2147483647.

area estimate = 1.506696
elapsed wall clock time = 5.440444
elapsed cpu time = 54.563497

real	0m5.458s
user	0m54.790s
sys	0m0.125s

AVX
Seed_ts = 12344. RAND_MAX = 2147483647.

area estimate = 1.506600
elapsed wall clock time = 1.967351
elapsed cpu time = 23.408146

real	0m1.987s
user	0m23.463s
sys	0m0.145s
NON AVX
Seed_ts = 12344. RAND_MAX = 2147483647.

area estimate = 1.506696
elapsed wall clock time = 5.440503
elapsed cpu time = 54.970971

real	0m5.475s
user	0m55.487s
sys	0m0.172s

AVX
Seed_ts = 12344. RAND_MAX = 2147483647.

area estimate = 1.506600
elapsed wall clock time = 1.970588
elapsed cpu time = 23.124485

real	0m2.014s
user	0m23.219s
sys	0m0.140s
NON AVX
Seed_ts = 12344. RAND_MAX = 2147483647.

area estimate = 1.506696
elapsed wall clock time = 5.441196
elapsed cpu time = 54.535446

real	0m5.456s
user	0m54.719s
sys	0m0.154s

AVX
Seed_ts = 12344. RAND_MAX = 2147483647.

area estimate = 1.506600
elapsed wall clock time = 1.963494
elapsed cpu time = 23.372414

real	0m1.980s
user	0m23.408s
sys	0m0.153s
