cleaning
SRC_FILES = src/drand.c src/mandomp-avx.c src/mandomp-ts-avx.c src/mandomp-ts.c src/mandomp.c src/mandseq-avx.c src/mandseq.c src/timing.c src/utilities.c
OBJ_FILES =  obj/drand.o  obj/mandomp-avx.o  obj/mandomp-ts-avx.o  obj/mandomp-ts.o  obj/mandomp.o  obj/mandseq-avx.o  obj/mandseq.o  obj/timing.o  obj/utilities.o
rm -f bin/mandomp obj/mandomp.o
SRC_FILES = src/drand.c src/mandomp-avx.c src/mandomp-ts-avx.c src/mandomp-ts.c src/mandomp.c src/mandseq-avx.c src/mandseq.c src/timing.c src/utilities.c
OBJ_FILES =  obj/drand.o  obj/mandomp-avx.o  obj/mandomp-ts-avx.o  obj/mandomp-ts.o  obj/mandomp.o  obj/mandseq-avx.o  obj/mandseq.o  obj/timing.o  obj/utilities.o
rm -f bin/mandomp-avx obj/mandomp-avx.o
SRC_FILES = src/drand.c src/mandomp-avx.c src/mandomp-ts-avx.c src/mandomp-ts.c src/mandomp.c src/mandseq-avx.c src/mandseq.c src/timing.c src/utilities.c
OBJ_FILES =  obj/drand.o  obj/mandomp-avx.o  obj/mandomp-ts-avx.o  obj/mandomp-ts.o  obj/mandomp.o  obj/mandseq-avx.o  obj/mandseq.o  obj/timing.o  obj/utilities.o
rm -f bin/mandomp-ts obj/mandomp-ts.o
SRC_FILES = src/drand.c src/mandomp-avx.c src/mandomp-ts-avx.c src/mandomp-ts.c src/mandomp.c src/mandseq-avx.c src/mandseq.c src/timing.c src/utilities.c
OBJ_FILES =  obj/drand.o  obj/mandomp-avx.o  obj/mandomp-ts-avx.o  obj/mandomp-ts.o  obj/mandomp.o  obj/mandseq-avx.o  obj/mandseq.o  obj/timing.o  obj/utilities.o
rm -f bin/mandomp-ts-avx obj/mandomp-ts-avx.o
compiling
SRC_FILES = src/drand.c src/mandomp-avx.c src/mandomp-ts-avx.c src/mandomp-ts.c src/mandomp.c src/mandseq-avx.c src/mandseq.c src/timing.c src/utilities.c
OBJ_FILES =  obj/drand.o  obj/mandomp-avx.o  obj/mandomp-ts-avx.o  obj/mandomp-ts.o  obj/mandomp.o  obj/mandseq-avx.o  obj/mandseq.o  obj/timing.o  obj/utilities.o
icc -g -O3 -xHost -fno-alias -std=c99 -qopenmp -I include  -c src/mandomp.c -o obj/mandomp.o
icc -g -O3 -xHost -fno-alias -std=c99 -qopenmp -I include  obj/mandomp.o obj/drand.o obj/timing.o obj/utilities.o -o bin/mandomp
SRC_FILES = src/drand.c src/mandomp-avx.c src/mandomp-ts-avx.c src/mandomp-ts.c src/mandomp.c src/mandseq-avx.c src/mandseq.c src/timing.c src/utilities.c
OBJ_FILES =  obj/drand.o  obj/mandomp-avx.o  obj/mandomp-ts-avx.o  obj/mandomp-ts.o  obj/mandomp.o  obj/mandseq-avx.o  obj/mandseq.o  obj/timing.o  obj/utilities.o
icc -g -O3 -xHost -fno-alias -std=c99 -qopenmp -I include  -c src/mandomp-avx.c -o obj/mandomp-avx.o
icc -g -O3 -xHost -fno-alias -std=c99 -qopenmp -I include  obj/mandomp-avx.o obj/drand.o obj/timing.o obj/utilities.o -o bin/mandomp-avx
SRC_FILES = src/drand.c src/mandomp-avx.c src/mandomp-ts-avx.c src/mandomp-ts.c src/mandomp.c src/mandseq-avx.c src/mandseq.c src/timing.c src/utilities.c
OBJ_FILES =  obj/drand.o  obj/mandomp-avx.o  obj/mandomp-ts-avx.o  obj/mandomp-ts.o  obj/mandomp.o  obj/mandseq-avx.o  obj/mandseq.o  obj/timing.o  obj/utilities.o
icc -g -O3 -xHost -fno-alias -std=c99 -qopenmp -I include  -c src/mandomp-ts.c -o obj/mandomp-ts.o
src/mandomp-ts.c(60): error #165: too few arguments in function call
                  int increment = mandelbrot_iteration(random_x, random_y);
                                                                         ^

compilation aborted for src/mandomp-ts.c (code 2)
make: *** [Makefile:48: obj/mandomp-ts.o] Error 2
SRC_FILES = src/drand.c src/mandomp-avx.c src/mandomp-ts-avx.c src/mandomp-ts.c src/mandomp.c src/mandseq-avx.c src/mandseq.c src/timing.c src/utilities.c
OBJ_FILES =  obj/drand.o  obj/mandomp-avx.o  obj/mandomp-ts-avx.o  obj/mandomp-ts.o  obj/mandomp.o  obj/mandseq-avx.o  obj/mandseq.o  obj/timing.o  obj/utilities.o
icc -g -O3 -xHost -fno-alias -std=c99 -qopenmp -I include  -c src/mandomp-ts-avx.c -o obj/mandomp-ts-avx.o
icc -g -O3 -xHost -fno-alias -std=c99 -qopenmp -I include  obj/mandomp-ts-avx.o obj/drand.o obj/timing.o obj/utilities.o -o bin/mandomp-ts-avx


OMP version
Number of threads =  2
OMP_SCHEDULE = 
Seed = 144544. RAND_MAX = 2147483647.

area estimate = 1.506912
Num inside: 753456
Num outside: 2371544
elapsed wall clock time = 42.007766
elapsed cpu time = 49.311047

real	0m42.035s
user	0m49.327s
sys	0m0.006s
Seed = 144544. RAND_MAX = 2147483647.

area estimate = 1.506786
Num inside: 753393
Num outside: 2371607
elapsed wall clock time = 42.007545
elapsed cpu time = 49.315842

real	0m42.039s
user	0m49.337s
sys	0m0.010s
Seed = 144544. RAND_MAX = 2147483647.

area estimate = 1.506784
Num inside: 753392
Num outside: 2371608
elapsed wall clock time = 42.010138
elapsed cpu time = 49.328460

real	0m42.076s
user	0m49.357s
sys	0m0.007s


OMP version
Seed = 144544. RAND_MAX = 2147483647.

Total iter = 3125000
area estimate = 1.506700
Num inside: 753350
elapsed wall clock time = 15.069590
elapsed cpu time = 17.860803

real	0m15.103s
user	0m17.877s
sys	0m0.008s
Seed = 144544. RAND_MAX = 2147483647.

Total iter = 3125000
area estimate = 1.506706
Num inside: 753353
elapsed wall clock time = 14.969148
elapsed cpu time = 17.745848

real	0m14.995s
user	0m17.761s
sys	0m0.009s
Seed = 144544. RAND_MAX = 2147483647.

Total iter = 3125000
area estimate = 1.506714
Num inside: 753357
elapsed wall clock time = 14.976667
elapsed cpu time = 17.763579

real	0m15.022s
user	0m17.774s
sys	0m0.012s


OMP THREAD SAFE version


Number of threads =  1
OMP_SCHEDULE = 
NON AVX
/var/spool/slurmd/job26838736/slurm_script: line 69: ./bin/mandomp-ts: No such file or directory

real	0m0.001s
user	0m0.000s
sys	0m0.000s

AVX
Seed_ts = 144544. RAND_MAX = 2147483647.

Total iter = 3125000
area estimate = 1.506826
Num inside: 753413
elapsed wall clock time = 17.467405
elapsed cpu time = 17.443109

real	0m17.498s
user	0m17.444s
sys	0m0.003s
NON AVX
/var/spool/slurmd/job26838736/slurm_script: line 69: ./bin/mandomp-ts: No such file or directory

real	0m0.001s
user	0m0.000s
sys	0m0.000s

AVX
Seed_ts = 144544. RAND_MAX = 2147483647.

Total iter = 3125000
area estimate = 1.506826
Num inside: 753413
elapsed wall clock time = 17.466921
elapsed cpu time = 17.439098

real	0m17.501s
user	0m17.440s
sys	0m0.007s
NON AVX
/var/spool/slurmd/job26838736/slurm_script: line 69: ./bin/mandomp-ts: No such file or directory

real	0m0.001s
user	0m0.000s
sys	0m0.000s

AVX
Seed_ts = 144544. RAND_MAX = 2147483647.

Total iter = 3125000
area estimate = 1.506826
Num inside: 753413
elapsed wall clock time = 17.469442
elapsed cpu time = 17.445224

real	0m17.493s
user	0m17.445s
sys	0m0.003s


Number of threads =  2
OMP_SCHEDULE = 
NON AVX
/var/spool/slurmd/job26838736/slurm_script: line 69: ./bin/mandomp-ts: No such file or directory

real	0m0.008s
user	0m0.000s
sys	0m0.000s

AVX
Seed_ts = 144544. RAND_MAX = 2147483647.

Total iter = 3125000
area estimate = 1.506640
Num inside: 753320
elapsed wall clock time = 14.864086
elapsed cpu time = 17.637011

real	0m14.926s
user	0m17.649s
sys	0m0.008s
NON AVX
/var/spool/slurmd/job26838736/slurm_script: line 69: ./bin/mandomp-ts: No such file or directory

real	0m0.001s
user	0m0.000s
sys	0m0.000s

AVX
Seed_ts = 144544. RAND_MAX = 2147483647.

Total iter = 3125000
area estimate = 1.506640
Num inside: 753320
elapsed wall clock time = 14.864459
elapsed cpu time = 17.612861

real	0m14.896s
user	0m17.624s
sys	0m0.003s
NON AVX
/var/spool/slurmd/job26838736/slurm_script: line 69: ./bin/mandomp-ts: No such file or directory

real	0m0.001s
user	0m0.000s
sys	0m0.000s

AVX
Seed_ts = 144544. RAND_MAX = 2147483647.

Total iter = 3125000
area estimate = 1.506640
Num inside: 753320
elapsed wall clock time = 14.863079
elapsed cpu time = 17.635526

real	0m14.897s
user	0m17.648s
sys	0m0.004s


Number of threads =  4
OMP_SCHEDULE = 
NON AVX
/var/spool/slurmd/job26838736/slurm_script: line 69: ./bin/mandomp-ts: No such file or directory

real	0m0.004s
user	0m0.000s
sys	0m0.000s

AVX
Seed_ts = 144544. RAND_MAX = 2147483647.

Total iter = 3125000
area estimate = 1.506636
Num inside: 753318
elapsed wall clock time = 7.927530
elapsed cpu time = 18.203067

real	0m7.950s
user	0m18.228s
sys	0m0.024s
NON AVX
/var/spool/slurmd/job26838736/slurm_script: line 69: ./bin/mandomp-ts: No such file or directory

real	0m0.001s
user	0m0.000s
sys	0m0.000s

AVX
Seed_ts = 144544. RAND_MAX = 2147483647.

Total iter = 3125000
area estimate = 1.506636
Num inside: 753318
elapsed wall clock time = 7.924308
elapsed cpu time = 18.202650

real	0m7.953s
user	0m18.244s
sys	0m0.025s
NON AVX
/var/spool/slurmd/job26838736/slurm_script: line 69: ./bin/mandomp-ts: No such file or directory

real	0m0.006s
user	0m0.000s
sys	0m0.000s

AVX
Seed_ts = 144544. RAND_MAX = 2147483647.

Total iter = 3125000
area estimate = 1.506636
Num inside: 753318
elapsed wall clock time = 7.927635
elapsed cpu time = 18.208949

real	0m7.975s
user	0m18.220s
sys	0m0.018s


Number of threads =  12
OMP_SCHEDULE = 
NON AVX
Seed_ts = 144544. RAND_MAX = 2147483647.
Seed_ts = 144544. RAND_MAX = 2147483647.
Seed_ts = 144544. RAND_MAX = 2147483647.
Seed_ts = 144544. RAND_MAX = 2147483647.
Seed_ts = 144544. RAND_MAX = 2147483647.
Seed_ts = 144544. RAND_MAX = 2147483647.
Seed_ts = 144544. RAND_MAX = 2147483647.
Seed_ts = 144544. RAND_MAX = 2147483647.
Seed_ts = 144544. RAND_MAX = 2147483647.
Seed_ts = 144544. RAND_MAX = 2147483647.
Seed_ts = 144544. RAND_MAX = 2147483647.
Seed_ts = 144544. RAND_MAX = 2147483647.

area estimate = 1.508524
Num inside: 753357
Num outside: 2367894
elapsed wall clock time = 9.751529
elapsed cpu time = 51.937944

real	0m9.773s
user	0m52.032s
sys	0m0.089s

AVX
Seed_ts = 144544. RAND_MAX = 2147483647.

Total iter = 3125000
area estimate = 1.506726
Num inside: 753363
elapsed wall clock time = 3.430387
elapsed cpu time = 20.161689

real	0m3.447s
user	0m20.245s
sys	0m0.071s
NON AVX
Seed_ts = 144544. RAND_MAX = 2147483647.
Seed_ts = 144544. RAND_MAX = 2147483647.
Seed_ts = 144544. RAND_MAX = 2147483647.
Seed_ts = 144544. RAND_MAX = 2147483647.
Seed_ts = 144544. RAND_MAX = 2147483647.
Seed_ts = 144544. RAND_MAX = 2147483647.
Seed_ts = 144544. RAND_MAX = 2147483647.
Seed_ts = 144544. RAND_MAX = 2147483647.
Seed_ts = 144544. RAND_MAX = 2147483647.
Seed_ts = 144544. RAND_MAX = 2147483647.
Seed_ts = 144544. RAND_MAX = 2147483647.
Seed_ts = 144544. RAND_MAX = 2147483647.

area estimate = 1.508524
Num inside: 753357
Num outside: 2367894
elapsed wall clock time = 9.749893
elapsed cpu time = 51.756512

real	0m9.770s
user	0m51.852s
sys	0m0.052s

AVX
Seed_ts = 144544. RAND_MAX = 2147483647.

Total iter = 3125000
area estimate = 1.506726
Num inside: 753363
elapsed wall clock time = 3.420372
elapsed cpu time = 20.244102

real	0m3.438s
user	0m20.328s
sys	0m0.073s
NON AVX
