The following modules were not unloaded:
  (Use "module --force purge" to unload all):

  1) StdEnv

Currently Loaded Modules:
  1) StdEnv                              (S)
  2) GCCcore/10.2.0
  3) zlib/1.2.11-GCCcore-10.2.0
  4) binutils/2.35-GCCcore-10.2.0
  5) iccifort/2020.4.304
  6) numactl/2.0.13-GCCcore-10.2.0
  7) UCX/1.9.0-GCCcore-10.2.0
  8) impi/2019.9.304-iccifort-2020.4.304
  9) iimpi/2020b
 10) imkl/2020.4.304-iimpi-2020b
 11) intel/2020b

  Where:
   S:  Module is Sticky, requires --force to unload or purge

 

/home/cpsc424_rp862/Desktop/cpsc-524-parallel-programming/rp862_final_cpsc424/project
r918u05n01
1
ALL = bin/t1-serial-ijk bin/t2-serial-kij bin/t3-serial-blocking
rm -rf obj/1-serial  bin/t1-serial-ijk  bin/t2-serial-kij  bin/t3-serial-blocking  bin/t4-serial-blocking-T
ALL = bin/t1-serial-ijk bin/t2-serial-kij bin/t3-serial-blocking
icc -g -O3 -xHost -fno-alias -std=c99 -lmkl_rt -I include -c src/1-serial/t1-serial-ijk.c -o obj/1-serial/t1-serial-ijk.o
icc -g -O3 -xHost -fno-alias -std=c99 -lmkl_rt -I include -c src/1-serial/../timing.c -o obj/1-serial/../timing.o
icc -g -O3 -xHost -fno-alias -std=c99 -lmkl_rt -I include -c src/1-serial/../utilities.c -o obj/1-serial/../utilities.o
icc -g -O3 -xHost -fno-alias -std=c99 -lmkl_rt -I include -o bin/t1-serial-ijk obj/1-serial/t1-serial-ijk.o obj/1-serial/../timing.o obj/1-serial/../utilities.o
icc -g -O3 -xHost -fno-alias -std=c99 -lmkl_rt -I include -c src/1-serial/t2-serial-kij.c -o obj/1-serial/t2-serial-kij.o
icc -g -O3 -xHost -fno-alias -std=c99 -lmkl_rt -I include -o bin/t2-serial-kij obj/1-serial/t2-serial-kij.o obj/1-serial/../timing.o obj/1-serial/../utilities.o
icc -g -O3 -xHost -fno-alias -std=c99 -lmkl_rt -I include -c src/1-serial/t3-serial-blocking.c -o obj/1-serial/t3-serial-blocking.o
icc -g -O3 -xHost -fno-alias -std=c99 -lmkl_rt -I include -o bin/t3-serial-blocking obj/1-serial/t3-serial-blocking.o obj/1-serial/../timing.o obj/1-serial/../utilities.o
icc -g -O3 -xHost -fno-alias -std=c99 -lmkl_rt -I include -c src/1-serial/t4-serial-blocking-T.c -o obj/1-serial/t4-serial-blocking-T.o
icc -g -O3 -xHost -fno-alias -std=c99 -lmkl_rt -I include -o bin/t4-serial-blocking-T obj/1-serial/t4-serial-blocking-T.o obj/1-serial/../timing.o obj/1-serial/../utilities.o
rm obj/1-serial/../timing.o obj/1-serial/t1-serial-ijk.o obj/1-serial/../utilities.o obj/1-serial/t4-serial-blocking-T.o obj/1-serial/t2-serial-kij.o obj/1-serial/t3-serial-blocking.o
Running N=1024, P=1024, M=1024

SLURM_NTASKS_PER_SOCKET not set
(1024, 1024, 1024)    0.3559  0.000000

real	0m0.455s
user	0m0.418s
sys	0m0.011s

SLURM_NTASKS_PER_SOCKET not set
(1024, 1024, 1024)    0.3042  0.000000

real	0m0.385s
user	0m0.362s
sys	0m0.016s

SLURM_NTASKS_PER_SOCKET not set
(1024, 1024, 1024)    0.2046  0.000000

real	0m0.287s
user	0m0.261s
sys	0m0.017s

SLURM_NTASKS_PER_SOCKET not set
(1024, 1024, 1024)    0.3557  0.000000

real	0m0.437s
user	0m0.412s
sys	0m0.017s

SLURM_NTASKS_PER_SOCKET not set
(1024, 1024, 1024)    0.3057  0.000000

real	0m0.385s
user	0m0.363s
sys	0m0.016s

SLURM_NTASKS_PER_SOCKET not set
(1024, 1024, 1024)    0.2046  0.000000

real	0m0.284s
user	0m0.266s
sys	0m0.012s

SLURM_NTASKS_PER_SOCKET not set
(1024, 1024, 1024)    0.3564  0.000000

real	0m0.449s
user	0m0.411s
sys	0m0.019s

SLURM_NTASKS_PER_SOCKET not set
(1024, 1024, 1024)    0.3063  0.000000

real	0m0.387s
user	0m0.363s
sys	0m0.018s

SLURM_NTASKS_PER_SOCKET not set
(1024, 1024, 1024)    0.2046  0.000000

real	0m0.286s
user	0m0.261s
sys	0m0.018s
Running N=8192, P=8192, M=8192

SLURM_NTASKS_PER_SOCKET not set
(8192, 8192, 8192)  369.0442  0.000000

real	6m26.155s
user	6m24.457s
sys	0m0.288s

SLURM_NTASKS_PER_SOCKET not set
(8192, 8192, 8192)  215.7315  0.000000

real	3m52.770s
user	3m51.640s
sys	0m0.295s

SLURM_NTASKS_PER_SOCKET not set
(8192, 8192, 8192)  148.8833  0.000000

real	2m46.007s
user	2m44.989s
sys	0m0.387s

SLURM_NTASKS_PER_SOCKET not set
(8192, 8192, 8192)  370.7593  0.000000

real	6m27.800s
user	6m26.107s
sys	0m0.301s

SLURM_NTASKS_PER_SOCKET not set
(8192, 8192, 8192)  215.7901  0.000000

real	3m53.066s
user	3m51.907s
sys	0m0.287s

SLURM_NTASKS_PER_SOCKET not set
(8192, 8192, 8192)  150.1417  0.000000

real	2m47.400s
user	2m46.374s
sys	0m0.372s

SLURM_NTASKS_PER_SOCKET not set
(8192, 8192, 8192)  370.5160  0.000000

real	6m27.875s
user	6m26.141s
sys	0m0.301s

SLURM_NTASKS_PER_SOCKET not set
(8192, 8192, 8192)  215.4163  0.000000

real	3m52.641s
user	3m51.511s
sys	0m0.305s

SLURM_NTASKS_PER_SOCKET not set
(8192, 8192, 8192)  149.7744  0.000000

real	2m47.001s
user	2m45.982s
sys	0m0.385s
Running N=1024, P=1024, M=8192

SLURM_NTASKS_PER_SOCKET not set
(1024, 1024, 8192)    5.2329  0.000000

real	0m5.706s
user	0m5.588s
sys	0m0.036s

SLURM_NTASKS_PER_SOCKET not set
(1024, 1024, 8192)    3.2411  0.000000

real	0m3.683s
user	0m3.601s
sys	0m0.040s

SLURM_NTASKS_PER_SOCKET not set
(1024, 1024, 8192)    1.8133  0.000000

real	0m2.235s
user	0m2.164s
sys	0m0.044s

SLURM_NTASKS_PER_SOCKET not set
(1024, 1024, 8192)    5.2228  0.000000

real	0m5.668s
user	0m5.573s
sys	0m0.038s

SLURM_NTASKS_PER_SOCKET not set
(1024, 1024, 8192)    3.2486  0.000000

real	0m3.698s
user	0m3.619s
sys	0m0.035s

SLURM_NTASKS_PER_SOCKET not set
(1024, 1024, 8192)    1.8194  0.000000

real	0m2.239s
user	0m2.160s
sys	0m0.053s

SLURM_NTASKS_PER_SOCKET not set
(1024, 1024, 8192)    5.2343  0.000000

real	0m5.676s
user	0m5.587s
sys	0m0.039s

SLURM_NTASKS_PER_SOCKET not set
(1024, 1024, 8192)    3.2436  0.000000

real	0m3.681s
user	0m3.608s
sys	0m0.037s

SLURM_NTASKS_PER_SOCKET not set
(1024, 1024, 8192)    1.8169  0.000000

real	0m2.234s
user	0m2.154s
sys	0m0.054s
Running N=8192, P=8192, M=1024

SLURM_NTASKS_PER_SOCKET not set
(8192, 8192, 1024)   40.1519  0.000000

real	0m43.009s
user	0m42.701s
sys	0m0.131s

SLURM_NTASKS_PER_SOCKET not set
(8192, 8192, 1024)   27.0789  0.000000

real	0m29.958s
user	0m29.694s
sys	0m0.115s

SLURM_NTASKS_PER_SOCKET not set
(8192, 8192, 1024)   21.3667  0.000000

real	0m24.241s
user	0m23.969s
sys	0m0.155s

SLURM_NTASKS_PER_SOCKET not set
(8192, 8192, 1024)   39.3819  0.000000

real	0m42.264s
user	0m41.935s
sys	0m0.131s

SLURM_NTASKS_PER_SOCKET not set
(8192, 8192, 1024)   27.2153  0.000000

real	0m30.107s
user	0m29.817s
sys	0m0.122s

SLURM_NTASKS_PER_SOCKET not set
(8192, 8192, 1024)   21.4749  0.000000

real	0m24.392s
user	0m24.148s
sys	0m0.109s

SLURM_NTASKS_PER_SOCKET not set
(8192, 8192, 1024)   40.0011  0.000000

real	0m42.869s
user	0m42.560s
sys	0m0.123s

SLURM_NTASKS_PER_SOCKET not set
(8192, 8192, 1024)   27.2043  0.000000

real	0m30.080s
user	0m29.799s
sys	0m0.131s

SLURM_NTASKS_PER_SOCKET not set
(8192, 8192, 1024)   21.2883  0.000000

real	0m24.170s
user	0m23.909s
sys	0m0.143s
Running N=8192, P=1024, M=8192

SLURM_NTASKS_PER_SOCKET not set
(8192, 1024, 8192)   46.3288  0.000000

real	0m48.656s
user	0m48.298s
sys	0m0.140s

SLURM_NTASKS_PER_SOCKET not set
(8192, 1024, 8192)   25.8602  0.000000

real	0m28.227s
user	0m27.943s
sys	0m0.129s

SLURM_NTASKS_PER_SOCKET not set
(8192, 1024, 8192)   13.9103  0.000000

real	0m16.235s
user	0m16.015s
sys	0m0.130s

SLURM_NTASKS_PER_SOCKET not set
(8192, 1024, 8192)   46.1300  0.000000

real	0m48.455s
user	0m48.126s
sys	0m0.140s

SLURM_NTASKS_PER_SOCKET not set
(8192, 1024, 8192)   25.2621  0.000000

real	0m27.595s
user	0m27.344s
sys	0m0.125s

SLURM_NTASKS_PER_SOCKET not set
(8192, 1024, 8192)   14.0462  0.000000

real	0m16.330s
user	0m16.128s
sys	0m0.129s

SLURM_NTASKS_PER_SOCKET not set
(8192, 1024, 8192)   45.7282  0.000000

real	0m48.025s
user	0m47.687s
sys	0m0.136s

SLURM_NTASKS_PER_SOCKET not set
(8192, 1024, 8192)   25.7749  0.000000

real	0m28.110s
user	0m27.842s
sys	0m0.132s

SLURM_NTASKS_PER_SOCKET not set
(8192, 1024, 8192)   13.9414  0.000000

real	0m16.224s
user	0m16.004s
sys	0m0.134s
Running N=1024, P=1024, M=1024

SLURM_NTASKS_PER_SOCKET not set
(1024, 1024, 1024)    1.6951  0.000000

real	0m1.794s
user	0m1.745s
sys	0m0.021s

SLURM_NTASKS_PER_SOCKET not set
(1024, 1024, 1024)    1.6931  0.000000

real	0m1.787s
user	0m1.747s
sys	0m0.017s

SLURM_NTASKS_PER_SOCKET not set
(1024, 1024, 1024)    1.6857  0.000000

real	0m1.779s
user	0m1.737s
sys	0m0.019s
Running N=2048, P=2048, M=2048

SLURM_NTASKS_PER_SOCKET not set
(2048, 2048, 2048)   15.9013  0.000000

real	0m16.287s
user	0m16.186s
sys	0m0.031s

SLURM_NTASKS_PER_SOCKET not set
(2048, 2048, 2048)   15.7393  0.000000

real	0m16.154s
user	0m16.035s
sys	0m0.025s

SLURM_NTASKS_PER_SOCKET not set
(2048, 2048, 2048)   16.8300  0.000000

real	0m17.224s
user	0m17.109s
sys	0m0.031s
