SRC_FILES = src/drand.c src/mandomp-ts.c src/mandomp.c src/mandseq.c src/timing.c src/utilities.c src/writer.c
OBJ_FILES =  obj/drand.o  obj/mandomp-ts.o  obj/mandomp.o  obj/mandseq.o  obj/timing.o  obj/utilities.o  obj/writer.o
rm -rf obj bin
make mandseq
SRC_FILES = src/drand.c src/mandomp-ts.c src/mandomp.c src/mandseq.c src/timing.c src/utilities.c src/writer.c
OBJ_FILES =  obj/drand.o  obj/mandomp-ts.o  obj/mandomp.o  obj/mandseq.o  obj/timing.o  obj/utilities.o  obj/writer.o
icc -g -O3 -xHost -fno-alias -std=c99 -I include  -c src/mandseq.c -o obj/mandseq.o
icc -g -O3 -xHost -fno-alias -std=c99 -I include  -c src/drand.c -o obj/drand.o
icc -g -O3 -xHost -fno-alias -std=c99 -I include  -c src/writer.c -o obj/writer.o
icc -g -O3 -xHost -fno-alias -std=c99 -I include  -c src/timing.c -o obj/timing.o
icc -g -O3 -xHost -fno-alias -std=c99 -I include  -c src/utilities.c -o obj/utilities.o
icc -g -O3 -xHost -fno-alias -std=c99 -I include  obj/mandseq.o obj/drand.o obj/writer.o obj/timing.o obj/utilities.o -o bin/mandseq
Serial version
Seed = 144544. RAND_MAX = 2147483647.

area estimate = 1.506110
Num inside: 753959
Num outside: 2374792
elapsed wall clock time = 4.810604
elapsed cpu time = 4.804973

real	0m4.820s
user	0m4.805s
sys	0m0.002s
Seed = 144544. RAND_MAX = 2147483647.

area estimate = 1.506110
Num inside: 753959
Num outside: 2374792
elapsed wall clock time = 4.810511
elapsed cpu time = 4.804731

real	0m4.817s
user	0m4.805s
sys	0m0.002s
Seed = 144544. RAND_MAX = 2147483647.

area estimate = 1.506110
Num inside: 753959
Num outside: 2374792
elapsed wall clock time = 4.815115
elapsed cpu time = 4.804990

real	0m4.821s
user	0m4.805s
sys	0m0.002s
