SRC_FILES = src/drand.c src/mandomp-ts.c src/mandomp.c src/mandseq-avx.c src/mandseq.c src/timing.c src/utilities.c
OBJ_FILES =  obj/drand.o  obj/mandomp-ts.o  obj/mandomp.o  obj/mandseq-avx.o  obj/mandseq.o  obj/timing.o  obj/utilities.o
rm -f bin/mandseq obj/mandseq.o
make mandseq
SRC_FILES = src/drand.c src/mandomp-ts.c src/mandomp.c src/mandseq-avx.c src/mandseq.c src/timing.c src/utilities.c
OBJ_FILES =  obj/drand.o  obj/mandomp-ts.o  obj/mandomp.o  obj/mandseq-avx.o  obj/mandseq.o  obj/timing.o  obj/utilities.o
icc -g -O3 -xHost -fno-alias -std=c99 -I include -c src/mandseq.c -o obj/mandseq.o
icc -g -O3 -xHost -fno-alias -std=c99 -I include obj/mandseq.o obj/drand.o obj/timing.o obj/utilities.o -o bin/mandseq
Serial version
Seed = 144544. RAND_MAX = 2147483647.

area estimate = 1.506700
Num inside: 753350
elapsed wall clock time = 49.237513
elapsed cpu time = 49.181084

real	0m49.255s
user	0m49.182s
sys	0m0.002s
Seed = 144544. RAND_MAX = 2147483647.

area estimate = 1.506700
Num inside: 753350
elapsed wall clock time = 49.237577
elapsed cpu time = 49.181739

real	0m49.257s
user	0m49.182s
sys	0m0.002s
Seed = 144544. RAND_MAX = 2147483647.

area estimate = 1.506700
Num inside: 753350
elapsed wall clock time = 49.236458
elapsed cpu time = 49.182017

real	0m49.278s
user	0m49.182s
sys	0m0.002s
