SRC_FILES = src/drand.c src/mandomp-ts.c src/mandomp.c src/mandseq-avx.c src/mandseq.c src/timing.c src/utilities.c
OBJ_FILES =  obj/drand.o  obj/mandomp-ts.o  obj/mandomp.o  obj/mandseq-avx.o  obj/mandseq.o  obj/timing.o  obj/utilities.o
make: *** No rule to make target 'clean-mandseq-avx'.  Stop.
make mandseq-avx
SRC_FILES = src/drand.c src/mandomp-ts.c src/mandomp.c src/mandseq-avx.c src/mandseq.c src/timing.c src/utilities.c
OBJ_FILES =  obj/drand.o  obj/mandomp-ts.o  obj/mandomp.o  obj/mandseq-avx.o  obj/mandseq.o  obj/timing.o  obj/utilities.o
icc -g -O3 -xHost -fno-alias -std=c99 -I include  -c src/mandseq-avx.c -o obj/mandseq-avx.o
icc -g -O3 -xHost -fno-alias -std=c99 -I include  obj/mandseq-avx.o obj/drand.o obj/timing.o obj/utilities.o -o bin/mandseq-avx
Serial version with AVX
Seed = 144544. RAND_MAX = 2147483647.

Total iterations: 3125000
area estimate = 1.506700
Num inside: 753350
Num outside: 2371650
elapsed wall clock time = 17.843919
elapsed cpu time = 17.820873

real	0m17.922s
user	0m17.834s
sys	0m0.012s
Seed = 144544. RAND_MAX = 2147483647.

Total iterations: 3125000
area estimate = 1.506700
Num inside: 753350
Num outside: 2371650
elapsed wall clock time = 17.855255
elapsed cpu time = 17.820387

real	0m17.912s
user	0m17.834s
sys	0m0.010s
Seed = 144544. RAND_MAX = 2147483647.

Total iterations: 3125000
area estimate = 1.506700
Num inside: 753350
Num outside: 2371650
elapsed wall clock time = 17.851249
elapsed cpu time = 17.826816

real	0m17.897s
user	0m17.841s
sys	0m0.011s
