SRC_FILES = src/drand.c src/mandseq-avx.c src/timing.c
OBJ_FILES =  obj/drand.o  obj/mandseq-avx.o  obj/timing.o
rm -rf obj bin
make mandseq-avx
SRC_FILES = src/drand.c src/mandseq-avx.c src/timing.c
OBJ_FILES =  obj/drand.o  obj/mandseq-avx.o  obj/timing.o
icc -g -O3 -xHost -fno-alias -std=c99 -I include -c src/mandseq-avx.c -o obj/mandseq-avx.o
icc -g -O3 -xHost -fno-alias -std=c99 -I include -c src/drand.c -o obj/drand.o
icc -g -O3 -xHost -fno-alias -std=c99 -I include -c src/timing.c -o obj/timing.o
icc -g -O3 -xHost -fno-alias -std=c99 -I include obj/mandseq-avx.o obj/drand.o obj/timing.o -o bin/mandseq-avx
Serial version with AVX
Seed = 144544. RAND_MAX = 2147483647.

area estimate = 1.506826
elapsed wall clock time = 17.473668
elapsed cpu time = 17.450576

real	0m17.485s
user	0m17.451s
sys	0m0.002s
Seed = 144544. RAND_MAX = 2147483647.

area estimate = 1.506826
elapsed wall clock time = 17.475145
elapsed cpu time = 17.452601

real	0m17.493s
user	0m17.453s
sys	0m0.003s
Seed = 144544. RAND_MAX = 2147483647.

area estimate = 1.506826
elapsed wall clock time = 17.473276
elapsed cpu time = 17.450919

real	0m17.494s
user	0m17.451s
sys	0m0.002s
