The following modules were not unloaded:
  (Use "module --force purge" to unload all):

  1) StdEnv

Currently Loaded Modules:
  1) StdEnv                              (S)
  2) GCCcore/10.2.0
  3) zlib/1.2.11-GCCcore-10.2.0
  4) binutils/2.35-GCCcore-10.2.0
  5) iccifort/2020.4.304
  6) numactl/2.0.13-GCCcore-10.2.0
  7) UCX/1.9.0-GCCcore-10.2.0
  8) impi/2019.9.304-iccifort-2020.4.304
  9) iimpi/2020b
 10) imkl/2020.4.304-iimpi-2020b
 11) intel/2020b

  Where:
   S:  Module is Sticky, requires --force to unload or purge

 

/home/cpsc424_rp862/Desktop/cpsc-524-parallel-programming/rp862_final_cpsc424/project
r918u05n01
1
SRC_FILES = src/a-serial.c src/b-serial-blocking.c src/c-omp.c src/timing.c src/utilities.c
OBJ_FILES =  obj/a-serial.o  obj/b-serial-blocking.o  obj/c-omp.o  obj/timing.o  obj/utilities.o
ALL = bin/a-serial bin/b-serial-blocking
rm -rf obj bin
SRC_FILES = src/a-serial.c src/b-serial-blocking.c src/c-omp.c src/timing.c src/utilities.c
OBJ_FILES =  obj/a-serial.o  obj/b-serial-blocking.o  obj/c-omp.o  obj/timing.o  obj/utilities.o
ALL = bin/a-serial bin/b-serial-blocking
icc -g -O3 -xHost -fno-alias -std=c99 -I include -c src/a-serial.c -o obj/a-serial.o
icc -g -O3 -xHost -fno-alias -std=c99 -I include -c src/timing.c -o obj/timing.o
icc -g -O3 -xHost -fno-alias -std=c99 -I include -c src/utilities.c -o obj/utilities.o
icc -g -O3 -xHost -fno-alias -std=c99 -I include obj/a-serial.o obj/timing.o obj/utilities.o -o bin/a-serial
icc -g -O3 -xHost -fno-alias -std=c99 -I include -c src/b-serial-blocking.c -o obj/b-serial-blocking.o
icc -g -O3 -xHost -fno-alias -std=c99 -I include obj/b-serial-blocking.o obj/timing.o obj/utilities.o -o bin/b-serial-blocking

SLURM_NTASKS_PER_SOCKET not set
SLURM_NTASKS_PER_SOCKET not set
SLURM_NTASKS_PER_SOCKET not set
SLURM_NTASKS_PER_SOCKET not set
SLURM_NTASKS_PER_SOCKET not setMatrix multiplication times:
   N      TIME (secs)    F-norm of Error
 -----   -------------  -----------------
   1000       0.2362     0.000000000076
   2000       1.8810     0.000000000413
   4000      15.5264     0.000000002279
   7633      93.0237     0.000000011616
   8000     123.1591     0.000000012747

real	3m56.958s
user	3m54.792s
sys	0m1.430s

SLURM_NTASKS_PER_SOCKET not set
SLURM_NTASKS_PER_SOCKET not set
SLURM_NTASKS_PER_SOCKET not set
SLURM_NTASKS_PER_SOCKET not set
SLURM_NTASKS_PER_SOCKET not setMatrix multiplication times:
   N      TIME (secs)    F-norm of Error
 -----   -------------  -----------------
   1000       0.2371     0.000000000076
   2000       1.8872     0.000000000413
   4000      15.6126     0.000000002279
   7633      93.5746     0.000000011616
   8000     123.8789     0.000000012747

real	3m58.324s
user	3m56.173s
sys	0m1.382s

SLURM_NTASKS_PER_SOCKET not set
SLURM_NTASKS_PER_SOCKET not set
SLURM_NTASKS_PER_SOCKET not set
SLURM_NTASKS_PER_SOCKET not set
SLURM_NTASKS_PER_SOCKET not setMatrix multiplication times:
   N      TIME (secs)    F-norm of Error
 -----   -------------  -----------------
   1000       0.2350     0.000000000076
   2000       1.8700     0.000000000413
   4000      15.5200     0.000000002279
   7633      93.0282     0.000000011616
   8000     123.3312     0.000000012747

real	3m57.117s
user	3m55.051s
sys	0m1.328s
