The following modules were not unloaded:
  (Use "module --force purge" to unload all):

  1) StdEnv

Currently Loaded Modules:
  1) StdEnv                              (S)
  2) GCCcore/10.2.0
  3) zlib/1.2.11-GCCcore-10.2.0
  4) binutils/2.35-GCCcore-10.2.0
  5) iccifort/2020.4.304
  6) numactl/2.0.13-GCCcore-10.2.0
  7) UCX/1.9.0-GCCcore-10.2.0
  8) impi/2019.9.304-iccifort-2020.4.304
  9) iimpi/2020b
 10) imkl/2020.4.304-iimpi-2020b
 11) intel/2020b

  Where:
   S:  Module is Sticky, requires --force to unload or purge

 

/home/cpsc424_rp862/Desktop/cpsc-524-parallel-programming/rp862_final_cpsc424/project
r918u05n01
1
SRC_FILES = src/a-serial.c src/b-serial-blocking.c src/c-omp.c src/timing.c src/utilities.c
OBJ_FILES =  obj/a-serial.o  obj/b-serial-blocking.o  obj/c-omp.o  obj/timing.o  obj/utilities.o
ALL = bin/a-serial bin/b-serial-blocking
rm -rf obj bin
SRC_FILES = src/a-serial.c src/b-serial-blocking.c src/c-omp.c src/timing.c src/utilities.c
OBJ_FILES =  obj/a-serial.o  obj/b-serial-blocking.o  obj/c-omp.o  obj/timing.o  obj/utilities.o
ALL = bin/a-serial bin/b-serial-blocking
icc -g -O3 -xHost -fno-alias -std=c99 -I include -c src/a-serial.c -o obj/a-serial.o
icc -g -O3 -xHost -fno-alias -std=c99 -I include -c src/timing.c -o obj/timing.o
icc -g -O3 -xHost -fno-alias -std=c99 -I include -c src/utilities.c -o obj/utilities.o
icc -g -O3 -xHost -fno-alias -std=c99 -I include obj/a-serial.o obj/timing.o obj/utilities.o -o bin/a-serial
icc -g -O3 -xHost -fno-alias -std=c99 -I include -c src/b-serial-blocking.c -o obj/b-serial-blocking.o
icc -g -O3 -xHost -fno-alias -std=c99 -I include obj/b-serial-blocking.o obj/timing.o obj/utilities.o -o bin/b-serial-blocking

SLURM_NTASKS_PER_SOCKET not set
SLURM_NTASKS_PER_SOCKET not set
SLURM_NTASKS_PER_SOCKET not set
SLURM_NTASKS_PER_SOCKET not set
SLURM_NTASKS_PER_SOCKET not setMatrix multiplication times:
   N      TIME (secs)    F-norm of Error
 -----   -------------  -----------------
   1000       0.1375     0.000000000047
   2000       1.2212     0.000000000238
   4000      11.4693     0.000000001250
   7633      83.2233     0.000000006159
   8000      84.4326     0.000000006818

real	3m3.579s
user	3m1.692s
sys	0m1.391s

SLURM_NTASKS_PER_SOCKET not set
SLURM_NTASKS_PER_SOCKET not set
SLURM_NTASKS_PER_SOCKET not set
SLURM_NTASKS_PER_SOCKET not set
SLURM_NTASKS_PER_SOCKET not setMatrix multiplication times:
   N      TIME (secs)    F-norm of Error
 -----   -------------  -----------------
   1000       0.1378     0.000000000047
   2000       1.2364     0.000000000238
   4000      11.4798     0.000000001250
   7633      83.1631     0.000000006159
   8000      84.8192     0.000000006818

real	3m3.972s
user	3m2.029s
sys	0m1.410s

SLURM_NTASKS_PER_SOCKET not set
SLURM_NTASKS_PER_SOCKET not set
SLURM_NTASKS_PER_SOCKET not set
SLURM_NTASKS_PER_SOCKET not set
SLURM_NTASKS_PER_SOCKET not setMatrix multiplication times:
   N      TIME (secs)    F-norm of Error
 -----   -------------  -----------------
   1000       0.1375     0.000000000047
   2000       1.2242     0.000000000238
   4000      11.4507     0.000000001250
   7633      82.6731     0.000000006159
   8000      85.3683     0.000000006818

real	3m4.008s
user	3m2.036s
sys	0m1.410s

SLURM_NTASKS_PER_SOCKET not set
SLURM_NTASKS_PER_SOCKET not set
SLURM_NTASKS_PER_SOCKET not set
SLURM_NTASKS_PER_SOCKET not set
SLURM_NTASKS_PER_SOCKET not setMatrix multiplication times:
   N      TIME (secs)    F-norm of Error
 -----   -------------  -----------------
   1000       0.3217     0.000000000032
   2000       3.3123     0.000000000134
   4000      40.6002     0.000000000504
   7633     285.0171     0.000000001397
   8000     327.9811     0.000000001930

real	11m0.361s
user	10m56.973s
sys	0m1.613s

SLURM_NTASKS_PER_SOCKET not set
SLURM_NTASKS_PER_SOCKET not set
SLURM_NTASKS_PER_SOCKET not set
SLURM_NTASKS_PER_SOCKET not set
SLURM_NTASKS_PER_SOCKET not setMatrix multiplication times:
   N      TIME (secs)    F-norm of Error
 -----   -------------  -----------------
   1000       0.3214     0.000000000032
   2000       3.2979     0.000000000134
   4000      39.3165     0.000000000504
   7633     284.4042     0.000000001397
   8000     327.8036     0.000000001930

real	10m58.254s
user	10m54.657s
sys	0m1.761s

SLURM_NTASKS_PER_SOCKET not set
SLURM_NTASKS_PER_SOCKET not set
SLURM_NTASKS_PER_SOCKET not set
SLURM_NTASKS_PER_SOCKET not set
SLURM_NTASKS_PER_SOCKET not setMatrix multiplication times:
   N      TIME (secs)    F-norm of Error
 -----   -------------  -----------------
   1000       0.3214     0.000000000032
   2000       2.8431     0.000000000134
   4000      39.8603     0.000000000504
   7633     284.7689     0.000000001397
   8000     327.5469     0.000000001930

real	10m58.465s
user	10m55.018s
sys	0m1.603s
