The following modules were not unloaded:
  (Use "module --force purge" to unload all):

  1) StdEnv

Currently Loaded Modules:
  1) StdEnv                              (S)
  2) GCCcore/10.2.0
  3) zlib/1.2.11-GCCcore-10.2.0
  4) binutils/2.35-GCCcore-10.2.0
  5) iccifort/2020.4.304
  6) numactl/2.0.13-GCCcore-10.2.0
  7) UCX/1.9.0-GCCcore-10.2.0
  8) impi/2019.9.304-iccifort-2020.4.304
  9) iimpi/2020b
 10) imkl/2020.4.304-iimpi-2020b
 11) intel/2020b

  Where:
   S:  Module is Sticky, requires --force to unload or purge

 

/home/cpsc424_rp862/Desktop/cpsc-524-parallel-programming/rp862_final_cpsc424/project
r918u05n01
1
ALL = bin/t6-serial-square-avx-blocking bin/t7-omp-square-avx-blocking bin/t8-omp-rectangular-avx-blocking
rm -rf obj/3-avx  bin/t8-serial-divisible-avx-blocking  bin/t10-omp-square-avx-blocking  bin/t9-serial-non-divisible-avx-blocking
ALL = bin/t6-serial-square-avx-blocking bin/t7-omp-square-avx-blocking bin/t8-omp-rectangular-avx-blocking
icc -g -O3 -xHost -fno-alias -std=c99 -qopenmp -lmkl_rt -I include -c src/3-avx/t8-serial-divisible-avx-blocking.c -o obj/3-avx/t8-serial-divisible-avx-blocking.o
icc -g -O3 -xHost -fno-alias -std=c99 -qopenmp -lmkl_rt -I include -c src/3-avx/../timing.c -o obj/3-avx/../timing.o
icc -g -O3 -xHost -fno-alias -std=c99 -qopenmp -lmkl_rt -I include -c src/3-avx/../utilities.c -o obj/3-avx/../utilities.o
icc -g -O3 -xHost -fno-alias -std=c99 -qopenmp -lmkl_rt -I include -o bin/t8-serial-divisible-avx-blocking obj/3-avx/t8-serial-divisible-avx-blocking.o obj/3-avx/../timing.o obj/3-avx/../utilities.o
rm obj/3-avx/../timing.o obj/3-avx/../utilities.o obj/3-avx/t8-serial-divisible-avx-blocking.o
Running N=1200, P=1200, M=1200
Matrix dimension N must be a multiple of 6
real	0m0.006s
user	0m0.000s
sys	0m0.003s
Matrix dimension N must be a multiple of 6
real	0m0.005s
user	0m0.002s
sys	0m0.001s
Matrix dimension N must be a multiple of 6
real	0m0.006s
user	0m0.002s
sys	0m0.001s
Running N=3600, P=3600, M=3600
Matrix dimension N must be a multiple of 6
real	0m0.005s
user	0m0.000s
sys	0m0.003s
Matrix dimension N must be a multiple of 6
real	0m0.005s
user	0m0.000s
sys	0m0.003s
Matrix dimension N must be a multiple of 6
real	0m0.006s
user	0m0.000s
sys	0m0.003s
Running N=9600, P=9600, M=9600

SLURM_NTASKS_PER_SOCKET not set
(9600, 9600, 9600)   39.5084  0.000000

real	1m4.345s
user	1m3.547s
sys	0m0.532s

SLURM_NTASKS_PER_SOCKET not set
(9600, 9600, 9600)   39.4753  0.000000

real	1m4.203s
user	1m3.449s
sys	0m0.530s

SLURM_NTASKS_PER_SOCKET not set
(9600, 9600, 9600)   39.5434  0.000000

real	1m4.276s
user	1m3.465s
sys	0m0.526s
