The following modules were not unloaded:
  (Use "module --force purge" to unload all):

  1) StdEnv

Currently Loaded Modules:
  1) StdEnv                              (S)
  2) GCCcore/10.2.0
  3) zlib/1.2.11-GCCcore-10.2.0
  4) binutils/2.35-GCCcore-10.2.0
  5) iccifort/2020.4.304
  6) numactl/2.0.13-GCCcore-10.2.0
  7) UCX/1.9.0-GCCcore-10.2.0
  8) impi/2019.9.304-iccifort-2020.4.304
  9) iimpi/2020b
 10) imkl/2020.4.304-iimpi-2020b
 11) intel/2020b

  Where:
   S:  Module is Sticky, requires --force to unload or purge

 

/home/cpsc424_rp862/Desktop/cpsc-524-parallel-programming/rp862_final_cpsc424/project
r918u05n01
1
ALL = bin/t6-serial-square-avx-blocking bin/t7-omp-square-avx-blocking bin/t8-omp-rectangular-avx-blocking
rm -rf obj/3-avx  bin/t8-serial-divisible-avx-blocking  bin/t10-omp-square-avx-blocking  bin/t9-serial-non-divisible-avx-blocking
ALL = bin/t6-serial-square-avx-blocking bin/t7-omp-square-avx-blocking bin/t8-omp-rectangular-avx-blocking
icc -g -O3 -xHost -fno-alias -std=c99 -qopenmp -lmkl_rt -I include -c src/3-avx/t8-serial-divisible-avx-blocking.c -o obj/3-avx/t8-serial-divisible-avx-blocking.o
icc -g -O3 -xHost -fno-alias -std=c99 -qopenmp -lmkl_rt -I include -c src/3-avx/../timing.c -o obj/3-avx/../timing.o
icc -g -O3 -xHost -fno-alias -std=c99 -qopenmp -lmkl_rt -I include -c src/3-avx/../utilities.c -o obj/3-avx/../utilities.o
icc -g -O3 -xHost -fno-alias -std=c99 -qopenmp -lmkl_rt -I include -o bin/t8-serial-divisible-avx-blocking obj/3-avx/t8-serial-divisible-avx-blocking.o obj/3-avx/../timing.o obj/3-avx/../utilities.o
rm obj/3-avx/../timing.o obj/3-avx/../utilities.o obj/3-avx/t8-serial-divisible-avx-blocking.o
Running N=1000, P=1000, M=1000
Matrix dimension M must be a multiple of 16
real	0m0.009s
user	0m0.003s
sys	0m0.000s
Matrix dimension M must be a multiple of 16
real	0m0.008s
user	0m0.001s
sys	0m0.002s
Matrix dimension M must be a multiple of 16
real	0m0.005s
user	0m0.002s
sys	0m0.001s
Running N=9600, P=9600, M=9600

SLURM_NTASKS_PER_SOCKET not set
(9600, 9600, 9600)   36.2229  0.000000

real	1m1.007s
user	1m0.216s
sys	0m0.524s

SLURM_NTASKS_PER_SOCKET not set
(9600, 9600, 9600)   36.3131  0.000000

real	1m1.145s
user	1m0.387s
sys	0m0.512s

SLURM_NTASKS_PER_SOCKET not set
(9600, 9600, 9600)   36.0003  0.000000

real	1m0.851s
user	1m0.055s
sys	0m0.540s
Running N=1024, P=1024, M=1024
Matrix dimension N must be a multiple of 6
real	0m0.019s
user	0m0.001s
sys	0m0.003s
Matrix dimension N must be a multiple of 6
real	0m0.005s
user	0m0.001s
sys	0m0.002s
Matrix dimension N must be a multiple of 6
real	0m0.005s
user	0m0.001s
sys	0m0.002s
Running N=8192, P=8192, M=8192
Matrix dimension N must be a multiple of 6
real	0m0.005s
user	0m0.000s
sys	0m0.003s
Matrix dimension N must be a multiple of 6
real	0m0.005s
user	0m0.001s
sys	0m0.002s
Matrix dimension N must be a multiple of 6
real	0m0.005s
user	0m0.002s
sys	0m0.001s
Running N=1024, P=1024, M=8192
Matrix dimension N must be a multiple of 6
real	0m0.005s
user	0m0.000s
sys	0m0.003s
Matrix dimension N must be a multiple of 6
real	0m0.005s
user	0m0.002s
sys	0m0.001s
Matrix dimension N must be a multiple of 6
real	0m0.004s
user	0m0.000s
sys	0m0.003s
Running N=8192, P=8192, M=1024
Matrix dimension N must be a multiple of 6
real	0m0.005s
user	0m0.000s
sys	0m0.003s
Matrix dimension N must be a multiple of 6
real	0m0.005s
user	0m0.001s
sys	0m0.002s
Matrix dimension N must be a multiple of 6
real	0m0.005s
user	0m0.000s
sys	0m0.003s
Running N=8192, P=1024, M=8192
Matrix dimension N must be a multiple of 6
real	0m0.005s
user	0m0.001s
sys	0m0.002s
Matrix dimension N must be a multiple of 6
real	0m0.004s
user	0m0.000s
sys	0m0.003s
Matrix dimension N must be a multiple of 6
real	0m0.005s
user	0m0.000s
sys	0m0.003s
