The following modules were not unloaded:
  (Use "module --force purge" to unload all):

  1) StdEnv

Currently Loaded Modules:
  1) StdEnv                              (S)
  2) GCCcore/10.2.0
  3) zlib/1.2.11-GCCcore-10.2.0
  4) binutils/2.35-GCCcore-10.2.0
  5) iccifort/2020.4.304
  6) numactl/2.0.13-GCCcore-10.2.0
  7) UCX/1.9.0-GCCcore-10.2.0
  8) impi/2019.9.304-iccifort-2020.4.304
  9) iimpi/2020b
 10) imkl/2020.4.304-iimpi-2020b
 11) intel/2020b

  Where:
   S:  Module is Sticky, requires --force to unload or purge

 

/home/cpsc424_rp862/Desktop/cpsc-524-parallel-programming/rp862_final_cpsc424/project
r918u05n01
1
ALL = bin/t6-serial-square-avx-blocking bin/t7-omp-square-avx-blocking bin/t8-omp-rectangular-avx-blocking
rm -rf obj/3-avx  bin/t8-serial-divisible-avx-blocking  bin/t10-omp-square-avx-blocking  bin/t9-serial-non-divisible-avx-blocking
ALL = bin/t6-serial-square-avx-blocking bin/t7-omp-square-avx-blocking bin/t8-omp-rectangular-avx-blocking
icc -g -O3 -xHost -fno-alias -std=c99 -qopenmp -lmkl_rt -I include -c src/3-avx/t8-serial-divisible-avx-blocking.c -o obj/3-avx/t8-serial-divisible-avx-blocking.o
icc -g -O3 -xHost -fno-alias -std=c99 -qopenmp -lmkl_rt -I include -c src/3-avx/../timing.c -o obj/3-avx/../timing.o
icc -g -O3 -xHost -fno-alias -std=c99 -qopenmp -lmkl_rt -I include -c src/3-avx/../utilities.c -o obj/3-avx/../utilities.o
icc -g -O3 -xHost -fno-alias -std=c99 -qopenmp -lmkl_rt -I include -o bin/t8-serial-divisible-avx-blocking obj/3-avx/t8-serial-divisible-avx-blocking.o obj/3-avx/../timing.o obj/3-avx/../utilities.o
rm obj/3-avx/../timing.o obj/3-avx/../utilities.o obj/3-avx/t8-serial-divisible-avx-blocking.o
Running N=1200, P=1200, M=1200

SLURM_NTASKS_PER_SOCKET not set
(1200, 1200, 1200)    0.0631  0.000000

real	0m0.191s
user	0m0.149s
sys	0m0.018s

SLURM_NTASKS_PER_SOCKET not set
(1200, 1200, 1200)    0.0650  0.000000

real	0m0.216s
user	0m0.150s
sys	0m0.020s

SLURM_NTASKS_PER_SOCKET not set
(1200, 1200, 1200)    0.0645  0.000000

real	0m0.183s
user	0m0.147s
sys	0m0.022s
Running N=3600, P=3600, M=3600

SLURM_NTASKS_PER_SOCKET not set
(3600, 3600, 3600)    1.7783  0.000000

real	0m3.345s
user	0m3.249s
sys	0m0.079s

SLURM_NTASKS_PER_SOCKET not set
(3600, 3600, 3600)    1.7799  0.000000

real	0m3.363s
user	0m3.248s
sys	0m0.090s

SLURM_NTASKS_PER_SOCKET not set
(3600, 3600, 3600)    1.7795  0.000000

real	0m3.370s
user	0m3.254s
sys	0m0.088s
Running N=1440, P=1440, M=1440

SLURM_NTASKS_PER_SOCKET not set
(1440, 1440, 1440)    0.1106  0.000000

real	0m0.284s
user	0m0.239s
sys	0m0.026s

SLURM_NTASKS_PER_SOCKET not set
(1440, 1440, 1440)    0.1109  0.000000

real	0m0.272s
user	0m0.235s
sys	0m0.030s

SLURM_NTASKS_PER_SOCKET not set
(1440, 1440, 1440)    0.1105  0.000000

real	0m0.271s
user	0m0.242s
sys	0m0.023s
Running N=4320, P=4320, M=4320

SLURM_NTASKS_PER_SOCKET not set
(4320, 4320, 4320)    3.0808  0.000000

real	0m5.666s
user	0m5.528s
sys	0m0.116s

SLURM_NTASKS_PER_SOCKET not set
(4320, 4320, 4320)    3.0799  0.000000

real	0m5.681s
user	0m5.530s
sys	0m0.117s

SLURM_NTASKS_PER_SOCKET not set
(4320, 4320, 4320)    3.0804  0.000000

real	0m5.689s
user	0m5.532s
sys	0m0.120s
Running N=9600, P=9600, M=9600

SLURM_NTASKS_PER_SOCKET not set
(9600, 9600, 9600)   34.6772  0.000000

real	0m59.513s
user	0m58.779s
sys	0m0.520s

SLURM_NTASKS_PER_SOCKET not set
(9600, 9600, 9600)   34.7057  0.000000

real	0m59.585s
user	0m58.789s
sys	0m0.518s

SLURM_NTASKS_PER_SOCKET not set
(9600, 9600, 9600)   34.6523  0.000000

real	0m59.461s
user	0m58.708s
sys	0m0.526s
