The following modules were not unloaded:
  (Use "module --force purge" to unload all):

  1) StdEnv

Currently Loaded Modules:
  1) StdEnv                              (S)
  2) GCCcore/10.2.0
  3) zlib/1.2.11-GCCcore-10.2.0
  4) binutils/2.35-GCCcore-10.2.0
  5) iccifort/2020.4.304
  6) numactl/2.0.13-GCCcore-10.2.0
  7) UCX/1.9.0-GCCcore-10.2.0
  8) impi/2019.9.304-iccifort-2020.4.304
  9) iimpi/2020b
 10) imkl/2020.4.304-iimpi-2020b
 11) intel/2020b

  Where:
   S:  Module is Sticky, requires --force to unload or purge

 

/home/cpsc424_rp862/Desktop/cpsc-524-parallel-programming/rp862_final_cpsc424/project
r918u05n02

ALL = bin/t8-serial-divisible-avx-blocking bin/t9-omp-divisible-avx-blocking bin/t10-omp-non-divisible-avx-blocking
rm -rf obj/3-avx  bin/t8-serial-divisible-avx-blocking  bin/t10-omp-non-divisible-avx-blocking  bin/t9-omp-divisible-avx-blocking
ALL = bin/t8-serial-divisible-avx-blocking bin/t9-omp-divisible-avx-blocking bin/t10-omp-non-divisible-avx-blocking
icc -g -O3 -xHost -fno-alias -std=c99 -qopenmp -lmkl_rt -I include -c src/3-avx/t8-serial-divisible-avx-blocking.c -o obj/3-avx/t8-serial-divisible-avx-blocking.o
icc -g -O3 -xHost -fno-alias -std=c99 -qopenmp -lmkl_rt -I include -c src/3-avx/../timing.c -o obj/3-avx/../timing.o
icc -g -O3 -xHost -fno-alias -std=c99 -qopenmp -lmkl_rt -I include -c src/3-avx/../utilities.c -o obj/3-avx/../utilities.o
icc -g -O3 -xHost -fno-alias -std=c99 -qopenmp -lmkl_rt -I include -o bin/t8-serial-divisible-avx-blocking obj/3-avx/t8-serial-divisible-avx-blocking.o obj/3-avx/../timing.o obj/3-avx/../utilities.o
icc -g -O3 -xHost -fno-alias -std=c99 -qopenmp -lmkl_rt -I include -c src/3-avx/t10-omp-non-divisible-avx-blocking.c -o obj/3-avx/t10-omp-non-divisible-avx-blocking.o
src/3-avx/t10-omp-non-divisible-avx-blocking.c(94): error: "for" region may not be closely nested inside a "for" region
  #pragma omp for
          ^

compilation aborted for src/3-avx/t10-omp-non-divisible-avx-blocking.c (code 2)
make: *** [Makefile-avx:29: obj/3-avx/t10-omp-non-divisible-avx-blocking.o] Error 2
rm obj/3-avx/../timing.o obj/3-avx/../utilities.o obj/3-avx/t8-serial-divisible-avx-blocking.o
Running N=1200, P=1200, M=1200
/var/spool/slurmd/job30848191/slurm_script: line 37: ./bin/t10-omp-non-divisible-avx-blocking: No such file or directory

real	0m0.007s
user	0m0.000s
sys	0m0.000s
/var/spool/slurmd/job30848191/slurm_script: line 37: ./bin/t10-omp-non-divisible-avx-blocking: No such file or directory

real	0m0.007s
user	0m0.000s
sys	0m0.000s
/var/spool/slurmd/job30848191/slurm_script: line 37: ./bin/t10-omp-non-divisible-avx-blocking: No such file or directory

real	0m0.006s
user	0m0.000s
sys	0m0.000s
Running N=3600, P=3600, M=3600
/var/spool/slurmd/job30848191/slurm_script: line 37: ./bin/t10-omp-non-divisible-avx-blocking: No such file or directory

real	0m0.006s
user	0m0.000s
sys	0m0.000s
/var/spool/slurmd/job30848191/slurm_script: line 37: ./bin/t10-omp-non-divisible-avx-blocking: No such file or directory

real	0m0.006s
user	0m0.000s
sys	0m0.000s
/var/spool/slurmd/job30848191/slurm_script: line 37: ./bin/t10-omp-non-divisible-avx-blocking: No such file or directory

real	0m0.006s
user	0m0.000s
sys	0m0.000s
Running N=1440, P=1440, M=1440
/var/spool/slurmd/job30848191/slurm_script: line 37: ./bin/t10-omp-non-divisible-avx-blocking: No such file or directory

real	0m0.006s
user	0m0.000s
sys	0m0.000s
/var/spool/slurmd/job30848191/slurm_script: line 37: ./bin/t10-omp-non-divisible-avx-blocking: No such file or directory

real	0m0.006s
user	0m0.000s
sys	0m0.000s
/var/spool/slurmd/job30848191/slurm_script: line 37: ./bin/t10-omp-non-divisible-avx-blocking: No such file or directory

real	0m0.006s
user	0m0.000s
sys	0m0.000s
Running N=4320, P=4320, M=4320
/var/spool/slurmd/job30848191/slurm_script: line 37: ./bin/t10-omp-non-divisible-avx-blocking: No such file or directory

real	0m0.006s
user	0m0.000s
sys	0m0.000s
/var/spool/slurmd/job30848191/slurm_script: line 37: ./bin/t10-omp-non-divisible-avx-blocking: No such file or directory

real	0m0.006s
user	0m0.000s
sys	0m0.000s
/var/spool/slurmd/job30848191/slurm_script: line 37: ./bin/t10-omp-non-divisible-avx-blocking: No such file or directory

real	0m0.006s
user	0m0.000s
sys	0m0.000s
Running N=8400, P=8400, M=8400
/var/spool/slurmd/job30848191/slurm_script: line 37: ./bin/t10-omp-non-divisible-avx-blocking: No such file or directory

real	0m0.006s
user	0m0.000s
sys	0m0.000s
/var/spool/slurmd/job30848191/slurm_script: line 37: ./bin/t10-omp-non-divisible-avx-blocking: No such file or directory

real	0m0.006s
user	0m0.000s
sys	0m0.000s
/var/spool/slurmd/job30848191/slurm_script: line 37: ./bin/t10-omp-non-divisible-avx-blocking: No such file or directory

real	0m0.006s
user	0m0.000s
sys	0m0.000s
Running N=9600, P=9600, M=9600
/var/spool/slurmd/job30848191/slurm_script: line 37: ./bin/t10-omp-non-divisible-avx-blocking: No such file or directory

real	0m0.006s
user	0m0.000s
sys	0m0.000s
/var/spool/slurmd/job30848191/slurm_script: line 37: ./bin/t10-omp-non-divisible-avx-blocking: No such file or directory

real	0m0.006s
user	0m0.000s
sys	0m0.000s
/var/spool/slurmd/job30848191/slurm_script: line 37: ./bin/t10-omp-non-divisible-avx-blocking: No such file or directory

real	0m0.006s
user	0m0.000s
sys	0m0.000s
Running N=7633, P=850, M=1200
/var/spool/slurmd/job30848191/slurm_script: line 37: ./bin/t10-omp-non-divisible-avx-blocking: No such file or directory

real	0m0.006s
user	0m0.000s
sys	0m0.000s
/var/spool/slurmd/job30848191/slurm_script: line 37: ./bin/t10-omp-non-divisible-avx-blocking: No such file or directory

real	0m0.006s
user	0m0.000s
sys	0m0.000s
/var/spool/slurmd/job30848191/slurm_script: line 37: ./bin/t10-omp-non-divisible-avx-blocking: No such file or directory

real	0m0.006s
user	0m0.000s
sys	0m0.000s
Running N=980, P=8030, M=9645
/var/spool/slurmd/job30848191/slurm_script: line 37: ./bin/t10-omp-non-divisible-avx-blocking: No such file or directory

real	0m0.006s
user	0m0.000s
sys	0m0.000s
/var/spool/slurmd/job30848191/slurm_script: line 37: ./bin/t10-omp-non-divisible-avx-blocking: No such file or directory

real	0m0.006s
user	0m0.000s
sys	0m0.000s
/var/spool/slurmd/job30848191/slurm_script: line 37: ./bin/t10-omp-non-divisible-avx-blocking: No such file or directory

real	0m0.006s
user	0m0.000s
sys	0m0.000s
Running N=1440, P=8160, M=9648
/var/spool/slurmd/job30848191/slurm_script: line 37: ./bin/t10-omp-non-divisible-avx-blocking: No such file or directory

real	0m0.006s
user	0m0.000s
sys	0m0.000s
/var/spool/slurmd/job30848191/slurm_script: line 37: ./bin/t10-omp-non-divisible-avx-blocking: No such file or directory

real	0m0.006s
user	0m0.000s
sys	0m0.000s
/var/spool/slurmd/job30848191/slurm_script: line 37: ./bin/t10-omp-non-divisible-avx-blocking: No such file or directory

real	0m0.006s
user	0m0.000s
sys	0m0.000s
Running N=1000, P=1000, M=1000
/var/spool/slurmd/job30848191/slurm_script: line 37: ./bin/t10-omp-non-divisible-avx-blocking: No such file or directory

real	0m0.006s
user	0m0.000s
sys	0m0.000s
/var/spool/slurmd/job30848191/slurm_script: line 37: ./bin/t10-omp-non-divisible-avx-blocking: No such file or directory

real	0m0.006s
user	0m0.000s
sys	0m0.000s
/var/spool/slurmd/job30848191/slurm_script: line 37: ./bin/t10-omp-non-divisible-avx-blocking: No such file or directory

real	0m0.006s
user	0m0.000s
sys	0m0.000s
Running N=9600, P=9600, M=9600
/var/spool/slurmd/job30848191/slurm_script: line 37: ./bin/t10-omp-non-divisible-avx-blocking: No such file or directory

real	0m0.006s
user	0m0.000s
sys	0m0.000s
/var/spool/slurmd/job30848191/slurm_script: line 37: ./bin/t10-omp-non-divisible-avx-blocking: No such file or directory

real	0m0.006s
user	0m0.000s
sys	0m0.000s
/var/spool/slurmd/job30848191/slurm_script: line 37: ./bin/t10-omp-non-divisible-avx-blocking: No such file or directory

real	0m0.006s
user	0m0.000s
sys	0m0.000s
Running N=1024, P=1024, M=1024
/var/spool/slurmd/job30848191/slurm_script: line 37: ./bin/t10-omp-non-divisible-avx-blocking: No such file or directory

real	0m0.006s
user	0m0.000s
sys	0m0.000s
/var/spool/slurmd/job30848191/slurm_script: line 37: ./bin/t10-omp-non-divisible-avx-blocking: No such file or directory

real	0m0.006s
user	0m0.000s
sys	0m0.000s
/var/spool/slurmd/job30848191/slurm_script: line 37: ./bin/t10-omp-non-divisible-avx-blocking: No such file or directory

real	0m0.006s
user	0m0.000s
sys	0m0.000s
Running N=8192, P=8192, M=8192
/var/spool/slurmd/job30848191/slurm_script: line 37: ./bin/t10-omp-non-divisible-avx-blocking: No such file or directory

real	0m0.006s
user	0m0.000s
sys	0m0.000s
/var/spool/slurmd/job30848191/slurm_script: line 37: ./bin/t10-omp-non-divisible-avx-blocking: No such file or directory

real	0m0.006s
user	0m0.000s
sys	0m0.000s
/var/spool/slurmd/job30848191/slurm_script: line 37: ./bin/t10-omp-non-divisible-avx-blocking: No such file or directory

real	0m0.006s
user	0m0.000s
sys	0m0.000s
Running N=1024, P=1024, M=8192
/var/spool/slurmd/job30848191/slurm_script: line 37: ./bin/t10-omp-non-divisible-avx-blocking: No such file or directory

real	0m0.006s
user	0m0.000s
sys	0m0.000s
/var/spool/slurmd/job30848191/slurm_script: line 37: ./bin/t10-omp-non-divisible-avx-blocking: No such file or directory

real	0m0.006s
user	0m0.000s
sys	0m0.000s
/var/spool/slurmd/job30848191/slurm_script: line 37: ./bin/t10-omp-non-divisible-avx-blocking: No such file or directory

real	0m0.006s
user	0m0.000s
sys	0m0.000s
Running N=8192, P=8192, M=1024
/var/spool/slurmd/job30848191/slurm_script: line 37: ./bin/t10-omp-non-divisible-avx-blocking: No such file or directory

real	0m0.006s
user	0m0.000s
sys	0m0.000s
/var/spool/slurmd/job30848191/slurm_script: line 37: ./bin/t10-omp-non-divisible-avx-blocking: No such file or directory

real	0m0.006s
user	0m0.000s
sys	0m0.000s
/var/spool/slurmd/job30848191/slurm_script: line 37: ./bin/t10-omp-non-divisible-avx-blocking: No such file or directory

real	0m0.006s
user	0m0.000s
sys	0m0.000s
Running N=8192, P=1024, M=8192
/var/spool/slurmd/job30848191/slurm_script: line 37: ./bin/t10-omp-non-divisible-avx-blocking: No such file or directory

real	0m0.006s
user	0m0.000s
sys	0m0.000s
/var/spool/slurmd/job30848191/slurm_script: line 37: ./bin/t10-omp-non-divisible-avx-blocking: No such file or directory

real	0m0.006s
user	0m0.000s
sys	0m0.000s
/var/spool/slurmd/job30848191/slurm_script: line 37: ./bin/t10-omp-non-divisible-avx-blocking: No such file or directory

real	0m0.006s
user	0m0.000s
sys	0m0.000s
Running N=1200, P=1200, M=1200

SLURM_NTASKS_PER_NODE not set
SLURM_NTASKS_PER_SOCKET not set
(1200, 1200, 1200)    0.0609  0.000000

real	0m0.356s
user	0m0.141s
sys	0m0.030s

SLURM_NTASKS_PER_NODE not set
SLURM_NTASKS_PER_SOCKET not set
(1200, 1200, 1200)    0.0586  0.000000

real	0m0.182s
user	0m0.142s
sys	0m0.019s

SLURM_NTASKS_PER_NODE not set
SLURM_NTASKS_PER_SOCKET not set
(1200, 1200, 1200)    0.0608  0.000000

real	0m0.190s
user	0m0.142s
sys	0m0.021s
Running N=3600, P=3600, M=3600

SLURM_NTASKS_PER_NODE not set
SLURM_NTASKS_PER_SOCKET not set
(3600, 3600, 3600)    1.5943  0.000000

real	0m3.198s
user	0m3.066s
sys	0m0.085s

SLURM_NTASKS_PER_NODE not set
SLURM_NTASKS_PER_SOCKET not set
(3600, 3600, 3600)    1.5889  0.000000

real	0m3.186s
user	0m3.058s
sys	0m0.086s

SLURM_NTASKS_PER_NODE not set
SLURM_NTASKS_PER_SOCKET not set
(3600, 3600, 3600)    1.5903  0.000000

real	0m3.184s
user	0m3.057s
sys	0m0.083s
Running N=1440, P=1440, M=1440

SLURM_NTASKS_PER_NODE not set
SLURM_NTASKS_PER_SOCKET not set
(1440, 1440, 1440)    0.1038  0.000000

real	0m0.290s
user	0m0.230s
sys	0m0.027s

SLURM_NTASKS_PER_NODE not set
SLURM_NTASKS_PER_SOCKET not set
(1440, 1440, 1440)    0.1035  0.000000

real	0m0.279s
user	0m0.232s
sys	0m0.024s

SLURM_NTASKS_PER_NODE not set
SLURM_NTASKS_PER_SOCKET not set
(1440, 1440, 1440)    0.1035  0.000000

real	0m0.276s
user	0m0.232s
sys	0m0.024s
Running N=4320, P=4320, M=4320

SLURM_NTASKS_PER_NODE not set
SLURM_NTASKS_PER_SOCKET not set
(4320, 4320, 4320)    2.8082  0.000000

real	0m5.417s
user	0m5.271s
sys	0m0.113s

SLURM_NTASKS_PER_NODE not set
SLURM_NTASKS_PER_SOCKET not set
(4320, 4320, 4320)    2.8091  0.000000

real	0m5.424s
user	0m5.256s
sys	0m0.117s

SLURM_NTASKS_PER_NODE not set
SLURM_NTASKS_PER_SOCKET not set
(4320, 4320, 4320)    2.8092  0.000000

real	0m5.440s
user	0m5.263s
sys	0m0.117s
Running N=8400, P=8400, M=8400

SLURM_NTASKS_PER_NODE not set
SLURM_NTASKS_PER_SOCKET not set
(8400, 8400, 8400)   20.3812  0.000000

real	0m37.232s
user	0m36.668s
sys	0m0.401s

SLURM_NTASKS_PER_NODE not set
SLURM_NTASKS_PER_SOCKET not set
(8400, 8400, 8400)   20.3947  0.000000

real	0m37.216s
user	0m36.640s
sys	0m0.402s

SLURM_NTASKS_PER_NODE not set
SLURM_NTASKS_PER_SOCKET not set
(8400, 8400, 8400)   20.3761  0.000000

real	0m37.193s
user	0m36.608s
sys	0m0.408s
Running N=9600, P=9600, M=9600

SLURM_NTASKS_PER_NODE not set
SLURM_NTASKS_PER_SOCKET not set
(9600, 9600, 9600)   31.7146  0.000000

real	0m56.422s
user	0m55.666s
sys	0m0.522s

SLURM_NTASKS_PER_NODE not set
SLURM_NTASKS_PER_SOCKET not set
(9600, 9600, 9600)   31.7085  0.000000

real	0m56.432s
user	0m55.691s
sys	0m0.473s

SLURM_NTASKS_PER_NODE not set
SLURM_NTASKS_PER_SOCKET not set
(9600, 9600, 9600)   31.7153  0.000000

real	0m56.597s
user	0m55.848s
sys	0m0.517s
Running N=7633, P=850, M=1200
Matrix dimension N must be a multiple of 10
real	0m0.017s
user	0m0.001s
sys	0m0.003s
Matrix dimension N must be a multiple of 10
real	0m0.013s
user	0m0.001s
sys	0m0.002s
Matrix dimension N must be a multiple of 10
real	0m0.016s
user	0m0.001s
sys	0m0.002s
Running N=980, P=8030, M=9645
Matrix dimension M must be a multiple of 16
real	0m0.009s
user	0m0.000s
sys	0m0.003s
Matrix dimension M must be a multiple of 16
real	0m0.007s
user	0m0.001s
sys	0m0.002s
Matrix dimension M must be a multiple of 16
real	0m0.007s
user	0m0.000s
sys	0m0.003s
Running N=1440, P=8160, M=9648

SLURM_NTASKS_PER_NODE not set
SLURM_NTASKS_PER_SOCKET not set
(1440, 8160, 9648)    4.3172  0.000000

real	0m8.392s
user	0m8.145s
sys	0m0.177s

SLURM_NTASKS_PER_NODE not set
SLURM_NTASKS_PER_SOCKET not set
(1440, 8160, 9648)    4.3300  0.000000

real	0m8.442s
user	0m8.169s
sys	0m0.169s

SLURM_NTASKS_PER_NODE not set
SLURM_NTASKS_PER_SOCKET not set
(1440, 8160, 9648)    4.3158  0.000000

real	0m8.389s
user	0m8.154s
sys	0m0.167s
Running N=1000, P=1000, M=1000
Matrix dimension M must be a multiple of 16
real	0m0.013s
user	0m0.000s
sys	0m0.003s
Matrix dimension M must be a multiple of 16
real	0m0.006s
user	0m0.001s
sys	0m0.002s
Matrix dimension M must be a multiple of 16
real	0m0.007s
user	0m0.001s
sys	0m0.002s
Running N=9600, P=9600, M=9600

SLURM_NTASKS_PER_NODE not set
SLURM_NTASKS_PER_SOCKET not set
(9600, 9600, 9600)   31.7130  0.000000

real	0m56.484s
user	0m55.743s
sys	0m0.484s

SLURM_NTASKS_PER_NODE not set
SLURM_NTASKS_PER_SOCKET not set
(9600, 9600, 9600)   31.7174  0.000000

real	0m56.627s
user	0m55.887s
sys	0m0.503s

SLURM_NTASKS_PER_NODE not set
SLURM_NTASKS_PER_SOCKET not set
(9600, 9600, 9600)   31.6906  0.000000

real	0m56.519s
user	0m55.785s
sys	0m0.513s
Running N=1024, P=1024, M=1024
Matrix dimension N must be a multiple of 10
real	0m0.028s
user	0m0.000s
sys	0m0.004s
Matrix dimension N must be a multiple of 10
real	0m0.008s
user	0m0.000s
sys	0m0.003s
Matrix dimension N must be a multiple of 10
real	0m0.008s
user	0m0.001s
sys	0m0.002s
Running N=8192, P=8192, M=8192
Matrix dimension N must be a multiple of 10
real	0m0.010s
user	0m0.000s
sys	0m0.003s
Matrix dimension N must be a multiple of 10
real	0m0.008s
user	0m0.001s
sys	0m0.002s
Matrix dimension N must be a multiple of 10
real	0m0.008s
user	0m0.000s
sys	0m0.003s
Running N=1024, P=1024, M=8192
Matrix dimension N must be a multiple of 10
real	0m0.008s
user	0m0.000s
sys	0m0.003s
Matrix dimension N must be a multiple of 10
real	0m0.007s
user	0m0.000s
sys	0m0.003s
Matrix dimension N must be a multiple of 10
real	0m0.007s
user	0m0.001s
sys	0m0.002s
Running N=8192, P=8192, M=1024
Matrix dimension N must be a multiple of 10
real	0m0.008s
user	0m0.000s
sys	0m0.003s
Matrix dimension N must be a multiple of 10
real	0m0.008s
user	0m0.000s
sys	0m0.003s
Matrix dimension N must be a multiple of 10
real	0m0.008s
user	0m0.001s
sys	0m0.002s
Running N=8192, P=1024, M=8192
Matrix dimension N must be a multiple of 10
real	0m0.007s
user	0m0.001s
sys	0m0.002s
Matrix dimension N must be a multiple of 10
real	0m0.007s
user	0m0.000s
sys	0m0.003s
Matrix dimension N must be a multiple of 10
real	0m0.008s
user	0m0.000s
sys	0m0.003s
