The following modules were not unloaded:
  (Use "module --force purge" to unload all):

  1) StdEnv

Currently Loaded Modules:
  1) StdEnv                              (S)
  2) GCCcore/10.2.0
  3) zlib/1.2.11-GCCcore-10.2.0
  4) binutils/2.35-GCCcore-10.2.0
  5) iccifort/2020.4.304
  6) numactl/2.0.13-GCCcore-10.2.0
  7) UCX/1.9.0-GCCcore-10.2.0
  8) impi/2019.9.304-iccifort-2020.4.304
  9) iimpi/2020b
 10) imkl/2020.4.304-iimpi-2020b
 11) intel/2020b

  Where:
   S:  Module is Sticky, requires --force to unload or purge

 

/home/cpsc424_rp862/Desktop/cpsc-524-parallel-programming/rp862_final_cpsc424/project
r918u05n03

ALL = bin/t6-serial-square-avx-blocking bin/t7-omp-square-avx-blocking bin/t8-omp-rectangular-avx-blocking
rm -rf obj/3-avx  bin/t8-serial-divisible-avx-blocking  bin/t9-omp-divisible-avx-blocking
ALL = bin/t6-serial-square-avx-blocking bin/t7-omp-square-avx-blocking bin/t8-omp-rectangular-avx-blocking
icc -g -O3 -xHost -fno-alias -std=c99 -qopenmp -lmkl_rt -I include -c src/3-avx/t9-omp-divisible-avx-blocking.c -o obj/3-avx/t9-omp-divisible-avx-blocking.o
icc -g -O3 -xHost -fno-alias -std=c99 -qopenmp -lmkl_rt -I include -c src/3-avx/../timing.c -o obj/3-avx/../timing.o
icc -g -O3 -xHost -fno-alias -std=c99 -qopenmp -lmkl_rt -I include -c src/3-avx/../utilities.c -o obj/3-avx/../utilities.o
icc -g -O3 -xHost -fno-alias -std=c99 -qopenmp -lmkl_rt -I include -o bin/t9-omp-divisible-avx-blocking obj/3-avx/t9-omp-divisible-avx-blocking.o obj/3-avx/../timing.o obj/3-avx/../utilities.o
rm obj/3-avx/../timing.o obj/3-avx/../utilities.o obj/3-avx/t9-omp-divisible-avx-blocking.o
Running N=1200, P=1200, M=1200

SLURM_NTASKS_PER_NODE not set
SLURM_NTASKS_PER_SOCKET not set
(1200, 1200, 1200)    0.0047  0.000000

real	0m0.199s
user	0m0.412s
sys	0m0.067s

SLURM_NTASKS_PER_NODE not set
SLURM_NTASKS_PER_SOCKET not set
(1200, 1200, 1200)    0.0047  0.000000

real	0m0.087s
user	0m0.441s
sys	0m0.068s

SLURM_NTASKS_PER_NODE not set
SLURM_NTASKS_PER_SOCKET not set
(1200, 1200, 1200)    0.0048  0.000000

real	0m0.078s
user	0m0.391s
sys	0m0.045s
Running N=3600, P=3600, M=3600

SLURM_NTASKS_PER_NODE not set
SLURM_NTASKS_PER_SOCKET not set
(3600, 3600, 3600)    0.1199  0.000000

real	0m0.563s
user	0m5.243s
sys	0m0.179s

SLURM_NTASKS_PER_NODE not set
SLURM_NTASKS_PER_SOCKET not set
(3600, 3600, 3600)    0.1191  0.000000

real	0m0.561s
user	0m5.242s
sys	0m0.146s

SLURM_NTASKS_PER_NODE not set
SLURM_NTASKS_PER_SOCKET not set
(3600, 3600, 3600)    0.1190  0.000000

real	0m0.581s
user	0m5.547s
sys	0m0.160s
Running N=1440, P=1440, M=1440

SLURM_NTASKS_PER_NODE not set
SLURM_NTASKS_PER_SOCKET not set
(1440, 1440, 1440)    0.0078  0.000000

real	0m0.101s
user	0m0.577s
sys	0m0.061s

SLURM_NTASKS_PER_NODE not set
SLURM_NTASKS_PER_SOCKET not set
(1440, 1440, 1440)    0.0080  0.000000

real	0m0.099s
user	0m0.546s
sys	0m0.056s

SLURM_NTASKS_PER_NODE not set
SLURM_NTASKS_PER_SOCKET not set
(1440, 1440, 1440)    0.0080  0.000000

real	0m0.104s
user	0m0.663s
sys	0m0.045s
Running N=4320, P=4320, M=4320

SLURM_NTASKS_PER_NODE not set
SLURM_NTASKS_PER_SOCKET not set
(4320, 4320, 4320)    0.2149  0.000000

real	0m0.855s
user	0m8.956s
sys	0m0.211s

SLURM_NTASKS_PER_NODE not set
SLURM_NTASKS_PER_SOCKET not set
(4320, 4320, 4320)    0.2141  0.000000

real	0m0.857s
user	0m9.004s
sys	0m0.154s

SLURM_NTASKS_PER_NODE not set
SLURM_NTASKS_PER_SOCKET not set
(4320, 4320, 4320)    0.2138  0.000000

real	0m0.864s
user	0m9.001s
sys	0m0.272s
Running N=8400, P=8400, M=8400

SLURM_NTASKS_PER_NODE not set
SLURM_NTASKS_PER_SOCKET not set
(8400, 8400, 8400)    1.3686  0.000000

real	0m4.049s
user	0m54.540s
sys	0m0.774s

SLURM_NTASKS_PER_NODE not set
SLURM_NTASKS_PER_SOCKET not set
(8400, 8400, 8400)    1.3673  0.000000

real	0m4.048s
user	0m54.656s
sys	0m0.627s

SLURM_NTASKS_PER_NODE not set
SLURM_NTASKS_PER_SOCKET not set
(8400, 8400, 8400)    1.3682  0.000000

real	0m4.046s
user	0m54.763s
sys	0m0.472s
Running N=9600, P=9600, M=9600

SLURM_NTASKS_PER_NODE not set
SLURM_NTASKS_PER_SOCKET not set
(9600, 9600, 9600)    2.1188  0.000000

real	0m5.744s
user	1m22.232s
sys	0m0.706s

SLURM_NTASKS_PER_NODE not set
SLURM_NTASKS_PER_SOCKET not set
(9600, 9600, 9600)    2.1271  0.000000

real	0m5.756s
user	1m22.144s
sys	0m0.756s

SLURM_NTASKS_PER_NODE not set
SLURM_NTASKS_PER_SOCKET not set
(9600, 9600, 9600)    2.1209  0.000000

real	0m5.736s
user	1m21.436s
sys	0m0.603s
