cleaning
SRC_FILES = src/drand-ts.c src/drand.c src/mandomp-avx.c src/mandomp-collapse-avx.c src/mandomp-collapse.c src/mandomp-tasks-columns-shared.c src/mandomp-tasks-columns.c src/mandomp-tasks.c src/mandomp-ts-avx-parallel.c src/mandomp-ts-avx.c src/mandomp-ts.c src/mandomp.c src/mandseq-avx.c src/mandseq.c src/timing.c src/utilities.c
OBJ_FILES =  obj/drand-ts.o  obj/drand.o  obj/mandomp-avx.o  obj/mandomp-collapse-avx.o  obj/mandomp-collapse.o  obj/mandomp-tasks-columns-shared.o  obj/mandomp-tasks-columns.o  obj/mandomp-tasks.o  obj/mandomp-ts-avx-parallel.o  obj/mandomp-ts-avx.o  obj/mandomp-ts.o  obj/mandomp.o  obj/mandseq-avx.o  obj/mandseq.o  obj/timing.o  obj/utilities.o
rm -f bin/mandomp-tasks obj/mandomp-tasks.o
SRC_FILES = src/drand-ts.c src/drand.c src/mandomp-avx.c src/mandomp-collapse-avx.c src/mandomp-collapse.c src/mandomp-tasks-columns-shared.c src/mandomp-tasks-columns.c src/mandomp-tasks.c src/mandomp-ts-avx-parallel.c src/mandomp-ts-avx.c src/mandomp-ts.c src/mandomp.c src/mandseq-avx.c src/mandseq.c src/timing.c src/utilities.c
OBJ_FILES =  obj/drand-ts.o  obj/drand.o  obj/mandomp-avx.o  obj/mandomp-collapse-avx.o  obj/mandomp-collapse.o  obj/mandomp-tasks-columns-shared.o  obj/mandomp-tasks-columns.o  obj/mandomp-tasks.o  obj/mandomp-ts-avx-parallel.o  obj/mandomp-ts-avx.o  obj/mandomp-ts.o  obj/mandomp.o  obj/mandseq-avx.o  obj/mandseq.o  obj/timing.o  obj/utilities.o
rm -f bin/mandomp-tasks-columns obj/mandomp-tasks-columns.o
SRC_FILES = src/drand-ts.c src/drand.c src/mandomp-avx.c src/mandomp-collapse-avx.c src/mandomp-collapse.c src/mandomp-tasks-columns-shared.c src/mandomp-tasks-columns.c src/mandomp-tasks.c src/mandomp-ts-avx-parallel.c src/mandomp-ts-avx.c src/mandomp-ts.c src/mandomp.c src/mandseq-avx.c src/mandseq.c src/timing.c src/utilities.c
OBJ_FILES =  obj/drand-ts.o  obj/drand.o  obj/mandomp-avx.o  obj/mandomp-collapse-avx.o  obj/mandomp-collapse.o  obj/mandomp-tasks-columns-shared.o  obj/mandomp-tasks-columns.o  obj/mandomp-tasks.o  obj/mandomp-ts-avx-parallel.o  obj/mandomp-ts-avx.o  obj/mandomp-ts.o  obj/mandomp.o  obj/mandseq-avx.o  obj/mandseq.o  obj/timing.o  obj/utilities.o
rm -f bin/mandomp-tasks-columns-shared obj/mandomp-tasks-columns-shared.o

compiling
SRC_FILES = src/drand-ts.c src/drand.c src/mandomp-avx.c src/mandomp-collapse-avx.c src/mandomp-collapse.c src/mandomp-tasks-columns-shared.c src/mandomp-tasks-columns.c src/mandomp-tasks.c src/mandomp-ts-avx-parallel.c src/mandomp-ts-avx.c src/mandomp-ts.c src/mandomp.c src/mandseq-avx.c src/mandseq.c src/timing.c src/utilities.c
OBJ_FILES =  obj/drand-ts.o  obj/drand.o  obj/mandomp-avx.o  obj/mandomp-collapse-avx.o  obj/mandomp-collapse.o  obj/mandomp-tasks-columns-shared.o  obj/mandomp-tasks-columns.o  obj/mandomp-tasks.o  obj/mandomp-ts-avx-parallel.o  obj/mandomp-ts-avx.o  obj/mandomp-ts.o  obj/mandomp.o  obj/mandseq-avx.o  obj/mandseq.o  obj/timing.o  obj/utilities.o
icc -g -O3 -xHost -fno-alias -std=c99 -qopenmp -I include  -c src/mandomp-tasks.c -o obj/mandomp-tasks.o
icc -g -O3 -xHost -fno-alias -std=c99 -qopenmp -I include  obj/mandomp-tasks.o obj/drand-ts.o obj/timing.o obj/utilities.o -o bin/mandomp-tasks
SRC_FILES = src/drand-ts.c src/drand.c src/mandomp-avx.c src/mandomp-collapse-avx.c src/mandomp-collapse.c src/mandomp-tasks-columns-shared.c src/mandomp-tasks-columns.c src/mandomp-tasks.c src/mandomp-ts-avx-parallel.c src/mandomp-ts-avx.c src/mandomp-ts.c src/mandomp.c src/mandseq-avx.c src/mandseq.c src/timing.c src/utilities.c
OBJ_FILES =  obj/drand-ts.o  obj/drand.o  obj/mandomp-avx.o  obj/mandomp-collapse-avx.o  obj/mandomp-collapse.o  obj/mandomp-tasks-columns-shared.o  obj/mandomp-tasks-columns.o  obj/mandomp-tasks.o  obj/mandomp-ts-avx-parallel.o  obj/mandomp-ts-avx.o  obj/mandomp-ts.o  obj/mandomp.o  obj/mandseq-avx.o  obj/mandseq.o  obj/timing.o  obj/utilities.o
icc -g -O3 -xHost -fno-alias -std=c99 -qopenmp -I include  -c src/mandomp-tasks-columns.c -o obj/mandomp-tasks-columns.o
icc -g -O3 -xHost -fno-alias -std=c99 -qopenmp -I include  obj/mandomp-tasks-columns.o obj/drand-ts.o obj/timing.o obj/utilities.o -o bin/mandomp-tasks-columns
SRC_FILES = src/drand-ts.c src/drand.c src/mandomp-avx.c src/mandomp-collapse-avx.c src/mandomp-collapse.c src/mandomp-tasks-columns-shared.c src/mandomp-tasks-columns.c src/mandomp-tasks.c src/mandomp-ts-avx-parallel.c src/mandomp-ts-avx.c src/mandomp-ts.c src/mandomp.c src/mandseq-avx.c src/mandseq.c src/timing.c src/utilities.c
OBJ_FILES =  obj/drand-ts.o  obj/drand.o  obj/mandomp-avx.o  obj/mandomp-collapse-avx.o  obj/mandomp-collapse.o  obj/mandomp-tasks-columns-shared.o  obj/mandomp-tasks-columns.o  obj/mandomp-tasks.o  obj/mandomp-ts-avx-parallel.o  obj/mandomp-ts-avx.o  obj/mandomp-ts.o  obj/mandomp.o  obj/mandseq-avx.o  obj/mandseq.o  obj/timing.o  obj/utilities.o
icc -g -O3 -xHost -fno-alias -std=c99 -qopenmp -I include  -c src/mandomp-tasks-columns-shared.c -o obj/mandomp-tasks-columns-shared.o
icc -g -O3 -xHost -fno-alias -std=c99 -qopenmp -I include  obj/mandomp-tasks-columns-shared.o obj/drand-ts.o obj/timing.o obj/utilities.o -o bin/mandomp-tasks-columns-shared


MANDOMP TASKS SINGLE CELL


Number of threads =  1

Per cell
Warning: OMP_SCHEDULE environment variable is not set.
Seed_ts = 12344. RAND_MAX = 2147483647.

area estimate = 1.506656
elapsed wall clock time = 17.854931
elapsed cpu time = 17.822566

real	0m17.887s
user	0m17.823s
sys	0m0.002s

Per column
Warning: OMP_SCHEDULE environment variable is not set.
Seed_ts = 12344. RAND_MAX = 2147483647.

area estimate = 1.506656
elapsed wall clock time = 17.846874
elapsed cpu time = 17.813145

real	0m17.867s
user	0m17.814s
sys	0m0.003s

Shared Task Creation
Warning: OMP_SCHEDULE environment variable is not set.
Seed_ts = 12344. RAND_MAX = 2147483647.

area estimate = 1.506656
elapsed wall clock time = 17.687784
elapsed cpu time = 17.654138

real	0m17.717s
user	0m17.655s
sys	0m0.002s

Per cell
Warning: OMP_SCHEDULE environment variable is not set.
Seed_ts = 12344. RAND_MAX = 2147483647.

area estimate = 1.506656
elapsed wall clock time = 17.853369
elapsed cpu time = 17.818469

real	0m17.875s
user	0m17.820s
sys	0m0.003s

Per column
Warning: OMP_SCHEDULE environment variable is not set.
Seed_ts = 12344. RAND_MAX = 2147483647.

area estimate = 1.506656
elapsed wall clock time = 17.848698
elapsed cpu time = 17.811890

real	0m17.927s
user	0m17.813s
sys	0m0.004s

Shared Task Creation
Warning: OMP_SCHEDULE environment variable is not set.
Seed_ts = 12344. RAND_MAX = 2147483647.

area estimate = 1.506656
elapsed wall clock time = 17.680130
elapsed cpu time = 17.647645

real	0m17.694s
user	0m17.648s
sys	0m0.002s

Per cell
Warning: OMP_SCHEDULE environment variable is not set.
Seed_ts = 12344. RAND_MAX = 2147483647.

area estimate = 1.506656
elapsed wall clock time = 17.857427
elapsed cpu time = 17.824054

real	0m17.876s
user	0m17.825s
sys	0m0.002s

Per column
Warning: OMP_SCHEDULE environment variable is not set.
Seed_ts = 12344. RAND_MAX = 2147483647.

area estimate = 1.506656
elapsed wall clock time = 17.847785
elapsed cpu time = 17.814372

real	0m17.865s
user	0m17.815s
sys	0m0.002s

Shared Task Creation
Warning: OMP_SCHEDULE environment variable is not set.
Seed_ts = 12344. RAND_MAX = 2147483647.

area estimate = 1.506656
elapsed wall clock time = 17.680039
elapsed cpu time = 17.648155

real	0m17.720s
user	0m17.649s
sys	0m0.002s


Number of threads =  2

Per cell
Warning: OMP_SCHEDULE environment variable is not set.
Seed_ts = 12344. RAND_MAX = 2147483647.
Seed_ts = 12344. RAND_MAX = 2147483647.

area estimate = 1.506656
elapsed wall clock time = 8.964475
elapsed cpu time = 17.855093

real	0m8.977s
user	0m17.858s
sys	0m0.042s

Per column
Warning: OMP_SCHEDULE environment variable is not set.
Seed_ts = 12344. RAND_MAX = 2147483647.
Seed_ts = 12344. RAND_MAX = 2147483647.

area estimate = 1.506862
elapsed wall clock time = 8.946336
elapsed cpu time = 17.847129

real	0m8.974s
user	0m17.855s
sys	0m0.004s

Shared Task Creation
Warning: OMP_SCHEDULE environment variable is not set.
Seed_ts = 12344. RAND_MAX = 2147483647.
Seed_ts = 12344. RAND_MAX = 2147483647.

area estimate = 1.506728
elapsed wall clock time = 8.867962
elapsed cpu time = 17.690976

real	0m8.895s
user	0m17.702s
sys	0m0.004s

Per cell
Warning: OMP_SCHEDULE environment variable is not set.
Seed_ts = 12344. RAND_MAX = 2147483647.
Seed_ts = 12344. RAND_MAX = 2147483647.

area estimate = 1.506656
elapsed wall clock time = 8.959232
elapsed cpu time = 17.851925

real	0m8.976s
user	0m17.858s
sys	0m0.027s

Per column
Warning: OMP_SCHEDULE environment variable is not set.
Seed_ts = 12344. RAND_MAX = 2147483647.
Seed_ts = 12344. RAND_MAX = 2147483647.

area estimate = 1.506830
elapsed wall clock time = 8.944562
elapsed cpu time = 17.844289

real	0m8.956s
user	0m17.850s
sys	0m0.006s

Shared Task Creation
Warning: OMP_SCHEDULE environment variable is not set.
Seed_ts = 12344. RAND_MAX = 2147483647.
Seed_ts = 12344. RAND_MAX = 2147483647.

area estimate = 1.506730
elapsed wall clock time = 8.867657
elapsed cpu time = 17.687132

real	0m8.898s
user	0m17.695s
sys	0m0.008s

Per cell
Warning: OMP_SCHEDULE environment variable is not set.
Seed_ts = 12344. RAND_MAX = 2147483647.
Seed_ts = 12344. RAND_MAX = 2147483647.

area estimate = 1.506656
elapsed wall clock time = 8.966836
elapsed cpu time = 17.861793

real	0m8.983s
user	0m17.869s
sys	0m0.031s

Per column
Warning: OMP_SCHEDULE environment variable is not set.
Seed_ts = 12344. RAND_MAX = 2147483647.
Seed_ts = 12344. RAND_MAX = 2147483647.

area estimate = 1.506842
elapsed wall clock time = 8.947340
elapsed cpu time = 17.849178

real	0m8.962s
user	0m17.851s
sys	0m0.005s

Shared Task Creation
Warning: OMP_SCHEDULE environment variable is not set.
Seed_ts = 12344. RAND_MAX = 2147483647.
Seed_ts = 12344. RAND_MAX = 2147483647.

area estimate = 1.506784
elapsed wall clock time = 8.867668
elapsed cpu time = 17.687111

real	0m8.891s
user	0m17.694s
sys	0m0.006s


Number of threads =  4

Per cell
Warning: OMP_SCHEDULE environment variable is not set.
Seed_ts = 12344. RAND_MAX = 2147483647.
Seed_ts = 12344. RAND_MAX = 2147483647.
Seed_ts = 12344. RAND_MAX = 2147483647.
Seed_ts = 12344. RAND_MAX = 2147483647.

area estimate = 1.506656
elapsed wall clock time = 4.549669
elapsed cpu time = 18.105176

real	0m4.569s
user	0m18.126s
sys	0m0.052s

Per column
Warning: OMP_SCHEDULE environment variable is not set.
Seed_ts = 12344. RAND_MAX = 2147483647.
Seed_ts = 12344. RAND_MAX = 2147483647.
Seed_ts = 12344. RAND_MAX = 2147483647.
Seed_ts = 12344. RAND_MAX = 2147483647.

area estimate = 1.506796
elapsed wall clock time = 4.500227
elapsed cpu time = 17.953646

real	0m4.508s
user	0m17.961s
sys	0m0.002s

Shared Task Creation
Warning: OMP_SCHEDULE environment variable is not set.
Seed_ts = 12344. RAND_MAX = 2147483647.
Seed_ts = 12344. RAND_MAX = 2147483647.
Seed_ts = 12344. RAND_MAX = 2147483647.
Seed_ts = 12344. RAND_MAX = 2147483647.

area estimate = 1.506582
elapsed wall clock time = 4.435200
elapsed cpu time = 17.696595

real	0m4.442s
user	0m17.701s
sys	0m0.003s

Per cell
Warning: OMP_SCHEDULE environment variable is not set.
Seed_ts = 12344. RAND_MAX = 2147483647.
Seed_ts = 12344. RAND_MAX = 2147483647.
Seed_ts = 12344. RAND_MAX = 2147483647.
Seed_ts = 12344. RAND_MAX = 2147483647.

area estimate = 1.506656
elapsed wall clock time = 4.553080
elapsed cpu time = 18.105195

real	0m4.561s
user	0m18.112s
sys	0m0.065s

Per column
Warning: OMP_SCHEDULE environment variable is not set.
Seed_ts = 12344. RAND_MAX = 2147483647.
Seed_ts = 12344. RAND_MAX = 2147483647.
Seed_ts = 12344. RAND_MAX = 2147483647.
Seed_ts = 12344. RAND_MAX = 2147483647.

area estimate = 1.506812
elapsed wall clock time = 4.501053
elapsed cpu time = 17.955692

real	0m4.507s
user	0m17.961s
sys	0m0.004s

Shared Task Creation
Warning: OMP_SCHEDULE environment variable is not set.
Seed_ts = 12344. RAND_MAX = 2147483647.
Seed_ts = 12344. RAND_MAX = 2147483647.
Seed_ts = 12344. RAND_MAX = 2147483647.
Seed_ts = 12344. RAND_MAX = 2147483647.

area estimate = 1.506560
elapsed wall clock time = 4.434497
elapsed cpu time = 17.691184

real	0m4.440s
user	0m17.697s
sys	0m0.004s

Per cell
Warning: OMP_SCHEDULE environment variable is not set.
Seed_ts = 12344. RAND_MAX = 2147483647.
Seed_ts = 12344. RAND_MAX = 2147483647.
Seed_ts = 12344. RAND_MAX = 2147483647.
Seed_ts = 12344. RAND_MAX = 2147483647.

area estimate = 1.506656
elapsed wall clock time = 4.553674
elapsed cpu time = 18.108104

real	0m4.575s
user	0m18.114s
sys	0m0.066s

Per column
Warning: OMP_SCHEDULE environment variable is not set.
Seed_ts = 12344. RAND_MAX = 2147483647.
Seed_ts = 12344. RAND_MAX = 2147483647.
Seed_ts = 12344. RAND_MAX = 2147483647.
Seed_ts = 12344. RAND_MAX = 2147483647.

area estimate = 1.506852
elapsed wall clock time = 4.502963
elapsed cpu time = 17.962625

real	0m4.515s
user	0m17.977s
sys	0m0.002s

Shared Task Creation
Warning: OMP_SCHEDULE environment variable is not set.
Seed_ts = 12344. RAND_MAX = 2147483647.
Seed_ts = 12344. RAND_MAX = 2147483647.
Seed_ts = 12344. RAND_MAX = 2147483647.
Seed_ts = 12344. RAND_MAX = 2147483647.

area estimate = 1.506546
elapsed wall clock time = 4.438721
elapsed cpu time = 17.700352

real	0m4.448s
user	0m17.707s
sys	0m0.003s


Number of threads =  12

Per cell
Warning: OMP_SCHEDULE environment variable is not set.
Seed_ts = 12344. RAND_MAX = 2147483647.
Seed_ts = 12344. RAND_MAX = 2147483647.
Seed_ts = 12344. RAND_MAX = 2147483647.
Seed_ts = 12344. RAND_MAX = 2147483647.
Seed_ts = 12344. RAND_MAX = 2147483647.
Seed_ts = 12344. RAND_MAX = 2147483647.
Seed_ts = 12344. RAND_MAX = 2147483647.
Seed_ts = 12344. RAND_MAX = 2147483647.
Seed_ts = 12344. RAND_MAX = 2147483647.
Seed_ts = 12344. RAND_MAX = 2147483647.
Seed_ts = 12344. RAND_MAX = 2147483647.
Seed_ts = 12344. RAND_MAX = 2147483647.

area estimate = 1.506656
elapsed wall clock time = 1.674457
elapsed cpu time = 19.932812

real	0m1.681s
user	0m19.955s
sys	0m0.098s

Per column
Warning: OMP_SCHEDULE environment variable is not set.
Seed_ts = 12344. RAND_MAX = 2147483647.
Seed_ts = 12344. RAND_MAX = 2147483647.
Seed_ts = 12344. RAND_MAX = 2147483647.
Seed_ts = 12344. RAND_MAX = 2147483647.
Seed_ts = 12344. RAND_MAX = 2147483647.
Seed_ts = 12344. RAND_MAX = 2147483647.
Seed_ts = 12344. RAND_MAX = 2147483647.
Seed_ts = 12344. RAND_MAX = 2147483647.
Seed_ts = 12344. RAND_MAX = 2147483647.
Seed_ts = 12344. RAND_MAX = 2147483647.
Seed_ts = 12344. RAND_MAX = 2147483647.
Seed_ts = 12344. RAND_MAX = 2147483647.

area estimate = 1.506770
elapsed wall clock time = 1.530083
elapsed cpu time = 18.291688

real	0m1.536s
user	0m18.308s
sys	0m0.004s

Shared Task Creation
Warning: OMP_SCHEDULE environment variable is not set.
Seed_ts = 12344. RAND_MAX = 2147483647.
Seed_ts = 12344. RAND_MAX = 2147483647.
Seed_ts = 12344. RAND_MAX = 2147483647.
Seed_ts = 12344. RAND_MAX = 2147483647.
Seed_ts = 12344. RAND_MAX = 2147483647.
Seed_ts = 12344. RAND_MAX = 2147483647.
Seed_ts = 12344. RAND_MAX = 2147483647.
Seed_ts = 12344. RAND_MAX = 2147483647.
Seed_ts = 12344. RAND_MAX = 2147483647.
Seed_ts = 12344. RAND_MAX = 2147483647.
Seed_ts = 12344. RAND_MAX = 2147483647.
Seed_ts = 12344. RAND_MAX = 2147483647.

area estimate = 1.506712
elapsed wall clock time = 1.490277
elapsed cpu time = 17.806192

real	0m1.497s
user	0m17.820s
sys	0m0.008s

Per cell
Warning: OMP_SCHEDULE environment variable is not set.
Seed_ts = 12344. RAND_MAX = 2147483647.
Seed_ts = 12344. RAND_MAX = 2147483647.
Seed_ts = 12344. RAND_MAX = 2147483647.
Seed_ts = 12344. RAND_MAX = 2147483647.
Seed_ts = 12344. RAND_MAX = 2147483647.
Seed_ts = 12344. RAND_MAX = 2147483647.
Seed_ts = 12344. RAND_MAX = 2147483647.
Seed_ts = 12344. RAND_MAX = 2147483647.
Seed_ts = 12344. RAND_MAX = 2147483647.
Seed_ts = 12344. RAND_MAX = 2147483647.
Seed_ts = 12344. RAND_MAX = 2147483647.
Seed_ts = 12344. RAND_MAX = 2147483647.

area estimate = 1.506656
elapsed wall clock time = 1.672510
elapsed cpu time = 19.890114

real	0m1.681s
user	0m19.907s
sys	0m0.091s

Per column
Warning: OMP_SCHEDULE environment variable is not set.
Seed_ts = 12344. RAND_MAX = 2147483647.
Seed_ts = 12344. RAND_MAX = 2147483647.
Seed_ts = 12344. RAND_MAX = 2147483647.
Seed_ts = 12344. RAND_MAX = 2147483647.
Seed_ts = 12344. RAND_MAX = 2147483647.
Seed_ts = 12344. RAND_MAX = 2147483647.
Seed_ts = 12344. RAND_MAX = 2147483647.
Seed_ts = 12344. RAND_MAX = 2147483647.
Seed_ts = 12344. RAND_MAX = 2147483647.
Seed_ts = 12344. RAND_MAX = 2147483647.
Seed_ts = 12344. RAND_MAX = 2147483647.
Seed_ts = 12344. RAND_MAX = 2147483647.

area estimate = 1.506690
elapsed wall clock time = 1.534420
elapsed cpu time = 18.337387

real	0m1.539s
user	0m18.351s
sys	0m0.007s

Shared Task Creation
Warning: OMP_SCHEDULE environment variable is not set.
Seed_ts = 12344. RAND_MAX = 2147483647.
Seed_ts = 12344. RAND_MAX = 2147483647.
Seed_ts = 12344. RAND_MAX = 2147483647.
Seed_ts = 12344. RAND_MAX = 2147483647.
Seed_ts = 12344. RAND_MAX = 2147483647.
Seed_ts = 12344. RAND_MAX = 2147483647.
Seed_ts = 12344. RAND_MAX = 2147483647.
Seed_ts = 12344. RAND_MAX = 2147483647.
Seed_ts = 12344. RAND_MAX = 2147483647.
Seed_ts = 12344. RAND_MAX = 2147483647.
Seed_ts = 12344. RAND_MAX = 2147483647.
Seed_ts = 12344. RAND_MAX = 2147483647.

area estimate = 1.506696
elapsed wall clock time = 1.487723
elapsed cpu time = 17.782073

real	0m1.495s
user	0m17.796s
sys	0m0.006s

Per cell
Warning: OMP_SCHEDULE environment variable is not set.
Seed_ts = 12344. RAND_MAX = 2147483647.
Seed_ts = 12344. RAND_MAX = 2147483647.
Seed_ts = 12344. RAND_MAX = 2147483647.
Seed_ts = 12344. RAND_MAX = 2147483647.
Seed_ts = 12344. RAND_MAX = 2147483647.
Seed_ts = 12344. RAND_MAX = 2147483647.
Seed_ts = 12344. RAND_MAX = 2147483647.
Seed_ts = 12344. RAND_MAX = 2147483647.
Seed_ts = 12344. RAND_MAX = 2147483647.
Seed_ts = 12344. RAND_MAX = 2147483647.
Seed_ts = 12344. RAND_MAX = 2147483647.
Seed_ts = 12344. RAND_MAX = 2147483647.

area estimate = 1.506656
elapsed wall clock time = 1.672757
elapsed cpu time = 19.912129

real	0m1.680s
user	0m19.933s
sys	0m0.098s

Per column
Warning: OMP_SCHEDULE environment variable is not set.
Seed_ts = 12344. RAND_MAX = 2147483647.
Seed_ts = 12344. RAND_MAX = 2147483647.
Seed_ts = 12344. RAND_MAX = 2147483647.
Seed_ts = 12344. RAND_MAX = 2147483647.
Seed_ts = 12344. RAND_MAX = 2147483647.
Seed_ts = 12344. RAND_MAX = 2147483647.
Seed_ts = 12344. RAND_MAX = 2147483647.
Seed_ts = 12344. RAND_MAX = 2147483647.
Seed_ts = 12344. RAND_MAX = 2147483647.
Seed_ts = 12344. RAND_MAX = 2147483647.
Seed_ts = 12344. RAND_MAX = 2147483647.
Seed_ts = 12344. RAND_MAX = 2147483647.

area estimate = 1.506942
elapsed wall clock time = 1.532431
elapsed cpu time = 18.320390

real	0m1.539s
user	0m18.339s
sys	0m0.006s

Shared Task Creation
Warning: OMP_SCHEDULE environment variable is not set.
Seed_ts = 12344. RAND_MAX = 2147483647.
Seed_ts = 12344. RAND_MAX = 2147483647.
Seed_ts = 12344. RAND_MAX = 2147483647.
Seed_ts = 12344. RAND_MAX = 2147483647.
Seed_ts = 12344. RAND_MAX = 2147483647.
Seed_ts = 12344. RAND_MAX = 2147483647.
Seed_ts = 12344. RAND_MAX = 2147483647.
Seed_ts = 12344. RAND_MAX = 2147483647.
Seed_ts = 12344. RAND_MAX = 2147483647.
Seed_ts = 12344. RAND_MAX = 2147483647.
Seed_ts = 12344. RAND_MAX = 2147483647.
Seed_ts = 12344. RAND_MAX = 2147483647.

area estimate = 1.506734
elapsed wall clock time = 1.491437
elapsed cpu time = 17.793041

real	0m1.499s
user	0m17.829s
sys	0m0.009s


Number of threads =  24

Per cell
Warning: OMP_SCHEDULE environment variable is not set.
Seed_ts = 12344. RAND_MAX = 2147483647.
Seed_ts = 12344. RAND_MAX = 2147483647.
Seed_ts = 12344. RAND_MAX = 2147483647.
Seed_ts = 12344. RAND_MAX = 2147483647.
Seed_ts = 12344. RAND_MAX = 2147483647.
Seed_ts = 12344. RAND_MAX = 2147483647.
Seed_ts = 12344. RAND_MAX = 2147483647.
Seed_ts = 12344. RAND_MAX = 2147483647.
Seed_ts = 12344. RAND_MAX = 2147483647.
Seed_ts = 12344. RAND_MAX = 2147483647.
Seed_ts = 12344. RAND_MAX = 2147483647.
Seed_ts = 12344. RAND_MAX = 2147483647.
Seed_ts = 12344. RAND_MAX = 2147483647.
Seed_ts = 12344. RAND_MAX = 2147483647.
Seed_ts = 12344. RAND_MAX = 2147483647.
Seed_ts = 12344. RAND_MAX = 2147483647.
Seed_ts = 12344. RAND_MAX = 2147483647.
Seed_ts = 12344. RAND_MAX = 2147483647.
Seed_ts = 12344. RAND_MAX = 2147483647.
Seed_ts = 12344. RAND_MAX = 2147483647.
Seed_ts = 12344. RAND_MAX = 2147483647.
Seed_ts = 12344. RAND_MAX = 2147483647.
Seed_ts = 12344. RAND_MAX = 2147483647.
Seed_ts = 12344. RAND_MAX = 2147483647.

area estimate = 1.506656
elapsed wall clock time = 0.946906
elapsed cpu time = 22.467758

real	0m0.954s
user	0m22.517s
sys	0m0.135s

Per column
Warning: OMP_SCHEDULE environment variable is not set.
Seed_ts = 12344. RAND_MAX = 2147483647.
Seed_ts = 12344. RAND_MAX = 2147483647.
Seed_ts = 12344. RAND_MAX = 2147483647.
Seed_ts = 12344. RAND_MAX = 2147483647.
Seed_ts = 12344. RAND_MAX = 2147483647.
Seed_ts = 12344. RAND_MAX = 2147483647.
Seed_ts = 12344. RAND_MAX = 2147483647.
Seed_ts = 12344. RAND_MAX = 2147483647.
Seed_ts = 12344. RAND_MAX = 2147483647.
Seed_ts = 12344. RAND_MAX = 2147483647.
Seed_ts = 12344. RAND_MAX = 2147483647.
Seed_ts = 12344. RAND_MAX = 2147483647.
Seed_ts = 12344. RAND_MAX = 2147483647.
Seed_ts = 12344. RAND_MAX = 2147483647.
Seed_ts = 12344. RAND_MAX = 2147483647.
Seed_ts = 12344. RAND_MAX = 2147483647.
Seed_ts = 12344. RAND_MAX = 2147483647.
Seed_ts = 12344. RAND_MAX = 2147483647.
Seed_ts = 12344. RAND_MAX = 2147483647.
Seed_ts = 12344. RAND_MAX = 2147483647.
Seed_ts = 12344. RAND_MAX = 2147483647.
Seed_ts = 12344. RAND_MAX = 2147483647.
Seed_ts = 12344. RAND_MAX = 2147483647.
Seed_ts = 12344. RAND_MAX = 2147483647.

area estimate = 1.506626
elapsed wall clock time = 0.790013
elapsed cpu time = 18.825100

real	0m0.799s
user	0m18.890s
sys	0m0.006s

Shared Task Creation
Warning: OMP_SCHEDULE environment variable is not set.
Seed_ts = 12344. RAND_MAX = 2147483647.
Seed_ts = 12344. RAND_MAX = 2147483647.
Seed_ts = 12344. RAND_MAX = 2147483647.
Seed_ts = 12344. RAND_MAX = 2147483647.
Seed_ts = 12344. RAND_MAX = 2147483647.
Seed_ts = 12344. RAND_MAX = 2147483647.
Seed_ts = 12344. RAND_MAX = 2147483647.
Seed_ts = 12344. RAND_MAX = 2147483647.
Seed_ts = 12344. RAND_MAX = 2147483647.
Seed_ts = 12344. RAND_MAX = 2147483647.
Seed_ts = 12344. RAND_MAX = 2147483647.
Seed_ts = 12344. RAND_MAX = 2147483647.
Seed_ts = 12344. RAND_MAX = 2147483647.
Seed_ts = 12344. RAND_MAX = 2147483647.
Seed_ts = 12344. RAND_MAX = 2147483647.
Seed_ts = 12344. RAND_MAX = 2147483647.
Seed_ts = 12344. RAND_MAX = 2147483647.
Seed_ts = 12344. RAND_MAX = 2147483647.
Seed_ts = 12344. RAND_MAX = 2147483647.
Seed_ts = 12344. RAND_MAX = 2147483647.
Seed_ts = 12344. RAND_MAX = 2147483647.
Seed_ts = 12344. RAND_MAX = 2147483647.
Seed_ts = 12344. RAND_MAX = 2147483647.
Seed_ts = 12344. RAND_MAX = 2147483647.

area estimate = 1.506658
elapsed wall clock time = 0.751932
elapsed cpu time = 17.919246

real	0m0.759s
user	0m17.964s
sys	0m0.024s

Per cell
Warning: OMP_SCHEDULE environment variable is not set.
Seed_ts = 12344. RAND_MAX = 2147483647.
Seed_ts = 12344. RAND_MAX = 2147483647.
Seed_ts = 12344. RAND_MAX = 2147483647.
Seed_ts = 12344. RAND_MAX = 2147483647.
Seed_ts = 12344. RAND_MAX = 2147483647.
Seed_ts = 12344. RAND_MAX = 2147483647.
Seed_ts = 12344. RAND_MAX = 2147483647.
Seed_ts = 12344. RAND_MAX = 2147483647.
Seed_ts = 12344. RAND_MAX = 2147483647.
Seed_ts = 12344. RAND_MAX = 2147483647.
Seed_ts = 12344. RAND_MAX = 2147483647.
Seed_ts = 12344. RAND_MAX = 2147483647.
Seed_ts = 12344. RAND_MAX = 2147483647.
Seed_ts = 12344. RAND_MAX = 2147483647.
Seed_ts = 12344. RAND_MAX = 2147483647.
Seed_ts = 12344. RAND_MAX = 2147483647.
Seed_ts = 12344. RAND_MAX = 2147483647.
Seed_ts = 12344. RAND_MAX = 2147483647.
Seed_ts = 12344. RAND_MAX = 2147483647.
Seed_ts = 12344. RAND_MAX = 2147483647.
Seed_ts = 12344. RAND_MAX = 2147483647.
Seed_ts = 12344. RAND_MAX = 2147483647.
Seed_ts = 12344. RAND_MAX = 2147483647.
Seed_ts = 12344. RAND_MAX = 2147483647.

area estimate = 1.506656
elapsed wall clock time = 0.940580
elapsed cpu time = 22.324501

real	0m0.946s
user	0m22.355s
sys	0m0.105s

Per column
Warning: OMP_SCHEDULE environment variable is not set.
Seed_ts = 12344. RAND_MAX = 2147483647.
Seed_ts = 12344. RAND_MAX = 2147483647.
Seed_ts = 12344. RAND_MAX = 2147483647.
Seed_ts = 12344. RAND_MAX = 2147483647.
Seed_ts = 12344. RAND_MAX = 2147483647.
Seed_ts = 12344. RAND_MAX = 2147483647.
Seed_ts = 12344. RAND_MAX = 2147483647.
Seed_ts = 12344. RAND_MAX = 2147483647.
Seed_ts = 12344. RAND_MAX = 2147483647.
Seed_ts = 12344. RAND_MAX = 2147483647.
Seed_ts = 12344. RAND_MAX = 2147483647.
Seed_ts = 12344. RAND_MAX = 2147483647.
Seed_ts = 12344. RAND_MAX = 2147483647.
Seed_ts = 12344. RAND_MAX = 2147483647.
Seed_ts = 12344. RAND_MAX = 2147483647.
Seed_ts = 12344. RAND_MAX = 2147483647.
Seed_ts = 12344. RAND_MAX = 2147483647.
Seed_ts = 12344. RAND_MAX = 2147483647.
Seed_ts = 12344. RAND_MAX = 2147483647.
Seed_ts = 12344. RAND_MAX = 2147483647.
Seed_ts = 12344. RAND_MAX = 2147483647.
Seed_ts = 12344. RAND_MAX = 2147483647.
Seed_ts = 12344. RAND_MAX = 2147483647.
Seed_ts = 12344. RAND_MAX = 2147483647.

area estimate = 1.506680
elapsed wall clock time = 0.788680
elapsed cpu time = 18.812598

real	0m0.795s
user	0m18.844s
sys	0m0.009s

Shared Task Creation
Warning: OMP_SCHEDULE environment variable is not set.
Seed_ts = 12344. RAND_MAX = 2147483647.
Seed_ts = 12344. RAND_MAX = 2147483647.
Seed_ts = 12344. RAND_MAX = 2147483647.
Seed_ts = 12344. RAND_MAX = 2147483647.
Seed_ts = 12344. RAND_MAX = 2147483647.
Seed_ts = 12344. RAND_MAX = 2147483647.
Seed_ts = 12344. RAND_MAX = 2147483647.
Seed_ts = 12344. RAND_MAX = 2147483647.
Seed_ts = 12344. RAND_MAX = 2147483647.
Seed_ts = 12344. RAND_MAX = 2147483647.
Seed_ts = 12344. RAND_MAX = 2147483647.
Seed_ts = 12344. RAND_MAX = 2147483647.
Seed_ts = 12344. RAND_MAX = 2147483647.
Seed_ts = 12344. RAND_MAX = 2147483647.
Seed_ts = 12344. RAND_MAX = 2147483647.
Seed_ts = 12344. RAND_MAX = 2147483647.
Seed_ts = 12344. RAND_MAX = 2147483647.
Seed_ts = 12344. RAND_MAX = 2147483647.
Seed_ts = 12344. RAND_MAX = 2147483647.
Seed_ts = 12344. RAND_MAX = 2147483647.
Seed_ts = 12344. RAND_MAX = 2147483647.
Seed_ts = 12344. RAND_MAX = 2147483647.
Seed_ts = 12344. RAND_MAX = 2147483647.
Seed_ts = 12344. RAND_MAX = 2147483647.

area estimate = 1.506660
elapsed wall clock time = 0.753225
elapsed cpu time = 17.953803

real	0m0.759s
user	0m17.968s
sys	0m0.035s

Per cell
Warning: OMP_SCHEDULE environment variable is not set.
Seed_ts = 12344. RAND_MAX = 2147483647.
Seed_ts = 12344. RAND_MAX = 2147483647.
Seed_ts = 12344. RAND_MAX = 2147483647.
Seed_ts = 12344. RAND_MAX = 2147483647.
Seed_ts = 12344. RAND_MAX = 2147483647.
Seed_ts = 12344. RAND_MAX = 2147483647.
Seed_ts = 12344. RAND_MAX = 2147483647.
Seed_ts = 12344. RAND_MAX = 2147483647.
Seed_ts = 12344. RAND_MAX = 2147483647.
Seed_ts = 12344. RAND_MAX = 2147483647.
Seed_ts = 12344. RAND_MAX = 2147483647.
Seed_ts = 12344. RAND_MAX = 2147483647.
Seed_ts = 12344. RAND_MAX = 2147483647.
Seed_ts = 12344. RAND_MAX = 2147483647.
Seed_ts = 12344. RAND_MAX = 2147483647.
Seed_ts = 12344. RAND_MAX = 2147483647.
Seed_ts = 12344. RAND_MAX = 2147483647.
Seed_ts = 12344. RAND_MAX = 2147483647.
Seed_ts = 12344. RAND_MAX = 2147483647.
Seed_ts = 12344. RAND_MAX = 2147483647.
Seed_ts = 12344. RAND_MAX = 2147483647.
Seed_ts = 12344. RAND_MAX = 2147483647.
Seed_ts = 12344. RAND_MAX = 2147483647.
Seed_ts = 12344. RAND_MAX = 2147483647.

area estimate = 1.506656
elapsed wall clock time = 0.945928
elapsed cpu time = 22.443491

real	0m0.951s
user	0m22.476s
sys	0m0.142s

Per column
Warning: OMP_SCHEDULE environment variable is not set.
Seed_ts = 12344. RAND_MAX = 2147483647.
Seed_ts = 12344. RAND_MAX = 2147483647.
Seed_ts = 12344. RAND_MAX = 2147483647.
Seed_ts = 12344. RAND_MAX = 2147483647.
Seed_ts = 12344. RAND_MAX = 2147483647.
Seed_ts = 12344. RAND_MAX = 2147483647.
Seed_ts = 12344. RAND_MAX = 2147483647.
Seed_ts = 12344. RAND_MAX = 2147483647.
Seed_ts = 12344. RAND_MAX = 2147483647.
Seed_ts = 12344. RAND_MAX = 2147483647.
Seed_ts = 12344. RAND_MAX = 2147483647.
Seed_ts = 12344. RAND_MAX = 2147483647.
Seed_ts = 12344. RAND_MAX = 2147483647.
Seed_ts = 12344. RAND_MAX = 2147483647.
Seed_ts = 12344. RAND_MAX = 2147483647.
Seed_ts = 12344. RAND_MAX = 2147483647.
Seed_ts = 12344. RAND_MAX = 2147483647.
Seed_ts = 12344. RAND_MAX = 2147483647.
Seed_ts = 12344. RAND_MAX = 2147483647.
Seed_ts = 12344. RAND_MAX = 2147483647.
Seed_ts = 12344. RAND_MAX = 2147483647.
Seed_ts = 12344. RAND_MAX = 2147483647.
Seed_ts = 12344. RAND_MAX = 2147483647.
Seed_ts = 12344. RAND_MAX = 2147483647.

area estimate = 1.506600
elapsed wall clock time = 0.788817
elapsed cpu time = 18.813756

real	0m0.796s
user	0m18.860s
sys	0m0.008s

Shared Task Creation
Warning: OMP_SCHEDULE environment variable is not set.
Seed_ts = 12344. RAND_MAX = 2147483647.
Seed_ts = 12344. RAND_MAX = 2147483647.
Seed_ts = 12344. RAND_MAX = 2147483647.
Seed_ts = 12344. RAND_MAX = 2147483647.
Seed_ts = 12344. RAND_MAX = 2147483647.
Seed_ts = 12344. RAND_MAX = 2147483647.
Seed_ts = 12344. RAND_MAX = 2147483647.
Seed_ts = 12344. RAND_MAX = 2147483647.
Seed_ts = 12344. RAND_MAX = 2147483647.
Seed_ts = 12344. RAND_MAX = 2147483647.
Seed_ts = 12344. RAND_MAX = 2147483647.
Seed_ts = 12344. RAND_MAX = 2147483647.
Seed_ts = 12344. RAND_MAX = 2147483647.
Seed_ts = 12344. RAND_MAX = 2147483647.
Seed_ts = 12344. RAND_MAX = 2147483647.
Seed_ts = 12344. RAND_MAX = 2147483647.
Seed_ts = 12344. RAND_MAX = 2147483647.
Seed_ts = 12344. RAND_MAX = 2147483647.
Seed_ts = 12344. RAND_MAX = 2147483647.
Seed_ts = 12344. RAND_MAX = 2147483647.
Seed_ts = 12344. RAND_MAX = 2147483647.
Seed_ts = 12344. RAND_MAX = 2147483647.
Seed_ts = 12344. RAND_MAX = 2147483647.
Seed_ts = 12344. RAND_MAX = 2147483647.

area estimate = 1.506644
elapsed wall clock time = 0.753052
elapsed cpu time = 17.940548

real	0m0.759s
user	0m17.987s
sys	0m0.005s
