cleaning
SRC_FILES = src/drand-ts.c src/drand.c src/mandomp-avx.c src/mandomp-collapse-avx.c src/mandomp-collapse.c src/mandomp-tasks-columns-shared.c src/mandomp-tasks-columns.c src/mandomp-tasks.c src/mandomp-ts-avx-parallel.c src/mandomp-ts-avx.c src/mandomp-ts.c src/mandomp.c src/mandseq-avx.c src/mandseq.c src/timing.c src/utilities.c
OBJ_FILES =  obj/drand-ts.o  obj/drand.o  obj/mandomp-avx.o  obj/mandomp-collapse-avx.o  obj/mandomp-collapse.o  obj/mandomp-tasks-columns-shared.o  obj/mandomp-tasks-columns.o  obj/mandomp-tasks.o  obj/mandomp-ts-avx-parallel.o  obj/mandomp-ts-avx.o  obj/mandomp-ts.o  obj/mandomp.o  obj/mandseq-avx.o  obj/mandseq.o  obj/timing.o  obj/utilities.o
rm -f bin/mandomp-tasks obj/mandomp-tasks.o
SRC_FILES = src/drand-ts.c src/drand.c src/mandomp-avx.c src/mandomp-collapse-avx.c src/mandomp-collapse.c src/mandomp-tasks-columns-shared.c src/mandomp-tasks-columns.c src/mandomp-tasks.c src/mandomp-ts-avx-parallel.c src/mandomp-ts-avx.c src/mandomp-ts.c src/mandomp.c src/mandseq-avx.c src/mandseq.c src/timing.c src/utilities.c
OBJ_FILES =  obj/drand-ts.o  obj/drand.o  obj/mandomp-avx.o  obj/mandomp-collapse-avx.o  obj/mandomp-collapse.o  obj/mandomp-tasks-columns-shared.o  obj/mandomp-tasks-columns.o  obj/mandomp-tasks.o  obj/mandomp-ts-avx-parallel.o  obj/mandomp-ts-avx.o  obj/mandomp-ts.o  obj/mandomp.o  obj/mandseq-avx.o  obj/mandseq.o  obj/timing.o  obj/utilities.o
rm -f bin/mandomp-tasks-columns obj/mandomp-tasks-columns.o
SRC_FILES = src/drand-ts.c src/drand.c src/mandomp-avx.c src/mandomp-collapse-avx.c src/mandomp-collapse.c src/mandomp-tasks-columns-shared.c src/mandomp-tasks-columns.c src/mandomp-tasks.c src/mandomp-ts-avx-parallel.c src/mandomp-ts-avx.c src/mandomp-ts.c src/mandomp.c src/mandseq-avx.c src/mandseq.c src/timing.c src/utilities.c
OBJ_FILES =  obj/drand-ts.o  obj/drand.o  obj/mandomp-avx.o  obj/mandomp-collapse-avx.o  obj/mandomp-collapse.o  obj/mandomp-tasks-columns-shared.o  obj/mandomp-tasks-columns.o  obj/mandomp-tasks.o  obj/mandomp-ts-avx-parallel.o  obj/mandomp-ts-avx.o  obj/mandomp-ts.o  obj/mandomp.o  obj/mandseq-avx.o  obj/mandseq.o  obj/timing.o  obj/utilities.o
rm -f bin/mandomp-tasks-columns-shared obj/mandomp-tasks-columns-shared.o

compiling
SRC_FILES = src/drand-ts.c src/drand.c src/mandomp-avx.c src/mandomp-collapse-avx.c src/mandomp-collapse.c src/mandomp-tasks-columns-shared.c src/mandomp-tasks-columns.c src/mandomp-tasks.c src/mandomp-ts-avx-parallel.c src/mandomp-ts-avx.c src/mandomp-ts.c src/mandomp.c src/mandseq-avx.c src/mandseq.c src/timing.c src/utilities.c
OBJ_FILES =  obj/drand-ts.o  obj/drand.o  obj/mandomp-avx.o  obj/mandomp-collapse-avx.o  obj/mandomp-collapse.o  obj/mandomp-tasks-columns-shared.o  obj/mandomp-tasks-columns.o  obj/mandomp-tasks.o  obj/mandomp-ts-avx-parallel.o  obj/mandomp-ts-avx.o  obj/mandomp-ts.o  obj/mandomp.o  obj/mandseq-avx.o  obj/mandseq.o  obj/timing.o  obj/utilities.o
icc -g -O3 -xHost -fno-alias -std=c99 -qopenmp -I include  -c src/mandomp-tasks.c -o obj/mandomp-tasks.o
icc -g -O3 -xHost -fno-alias -std=c99 -qopenmp -I include  obj/mandomp-tasks.o obj/drand-ts.o obj/timing.o obj/utilities.o -o bin/mandomp-tasks
SRC_FILES = src/drand-ts.c src/drand.c src/mandomp-avx.c src/mandomp-collapse-avx.c src/mandomp-collapse.c src/mandomp-tasks-columns-shared.c src/mandomp-tasks-columns.c src/mandomp-tasks.c src/mandomp-ts-avx-parallel.c src/mandomp-ts-avx.c src/mandomp-ts.c src/mandomp.c src/mandseq-avx.c src/mandseq.c src/timing.c src/utilities.c
OBJ_FILES =  obj/drand-ts.o  obj/drand.o  obj/mandomp-avx.o  obj/mandomp-collapse-avx.o  obj/mandomp-collapse.o  obj/mandomp-tasks-columns-shared.o  obj/mandomp-tasks-columns.o  obj/mandomp-tasks.o  obj/mandomp-ts-avx-parallel.o  obj/mandomp-ts-avx.o  obj/mandomp-ts.o  obj/mandomp.o  obj/mandseq-avx.o  obj/mandseq.o  obj/timing.o  obj/utilities.o
icc -g -O3 -xHost -fno-alias -std=c99 -qopenmp -I include  -c src/mandomp-tasks-columns.c -o obj/mandomp-tasks-columns.o
icc -g -O3 -xHost -fno-alias -std=c99 -qopenmp -I include  obj/mandomp-tasks-columns.o obj/drand-ts.o obj/timing.o obj/utilities.o -o bin/mandomp-tasks-columns
SRC_FILES = src/drand-ts.c src/drand.c src/mandomp-avx.c src/mandomp-collapse-avx.c src/mandomp-collapse.c src/mandomp-tasks-columns-shared.c src/mandomp-tasks-columns.c src/mandomp-tasks.c src/mandomp-ts-avx-parallel.c src/mandomp-ts-avx.c src/mandomp-ts.c src/mandomp.c src/mandseq-avx.c src/mandseq.c src/timing.c src/utilities.c
OBJ_FILES =  obj/drand-ts.o  obj/drand.o  obj/mandomp-avx.o  obj/mandomp-collapse-avx.o  obj/mandomp-collapse.o  obj/mandomp-tasks-columns-shared.o  obj/mandomp-tasks-columns.o  obj/mandomp-tasks.o  obj/mandomp-ts-avx-parallel.o  obj/mandomp-ts-avx.o  obj/mandomp-ts.o  obj/mandomp.o  obj/mandseq-avx.o  obj/mandseq.o  obj/timing.o  obj/utilities.o
icc -g -O3 -xHost -fno-alias -std=c99 -qopenmp -I include  -c src/mandomp-tasks-columns-shared.c -o obj/mandomp-tasks-columns-shared.o
icc -g -O3 -xHost -fno-alias -std=c99 -qopenmp -I include  obj/mandomp-tasks-columns-shared.o obj/drand-ts.o obj/timing.o obj/utilities.o -o bin/mandomp-tasks-columns-shared


MANDOMP TASKS SINGLE CELL


Number of threads =  1

Per cell
Warning: OMP_SCHEDULE environment variable is not set.
Seed_ts = 12344. RAND_MAX = 2147483647.

area estimate = 1.506656
elapsed wall clock time = 17.794750
elapsed cpu time = 17.761765

real	0m17.817s
user	0m17.762s
sys	0m0.004s

Per column
Warning: OMP_SCHEDULE environment variable is not set.
Seed_ts = 12344. RAND_MAX = 2147483647.

area estimate = 1.506656
elapsed wall clock time = 17.582036
elapsed cpu time = 17.557186

real	0m17.611s
user	0m17.558s
sys	0m0.005s

Shared Task Creation
Warning: OMP_SCHEDULE environment variable is not set.
Seed_ts = 12344. RAND_MAX = 2147483647.

area estimate = 1.506656
elapsed wall clock time = 17.654842
elapsed cpu time = 17.630151

real	0m17.687s
user	0m17.631s
sys	0m0.003s

Per cell
Warning: OMP_SCHEDULE environment variable is not set.
Seed_ts = 12344. RAND_MAX = 2147483647.

area estimate = 1.506656
elapsed wall clock time = 17.762979
elapsed cpu time = 17.740865

real	0m17.784s
user	0m17.742s
sys	0m0.001s

Per column
Warning: OMP_SCHEDULE environment variable is not set.
Seed_ts = 12344. RAND_MAX = 2147483647.

area estimate = 1.506656
elapsed wall clock time = 17.586441
elapsed cpu time = 17.563734

real	0m17.660s
user	0m17.564s
sys	0m0.003s

Shared Task Creation
Warning: OMP_SCHEDULE environment variable is not set.
Seed_ts = 12344. RAND_MAX = 2147483647.

area estimate = 1.506656
elapsed wall clock time = 17.653222
elapsed cpu time = 17.630880

real	0m17.684s
user	0m17.631s
sys	0m0.002s

Per cell
Warning: OMP_SCHEDULE environment variable is not set.
Seed_ts = 12344. RAND_MAX = 2147483647.

area estimate = 1.506656
elapsed wall clock time = 17.757526
elapsed cpu time = 17.733571

real	0m17.781s
user	0m17.734s
sys	0m0.003s

Per column
Warning: OMP_SCHEDULE environment variable is not set.
Seed_ts = 12344. RAND_MAX = 2147483647.

area estimate = 1.506656
elapsed wall clock time = 17.586156
elapsed cpu time = 17.563077

real	0m17.616s
user	0m17.563s
sys	0m0.003s

Shared Task Creation
Warning: OMP_SCHEDULE environment variable is not set.
Seed_ts = 12344. RAND_MAX = 2147483647.

area estimate = 1.506656
elapsed wall clock time = 17.657656
elapsed cpu time = 17.633140

real	0m17.702s
user	0m17.633s
sys	0m0.003s


Number of threads =  2

Per cell
Warning: OMP_SCHEDULE environment variable is not set.
Seed_ts = 12344. RAND_MAX = 2147483647.
Seed_ts = 12344. RAND_MAX = 2147483647.

area estimate = 1.506656
elapsed wall clock time = 8.953838
elapsed cpu time = 17.854301

real	0m8.983s
user	0m17.870s
sys	0m0.029s

Per column
Warning: OMP_SCHEDULE environment variable is not set.
Seed_ts = 12344. RAND_MAX = 2147483647.
Seed_ts = 12344. RAND_MAX = 2147483647.

area estimate = 1.506600
elapsed wall clock time = 8.807484
elapsed cpu time = 17.588567

real	0m8.831s
user	0m17.596s
sys	0m0.003s

Shared Task Creation
Warning: OMP_SCHEDULE environment variable is not set.
Seed_ts = 12344. RAND_MAX = 2147483647.
Seed_ts = 12344. RAND_MAX = 2147483647.

area estimate = 1.506774
elapsed wall clock time = 8.842766
elapsed cpu time = 17.657175

real	0m8.865s
user	0m17.666s
sys	0m0.004s

Per cell
Warning: OMP_SCHEDULE environment variable is not set.
Seed_ts = 12344. RAND_MAX = 2147483647.
Seed_ts = 12344. RAND_MAX = 2147483647.

area estimate = 1.506656
elapsed wall clock time = 8.946309
elapsed cpu time = 17.842498

real	0m8.994s
user	0m17.862s
sys	0m0.027s

Per column
Warning: OMP_SCHEDULE environment variable is not set.
Seed_ts = 12344. RAND_MAX = 2147483647.
Seed_ts = 12344. RAND_MAX = 2147483647.

area estimate = 1.506626
elapsed wall clock time = 8.816625
elapsed cpu time = 17.591048

real	0m8.846s
user	0m17.597s
sys	0m0.006s

Shared Task Creation
Warning: OMP_SCHEDULE environment variable is not set.
Seed_ts = 12344. RAND_MAX = 2147483647.
Seed_ts = 12344. RAND_MAX = 2147483647.

area estimate = 1.506750
elapsed wall clock time = 8.838552
elapsed cpu time = 17.650498

real	0m8.882s
user	0m17.657s
sys	0m0.004s

Per cell
Warning: OMP_SCHEDULE environment variable is not set.
Seed_ts = 12344. RAND_MAX = 2147483647.
Seed_ts = 12344. RAND_MAX = 2147483647.

area estimate = 1.506656
elapsed wall clock time = 8.951362
elapsed cpu time = 17.859240

real	0m8.982s
user	0m17.874s
sys	0m0.020s

Per column
Warning: OMP_SCHEDULE environment variable is not set.
Seed_ts = 12344. RAND_MAX = 2147483647.
Seed_ts = 12344. RAND_MAX = 2147483647.

area estimate = 1.506710
elapsed wall clock time = 8.813362
elapsed cpu time = 17.597341

real	0m8.839s
user	0m17.611s
sys	0m0.005s

Shared Task Creation
Warning: OMP_SCHEDULE environment variable is not set.
Seed_ts = 12344. RAND_MAX = 2147483647.
Seed_ts = 12344. RAND_MAX = 2147483647.

area estimate = 1.506788
elapsed wall clock time = 8.843486
elapsed cpu time = 17.660581

real	0m8.866s
user	0m17.670s
sys	0m0.003s


Number of threads =  4

Per cell
Warning: OMP_SCHEDULE environment variable is not set.
Seed_ts = 12344. RAND_MAX = 2147483647.
Seed_ts = 12344. RAND_MAX = 2147483647.
Seed_ts = 12344. RAND_MAX = 2147483647.
Seed_ts = 12344. RAND_MAX = 2147483647.

area estimate = 1.506656
elapsed wall clock time = 4.532615
elapsed cpu time = 18.062490

real	0m4.556s
user	0m18.074s
sys	0m0.042s

Per column
Warning: OMP_SCHEDULE environment variable is not set.
Seed_ts = 12344. RAND_MAX = 2147483647.
Seed_ts = 12344. RAND_MAX = 2147483647.
Seed_ts = 12344. RAND_MAX = 2147483647.
Seed_ts = 12344. RAND_MAX = 2147483647.

area estimate = 1.506768
elapsed wall clock time = 4.433417
elapsed cpu time = 17.705054

real	0m4.439s
user	0m17.710s
sys	0m0.003s

Shared Task Creation
Warning: OMP_SCHEDULE environment variable is not set.
Seed_ts = 12344. RAND_MAX = 2147483647.
Seed_ts = 12344. RAND_MAX = 2147483647.
Seed_ts = 12344. RAND_MAX = 2147483647.
Seed_ts = 12344. RAND_MAX = 2147483647.

area estimate = 1.506572
elapsed wall clock time = 4.420656
elapsed cpu time = 17.652937

real	0m4.427s
user	0m17.657s
sys	0m0.004s

Per cell
Warning: OMP_SCHEDULE environment variable is not set.
Seed_ts = 12344. RAND_MAX = 2147483647.
Seed_ts = 12344. RAND_MAX = 2147483647.
Seed_ts = 12344. RAND_MAX = 2147483647.
Seed_ts = 12344. RAND_MAX = 2147483647.

area estimate = 1.506656
elapsed wall clock time = 4.536042
elapsed cpu time = 18.072282

real	0m4.542s
user	0m18.078s
sys	0m0.046s

Per column
Warning: OMP_SCHEDULE environment variable is not set.
Seed_ts = 12344. RAND_MAX = 2147483647.
Seed_ts = 12344. RAND_MAX = 2147483647.
Seed_ts = 12344. RAND_MAX = 2147483647.
Seed_ts = 12344. RAND_MAX = 2147483647.

area estimate = 1.506620
elapsed wall clock time = 4.433983
elapsed cpu time = 17.700598

real	0m4.444s
user	0m17.705s
sys	0m0.006s

Shared Task Creation
Warning: OMP_SCHEDULE environment variable is not set.
Seed_ts = 12344. RAND_MAX = 2147483647.
Seed_ts = 12344. RAND_MAX = 2147483647.
Seed_ts = 12344. RAND_MAX = 2147483647.
Seed_ts = 12344. RAND_MAX = 2147483647.

area estimate = 1.506600
elapsed wall clock time = 4.423948
elapsed cpu time = 17.662373

real	0m4.430s
user	0m17.668s
sys	0m0.005s

Per cell
Warning: OMP_SCHEDULE environment variable is not set.
Seed_ts = 12344. RAND_MAX = 2147483647.
Seed_ts = 12344. RAND_MAX = 2147483647.
Seed_ts = 12344. RAND_MAX = 2147483647.
Seed_ts = 12344. RAND_MAX = 2147483647.

area estimate = 1.506656
elapsed wall clock time = 4.535430
elapsed cpu time = 18.078428

real	0m4.561s
user	0m18.088s
sys	0m0.033s

Per column
Warning: OMP_SCHEDULE environment variable is not set.
Seed_ts = 12344. RAND_MAX = 2147483647.
Seed_ts = 12344. RAND_MAX = 2147483647.
Seed_ts = 12344. RAND_MAX = 2147483647.
Seed_ts = 12344. RAND_MAX = 2147483647.

area estimate = 1.506688
elapsed wall clock time = 4.430340
elapsed cpu time = 17.690306

real	0m4.435s
user	0m17.695s
sys	0m0.004s

Shared Task Creation
Warning: OMP_SCHEDULE environment variable is not set.
Seed_ts = 12344. RAND_MAX = 2147483647.
Seed_ts = 12344. RAND_MAX = 2147483647.
Seed_ts = 12344. RAND_MAX = 2147483647.
Seed_ts = 12344. RAND_MAX = 2147483647.

area estimate = 1.506564
elapsed wall clock time = 4.424198
elapsed cpu time = 17.659004

real	0m4.431s
user	0m17.664s
sys	0m0.003s


Number of threads =  12

Per cell
Warning: OMP_SCHEDULE environment variable is not set.
Seed_ts = 12344. RAND_MAX = 2147483647.
Seed_ts = 12344. RAND_MAX = 2147483647.
Seed_ts = 12344. RAND_MAX = 2147483647.
Seed_ts = 12344. RAND_MAX = 2147483647.
Seed_ts = 12344. RAND_MAX = 2147483647.
Seed_ts = 12344. RAND_MAX = 2147483647.
Seed_ts = 12344. RAND_MAX = 2147483647.
Seed_ts = 12344. RAND_MAX = 2147483647.
Seed_ts = 12344. RAND_MAX = 2147483647.
Seed_ts = 12344. RAND_MAX = 2147483647.
Seed_ts = 12344. RAND_MAX = 2147483647.
Seed_ts = 12344. RAND_MAX = 2147483647.

area estimate = 1.506656
elapsed wall clock time = 1.640685
elapsed cpu time = 19.574057

real	0m1.646s
user	0m19.597s
sys	0m0.065s

Per column
Warning: OMP_SCHEDULE environment variable is not set.
Seed_ts = 12344. RAND_MAX = 2147483647.
Seed_ts = 12344. RAND_MAX = 2147483647.
Seed_ts = 12344. RAND_MAX = 2147483647.
Seed_ts = 12344. RAND_MAX = 2147483647.
Seed_ts = 12344. RAND_MAX = 2147483647.
Seed_ts = 12344. RAND_MAX = 2147483647.
Seed_ts = 12344. RAND_MAX = 2147483647.
Seed_ts = 12344. RAND_MAX = 2147483647.
Seed_ts = 12344. RAND_MAX = 2147483647.
Seed_ts = 12344. RAND_MAX = 2147483647.
Seed_ts = 12344. RAND_MAX = 2147483647.
Seed_ts = 12344. RAND_MAX = 2147483647.

area estimate = 1.506696
elapsed wall clock time = 1.511383
elapsed cpu time = 18.076313

real	0m1.521s
user	0m18.094s
sys	0m0.007s

Shared Task Creation
Warning: OMP_SCHEDULE environment variable is not set.
Seed_ts = 12344. RAND_MAX = 2147483647.
Seed_ts = 12344. RAND_MAX = 2147483647.
Seed_ts = 12344. RAND_MAX = 2147483647.
Seed_ts = 12344. RAND_MAX = 2147483647.
Seed_ts = 12344. RAND_MAX = 2147483647.
Seed_ts = 12344. RAND_MAX = 2147483647.
Seed_ts = 12344. RAND_MAX = 2147483647.
Seed_ts = 12344. RAND_MAX = 2147483647.
Seed_ts = 12344. RAND_MAX = 2147483647.
Seed_ts = 12344. RAND_MAX = 2147483647.
Seed_ts = 12344. RAND_MAX = 2147483647.
Seed_ts = 12344. RAND_MAX = 2147483647.

area estimate = 1.506760
elapsed wall clock time = 1.487011
elapsed cpu time = 17.790793

real	0m1.493s
user	0m17.802s
sys	0m0.008s

Per cell
Warning: OMP_SCHEDULE environment variable is not set.
Seed_ts = 12344. RAND_MAX = 2147483647.
Seed_ts = 12344. RAND_MAX = 2147483647.
Seed_ts = 12344. RAND_MAX = 2147483647.
Seed_ts = 12344. RAND_MAX = 2147483647.
Seed_ts = 12344. RAND_MAX = 2147483647.
Seed_ts = 12344. RAND_MAX = 2147483647.
Seed_ts = 12344. RAND_MAX = 2147483647.
Seed_ts = 12344. RAND_MAX = 2147483647.
Seed_ts = 12344. RAND_MAX = 2147483647.
Seed_ts = 12344. RAND_MAX = 2147483647.
Seed_ts = 12344. RAND_MAX = 2147483647.
Seed_ts = 12344. RAND_MAX = 2147483647.

area estimate = 1.506656
elapsed wall clock time = 1.665953
elapsed cpu time = 19.887385

real	0m1.671s
user	0m19.900s
sys	0m0.051s

Per column
Warning: OMP_SCHEDULE environment variable is not set.
Seed_ts = 12344. RAND_MAX = 2147483647.
Seed_ts = 12344. RAND_MAX = 2147483647.
Seed_ts = 12344. RAND_MAX = 2147483647.
Seed_ts = 12344. RAND_MAX = 2147483647.
Seed_ts = 12344. RAND_MAX = 2147483647.
Seed_ts = 12344. RAND_MAX = 2147483647.
Seed_ts = 12344. RAND_MAX = 2147483647.
Seed_ts = 12344. RAND_MAX = 2147483647.
Seed_ts = 12344. RAND_MAX = 2147483647.
Seed_ts = 12344. RAND_MAX = 2147483647.
Seed_ts = 12344. RAND_MAX = 2147483647.
Seed_ts = 12344. RAND_MAX = 2147483647.

area estimate = 1.506796
elapsed wall clock time = 1.510359
elapsed cpu time = 18.074166

real	0m1.516s
user	0m18.091s
sys	0m0.004s

Shared Task Creation
Warning: OMP_SCHEDULE environment variable is not set.
Seed_ts = 12344. RAND_MAX = 2147483647.
Seed_ts = 12344. RAND_MAX = 2147483647.
Seed_ts = 12344. RAND_MAX = 2147483647.
Seed_ts = 12344. RAND_MAX = 2147483647.
Seed_ts = 12344. RAND_MAX = 2147483647.
Seed_ts = 12344. RAND_MAX = 2147483647.
Seed_ts = 12344. RAND_MAX = 2147483647.
Seed_ts = 12344. RAND_MAX = 2147483647.
Seed_ts = 12344. RAND_MAX = 2147483647.
Seed_ts = 12344. RAND_MAX = 2147483647.
Seed_ts = 12344. RAND_MAX = 2147483647.
Seed_ts = 12344. RAND_MAX = 2147483647.

area estimate = 1.506700
elapsed wall clock time = 1.486539
elapsed cpu time = 17.785629

real	0m1.492s
user	0m17.806s
sys	0m0.004s

Per cell
Warning: OMP_SCHEDULE environment variable is not set.
Seed_ts = 12344. RAND_MAX = 2147483647.
Seed_ts = 12344. RAND_MAX = 2147483647.
Seed_ts = 12344. RAND_MAX = 2147483647.
Seed_ts = 12344. RAND_MAX = 2147483647.
Seed_ts = 12344. RAND_MAX = 2147483647.
Seed_ts = 12344. RAND_MAX = 2147483647.
Seed_ts = 12344. RAND_MAX = 2147483647.
Seed_ts = 12344. RAND_MAX = 2147483647.
Seed_ts = 12344. RAND_MAX = 2147483647.
Seed_ts = 12344. RAND_MAX = 2147483647.
Seed_ts = 12344. RAND_MAX = 2147483647.
Seed_ts = 12344. RAND_MAX = 2147483647.

area estimate = 1.506656
elapsed wall clock time = 1.664495
elapsed cpu time = 19.868356

real	0m1.670s
user	0m19.883s
sys	0m0.057s

Per column
Warning: OMP_SCHEDULE environment variable is not set.
Seed_ts = 12344. RAND_MAX = 2147483647.
Seed_ts = 12344. RAND_MAX = 2147483647.
Seed_ts = 12344. RAND_MAX = 2147483647.
Seed_ts = 12344. RAND_MAX = 2147483647.
Seed_ts = 12344. RAND_MAX = 2147483647.
Seed_ts = 12344. RAND_MAX = 2147483647.
Seed_ts = 12344. RAND_MAX = 2147483647.
Seed_ts = 12344. RAND_MAX = 2147483647.
Seed_ts = 12344. RAND_MAX = 2147483647.
Seed_ts = 12344. RAND_MAX = 2147483647.
Seed_ts = 12344. RAND_MAX = 2147483647.
Seed_ts = 12344. RAND_MAX = 2147483647.

area estimate = 1.506748
elapsed wall clock time = 1.509612
elapsed cpu time = 18.065447

real	0m1.518s
user	0m18.086s
sys	0m0.004s

Shared Task Creation
Warning: OMP_SCHEDULE environment variable is not set.
Seed_ts = 12344. RAND_MAX = 2147483647.
Seed_ts = 12344. RAND_MAX = 2147483647.
Seed_ts = 12344. RAND_MAX = 2147483647.
Seed_ts = 12344. RAND_MAX = 2147483647.
Seed_ts = 12344. RAND_MAX = 2147483647.
Seed_ts = 12344. RAND_MAX = 2147483647.
Seed_ts = 12344. RAND_MAX = 2147483647.
Seed_ts = 12344. RAND_MAX = 2147483647.
Seed_ts = 12344. RAND_MAX = 2147483647.
Seed_ts = 12344. RAND_MAX = 2147483647.
Seed_ts = 12344. RAND_MAX = 2147483647.
Seed_ts = 12344. RAND_MAX = 2147483647.

area estimate = 1.506746
elapsed wall clock time = 1.486632
elapsed cpu time = 17.772791

real	0m1.493s
user	0m17.792s
sys	0m0.013s


Number of threads =  24

Per cell
Warning: OMP_SCHEDULE environment variable is not set.
Seed_ts = 12344. RAND_MAX = 2147483647.
Seed_ts = 12344. RAND_MAX = 2147483647.
Seed_ts = 12344. RAND_MAX = 2147483647.
Seed_ts = 12344. RAND_MAX = 2147483647.
Seed_ts = 12344. RAND_MAX = 2147483647.
Seed_ts = 12344. RAND_MAX = 2147483647.
Seed_ts = 12344. RAND_MAX = 2147483647.
Seed_ts = 12344. RAND_MAX = 2147483647.
Seed_ts = 12344. RAND_MAX = 2147483647.
Seed_ts = 12344. RAND_MAX = 2147483647.
Seed_ts = 12344. RAND_MAX = 2147483647.
Seed_ts = 12344. RAND_MAX = 2147483647.
Seed_ts = 12344. RAND_MAX = 2147483647.
Seed_ts = 12344. RAND_MAX = 2147483647.
Seed_ts = 12344. RAND_MAX = 2147483647.
Seed_ts = 12344. RAND_MAX = 2147483647.
Seed_ts = 12344. RAND_MAX = 2147483647.
Seed_ts = 12344. RAND_MAX = 2147483647.
Seed_ts = 12344. RAND_MAX = 2147483647.
Seed_ts = 12344. RAND_MAX = 2147483647.
Seed_ts = 12344. RAND_MAX = 2147483647.
Seed_ts = 12344. RAND_MAX = 2147483647.
Seed_ts = 12344. RAND_MAX = 2147483647.
Seed_ts = 12344. RAND_MAX = 2147483647.

area estimate = 1.506656
elapsed wall clock time = 0.936563
elapsed cpu time = 22.282529

real	0m0.942s
user	0m22.313s
sys	0m0.077s

Per column
Warning: OMP_SCHEDULE environment variable is not set.
Seed_ts = 12344. RAND_MAX = 2147483647.
Seed_ts = 12344. RAND_MAX = 2147483647.
Seed_ts = 12344. RAND_MAX = 2147483647.
Seed_ts = 12344. RAND_MAX = 2147483647.
Seed_ts = 12344. RAND_MAX = 2147483647.
Seed_ts = 12344. RAND_MAX = 2147483647.
Seed_ts = 12344. RAND_MAX = 2147483647.
Seed_ts = 12344. RAND_MAX = 2147483647.
Seed_ts = 12344. RAND_MAX = 2147483647.
Seed_ts = 12344. RAND_MAX = 2147483647.
Seed_ts = 12344. RAND_MAX = 2147483647.
Seed_ts = 12344. RAND_MAX = 2147483647.
Seed_ts = 12344. RAND_MAX = 2147483647.
Seed_ts = 12344. RAND_MAX = 2147483647.
Seed_ts = 12344. RAND_MAX = 2147483647.
Seed_ts = 12344. RAND_MAX = 2147483647.
Seed_ts = 12344. RAND_MAX = 2147483647.
Seed_ts = 12344. RAND_MAX = 2147483647.
Seed_ts = 12344. RAND_MAX = 2147483647.
Seed_ts = 12344. RAND_MAX = 2147483647.
Seed_ts = 12344. RAND_MAX = 2147483647.
Seed_ts = 12344. RAND_MAX = 2147483647.
Seed_ts = 12344. RAND_MAX = 2147483647.
Seed_ts = 12344. RAND_MAX = 2147483647.

area estimate = 1.506572
elapsed wall clock time = 0.778005
elapsed cpu time = 18.543893

real	0m0.785s
user	0m18.592s
sys	0m0.006s

Shared Task Creation
Warning: OMP_SCHEDULE environment variable is not set.
Seed_ts = 12344. RAND_MAX = 2147483647.
Seed_ts = 12344. RAND_MAX = 2147483647.
Seed_ts = 12344. RAND_MAX = 2147483647.
Seed_ts = 12344. RAND_MAX = 2147483647.
Seed_ts = 12344. RAND_MAX = 2147483647.
Seed_ts = 12344. RAND_MAX = 2147483647.
Seed_ts = 12344. RAND_MAX = 2147483647.
Seed_ts = 12344. RAND_MAX = 2147483647.
Seed_ts = 12344. RAND_MAX = 2147483647.
Seed_ts = 12344. RAND_MAX = 2147483647.
Seed_ts = 12344. RAND_MAX = 2147483647.
Seed_ts = 12344. RAND_MAX = 2147483647.
Seed_ts = 12344. RAND_MAX = 2147483647.
Seed_ts = 12344. RAND_MAX = 2147483647.
Seed_ts = 12344. RAND_MAX = 2147483647.
Seed_ts = 12344. RAND_MAX = 2147483647.
Seed_ts = 12344. RAND_MAX = 2147483647.
Seed_ts = 12344. RAND_MAX = 2147483647.
Seed_ts = 12344. RAND_MAX = 2147483647.
Seed_ts = 12344. RAND_MAX = 2147483647.
Seed_ts = 12344. RAND_MAX = 2147483647.
Seed_ts = 12344. RAND_MAX = 2147483647.
Seed_ts = 12344. RAND_MAX = 2147483647.
Seed_ts = 12344. RAND_MAX = 2147483647.

area estimate = 1.506688
elapsed wall clock time = 0.754303
elapsed cpu time = 17.860353

real	0m0.760s
user	0m17.891s
sys	0m0.011s

Per cell
Warning: OMP_SCHEDULE environment variable is not set.
Seed_ts = 12344. RAND_MAX = 2147483647.
Seed_ts = 12344. RAND_MAX = 2147483647.
Seed_ts = 12344. RAND_MAX = 2147483647.
Seed_ts = 12344. RAND_MAX = 2147483647.
Seed_ts = 12344. RAND_MAX = 2147483647.
Seed_ts = 12344. RAND_MAX = 2147483647.
Seed_ts = 12344. RAND_MAX = 2147483647.
Seed_ts = 12344. RAND_MAX = 2147483647.
Seed_ts = 12344. RAND_MAX = 2147483647.
Seed_ts = 12344. RAND_MAX = 2147483647.
Seed_ts = 12344. RAND_MAX = 2147483647.
Seed_ts = 12344. RAND_MAX = 2147483647.
Seed_ts = 12344. RAND_MAX = 2147483647.
Seed_ts = 12344. RAND_MAX = 2147483647.
Seed_ts = 12344. RAND_MAX = 2147483647.
Seed_ts = 12344. RAND_MAX = 2147483647.
Seed_ts = 12344. RAND_MAX = 2147483647.
Seed_ts = 12344. RAND_MAX = 2147483647.
Seed_ts = 12344. RAND_MAX = 2147483647.
Seed_ts = 12344. RAND_MAX = 2147483647.
Seed_ts = 12344. RAND_MAX = 2147483647.
Seed_ts = 12344. RAND_MAX = 2147483647.
Seed_ts = 12344. RAND_MAX = 2147483647.
Seed_ts = 12344. RAND_MAX = 2147483647.

area estimate = 1.506656
elapsed wall clock time = 0.950066
elapsed cpu time = 22.079153

real	0m0.955s
user	0m22.107s
sys	0m0.061s

Per column
Warning: OMP_SCHEDULE environment variable is not set.
Seed_ts = 12344. RAND_MAX = 2147483647.
Seed_ts = 12344. RAND_MAX = 2147483647.
Seed_ts = 12344. RAND_MAX = 2147483647.
Seed_ts = 12344. RAND_MAX = 2147483647.
Seed_ts = 12344. RAND_MAX = 2147483647.
Seed_ts = 12344. RAND_MAX = 2147483647.
Seed_ts = 12344. RAND_MAX = 2147483647.
Seed_ts = 12344. RAND_MAX = 2147483647.
Seed_ts = 12344. RAND_MAX = 2147483647.
Seed_ts = 12344. RAND_MAX = 2147483647.
Seed_ts = 12344. RAND_MAX = 2147483647.
Seed_ts = 12344. RAND_MAX = 2147483647.
Seed_ts = 12344. RAND_MAX = 2147483647.
Seed_ts = 12344. RAND_MAX = 2147483647.
Seed_ts = 12344. RAND_MAX = 2147483647.
Seed_ts = 12344. RAND_MAX = 2147483647.
Seed_ts = 12344. RAND_MAX = 2147483647.
Seed_ts = 12344. RAND_MAX = 2147483647.
Seed_ts = 12344. RAND_MAX = 2147483647.
Seed_ts = 12344. RAND_MAX = 2147483647.
Seed_ts = 12344. RAND_MAX = 2147483647.
Seed_ts = 12344. RAND_MAX = 2147483647.
Seed_ts = 12344. RAND_MAX = 2147483647.
Seed_ts = 12344. RAND_MAX = 2147483647.

area estimate = 1.506718
elapsed wall clock time = 0.777742
elapsed cpu time = 18.553998

real	0m0.784s
user	0m18.595s
sys	0m0.007s

Shared Task Creation
Warning: OMP_SCHEDULE environment variable is not set.
Seed_ts = 12344. RAND_MAX = 2147483647.
Seed_ts = 12344. RAND_MAX = 2147483647.
Seed_ts = 12344. RAND_MAX = 2147483647.
Seed_ts = 12344. RAND_MAX = 2147483647.
Seed_ts = 12344. RAND_MAX = 2147483647.
Seed_ts = 12344. RAND_MAX = 2147483647.
Seed_ts = 12344. RAND_MAX = 2147483647.
Seed_ts = 12344. RAND_MAX = 2147483647.
Seed_ts = 12344. RAND_MAX = 2147483647.
Seed_ts = 12344. RAND_MAX = 2147483647.
Seed_ts = 12344. RAND_MAX = 2147483647.
Seed_ts = 12344. RAND_MAX = 2147483647.
Seed_ts = 12344. RAND_MAX = 2147483647.
Seed_ts = 12344. RAND_MAX = 2147483647.
Seed_ts = 12344. RAND_MAX = 2147483647.
Seed_ts = 12344. RAND_MAX = 2147483647.
Seed_ts = 12344. RAND_MAX = 2147483647.
Seed_ts = 12344. RAND_MAX = 2147483647.
Seed_ts = 12344. RAND_MAX = 2147483647.
Seed_ts = 12344. RAND_MAX = 2147483647.
Seed_ts = 12344. RAND_MAX = 2147483647.
Seed_ts = 12344. RAND_MAX = 2147483647.
Seed_ts = 12344. RAND_MAX = 2147483647.
Seed_ts = 12344. RAND_MAX = 2147483647.

area estimate = 1.506658
elapsed wall clock time = 0.750712
elapsed cpu time = 17.885641

real	0m0.757s
user	0m17.922s
sys	0m0.018s

Per cell
Warning: OMP_SCHEDULE environment variable is not set.
Seed_ts = 12344. RAND_MAX = 2147483647.
Seed_ts = 12344. RAND_MAX = 2147483647.
Seed_ts = 12344. RAND_MAX = 2147483647.
Seed_ts = 12344. RAND_MAX = 2147483647.
Seed_ts = 12344. RAND_MAX = 2147483647.
Seed_ts = 12344. RAND_MAX = 2147483647.
Seed_ts = 12344. RAND_MAX = 2147483647.
Seed_ts = 12344. RAND_MAX = 2147483647.
Seed_ts = 12344. RAND_MAX = 2147483647.
Seed_ts = 12344. RAND_MAX = 2147483647.
Seed_ts = 12344. RAND_MAX = 2147483647.
Seed_ts = 12344. RAND_MAX = 2147483647.
Seed_ts = 12344. RAND_MAX = 2147483647.
Seed_ts = 12344. RAND_MAX = 2147483647.
Seed_ts = 12344. RAND_MAX = 2147483647.
Seed_ts = 12344. RAND_MAX = 2147483647.
Seed_ts = 12344. RAND_MAX = 2147483647.
Seed_ts = 12344. RAND_MAX = 2147483647.
Seed_ts = 12344. RAND_MAX = 2147483647.
Seed_ts = 12344. RAND_MAX = 2147483647.
Seed_ts = 12344. RAND_MAX = 2147483647.
Seed_ts = 12344. RAND_MAX = 2147483647.
Seed_ts = 12344. RAND_MAX = 2147483647.
Seed_ts = 12344. RAND_MAX = 2147483647.

area estimate = 1.506656
elapsed wall clock time = 1.004088
elapsed cpu time = 23.896976

real	0m1.012s
user	0m23.930s
sys	0m0.093s

Per column
Warning: OMP_SCHEDULE environment variable is not set.
Seed_ts = 12344. RAND_MAX = 2147483647.
Seed_ts = 12344. RAND_MAX = 2147483647.
Seed_ts = 12344. RAND_MAX = 2147483647.
Seed_ts = 12344. RAND_MAX = 2147483647.
Seed_ts = 12344. RAND_MAX = 2147483647.
Seed_ts = 12344. RAND_MAX = 2147483647.
Seed_ts = 12344. RAND_MAX = 2147483647.
Seed_ts = 12344. RAND_MAX = 2147483647.
Seed_ts = 12344. RAND_MAX = 2147483647.
Seed_ts = 12344. RAND_MAX = 2147483647.
Seed_ts = 12344. RAND_MAX = 2147483647.
Seed_ts = 12344. RAND_MAX = 2147483647.
Seed_ts = 12344. RAND_MAX = 2147483647.
Seed_ts = 12344. RAND_MAX = 2147483647.
Seed_ts = 12344. RAND_MAX = 2147483647.
Seed_ts = 12344. RAND_MAX = 2147483647.
Seed_ts = 12344. RAND_MAX = 2147483647.
Seed_ts = 12344. RAND_MAX = 2147483647.
Seed_ts = 12344. RAND_MAX = 2147483647.
Seed_ts = 12344. RAND_MAX = 2147483647.
Seed_ts = 12344. RAND_MAX = 2147483647.
Seed_ts = 12344. RAND_MAX = 2147483647.
Seed_ts = 12344. RAND_MAX = 2147483647.
Seed_ts = 12344. RAND_MAX = 2147483647.

area estimate = 1.506658
elapsed wall clock time = 0.777097
elapsed cpu time = 18.541032

real	0m0.784s
user	0m18.580s
sys	0m0.008s

Shared Task Creation
Warning: OMP_SCHEDULE environment variable is not set.
Seed_ts = 12344. RAND_MAX = 2147483647.
Seed_ts = 12344. RAND_MAX = 2147483647.
Seed_ts = 12344. RAND_MAX = 2147483647.
Seed_ts = 12344. RAND_MAX = 2147483647.
Seed_ts = 12344. RAND_MAX = 2147483647.
Seed_ts = 12344. RAND_MAX = 2147483647.
Seed_ts = 12344. RAND_MAX = 2147483647.
Seed_ts = 12344. RAND_MAX = 2147483647.
Seed_ts = 12344. RAND_MAX = 2147483647.
Seed_ts = 12344. RAND_MAX = 2147483647.
Seed_ts = 12344. RAND_MAX = 2147483647.
Seed_ts = 12344. RAND_MAX = 2147483647.
Seed_ts = 12344. RAND_MAX = 2147483647.
Seed_ts = 12344. RAND_MAX = 2147483647.
Seed_ts = 12344. RAND_MAX = 2147483647.
Seed_ts = 12344. RAND_MAX = 2147483647.
Seed_ts = 12344. RAND_MAX = 2147483647.
Seed_ts = 12344. RAND_MAX = 2147483647.
Seed_ts = 12344. RAND_MAX = 2147483647.
Seed_ts = 12344. RAND_MAX = 2147483647.
Seed_ts = 12344. RAND_MAX = 2147483647.
Seed_ts = 12344. RAND_MAX = 2147483647.
Seed_ts = 12344. RAND_MAX = 2147483647.
Seed_ts = 12344. RAND_MAX = 2147483647.

area estimate = 1.506668
elapsed wall clock time = 0.750501
elapsed cpu time = 17.896519

real	0m0.758s
user	0m17.934s
sys	0m0.013s
