SRC_FILES = src/drand.c src/mandomp-avx.c src/mandomp-ts-avx.c src/mandomp-ts.c src/mandomp.c src/mandseq-avx.c src/mandseq.c src/timing.c src/utilities.c
OBJ_FILES =  obj/drand.o  obj/mandomp-avx.o  obj/mandomp-ts-avx.o  obj/mandomp-ts.o  obj/mandomp.o  obj/mandseq-avx.o  obj/mandseq.o  obj/timing.o  obj/utilities.o
rm -f bin/mandseq-avx obj/mandseq-avx.o
make mandseq-avx
SRC_FILES = src/drand.c src/mandomp-avx.c src/mandomp-ts-avx.c src/mandomp-ts.c src/mandomp.c src/mandseq-avx.c src/mandseq.c src/timing.c src/utilities.c
OBJ_FILES =  obj/drand.o  obj/mandomp-avx.o  obj/mandomp-ts-avx.o  obj/mandomp-ts.o  obj/mandomp.o  obj/mandseq-avx.o  obj/mandseq.o  obj/timing.o  obj/utilities.o
icc -g -O3 -xHost -fno-alias -std=c99 -I include -c src/mandseq-avx.c -o obj/mandseq-avx.o
icc -g -O3 -xHost -fno-alias -std=c99 -I include obj/mandseq-avx.o obj/drand.o obj/timing.o obj/utilities.o -o bin/mandseq-avx
Serial version with AVX
Seed = 144544. RAND_MAX = 2147483647.

area estimate = 1.506826
Num inside: 753413
elapsed wall clock time = 17.725515
elapsed cpu time = 17.694851

real	0m17.751s
user	0m17.695s
sys	0m0.002s
Seed = 144544. RAND_MAX = 2147483647.

area estimate = 1.506826
Num inside: 753413
elapsed wall clock time = 17.726966
elapsed cpu time = 17.694533

real	0m17.753s
user	0m17.695s
sys	0m0.002s
Seed = 144544. RAND_MAX = 2147483647.

area estimate = 1.506826
Num inside: 753413
elapsed wall clock time = 17.716723
elapsed cpu time = 17.694670

real	0m17.755s
user	0m17.695s
sys	0m0.002s
