SRC_FILES = src/drand.c src/mandomp-ts.c src/mandomp.c src/mandseq-avx.c src/mandseq.c src/timing.c src/utilities.c
OBJ_FILES =  obj/drand.o  obj/mandomp-ts.o  obj/mandomp.o  obj/mandseq-avx.o  obj/mandseq.o  obj/timing.o  obj/utilities.o
rm -rf obj bin
rm: cannot remove 'bin': Directory not empty
make: *** [Makefile:70: clean] Error 1
make mandseq-avx
SRC_FILES = src/drand.c src/mandomp-ts.c src/mandomp.c src/mandseq-avx.c src/mandseq.c src/timing.c src/utilities.c
OBJ_FILES =  obj/drand.o  obj/mandomp-ts.o  obj/mandomp.o  obj/mandseq-avx.o  obj/mandseq.o  obj/timing.o  obj/utilities.o
icc -g -O3 -xHost -fno-alias -std=c99 -I include -c src/mandseq-avx.c -o obj/mandseq-avx.o
icc -g -O3 -xHost -fno-alias -std=c99 -I include -c src/drand.c -o obj/drand.o
icc -g -O3 -xHost -fno-alias -std=c99 -I include -c src/timing.c -o obj/timing.o
icc -g -O3 -xHost -fno-alias -std=c99 -I include -c src/utilities.c -o obj/utilities.o
icc -g -O3 -xHost -fno-alias -std=c99 -I include obj/mandseq-avx.o obj/drand.o obj/timing.o obj/utilities.o -o bin/mandseq-avx
Serial version with AVX
Seed = 144544. RAND_MAX = 2147483647.

Total iterations: 3125000
area estimate = 1.506826
Num inside: 753413
Num outside: 2371587
elapsed wall clock time = 17.499263
elapsed cpu time = 17.471990

real	0m17.513s
user	0m17.472s
sys	0m0.002s
Seed = 144544. RAND_MAX = 2147483647.

Total iterations: 3125000
area estimate = 1.506826
Num inside: 753413
Num outside: 2371587
elapsed wall clock time = 17.498766
elapsed cpu time = 17.470682

real	0m17.518s
user	0m17.471s
sys	0m0.002s
Seed = 144544. RAND_MAX = 2147483647.

Total iterations: 3125000
area estimate = 1.506826
Num inside: 753413
Num outside: 2371587
elapsed wall clock time = 17.501904
elapsed cpu time = 17.472266

real	0m17.520s
user	0m17.472s
sys	0m0.002s
