SRC_FILES = src/drand.c src/mandomp-ts.c src/mandomp.c src/mandseq-avx.c src/mandseq.c src/timing.c src/utilities.c
OBJ_FILES =  obj/drand.o  obj/mandomp-ts.o  obj/mandomp.o  obj/mandseq-avx.o  obj/mandseq.o  obj/timing.o  obj/utilities.o
rm -rf obj bin
make mandseq-avx
SRC_FILES = src/drand.c src/mandomp-ts.c src/mandomp.c src/mandseq-avx.c src/mandseq.c src/timing.c src/utilities.c
OBJ_FILES =  obj/drand.o  obj/mandomp-ts.o  obj/mandomp.o  obj/mandseq-avx.o  obj/mandseq.o  obj/timing.o  obj/utilities.o
icc -g -O3 -xHost -fno-alias -std=c99 -I include -c src/mandseq-avx.c -o obj/mandseq-avx.o
icc -g -O3 -xHost -fno-alias -std=c99 -I include -c src/drand.c -o obj/drand.o
icc -g -O3 -xHost -fno-alias -std=c99 -I include -c src/timing.c -o obj/timing.o
icc -g -O3 -xHost -fno-alias -std=c99 -I include -c src/utilities.c -o obj/utilities.o
icc -g -O3 -xHost -fno-alias -std=c99 -I include obj/mandseq-avx.o obj/drand.o obj/timing.o obj/utilities.o -o bin/mandseq-avx
Serial version with AVX
Seed = 144544. RAND_MAX = 2147483647.

Total iterations: 3125000
area estimate = 1.506826
Num inside: 753413
Num outside: 2371587
elapsed wall clock time = 17.781681
elapsed cpu time = 17.757633

real	0m17.802s
user	0m17.759s
sys	0m0.002s
Seed = 144544. RAND_MAX = 2147483647.

Total iterations: 3125000
area estimate = 1.506826
Num inside: 753413
Num outside: 2371587
elapsed wall clock time = 17.785169
elapsed cpu time = 17.759013

real	0m17.810s
user	0m17.760s
sys	0m0.001s
Seed = 144544. RAND_MAX = 2147483647.

Total iterations: 3125000
area estimate = 1.506826
Num inside: 753413
Num outside: 2371587
elapsed wall clock time = 17.781331
elapsed cpu time = 17.759500

real	0m17.806s
user	0m17.760s
sys	0m0.002s
