SRC_FILES = src/drand-ts.c src/drand.c src/mandomp-avx.c src/mandomp-collapse-avx.c src/mandomp-collapse.c src/mandomp-tasks-columns-shared.c src/mandomp-tasks-columns.c src/mandomp-tasks.c src/mandomp-ts-avx-parallel.c src/mandomp-ts-avx.c src/mandomp-ts.c src/mandomp.c src/mandseq-avx.c src/mandseq.c src/timing.c src/utilities.c
OBJ_FILES =  obj/drand-ts.o  obj/drand.o  obj/mandomp-avx.o  obj/mandomp-collapse-avx.o  obj/mandomp-collapse.o  obj/mandomp-tasks-columns-shared.o  obj/mandomp-tasks-columns.o  obj/mandomp-tasks.o  obj/mandomp-ts-avx-parallel.o  obj/mandomp-ts-avx.o  obj/mandomp-ts.o  obj/mandomp.o  obj/mandseq-avx.o  obj/mandseq.o  obj/timing.o  obj/utilities.o
rm -f bin/mandseq obj/mandseq.o
SRC_FILES = src/drand-ts.c src/drand.c src/mandomp-avx.c src/mandomp-collapse-avx.c src/mandomp-collapse.c src/mandomp-tasks-columns-shared.c src/mandomp-tasks-columns.c src/mandomp-tasks.c src/mandomp-ts-avx-parallel.c src/mandomp-ts-avx.c src/mandomp-ts.c src/mandomp.c src/mandseq-avx.c src/mandseq.c src/timing.c src/utilities.c
OBJ_FILES =  obj/drand-ts.o  obj/drand.o  obj/mandomp-avx.o  obj/mandomp-collapse-avx.o  obj/mandomp-collapse.o  obj/mandomp-tasks-columns-shared.o  obj/mandomp-tasks-columns.o  obj/mandomp-tasks.o  obj/mandomp-ts-avx-parallel.o  obj/mandomp-ts-avx.o  obj/mandomp-ts.o  obj/mandomp.o  obj/mandseq-avx.o  obj/mandseq.o  obj/timing.o  obj/utilities.o
rm -f bin/mandseq-avx obj/mandseq-avx.o
make mandseq
SRC_FILES = src/drand-ts.c src/drand.c src/mandomp-avx.c src/mandomp-collapse-avx.c src/mandomp-collapse.c src/mandomp-tasks-columns-shared.c src/mandomp-tasks-columns.c src/mandomp-tasks.c src/mandomp-ts-avx-parallel.c src/mandomp-ts-avx.c src/mandomp-ts.c src/mandomp.c src/mandseq-avx.c src/mandseq.c src/timing.c src/utilities.c
OBJ_FILES =  obj/drand-ts.o  obj/drand.o  obj/mandomp-avx.o  obj/mandomp-collapse-avx.o  obj/mandomp-collapse.o  obj/mandomp-tasks-columns-shared.o  obj/mandomp-tasks-columns.o  obj/mandomp-tasks.o  obj/mandomp-ts-avx-parallel.o  obj/mandomp-ts-avx.o  obj/mandomp-ts.o  obj/mandomp.o  obj/mandseq-avx.o  obj/mandseq.o  obj/timing.o  obj/utilities.o
icc -g -O3 -xHost -fno-alias -std=c99 -I include -c src/mandseq.c -o obj/mandseq.o	
icc -g -O3 -xHost -fno-alias -std=c99 -I include obj/mandseq.o obj/drand.o obj/timing.o obj/utilities.o -o bin/mandseq
SRC_FILES = src/drand-ts.c src/drand.c src/mandomp-avx.c src/mandomp-collapse-avx.c src/mandomp-collapse.c src/mandomp-tasks-columns-shared.c src/mandomp-tasks-columns.c src/mandomp-tasks.c src/mandomp-ts-avx-parallel.c src/mandomp-ts-avx.c src/mandomp-ts.c src/mandomp.c src/mandseq-avx.c src/mandseq.c src/timing.c src/utilities.c
OBJ_FILES =  obj/drand-ts.o  obj/drand.o  obj/mandomp-avx.o  obj/mandomp-collapse-avx.o  obj/mandomp-collapse.o  obj/mandomp-tasks-columns-shared.o  obj/mandomp-tasks-columns.o  obj/mandomp-tasks.o  obj/mandomp-ts-avx-parallel.o  obj/mandomp-ts-avx.o  obj/mandomp-ts.o  obj/mandomp.o  obj/mandseq-avx.o  obj/mandseq.o  obj/timing.o  obj/utilities.o
icc -g -O3 -xHost -fno-alias -std=c99 -I include -c src/mandseq-avx.c -o obj/mandseq-avx.o	
icc -g -O3 -xHost -fno-alias -std=c99 -I include obj/mandseq-avx.o obj/drand.o obj/timing.o obj/utilities.o -o bin/mandseq-avx


Serial version
OMP_NUM_THREADS not setWarning: OMP_SCHEDULE environment variable is not set.
Seed = 12344. RAND_MAX = 2147483647.

area estimate = 1.506648
elapsed wall clock time = 49.264908
elapsed cpu time = 49.185201

real	0m49.288s
user	0m49.185s
sys	0m0.002s
OMP_NUM_THREADS not setWarning: OMP_SCHEDULE environment variable is not set.
Seed = 12344. RAND_MAX = 2147483647.

area estimate = 1.506648
elapsed wall clock time = 49.257297
elapsed cpu time = 49.185020

real	0m49.279s
user	0m49.186s
sys	0m0.002s
OMP_NUM_THREADS not setWarning: OMP_SCHEDULE environment variable is not set.
Seed = 12344. RAND_MAX = 2147483647.

area estimate = 1.506648
elapsed wall clock time = 49.265075
elapsed cpu time = 49.184765

real	0m49.279s
user	0m49.185s
sys	0m0.002s


Serial version AVX
OMP_NUM_THREADS not setWarning: OMP_SCHEDULE environment variable is not set.
Seed = 12344. RAND_MAX = 2147483647.

area estimate = 1.506656
elapsed wall clock time = 17.767672
elapsed cpu time = 17.724660

real	0m17.796s
user	0m17.725s
sys	0m0.003s
OMP_NUM_THREADS not setWarning: OMP_SCHEDULE environment variable is not set.
Seed = 12344. RAND_MAX = 2147483647.

area estimate = 1.506656
elapsed wall clock time = 17.777932
elapsed cpu time = 17.738137

real	0m17.790s
user	0m17.739s
sys	0m0.001s
OMP_NUM_THREADS not setWarning: OMP_SCHEDULE environment variable is not set.
Seed = 12344. RAND_MAX = 2147483647.

area estimate = 1.506656
elapsed wall clock time = 17.762291
elapsed cpu time = 17.730479

real	0m17.793s
user	0m17.731s
sys	0m0.002s
