cleaning
SRC_FILES = src/drand-ts.c src/drand.c src/mandomp-avx.c src/mandomp-collapse-avx.c src/mandomp-collapse.c src/mandomp-tasks-columns-shared.c src/mandomp-tasks-columns.c src/mandomp-tasks.c src/mandomp-ts-avx.c src/mandomp-ts.c src/mandomp.c src/mandseq-avx.c src/mandseq.c src/timing.c src/utilities.c
OBJ_FILES =  obj/drand-ts.o  obj/drand.o  obj/mandomp-avx.o  obj/mandomp-collapse-avx.o  obj/mandomp-collapse.o  obj/mandomp-tasks-columns-shared.o  obj/mandomp-tasks-columns.o  obj/mandomp-tasks.o  obj/mandomp-ts-avx.o  obj/mandomp-ts.o  obj/mandomp.o  obj/mandseq-avx.o  obj/mandseq.o  obj/timing.o  obj/utilities.o
rm -f bin/mandomp-tasks obj/mandomp-tasks.o
SRC_FILES = src/drand-ts.c src/drand.c src/mandomp-avx.c src/mandomp-collapse-avx.c src/mandomp-collapse.c src/mandomp-tasks-columns-shared.c src/mandomp-tasks-columns.c src/mandomp-tasks.c src/mandomp-ts-avx.c src/mandomp-ts.c src/mandomp.c src/mandseq-avx.c src/mandseq.c src/timing.c src/utilities.c
OBJ_FILES =  obj/drand-ts.o  obj/drand.o  obj/mandomp-avx.o  obj/mandomp-collapse-avx.o  obj/mandomp-collapse.o  obj/mandomp-tasks-columns-shared.o  obj/mandomp-tasks-columns.o  obj/mandomp-tasks.o  obj/mandomp-ts-avx.o  obj/mandomp-ts.o  obj/mandomp.o  obj/mandseq-avx.o  obj/mandseq.o  obj/timing.o  obj/utilities.o
rm -f bin/mandomp-tasks-columns obj/mandomp-tasks-columns.o
SRC_FILES = src/drand-ts.c src/drand.c src/mandomp-avx.c src/mandomp-collapse-avx.c src/mandomp-collapse.c src/mandomp-tasks-columns-shared.c src/mandomp-tasks-columns.c src/mandomp-tasks.c src/mandomp-ts-avx.c src/mandomp-ts.c src/mandomp.c src/mandseq-avx.c src/mandseq.c src/timing.c src/utilities.c
OBJ_FILES =  obj/drand-ts.o  obj/drand.o  obj/mandomp-avx.o  obj/mandomp-collapse-avx.o  obj/mandomp-collapse.o  obj/mandomp-tasks-columns-shared.o  obj/mandomp-tasks-columns.o  obj/mandomp-tasks.o  obj/mandomp-ts-avx.o  obj/mandomp-ts.o  obj/mandomp.o  obj/mandseq-avx.o  obj/mandseq.o  obj/timing.o  obj/utilities.o
rm -f bin/mandomp-tasks-columns-shared obj/mandomp-tasks-columns-shared.o

compiling
SRC_FILES = src/drand-ts.c src/drand.c src/mandomp-avx.c src/mandomp-collapse-avx.c src/mandomp-collapse.c src/mandomp-tasks-columns-shared.c src/mandomp-tasks-columns.c src/mandomp-tasks.c src/mandomp-ts-avx.c src/mandomp-ts.c src/mandomp.c src/mandseq-avx.c src/mandseq.c src/timing.c src/utilities.c
OBJ_FILES =  obj/drand-ts.o  obj/drand.o  obj/mandomp-avx.o  obj/mandomp-collapse-avx.o  obj/mandomp-collapse.o  obj/mandomp-tasks-columns-shared.o  obj/mandomp-tasks-columns.o  obj/mandomp-tasks.o  obj/mandomp-ts-avx.o  obj/mandomp-ts.o  obj/mandomp.o  obj/mandseq-avx.o  obj/mandseq.o  obj/timing.o  obj/utilities.o
icc -g -O3 -xHost -fno-alias -std=c99 -qopenmp -I include  -c src/mandomp-tasks.c -o obj/mandomp-tasks.o
icc -g -O3 -xHost -fno-alias -std=c99 -qopenmp -I include  obj/mandomp-tasks.o obj/drand-ts.o obj/timing.o obj/utilities.o -o bin/mandomp-tasks
SRC_FILES = src/drand-ts.c src/drand.c src/mandomp-avx.c src/mandomp-collapse-avx.c src/mandomp-collapse.c src/mandomp-tasks-columns-shared.c src/mandomp-tasks-columns.c src/mandomp-tasks.c src/mandomp-ts-avx.c src/mandomp-ts.c src/mandomp.c src/mandseq-avx.c src/mandseq.c src/timing.c src/utilities.c
OBJ_FILES =  obj/drand-ts.o  obj/drand.o  obj/mandomp-avx.o  obj/mandomp-collapse-avx.o  obj/mandomp-collapse.o  obj/mandomp-tasks-columns-shared.o  obj/mandomp-tasks-columns.o  obj/mandomp-tasks.o  obj/mandomp-ts-avx.o  obj/mandomp-ts.o  obj/mandomp.o  obj/mandseq-avx.o  obj/mandseq.o  obj/timing.o  obj/utilities.o
icc -g -O3 -xHost -fno-alias -std=c99 -qopenmp -I include  -c src/mandomp-tasks-columns.c -o obj/mandomp-tasks-columns.o
icc -g -O3 -xHost -fno-alias -std=c99 -qopenmp -I include  obj/mandomp-tasks-columns.o obj/drand-ts.o obj/timing.o obj/utilities.o -o bin/mandomp-tasks-columns
SRC_FILES = src/drand-ts.c src/drand.c src/mandomp-avx.c src/mandomp-collapse-avx.c src/mandomp-collapse.c src/mandomp-tasks-columns-shared.c src/mandomp-tasks-columns.c src/mandomp-tasks.c src/mandomp-ts-avx.c src/mandomp-ts.c src/mandomp.c src/mandseq-avx.c src/mandseq.c src/timing.c src/utilities.c
OBJ_FILES =  obj/drand-ts.o  obj/drand.o  obj/mandomp-avx.o  obj/mandomp-collapse-avx.o  obj/mandomp-collapse.o  obj/mandomp-tasks-columns-shared.o  obj/mandomp-tasks-columns.o  obj/mandomp-tasks.o  obj/mandomp-ts-avx.o  obj/mandomp-ts.o  obj/mandomp.o  obj/mandseq-avx.o  obj/mandseq.o  obj/timing.o  obj/utilities.o
icc -g -O3 -xHost -fno-alias -std=c99 -qopenmp -I include  -c src/mandomp-tasks-columns-shared.c -o obj/mandomp-tasks-columns-shared.o
icc -g -O3 -xHost -fno-alias -std=c99 -qopenmp -I include  obj/mandomp-tasks-columns-shared.o obj/drand-ts.o obj/timing.o obj/utilities.o -o bin/mandomp-tasks-columns-shared


MANDOMP TASKS SINGLE CELL


Number of threads =  1

Per cell
Warning: OMP_SCHEDULE environment variable is not set.
Seed_ts = 144544. RAND_MAX = 2147483647.

area estimate = 1.506826
elapsed wall clock time = 17.619766
elapsed cpu time = 17.590136

real	0m17.651s
user	0m17.591s
sys	0m0.003s

Per column
Warning: OMP_SCHEDULE environment variable is not set.
Seed_ts = 144544. RAND_MAX = 2147483647.

area estimate = 1.506826
elapsed wall clock time = 17.666062
elapsed cpu time = 17.630975

real	0m17.687s
user	0m17.632s
sys	0m0.004s

Shared Task Creation
Warning: OMP_SCHEDULE environment variable is not set.
Seed_ts = 144544. RAND_MAX = 2147483647.

area estimate = 1.506826
elapsed wall clock time = 17.853152
elapsed cpu time = 17.818766

real	0m17.880s
user	0m17.820s
sys	0m0.002s

Per cell
Warning: OMP_SCHEDULE environment variable is not set.
Seed_ts = 144544. RAND_MAX = 2147483647.

area estimate = 1.506826
elapsed wall clock time = 17.616597
elapsed cpu time = 17.583870

real	0m17.644s
user	0m17.585s
sys	0m0.002s

Per column
Warning: OMP_SCHEDULE environment variable is not set.
Seed_ts = 144544. RAND_MAX = 2147483647.

area estimate = 1.506826
elapsed wall clock time = 17.684262
elapsed cpu time = 17.657112

real	0m17.727s
user	0m17.659s
sys	0m0.002s

Shared Task Creation
Warning: OMP_SCHEDULE environment variable is not set.
Seed_ts = 144544. RAND_MAX = 2147483647.

area estimate = 1.506826
elapsed wall clock time = 17.855143
elapsed cpu time = 17.818376

real	0m17.874s
user	0m17.819s
sys	0m0.003s

Per cell
Warning: OMP_SCHEDULE environment variable is not set.
Seed_ts = 144544. RAND_MAX = 2147483647.

area estimate = 1.506826
elapsed wall clock time = 17.636807
elapsed cpu time = 17.612182

real	0m17.657s
user	0m17.614s
sys	0m0.002s

Per column
Warning: OMP_SCHEDULE environment variable is not set.
Seed_ts = 144544. RAND_MAX = 2147483647.

area estimate = 1.506826
elapsed wall clock time = 17.669649
elapsed cpu time = 17.639086

real	0m17.690s
user	0m17.640s
sys	0m0.003s

Shared Task Creation
Warning: OMP_SCHEDULE environment variable is not set.
Seed_ts = 144544. RAND_MAX = 2147483647.

area estimate = 1.506826
elapsed wall clock time = 17.842942
elapsed cpu time = 17.814609

real	0m17.888s
user	0m17.815s
sys	0m0.004s


Number of threads =  2

Per cell
Warning: OMP_SCHEDULE environment variable is not set.
Seed_ts = 144544. RAND_MAX = 2147483647.

area estimate = 1.506826
elapsed wall clock time = 8.893006
elapsed cpu time = 17.734719

real	0m8.922s
user	0m17.744s
sys	0m0.019s

Per column
Warning: OMP_SCHEDULE environment variable is not set.
Seed_ts = 144544. RAND_MAX = 2147483647.

area estimate = 1.506924
elapsed wall clock time = 8.857061
elapsed cpu time = 17.679558

real	0m8.876s
user	0m17.682s
sys	0m0.003s

Shared Task Creation
Warning: OMP_SCHEDULE environment variable is not set.
Seed_ts = 144544. RAND_MAX = 2147483647.

area estimate = 1.506754
elapsed wall clock time = 8.933117
elapsed cpu time = 17.830322

real	0m8.954s
user	0m17.833s
sys	0m0.004s

Per cell
Warning: OMP_SCHEDULE environment variable is not set.
Seed_ts = 144544. RAND_MAX = 2147483647.

area estimate = 1.506826
elapsed wall clock time = 8.892916
elapsed cpu time = 17.740751

real	0m8.917s
user	0m17.747s
sys	0m0.016s

Per column
Warning: OMP_SCHEDULE environment variable is not set.
Seed_ts = 144544. RAND_MAX = 2147483647.

area estimate = 1.506678
elapsed wall clock time = 8.845681
elapsed cpu time = 17.657092

real	0m8.864s
user	0m17.669s
sys	0m0.004s

Shared Task Creation
Warning: OMP_SCHEDULE environment variable is not set.
Seed_ts = 144544. RAND_MAX = 2147483647.

area estimate = 1.506754
elapsed wall clock time = 8.932902
elapsed cpu time = 17.831072

real	0m8.985s
user	0m17.842s
sys	0m0.002s

Per cell
Warning: OMP_SCHEDULE environment variable is not set.
Seed_ts = 144544. RAND_MAX = 2147483647.

area estimate = 1.506826
elapsed wall clock time = 8.894503
elapsed cpu time = 17.732126

real	0m8.918s
user	0m17.740s
sys	0m0.026s

Per column
Warning: OMP_SCHEDULE environment variable is not set.
Seed_ts = 144544. RAND_MAX = 2147483647.

area estimate = 1.506810
elapsed wall clock time = 8.848863
elapsed cpu time = 17.664084

real	0m8.874s
user	0m17.673s
sys	0m0.003s

Shared Task Creation
Warning: OMP_SCHEDULE environment variable is not set.
Seed_ts = 144544. RAND_MAX = 2147483647.

area estimate = 1.506742
elapsed wall clock time = 8.933678
elapsed cpu time = 17.831401

real	0m8.948s
user	0m17.832s
sys	0m0.005s


Number of threads =  4

Per cell
Warning: OMP_SCHEDULE environment variable is not set.
Seed_ts = 144544. RAND_MAX = 2147483647.

area estimate = 1.506826
elapsed wall clock time = 4.503737
elapsed cpu time = 17.940036

real	0m4.518s
user	0m17.947s
sys	0m0.044s

Per column
Warning: OMP_SCHEDULE environment variable is not set.
Seed_ts = 144544. RAND_MAX = 2147483647.

area estimate = 1.506728
elapsed wall clock time = 4.458865
elapsed cpu time = 17.798724

real	0m4.467s
user	0m17.806s
sys	0m0.003s

Shared Task Creation
Warning: OMP_SCHEDULE environment variable is not set.
Seed_ts = 144544. RAND_MAX = 2147483647.

area estimate = 1.506668
elapsed wall clock time = 4.465791
elapsed cpu time = 17.824946

real	0m4.482s
user	0m17.856s
sys	0m0.008s

Per cell
Warning: OMP_SCHEDULE environment variable is not set.
Seed_ts = 144544. RAND_MAX = 2147483647.

area estimate = 1.506826
elapsed wall clock time = 4.504460
elapsed cpu time = 17.954757

real	0m4.513s
user	0m17.961s
sys	0m0.033s

Per column
Warning: OMP_SCHEDULE environment variable is not set.
Seed_ts = 144544. RAND_MAX = 2147483647.

area estimate = 1.506568
elapsed wall clock time = 4.450408
elapsed cpu time = 17.767144

real	0m4.459s
user	0m17.772s
sys	0m0.003s

Shared Task Creation
Warning: OMP_SCHEDULE environment variable is not set.
Seed_ts = 144544. RAND_MAX = 2147483647.

area estimate = 1.506684
elapsed wall clock time = 4.465599
elapsed cpu time = 17.827262

real	0m4.473s
user	0m17.832s
sys	0m0.004s

Per cell
Warning: OMP_SCHEDULE environment variable is not set.
Seed_ts = 144544. RAND_MAX = 2147483647.

area estimate = 1.506826
elapsed wall clock time = 4.506180
elapsed cpu time = 17.959120

real	0m4.535s
user	0m17.966s
sys	0m0.035s

Per column
Warning: OMP_SCHEDULE environment variable is not set.
Seed_ts = 144544. RAND_MAX = 2147483647.

area estimate = 1.506614
elapsed wall clock time = 4.452068
elapsed cpu time = 17.774145

real	0m4.459s
user	0m17.778s
sys	0m0.004s

Shared Task Creation
Warning: OMP_SCHEDULE environment variable is not set.
Seed_ts = 144544. RAND_MAX = 2147483647.

area estimate = 1.506726
elapsed wall clock time = 4.471756
elapsed cpu time = 17.850995

real	0m4.479s
user	0m17.855s
sys	0m0.007s


Number of threads =  12

Per cell
Warning: OMP_SCHEDULE environment variable is not set.
Seed_ts = 144544. RAND_MAX = 2147483647.

area estimate = 1.506826
elapsed wall clock time = 1.651835
elapsed cpu time = 19.706083

real	0m1.661s
user	0m19.731s
sys	0m0.068s

Per column
Warning: OMP_SCHEDULE environment variable is not set.
Seed_ts = 144544. RAND_MAX = 2147483647.

area estimate = 1.506752
elapsed wall clock time = 1.516019
elapsed cpu time = 18.149508

real	0m1.523s
user	0m18.168s
sys	0m0.003s

Shared Task Creation
Warning: OMP_SCHEDULE environment variable is not set.
Seed_ts = 144544. RAND_MAX = 2147483647.

area estimate = 1.506788
elapsed wall clock time = 1.500285
elapsed cpu time = 17.944070

real	0m1.508s
user	0m17.960s
sys	0m0.016s

Per cell
Warning: OMP_SCHEDULE environment variable is not set.
Seed_ts = 144544. RAND_MAX = 2147483647.

area estimate = 1.506826
elapsed wall clock time = 1.659589
elapsed cpu time = 19.815293

real	0m1.667s
user	0m19.830s
sys	0m0.057s

Per column
Warning: OMP_SCHEDULE environment variable is not set.
Seed_ts = 144544. RAND_MAX = 2147483647.

area estimate = 1.506626
elapsed wall clock time = 1.516108
elapsed cpu time = 18.148283

real	0m1.523s
user	0m18.163s
sys	0m0.005s

Shared Task Creation
Warning: OMP_SCHEDULE environment variable is not set.
Seed_ts = 144544. RAND_MAX = 2147483647.

area estimate = 1.506762
elapsed wall clock time = 1.500593
elapsed cpu time = 17.953764

real	0m1.507s
user	0m17.968s
sys	0m0.014s

Per cell
Warning: OMP_SCHEDULE environment variable is not set.
Seed_ts = 144544. RAND_MAX = 2147483647.

area estimate = 1.506826
elapsed wall clock time = 1.656652
elapsed cpu time = 19.771603

real	0m1.664s
user	0m19.787s
sys	0m0.066s

Per column
Warning: OMP_SCHEDULE environment variable is not set.
Seed_ts = 144544. RAND_MAX = 2147483647.

area estimate = 1.506690
elapsed wall clock time = 1.516398
elapsed cpu time = 18.151381

real	0m1.525s
user	0m18.175s
sys	0m0.007s

Shared Task Creation
Warning: OMP_SCHEDULE environment variable is not set.
Seed_ts = 144544. RAND_MAX = 2147483647.

area estimate = 1.506736
elapsed wall clock time = 1.499870
elapsed cpu time = 17.955952

real	0m1.508s
user	0m17.975s
sys	0m0.003s


Number of threads =  24

Per cell
Warning: OMP_SCHEDULE environment variable is not set.
Seed_ts = 144544. RAND_MAX = 2147483647.

area estimate = 1.506826
elapsed wall clock time = 0.935782
elapsed cpu time = 22.307317

real	0m0.946s
user	0m22.406s
sys	0m0.081s

Per column
Warning: OMP_SCHEDULE environment variable is not set.
Seed_ts = 144544. RAND_MAX = 2147483647.

area estimate = 1.506538
elapsed wall clock time = 0.779008
elapsed cpu time = 18.624834

real	0m0.786s
user	0m18.656s
sys	0m0.005s

Shared Task Creation
Warning: OMP_SCHEDULE environment variable is not set.
Seed_ts = 144544. RAND_MAX = 2147483647.

area estimate = 1.506712
elapsed wall clock time = 0.756390
elapsed cpu time = 18.063376

real	0m0.764s
user	0m18.096s
sys	0m0.009s

Per cell
Warning: OMP_SCHEDULE environment variable is not set.
Seed_ts = 144544. RAND_MAX = 2147483647.

area estimate = 1.506826
elapsed wall clock time = 0.945243
elapsed cpu time = 22.513603

real	0m0.952s
user	0m22.545s
sys	0m0.097s

Per column
Warning: OMP_SCHEDULE environment variable is not set.
Seed_ts = 144544. RAND_MAX = 2147483647.

area estimate = 1.506592
elapsed wall clock time = 0.778599
elapsed cpu time = 18.622226

real	0m0.786s
user	0m18.658s
sys	0m0.004s

Shared Task Creation
Warning: OMP_SCHEDULE environment variable is not set.
Seed_ts = 144544. RAND_MAX = 2147483647.

area estimate = 1.506678
elapsed wall clock time = 0.755843
elapsed cpu time = 18.059146

real	0m0.764s
user	0m18.094s
sys	0m0.011s

Per cell
Warning: OMP_SCHEDULE environment variable is not set.
Seed_ts = 144544. RAND_MAX = 2147483647.

area estimate = 1.506826
elapsed wall clock time = 0.935063
elapsed cpu time = 22.292231

real	0m0.942s
user	0m22.335s
sys	0m0.071s

Per column
Warning: OMP_SCHEDULE environment variable is not set.
Seed_ts = 144544. RAND_MAX = 2147483647.

area estimate = 1.506610
elapsed wall clock time = 0.778877
elapsed cpu time = 18.625808

real	0m0.786s
user	0m18.664s
sys	0m0.008s

Shared Task Creation
Warning: OMP_SCHEDULE environment variable is not set.
Seed_ts = 144544. RAND_MAX = 2147483647.

area estimate = 1.506622
elapsed wall clock time = 0.755605
elapsed cpu time = 18.059964

real	0m0.765s
user	0m18.105s
sys	0m0.007s
