cleaning
SRC_FILES = src/drand-ts.c src/drand.c src/mandomp-avx.c src/mandomp-collapse-avx.c src/mandomp-collapse.c src/mandomp-tasks-columns-shared.c src/mandomp-tasks-columns.c src/mandomp-tasks.c src/mandomp-ts-avx-parallel.c src/mandomp-ts-avx.c src/mandomp-ts.c src/mandomp.c src/mandseq-avx.c src/mandseq.c src/timing.c src/utilities.c
OBJ_FILES =  obj/drand-ts.o  obj/drand.o  obj/mandomp-avx.o  obj/mandomp-collapse-avx.o  obj/mandomp-collapse.o  obj/mandomp-tasks-columns-shared.o  obj/mandomp-tasks-columns.o  obj/mandomp-tasks.o  obj/mandomp-ts-avx-parallel.o  obj/mandomp-ts-avx.o  obj/mandomp-ts.o  obj/mandomp.o  obj/mandseq-avx.o  obj/mandseq.o  obj/timing.o  obj/utilities.o
rm -f bin/mandomp-tasks obj/mandomp-tasks.o
SRC_FILES = src/drand-ts.c src/drand.c src/mandomp-avx.c src/mandomp-collapse-avx.c src/mandomp-collapse.c src/mandomp-tasks-columns-shared.c src/mandomp-tasks-columns.c src/mandomp-tasks.c src/mandomp-ts-avx-parallel.c src/mandomp-ts-avx.c src/mandomp-ts.c src/mandomp.c src/mandseq-avx.c src/mandseq.c src/timing.c src/utilities.c
OBJ_FILES =  obj/drand-ts.o  obj/drand.o  obj/mandomp-avx.o  obj/mandomp-collapse-avx.o  obj/mandomp-collapse.o  obj/mandomp-tasks-columns-shared.o  obj/mandomp-tasks-columns.o  obj/mandomp-tasks.o  obj/mandomp-ts-avx-parallel.o  obj/mandomp-ts-avx.o  obj/mandomp-ts.o  obj/mandomp.o  obj/mandseq-avx.o  obj/mandseq.o  obj/timing.o  obj/utilities.o
rm -f bin/mandomp-tasks-columns obj/mandomp-tasks-columns.o
SRC_FILES = src/drand-ts.c src/drand.c src/mandomp-avx.c src/mandomp-collapse-avx.c src/mandomp-collapse.c src/mandomp-tasks-columns-shared.c src/mandomp-tasks-columns.c src/mandomp-tasks.c src/mandomp-ts-avx-parallel.c src/mandomp-ts-avx.c src/mandomp-ts.c src/mandomp.c src/mandseq-avx.c src/mandseq.c src/timing.c src/utilities.c
OBJ_FILES =  obj/drand-ts.o  obj/drand.o  obj/mandomp-avx.o  obj/mandomp-collapse-avx.o  obj/mandomp-collapse.o  obj/mandomp-tasks-columns-shared.o  obj/mandomp-tasks-columns.o  obj/mandomp-tasks.o  obj/mandomp-ts-avx-parallel.o  obj/mandomp-ts-avx.o  obj/mandomp-ts.o  obj/mandomp.o  obj/mandseq-avx.o  obj/mandseq.o  obj/timing.o  obj/utilities.o
rm -f bin/mandomp-tasks-columns-shared obj/mandomp-tasks-columns-shared.o

compiling
SRC_FILES = src/drand-ts.c src/drand.c src/mandomp-avx.c src/mandomp-collapse-avx.c src/mandomp-collapse.c src/mandomp-tasks-columns-shared.c src/mandomp-tasks-columns.c src/mandomp-tasks.c src/mandomp-ts-avx-parallel.c src/mandomp-ts-avx.c src/mandomp-ts.c src/mandomp.c src/mandseq-avx.c src/mandseq.c src/timing.c src/utilities.c
OBJ_FILES =  obj/drand-ts.o  obj/drand.o  obj/mandomp-avx.o  obj/mandomp-collapse-avx.o  obj/mandomp-collapse.o  obj/mandomp-tasks-columns-shared.o  obj/mandomp-tasks-columns.o  obj/mandomp-tasks.o  obj/mandomp-ts-avx-parallel.o  obj/mandomp-ts-avx.o  obj/mandomp-ts.o  obj/mandomp.o  obj/mandseq-avx.o  obj/mandseq.o  obj/timing.o  obj/utilities.o
icc -g -O3 -xHost -fno-alias -std=c99 -qopenmp -I include  -c src/mandomp-tasks.c -o obj/mandomp-tasks.o
icc -g -O3 -xHost -fno-alias -std=c99 -qopenmp -I include  obj/mandomp-tasks.o obj/drand-ts.o obj/timing.o obj/utilities.o -o bin/mandomp-tasks
SRC_FILES = src/drand-ts.c src/drand.c src/mandomp-avx.c src/mandomp-collapse-avx.c src/mandomp-collapse.c src/mandomp-tasks-columns-shared.c src/mandomp-tasks-columns.c src/mandomp-tasks.c src/mandomp-ts-avx-parallel.c src/mandomp-ts-avx.c src/mandomp-ts.c src/mandomp.c src/mandseq-avx.c src/mandseq.c src/timing.c src/utilities.c
OBJ_FILES =  obj/drand-ts.o  obj/drand.o  obj/mandomp-avx.o  obj/mandomp-collapse-avx.o  obj/mandomp-collapse.o  obj/mandomp-tasks-columns-shared.o  obj/mandomp-tasks-columns.o  obj/mandomp-tasks.o  obj/mandomp-ts-avx-parallel.o  obj/mandomp-ts-avx.o  obj/mandomp-ts.o  obj/mandomp.o  obj/mandseq-avx.o  obj/mandseq.o  obj/timing.o  obj/utilities.o
icc -g -O3 -xHost -fno-alias -std=c99 -qopenmp -I include  -c src/mandomp-tasks-columns.c -o obj/mandomp-tasks-columns.o
icc -g -O3 -xHost -fno-alias -std=c99 -qopenmp -I include  obj/mandomp-tasks-columns.o obj/drand-ts.o obj/timing.o obj/utilities.o -o bin/mandomp-tasks-columns
SRC_FILES = src/drand-ts.c src/drand.c src/mandomp-avx.c src/mandomp-collapse-avx.c src/mandomp-collapse.c src/mandomp-tasks-columns-shared.c src/mandomp-tasks-columns.c src/mandomp-tasks.c src/mandomp-ts-avx-parallel.c src/mandomp-ts-avx.c src/mandomp-ts.c src/mandomp.c src/mandseq-avx.c src/mandseq.c src/timing.c src/utilities.c
OBJ_FILES =  obj/drand-ts.o  obj/drand.o  obj/mandomp-avx.o  obj/mandomp-collapse-avx.o  obj/mandomp-collapse.o  obj/mandomp-tasks-columns-shared.o  obj/mandomp-tasks-columns.o  obj/mandomp-tasks.o  obj/mandomp-ts-avx-parallel.o  obj/mandomp-ts-avx.o  obj/mandomp-ts.o  obj/mandomp.o  obj/mandseq-avx.o  obj/mandseq.o  obj/timing.o  obj/utilities.o
icc -g -O3 -xHost -fno-alias -std=c99 -qopenmp -I include  -c src/mandomp-tasks-columns-shared.c -o obj/mandomp-tasks-columns-shared.o
icc -g -O3 -xHost -fno-alias -std=c99 -qopenmp -I include  obj/mandomp-tasks-columns-shared.o obj/drand-ts.o obj/timing.o obj/utilities.o -o bin/mandomp-tasks-columns-shared


MANDOMP TASKS SINGLE CELL


Number of threads =  1

Per cell
Warning: OMP_SCHEDULE environment variable is not set.
Seed_ts = 12344. RAND_MAX = 2147483647.

area estimate = 1.506656
elapsed wall clock time = 17.867334
elapsed cpu time = 17.834552

real	0m17.909s
user	0m17.837s
sys	0m0.003s

Per column
Warning: OMP_SCHEDULE environment variable is not set.
Seed_ts = 12344. RAND_MAX = 2147483647.

area estimate = 1.506656
elapsed wall clock time = 17.830288
elapsed cpu time = 17.807376

real	0m17.866s
user	0m17.808s
sys	0m0.003s

Shared Task Creation
Warning: OMP_SCHEDULE environment variable is not set.
Seed_ts = 12344. RAND_MAX = 2147483647.

area estimate = 1.506656
elapsed wall clock time = 17.501213
elapsed cpu time = 17.478164

real	0m17.535s
user	0m17.478s
sys	0m0.003s

Per cell
Warning: OMP_SCHEDULE environment variable is not set.
Seed_ts = 12344. RAND_MAX = 2147483647.

area estimate = 1.506656
elapsed wall clock time = 17.859073
elapsed cpu time = 17.831857

real	0m17.889s
user	0m17.833s
sys	0m0.003s

Per column
Warning: OMP_SCHEDULE environment variable is not set.
Seed_ts = 12344. RAND_MAX = 2147483647.

area estimate = 1.506656
elapsed wall clock time = 17.823496
elapsed cpu time = 17.798291

real	0m17.871s
user	0m17.802s
sys	0m0.000s

Shared Task Creation
Warning: OMP_SCHEDULE environment variable is not set.
Seed_ts = 12344. RAND_MAX = 2147483647.

area estimate = 1.506656
elapsed wall clock time = 17.500588
elapsed cpu time = 17.477821

real	0m17.526s
user	0m17.480s
sys	0m0.002s

Per cell
Warning: OMP_SCHEDULE environment variable is not set.
Seed_ts = 12344. RAND_MAX = 2147483647.

area estimate = 1.506656
elapsed wall clock time = 17.860372
elapsed cpu time = 17.836587

real	0m17.895s
user	0m17.837s
sys	0m0.003s

Per column
Warning: OMP_SCHEDULE environment variable is not set.
Seed_ts = 12344. RAND_MAX = 2147483647.

area estimate = 1.506656
elapsed wall clock time = 17.823646
elapsed cpu time = 17.800166

real	0m17.856s
user	0m17.802s
sys	0m0.002s

Shared Task Creation
Warning: OMP_SCHEDULE environment variable is not set.
Seed_ts = 12344. RAND_MAX = 2147483647.

area estimate = 1.506656
elapsed wall clock time = 17.501035
elapsed cpu time = 17.478081

real	0m17.550s
user	0m17.480s
sys	0m0.002s


Number of threads =  2

Per cell
Warning: OMP_SCHEDULE environment variable is not set.
Seed_ts = 12344. RAND_MAX = 2147483647.

area estimate = 1.506656
elapsed wall clock time = 8.981261
elapsed cpu time = 17.910449

real	0m9.010s
user	0m17.924s
sys	0m0.022s

Per column
Warning: OMP_SCHEDULE environment variable is not set.
Seed_ts = 12344. RAND_MAX = 2147483647.

area estimate = 1.506676
elapsed wall clock time = 8.937016
elapsed cpu time = 17.839555

real	0m8.963s
user	0m17.847s
sys	0m0.002s

Shared Task Creation
Warning: OMP_SCHEDULE environment variable is not set.
Seed_ts = 12344. RAND_MAX = 2147483647.

area estimate = 1.506708
elapsed wall clock time = 8.763884
elapsed cpu time = 17.493010

real	0m8.787s
user	0m17.498s
sys	0m0.007s

Per cell
Warning: OMP_SCHEDULE environment variable is not set.
Seed_ts = 12344. RAND_MAX = 2147483647.

area estimate = 1.506656
elapsed wall clock time = 8.984741
elapsed cpu time = 17.908335

real	0m9.014s
user	0m17.918s
sys	0m0.029s

Per column
Warning: OMP_SCHEDULE environment variable is not set.
Seed_ts = 12344. RAND_MAX = 2147483647.

area estimate = 1.506650
elapsed wall clock time = 8.935370
elapsed cpu time = 17.836092

real	0m8.969s
user	0m17.847s
sys	0m0.003s

Shared Task Creation
Warning: OMP_SCHEDULE environment variable is not set.
Seed_ts = 12344. RAND_MAX = 2147483647.

area estimate = 1.506758
elapsed wall clock time = 8.765218
elapsed cpu time = 17.496227

real	0m8.814s
user	0m17.503s
sys	0m0.005s

Per cell
Warning: OMP_SCHEDULE environment variable is not set.
Seed_ts = 12344. RAND_MAX = 2147483647.

area estimate = 1.506656
elapsed wall clock time = 8.980944
elapsed cpu time = 17.901003

real	0m9.009s
user	0m17.907s
sys	0m0.032s

Per column
Warning: OMP_SCHEDULE environment variable is not set.
Seed_ts = 12344. RAND_MAX = 2147483647.

area estimate = 1.506760
elapsed wall clock time = 8.941900
elapsed cpu time = 17.849552

real	0m8.968s
user	0m17.862s
sys	0m0.002s

Shared Task Creation
Warning: OMP_SCHEDULE environment variable is not set.
Seed_ts = 12344. RAND_MAX = 2147483647.

area estimate = 1.506768
elapsed wall clock time = 8.767628
elapsed cpu time = 17.501528

real	0m8.796s
user	0m17.509s
sys	0m0.003s


Number of threads =  4

Per cell
Warning: OMP_SCHEDULE environment variable is not set.
Seed_ts = 12344. RAND_MAX = 2147483647.

area estimate = 1.506656
elapsed wall clock time = 4.556126
elapsed cpu time = 18.148977

real	0m4.573s
user	0m18.152s
sys	0m0.046s

Per column
Warning: OMP_SCHEDULE environment variable is not set.
Seed_ts = 12344. RAND_MAX = 2147483647.

area estimate = 1.506826
elapsed wall clock time = 4.495594
elapsed cpu time = 17.948041

real	0m4.504s
user	0m17.954s
sys	0m0.002s

Shared Task Creation
Warning: OMP_SCHEDULE environment variable is not set.
Seed_ts = 12344. RAND_MAX = 2147483647.

area estimate = 1.506650
elapsed wall clock time = 4.387513
elapsed cpu time = 17.516211

real	0m4.395s
user	0m17.523s
sys	0m0.004s

Per cell
Warning: OMP_SCHEDULE environment variable is not set.
Seed_ts = 12344. RAND_MAX = 2147483647.

area estimate = 1.506656
elapsed wall clock time = 4.557483
elapsed cpu time = 18.154555

real	0m4.570s
user	0m18.160s
sys	0m0.044s

Per column
Warning: OMP_SCHEDULE environment variable is not set.
Seed_ts = 12344. RAND_MAX = 2147483647.

area estimate = 1.506764
elapsed wall clock time = 4.498095
elapsed cpu time = 17.957897

real	0m4.505s
user	0m17.963s
sys	0m0.004s

Shared Task Creation
Warning: OMP_SCHEDULE environment variable is not set.
Seed_ts = 12344. RAND_MAX = 2147483647.

area estimate = 1.506644
elapsed wall clock time = 4.387640
elapsed cpu time = 17.515891

real	0m4.396s
user	0m17.524s
sys	0m0.003s

Per cell
Warning: OMP_SCHEDULE environment variable is not set.
Seed_ts = 12344. RAND_MAX = 2147483647.

area estimate = 1.506656
elapsed wall clock time = 4.559364
elapsed cpu time = 18.171638

real	0m4.585s
user	0m18.177s
sys	0m0.035s

Per column
Warning: OMP_SCHEDULE environment variable is not set.
Seed_ts = 12344. RAND_MAX = 2147483647.

area estimate = 1.506726
elapsed wall clock time = 4.495660
elapsed cpu time = 17.948231

real	0m4.506s
user	0m17.953s
sys	0m0.006s

Shared Task Creation
Warning: OMP_SCHEDULE environment variable is not set.
Seed_ts = 12344. RAND_MAX = 2147483647.

area estimate = 1.506664
elapsed wall clock time = 4.387431
elapsed cpu time = 17.514588

real	0m4.396s
user	0m17.522s
sys	0m0.005s


Number of threads =  12

Per cell
Warning: OMP_SCHEDULE environment variable is not set.
Seed_ts = 12344. RAND_MAX = 2147483647.

area estimate = 1.506656
elapsed wall clock time = 1.670740
elapsed cpu time = 19.946780

real	0m1.685s
user	0m19.969s
sys	0m0.062s

Per column
Warning: OMP_SCHEDULE environment variable is not set.
Seed_ts = 12344. RAND_MAX = 2147483647.

area estimate = 1.506690
elapsed wall clock time = 1.530822
elapsed cpu time = 18.327247

real	0m1.538s
user	0m18.341s
sys	0m0.006s

Shared Task Creation
Warning: OMP_SCHEDULE environment variable is not set.
Seed_ts = 12344. RAND_MAX = 2147483647.

area estimate = 1.506742
elapsed wall clock time = 1.470461
elapsed cpu time = 17.600223

real	0m1.478s
user	0m17.616s
sys	0m0.006s

Per cell
Warning: OMP_SCHEDULE environment variable is not set.
Seed_ts = 12344. RAND_MAX = 2147483647.

area estimate = 1.506656
elapsed wall clock time = 1.679486
elapsed cpu time = 20.037166

real	0m1.691s
user	0m20.051s
sys	0m0.077s

Per column
Warning: OMP_SCHEDULE environment variable is not set.
Seed_ts = 12344. RAND_MAX = 2147483647.

area estimate = 1.506688
elapsed wall clock time = 1.527614
elapsed cpu time = 18.288971

real	0m1.535s
user	0m18.304s
sys	0m0.003s

Shared Task Creation
Warning: OMP_SCHEDULE environment variable is not set.
Seed_ts = 12344. RAND_MAX = 2147483647.

area estimate = 1.506672
elapsed wall clock time = 1.471783
elapsed cpu time = 17.608567

real	0m1.485s
user	0m17.626s
sys	0m0.014s

Per cell
Warning: OMP_SCHEDULE environment variable is not set.
Seed_ts = 12344. RAND_MAX = 2147483647.

area estimate = 1.506656
elapsed wall clock time = 1.670863
elapsed cpu time = 19.924620

real	0m1.687s
user	0m19.958s
sys	0m0.085s

Per column
Warning: OMP_SCHEDULE environment variable is not set.
Seed_ts = 12344. RAND_MAX = 2147483647.

area estimate = 1.506828
elapsed wall clock time = 1.529555
elapsed cpu time = 18.311947

real	0m1.537s
user	0m18.326s
sys	0m0.007s

Shared Task Creation
Warning: OMP_SCHEDULE environment variable is not set.
Seed_ts = 12344. RAND_MAX = 2147483647.

area estimate = 1.506700
elapsed wall clock time = 1.471780
elapsed cpu time = 17.606787

real	0m1.479s
user	0m17.620s
sys	0m0.013s


Number of threads =  24

Per cell
Warning: OMP_SCHEDULE environment variable is not set.
Seed_ts = 12344. RAND_MAX = 2147483647.

area estimate = 1.506656
elapsed wall clock time = 0.938792
elapsed cpu time = 22.374341

real	0m0.946s
user	0m22.403s
sys	0m0.089s

Per column
Warning: OMP_SCHEDULE environment variable is not set.
Seed_ts = 12344. RAND_MAX = 2147483647.

area estimate = 1.506622
elapsed wall clock time = 0.786773
elapsed cpu time = 18.817277

real	0m0.802s
user	0m18.860s
sys	0m0.009s

Shared Task Creation
Warning: OMP_SCHEDULE environment variable is not set.
Seed_ts = 12344. RAND_MAX = 2147483647.

area estimate = 1.506714
elapsed wall clock time = 0.742887
elapsed cpu time = 17.753047

real	0m0.751s
user	0m17.785s
sys	0m0.010s

Per cell
Warning: OMP_SCHEDULE environment variable is not set.
Seed_ts = 12344. RAND_MAX = 2147483647.

area estimate = 1.506656
elapsed wall clock time = 0.945086
elapsed cpu time = 22.549772

real	0m0.953s
user	0m22.579s
sys	0m0.063s

Per column
Warning: OMP_SCHEDULE environment variable is not set.
Seed_ts = 12344. RAND_MAX = 2147483647.

area estimate = 1.506520
elapsed wall clock time = 0.787555
elapsed cpu time = 18.823044

real	0m0.795s
user	0m18.853s
sys	0m0.008s

Shared Task Creation
Warning: OMP_SCHEDULE environment variable is not set.
Seed_ts = 12344. RAND_MAX = 2147483647.

area estimate = 1.506670
elapsed wall clock time = 0.742419
elapsed cpu time = 17.739729

real	0m0.750s
user	0m17.772s
sys	0m0.016s

Per cell
Warning: OMP_SCHEDULE environment variable is not set.
Seed_ts = 12344. RAND_MAX = 2147483647.

area estimate = 1.506656
elapsed wall clock time = 0.940516
elapsed cpu time = 22.421966

real	0m0.948s
user	0m22.451s
sys	0m0.080s

Per column
Warning: OMP_SCHEDULE environment variable is not set.
Seed_ts = 12344. RAND_MAX = 2147483647.

area estimate = 1.506466
elapsed wall clock time = 0.785820
elapsed cpu time = 18.785183

real	0m0.794s
user	0m18.824s
sys	0m0.008s

Shared Task Creation
Warning: OMP_SCHEDULE environment variable is not set.
Seed_ts = 12344. RAND_MAX = 2147483647.

area estimate = 1.506714
elapsed wall clock time = 0.741864
elapsed cpu time = 17.728251

real	0m0.753s
user	0m17.781s
sys	0m0.009s
