cleaning
SRC_FILES = src/drand-ts.c src/drand.c src/mandomp-avx.c src/mandomp-collapse-avx.c src/mandomp-collapse.c src/mandomp-tasks-columns.c src/mandomp-tasks.c src/mandomp-ts-avx.c src/mandomp-ts.c src/mandomp.c src/mandseq-avx.c src/mandseq.c src/timing.c src/utilities.c
OBJ_FILES =  obj/drand-ts.o  obj/drand.o  obj/mandomp-avx.o  obj/mandomp-collapse-avx.o  obj/mandomp-collapse.o  obj/mandomp-tasks-columns.o  obj/mandomp-tasks.o  obj/mandomp-ts-avx.o  obj/mandomp-ts.o  obj/mandomp.o  obj/mandseq-avx.o  obj/mandseq.o  obj/timing.o  obj/utilities.o
rm -f bin/mandomp-tasks obj/mandomp-tasks.o
SRC_FILES = src/drand-ts.c src/drand.c src/mandomp-avx.c src/mandomp-collapse-avx.c src/mandomp-collapse.c src/mandomp-tasks-columns.c src/mandomp-tasks.c src/mandomp-ts-avx.c src/mandomp-ts.c src/mandomp.c src/mandseq-avx.c src/mandseq.c src/timing.c src/utilities.c
OBJ_FILES =  obj/drand-ts.o  obj/drand.o  obj/mandomp-avx.o  obj/mandomp-collapse-avx.o  obj/mandomp-collapse.o  obj/mandomp-tasks-columns.o  obj/mandomp-tasks.o  obj/mandomp-ts-avx.o  obj/mandomp-ts.o  obj/mandomp.o  obj/mandseq-avx.o  obj/mandseq.o  obj/timing.o  obj/utilities.o
rm -f bin/mandomp-tasks-columns obj/mandomp-tasks-columns.o

compiling
SRC_FILES = src/drand-ts.c src/drand.c src/mandomp-avx.c src/mandomp-collapse-avx.c src/mandomp-collapse.c src/mandomp-tasks-columns.c src/mandomp-tasks.c src/mandomp-ts-avx.c src/mandomp-ts.c src/mandomp.c src/mandseq-avx.c src/mandseq.c src/timing.c src/utilities.c
OBJ_FILES =  obj/drand-ts.o  obj/drand.o  obj/mandomp-avx.o  obj/mandomp-collapse-avx.o  obj/mandomp-collapse.o  obj/mandomp-tasks-columns.o  obj/mandomp-tasks.o  obj/mandomp-ts-avx.o  obj/mandomp-ts.o  obj/mandomp.o  obj/mandseq-avx.o  obj/mandseq.o  obj/timing.o  obj/utilities.o
icc -g -O3 -xHost -fno-alias -std=c99 -qopenmp -I include  -c src/mandomp-tasks.c -o obj/mandomp-tasks.o
icc -g -O3 -xHost -fno-alias -std=c99 -qopenmp -I include  obj/mandomp-tasks.o obj/drand-ts.o obj/timing.o obj/utilities.o -o bin/mandomp-tasks
SRC_FILES = src/drand-ts.c src/drand.c src/mandomp-avx.c src/mandomp-collapse-avx.c src/mandomp-collapse.c src/mandomp-tasks-columns.c src/mandomp-tasks.c src/mandomp-ts-avx.c src/mandomp-ts.c src/mandomp.c src/mandseq-avx.c src/mandseq.c src/timing.c src/utilities.c
OBJ_FILES =  obj/drand-ts.o  obj/drand.o  obj/mandomp-avx.o  obj/mandomp-collapse-avx.o  obj/mandomp-collapse.o  obj/mandomp-tasks-columns.o  obj/mandomp-tasks.o  obj/mandomp-ts-avx.o  obj/mandomp-ts.o  obj/mandomp.o  obj/mandseq-avx.o  obj/mandseq.o  obj/timing.o  obj/utilities.o
icc -g -O3 -xHost -fno-alias -std=c99 -qopenmp -I include  -c src/mandomp-tasks-columns.c -o obj/mandomp-tasks-columns.o
icc -g -O3 -xHost -fno-alias -std=c99 -qopenmp -I include  obj/mandomp-tasks-columns.o obj/drand-ts.o obj/timing.o obj/utilities.o -o bin/mandomp-tasks-columns


MANDOMP TASKS SINGLE CELL


Number of threads =  1

Per cell
Warning: OMP_SCHEDULE environment variable is not set.
Seed_ts = 144544. RAND_MAX = 2147483647.

area estimate = 1.506826
elapsed wall clock time = 17.634044
elapsed cpu time = 17.603933

real	0m17.663s
user	0m17.605s
sys	0m0.002s

Per column
Warning: OMP_SCHEDULE environment variable is not set.
Seed_ts = 144544. RAND_MAX = 2147483647.

area estimate = 1.506826
elapsed wall clock time = 17.664831
elapsed cpu time = 17.635329

real	0m17.690s
user	0m17.637s
sys	0m0.002s

Per cell
Warning: OMP_SCHEDULE environment variable is not set.
Seed_ts = 144544. RAND_MAX = 2147483647.

area estimate = 1.506826
elapsed wall clock time = 17.598218
elapsed cpu time = 17.572683

real	0m17.625s
user	0m17.573s
sys	0m0.004s

Per column
Warning: OMP_SCHEDULE environment variable is not set.
Seed_ts = 144544. RAND_MAX = 2147483647.

area estimate = 1.506826
elapsed wall clock time = 17.669097
elapsed cpu time = 17.637889

real	0m17.694s
user	0m17.640s
sys	0m0.001s

Per cell
Warning: OMP_SCHEDULE environment variable is not set.
Seed_ts = 144544. RAND_MAX = 2147483647.

area estimate = 1.506826
elapsed wall clock time = 17.615235
elapsed cpu time = 17.588383

real	0m17.657s
user	0m17.591s
sys	0m0.001s

Per column
Warning: OMP_SCHEDULE environment variable is not set.
Seed_ts = 144544. RAND_MAX = 2147483647.

area estimate = 1.506826
elapsed wall clock time = 17.657559
elapsed cpu time = 17.628980

real	0m17.678s
user	0m17.629s
sys	0m0.003s


Number of threads =  2

Per cell
Warning: OMP_SCHEDULE environment variable is not set.
Seed_ts = 144544. RAND_MAX = 2147483647.

area estimate = 1.506826
elapsed wall clock time = 8.895982
elapsed cpu time = 17.730692

real	0m8.919s
user	0m17.737s
sys	0m0.030s

Per column
Warning: OMP_SCHEDULE environment variable is not set.
Seed_ts = 144544. RAND_MAX = 2147483647.

area estimate = 1.506692
elapsed wall clock time = 8.856432
elapsed cpu time = 17.678216

real	0m8.883s
user	0m17.688s
sys	0m0.003s

Per cell
Warning: OMP_SCHEDULE environment variable is not set.
Seed_ts = 144544. RAND_MAX = 2147483647.

area estimate = 1.506826
elapsed wall clock time = 8.893246
elapsed cpu time = 17.736203

real	0m8.917s
user	0m17.743s
sys	0m0.018s

Per column
Warning: OMP_SCHEDULE environment variable is not set.
Seed_ts = 144544. RAND_MAX = 2147483647.

area estimate = 1.506588
elapsed wall clock time = 8.848004
elapsed cpu time = 17.662623

real	0m8.881s
user	0m17.676s
sys	0m0.000s

Per cell
Warning: OMP_SCHEDULE environment variable is not set.
Seed_ts = 144544. RAND_MAX = 2147483647.

area estimate = 1.506826
elapsed wall clock time = 8.895510
elapsed cpu time = 17.736737

real	0m8.925s
user	0m17.748s
sys	0m0.025s

Per column
Warning: OMP_SCHEDULE environment variable is not set.
Seed_ts = 144544. RAND_MAX = 2147483647.

area estimate = 1.506876
elapsed wall clock time = 8.851881
elapsed cpu time = 17.668925

real	0m8.876s
user	0m17.677s
sys	0m0.003s


Number of threads =  4

Per cell
Warning: OMP_SCHEDULE environment variable is not set.
Seed_ts = 144544. RAND_MAX = 2147483647.

area estimate = 1.506826
elapsed wall clock time = 4.503432
elapsed cpu time = 17.951100

real	0m4.513s
user	0m17.957s
sys	0m0.032s

Per column
Warning: OMP_SCHEDULE environment variable is not set.
Seed_ts = 144544. RAND_MAX = 2147483647.

area estimate = 1.506820
elapsed wall clock time = 4.452916
elapsed cpu time = 17.779300

real	0m4.460s
user	0m17.784s
sys	0m0.002s

Per cell
Warning: OMP_SCHEDULE environment variable is not set.
Seed_ts = 144544. RAND_MAX = 2147483647.

area estimate = 1.506826
elapsed wall clock time = 4.507723
elapsed cpu time = 17.972542

real	0m4.515s
user	0m17.977s
sys	0m0.029s

Per column
Warning: OMP_SCHEDULE environment variable is not set.
Seed_ts = 144544. RAND_MAX = 2147483647.

area estimate = 1.506758
elapsed wall clock time = 4.451865
elapsed cpu time = 17.773369

real	0m4.460s
user	0m17.779s
sys	0m0.004s

Per cell
Warning: OMP_SCHEDULE environment variable is not set.
Seed_ts = 144544. RAND_MAX = 2147483647.

area estimate = 1.506826
elapsed wall clock time = 4.506776
elapsed cpu time = 17.952828

real	0m4.513s
user	0m17.958s
sys	0m0.042s

Per column
Warning: OMP_SCHEDULE environment variable is not set.
Seed_ts = 144544. RAND_MAX = 2147483647.

area estimate = 1.506598
elapsed wall clock time = 4.454031
elapsed cpu time = 17.781636

real	0m4.461s
user	0m17.785s
sys	0m0.005s


Number of threads =  12

Per cell
Warning: OMP_SCHEDULE environment variable is not set.
Seed_ts = 144544. RAND_MAX = 2147483647.

area estimate = 1.506826
elapsed wall clock time = 1.647750
elapsed cpu time = 19.669080

real	0m1.657s
user	0m19.695s
sys	0m0.059s

Per column
Warning: OMP_SCHEDULE environment variable is not set.
Seed_ts = 144544. RAND_MAX = 2147483647.

area estimate = 1.506698
elapsed wall clock time = 1.516377
elapsed cpu time = 18.151396

real	0m1.523s
user	0m18.166s
sys	0m0.005s

Per cell
Warning: OMP_SCHEDULE environment variable is not set.
Seed_ts = 144544. RAND_MAX = 2147483647.

area estimate = 1.506826
elapsed wall clock time = 1.663966
elapsed cpu time = 19.864063

real	0m1.673s
user	0m19.885s
sys	0m0.060s

Per column
Warning: OMP_SCHEDULE environment variable is not set.
Seed_ts = 144544. RAND_MAX = 2147483647.

area estimate = 1.506514
elapsed wall clock time = 1.515758
elapsed cpu time = 18.143796

real	0m1.528s
user	0m18.160s
sys	0m0.005s

Per cell
Warning: OMP_SCHEDULE environment variable is not set.
Seed_ts = 144544. RAND_MAX = 2147483647.

area estimate = 1.506826
elapsed wall clock time = 1.653273
elapsed cpu time = 19.721806

real	0m1.660s
user	0m19.739s
sys	0m0.073s

Per column
Warning: OMP_SCHEDULE environment variable is not set.
Seed_ts = 144544. RAND_MAX = 2147483647.

area estimate = 1.506782
elapsed wall clock time = 1.515523
elapsed cpu time = 18.141611

real	0m1.537s
user	0m18.165s
sys	0m0.005s


Number of threads =  24

Per cell
Warning: OMP_SCHEDULE environment variable is not set.
Seed_ts = 144544. RAND_MAX = 2147483647.

area estimate = 1.506826
elapsed wall clock time = 0.937748
elapsed cpu time = 22.335905

real	0m0.946s
user	0m22.393s
sys	0m0.085s

Per column
Warning: OMP_SCHEDULE environment variable is not set.
Seed_ts = 144544. RAND_MAX = 2147483647.

area estimate = 1.506550
elapsed wall clock time = 0.779607
elapsed cpu time = 18.635783

real	0m0.788s
user	0m18.671s
sys	0m0.008s

Per cell
Warning: OMP_SCHEDULE environment variable is not set.
Seed_ts = 144544. RAND_MAX = 2147483647.

area estimate = 1.506826
elapsed wall clock time = 0.938606
elapsed cpu time = 22.376398

real	0m0.953s
user	0m22.472s
sys	0m0.068s

Per column
Warning: OMP_SCHEDULE environment variable is not set.
Seed_ts = 144544. RAND_MAX = 2147483647.

area estimate = 1.506656
elapsed wall clock time = 0.778249
elapsed cpu time = 18.609707

real	0m0.787s
user	0m18.642s
sys	0m0.004s

Per cell
Warning: OMP_SCHEDULE environment variable is not set.
Seed_ts = 144544. RAND_MAX = 2147483647.

area estimate = 1.506826
elapsed wall clock time = 0.936289
elapsed cpu time = 22.332838

real	0m0.943s
user	0m22.364s
sys	0m0.067s

Per column
Warning: OMP_SCHEDULE environment variable is not set.
Seed_ts = 144544. RAND_MAX = 2147483647.

area estimate = 1.506464
elapsed wall clock time = 0.778305
elapsed cpu time = 18.610523

real	0m0.785s
user	0m18.626s
sys	0m0.022s
