The following modules were not unloaded:
  (Use "module --force purge" to unload all):

  1) StdEnv

Currently Loaded Modules:
  1) StdEnv                        (S)   9) libpciaccess/0.16-GCCcore-10.2.0
  2) GCCcore/10.2.0                     10) hwloc/2.2.0-GCCcore-10.2.0
  3) zlib/1.2.11-GCCcore-10.2.0         11) UCX/1.9.0-GCCcore-10.2.0
  4) binutils/2.35-GCCcore-10.2.0       12) libfabric/1.11.0-GCCcore-10.2.0
  5) iccifort/2020.4.304                13) OpenMPI/4.0.5-iccifort-2020.4.304
  6) numactl/2.0.13-GCCcore-10.2.0      14) iompi/2020b
  7) XZ/5.2.5-GCCcore-10.2.0            15) imkl/2020.4.304-iompi-2020b
  8) libxml2/2.9.10-GCCcore-10.2.0      16) iomkl/2020b

  Where:
   S:  Module is Sticky, requires --force to unload or purge

 

/home/cpsc424_ahs3/project/shared/assignments/assignment3/part2
r918u05n01
1
rm -f serial *.o
icc -g -O3 -xHost -fno-alias -std=c99 -I/gpfs/gibbs/project/cpsc424/shared/utils/timing -c serial.c
icc -g -O3 -xHost -fno-alias -std=c99 -I/gpfs/gibbs/project/cpsc424/shared/utils/timing -c matmul.c
icc -o serial -g -O3 -xHost -fno-alias -std=c99 -I/gpfs/gibbs/project/cpsc424/shared/utils/timing serial.o matmul.o /gpfs/gibbs/project/cpsc424/shared/utils/timing/timing.o -lm
Matrix multiplication times:
   N      TIME (secs)    F-norm of Error
 -----   -------------  -----------------
   1000       0.3182     0.000000000032
   2000       2.7156     0.000000000134
   4000      38.7738     0.000000000504
   8000     327.0411     0.000000001930

real	6m10.889s
user	6m8.852s
sys	0m0.575s
Matrix multiplication times:
   N      TIME (secs)    F-norm of Error
 -----   -------------  -----------------
   1000       0.3179     0.000000000032
   2000       2.8419     0.000000000134
   4000      38.7176     0.000000000504
   8000     327.2600     0.000000001930

real	6m10.999s
user	6m9.214s
sys	0m0.575s
Matrix multiplication times:
   N      TIME (secs)    F-norm of Error
 -----   -------------  -----------------
   1000       0.3169     0.000000000032
   2000       3.1681     0.000000000134
   4000      38.8606     0.000000000504
   8000     327.0925     0.000000001930

real	6m11.353s
user	6m9.495s
sys	0m0.581s
