cleaning
SRC_FILES = src/drand-ts.c src/drand.c src/mandomp-avx.c src/mandomp-collapse-avx.c src/mandomp-collapse.c src/mandomp-tasks-columns-shared.c src/mandomp-tasks-columns.c src/mandomp-tasks.c src/mandomp-ts-avx-parallel.c src/mandomp-ts-avx.c src/mandomp-ts.c src/mandomp.c src/mandseq-avx.c src/mandseq.c src/timing.c src/utilities.c
OBJ_FILES =  obj/drand-ts.o  obj/drand.o  obj/mandomp-avx.o  obj/mandomp-collapse-avx.o  obj/mandomp-collapse.o  obj/mandomp-tasks-columns-shared.o  obj/mandomp-tasks-columns.o  obj/mandomp-tasks.o  obj/mandomp-ts-avx-parallel.o  obj/mandomp-ts-avx.o  obj/mandomp-ts.o  obj/mandomp.o  obj/mandseq-avx.o  obj/mandseq.o  obj/timing.o  obj/utilities.o
rm -f bin/mandomp-ts-avx-parallel obj/mandomp-ts-avx-parallel.o
compiling
SRC_FILES = src/drand-ts.c src/drand.c src/mandomp-avx.c src/mandomp-collapse-avx.c src/mandomp-collapse.c src/mandomp-tasks-columns-shared.c src/mandomp-tasks-columns.c src/mandomp-tasks.c src/mandomp-ts-avx-parallel.c src/mandomp-ts-avx.c src/mandomp-ts.c src/mandomp.c src/mandseq-avx.c src/mandseq.c src/timing.c src/utilities.c
OBJ_FILES =  obj/drand-ts.o  obj/drand.o  obj/mandomp-avx.o  obj/mandomp-collapse-avx.o  obj/mandomp-collapse.o  obj/mandomp-tasks-columns-shared.o  obj/mandomp-tasks-columns.o  obj/mandomp-tasks.o  obj/mandomp-ts-avx-parallel.o  obj/mandomp-ts-avx.o  obj/mandomp-ts.o  obj/mandomp.o  obj/mandseq-avx.o  obj/mandseq.o  obj/timing.o  obj/utilities.o
icc -g -O3 -xHost -fno-alias -std=c99 -qopenmp -I include  -c src/mandomp-ts-avx-parallel.c -o obj/mandomp-ts-avx-parallel.o
icc -g -O3 -xHost -fno-alias -std=c99 -qopenmp -I include  obj/mandomp-ts-avx-parallel.o obj/drand-ts.o obj/timing.o obj/utilities.o -o bin/mandomp-ts-avx-parallel
Thread 4 is initializing seed
Seed_ts = 12435. RAND_MAX = 2147483647.
Thread 14 is initializing seed
Seed_ts = 12665. RAND_MAX = 2147483647.
Thread 19 is initializing seed
Seed_ts = 12780. RAND_MAX = 2147483647.
Thread 18 is initializing seed
Seed_ts = 12757. RAND_MAX = 2147483647.
Thread 3 is initializing seed
Seed_ts = 12412. RAND_MAX = 2147483647.
Thread 1 is initializing seed
Seed_ts = 12366. RAND_MAX = 2147483647.
Thread 7 is initializing seed
Seed_ts = 12504. RAND_MAX = 2147483647.
Thread 21 is initializing seed
Seed_ts = 12826. RAND_MAX = 2147483647.
Thread 23 is initializing seed
Seed_ts = 12872. RAND_MAX = 2147483647.
Thread 0 is initializing seed
Seed_ts = 12343. RAND_MAX = 2147483647.
Thread 12 is initializing seed
Seed_ts = 12619. RAND_MAX = 2147483647.
Thread 22 is initializing seed
Seed_ts = 12849. RAND_MAX = 2147483647.
Thread 10 is initializing seed
Seed_ts = 12573. RAND_MAX = 2147483647.
Thread 16 is initializing seed
Seed_ts = 12711. RAND_MAX = 2147483647.
Thread 17 is initializing seed
Seed_ts = 12734. RAND_MAX = 2147483647.
Thread 13 is initializing seed
Seed_ts = 12642. RAND_MAX = 2147483647.
Thread 2 is initializing seed
Seed_ts = 12389. RAND_MAX = 2147483647.
Thread 15 is initializing seed
Seed_ts = 12688. RAND_MAX = 2147483647.
Thread 9 is initializing seed
Seed_ts = 12550. RAND_MAX = 2147483647.
Thread 8 is initializing seed
Seed_ts = 12527. RAND_MAX = 2147483647.
Thread 20 is initializing seed
Seed_ts = 12803. RAND_MAX = 2147483647.
Thread 11 is initializing seed
Seed_ts = 12596. RAND_MAX = 2147483647.
Thread 5 is initializing seed
Seed_ts = 12458. RAND_MAX = 2147483647.
Thread 6 is initializing seed
Seed_ts = 12481. RAND_MAX = 2147483647.

area estimate = 1.506782
elapsed wall clock time = 1.952269
elapsed cpu time = 23.493160

real	0m1.960s
user	0m23.544s
sys	0m0.151s
Thread 2 is initializing seed
Seed_ts = 12389. RAND_MAX = 2147483647.
Thread 1 is initializing seed
Seed_ts = 12366. RAND_MAX = 2147483647.
Thread 8 is initializing seed
Seed_ts = 12527. RAND_MAX = 2147483647.
Thread 11 is initializing seed
Seed_ts = 12596. RAND_MAX = 2147483647.
Thread 6 is initializing seed
Seed_ts = 12481. RAND_MAX = 2147483647.
Thread 14 is initializing seed
Seed_ts = 12665. RAND_MAX = 2147483647.
Thread 19 is initializing seed
Seed_ts = 12780. RAND_MAX = 2147483647.
Thread 9 is initializing seed
Seed_ts = 12550. RAND_MAX = 2147483647.
Thread 18 is initializing seed
Seed_ts = 12757. RAND_MAX = 2147483647.
Thread 0 is initializing seed
Seed_ts = 12343. RAND_MAX = 2147483647.
Thread 5 is initializing seed
Seed_ts = 12458. RAND_MAX = 2147483647.
Thread 20 is initializing seed
Seed_ts = 12803. RAND_MAX = 2147483647.
Thread 4 is initializing seed
Seed_ts = 12435. RAND_MAX = 2147483647.
Thread 22 is initializing seed
Seed_ts = 12849. RAND_MAX = 2147483647.
Thread 23 is initializing seed
Seed_ts = 12872. RAND_MAX = 2147483647.
Thread 3 is initializing seed
Seed_ts = 12412. RAND_MAX = 2147483647.
Thread 21 is initializing seed
Seed_ts = 12826. RAND_MAX = 2147483647.
Thread 13 is initializing seed
Seed_ts = 12642. RAND_MAX = 2147483647.
Thread 10 is initializing seed
Seed_ts = 12573. RAND_MAX = 2147483647.
Thread 15 is initializing seed
Seed_ts = 12688. RAND_MAX = 2147483647.
Thread 16 is initializing seed
Seed_ts = 12711. RAND_MAX = 2147483647.
Thread 7 is initializing seed
Seed_ts = 12504. RAND_MAX = 2147483647.
Thread 17 is initializing seed
Seed_ts = 12734. RAND_MAX = 2147483647.
Thread 12 is initializing seed
Seed_ts = 12619. RAND_MAX = 2147483647.

area estimate = 1.506782
elapsed wall clock time = 1.950993
elapsed cpu time = 23.390381

real	0m1.959s
user	0m23.422s
sys	0m0.144s
Thread 0 is initializing seed
Seed_ts = 12343. RAND_MAX = 2147483647.
Thread 19 is initializing seed
Seed_ts = 12780. RAND_MAX = 2147483647.
Thread 20 is initializing seed
Seed_ts = 12803. RAND_MAX = 2147483647.
Thread 11 is initializing seed
Seed_ts = 12596. RAND_MAX = 2147483647.
Thread 8 is initializing seed
Seed_ts = 12527. RAND_MAX = 2147483647.
Thread 6 is initializing seed
Seed_ts = 12481. RAND_MAX = 2147483647.
Thread 5 is initializing seed
Seed_ts = 12458. RAND_MAX = 2147483647.
Thread 22 is initializing seed
Seed_ts = 12849. RAND_MAX = 2147483647.
Thread 18 is initializing seed
Seed_ts = 12757. RAND_MAX = 2147483647.
Thread 4 is initializing seed
Seed_ts = 12435. RAND_MAX = 2147483647.
Thread 21 is initializing seed
Seed_ts = 12826. RAND_MAX = 2147483647.
Thread 1 is initializing seed
Seed_ts = 12366. RAND_MAX = 2147483647.
Thread 23 is initializing seed
Seed_ts = 12872. RAND_MAX = 2147483647.
Thread 13 is initializing seed
Seed_ts = 12642. RAND_MAX = 2147483647.
Thread 10 is initializing seed
Seed_ts = 12573. RAND_MAX = 2147483647.
Thread 7 is initializing seed
Seed_ts = 12504. RAND_MAX = 2147483647.
Thread 3 is initializing seed
Seed_ts = 12412. RAND_MAX = 2147483647.
Thread 12 is initializing seed
Seed_ts = 12619. RAND_MAX = 2147483647.
Thread 17 is initializing seed
Seed_ts = 12734. RAND_MAX = 2147483647.
Thread 2 is initializing seed
Seed_ts = 12389. RAND_MAX = 2147483647.
Thread 14 is initializing seed
Seed_ts = 12665. RAND_MAX = 2147483647.
Thread 15 is initializing seed
Seed_ts = 12688. RAND_MAX = 2147483647.
Thread 9 is initializing seed
Seed_ts = 12550. RAND_MAX = 2147483647.
Thread 16 is initializing seed
Seed_ts = 12711. RAND_MAX = 2147483647.

area estimate = 1.506782
elapsed wall clock time = 1.952520
elapsed cpu time = 22.980898

real	0m1.959s
user	0m23.029s
sys	0m0.148s
