cleaning
SRC_FILES = src/drand-ts.c src/drand.c src/mandomp-avx.c src/mandomp-collapse-avx.c src/mandomp-collapse.c src/mandomp-tasks-columns-shared.c src/mandomp-tasks-columns.c src/mandomp-tasks.c src/mandomp-ts-avx-parallel.c src/mandomp-ts-avx.c src/mandomp-ts.c src/mandomp.c src/mandseq-avx.c src/mandseq.c src/timing.c src/utilities.c
OBJ_FILES =  obj/drand-ts.o  obj/drand.o  obj/mandomp-avx.o  obj/mandomp-collapse-avx.o  obj/mandomp-collapse.o  obj/mandomp-tasks-columns-shared.o  obj/mandomp-tasks-columns.o  obj/mandomp-tasks.o  obj/mandomp-ts-avx-parallel.o  obj/mandomp-ts-avx.o  obj/mandomp-ts.o  obj/mandomp.o  obj/mandseq-avx.o  obj/mandseq.o  obj/timing.o  obj/utilities.o
rm -f bin/mandomp-ts-avx-parallel obj/mandomp-ts-avx-parallel.o
compiling
SRC_FILES = src/drand-ts.c src/drand.c src/mandomp-avx.c src/mandomp-collapse-avx.c src/mandomp-collapse.c src/mandomp-tasks-columns-shared.c src/mandomp-tasks-columns.c src/mandomp-tasks.c src/mandomp-ts-avx-parallel.c src/mandomp-ts-avx.c src/mandomp-ts.c src/mandomp.c src/mandseq-avx.c src/mandseq.c src/timing.c src/utilities.c
OBJ_FILES =  obj/drand-ts.o  obj/drand.o  obj/mandomp-avx.o  obj/mandomp-collapse-avx.o  obj/mandomp-collapse.o  obj/mandomp-tasks-columns-shared.o  obj/mandomp-tasks-columns.o  obj/mandomp-tasks.o  obj/mandomp-ts-avx-parallel.o  obj/mandomp-ts-avx.o  obj/mandomp-ts.o  obj/mandomp.o  obj/mandseq-avx.o  obj/mandseq.o  obj/timing.o  obj/utilities.o
icc -g -O3 -xHost -fno-alias -std=c99 -qopenmp -I include  -c src/mandomp-ts-avx-parallel.c -o obj/mandomp-ts-avx-parallel.o
icc -g -O3 -xHost -fno-alias -std=c99 -qopenmp -I include  obj/mandomp-ts-avx-parallel.o obj/drand-ts.o obj/timing.o obj/utilities.o -o bin/mandomp-ts-avx-parallel

area estimate = 1.506720
elapsed wall clock time = 1.957365
elapsed cpu time = 18.633870

real	0m1.967s
user	0m18.698s
sys	0m0.028s

area estimate = 1.506720
elapsed wall clock time = 1.945791
elapsed cpu time = 23.287702

real	0m1.952s
user	0m23.339s
sys	0m0.133s

area estimate = 1.506720
elapsed wall clock time = 1.947054
elapsed cpu time = 23.237371

real	0m1.954s
user	0m23.297s
sys	0m0.142s
