cleaning
SRC_FILES = src/drand-ts.c src/drand.c src/mandomp-avx.c src/mandomp-collapse-avx.c src/mandomp-collapse.c src/mandomp-tasks-columns-shared.c src/mandomp-tasks-columns.c src/mandomp-tasks.c src/mandomp-ts-avx-parallel.c src/mandomp-ts-avx.c src/mandomp-ts.c src/mandomp.c src/mandseq-avx.c src/mandseq.c src/timing.c src/utilities.c
OBJ_FILES =  obj/drand-ts.o  obj/drand.o  obj/mandomp-avx.o  obj/mandomp-collapse-avx.o  obj/mandomp-collapse.o  obj/mandomp-tasks-columns-shared.o  obj/mandomp-tasks-columns.o  obj/mandomp-tasks.o  obj/mandomp-ts-avx-parallel.o  obj/mandomp-ts-avx.o  obj/mandomp-ts.o  obj/mandomp.o  obj/mandseq-avx.o  obj/mandseq.o  obj/timing.o  obj/utilities.o
rm -f bin/mandomp-ts-avx-parallel obj/mandomp-ts-avx-parallel.o
compiling
SRC_FILES = src/drand-ts.c src/drand.c src/mandomp-avx.c src/mandomp-collapse-avx.c src/mandomp-collapse.c src/mandomp-tasks-columns-shared.c src/mandomp-tasks-columns.c src/mandomp-tasks.c src/mandomp-ts-avx-parallel.c src/mandomp-ts-avx.c src/mandomp-ts.c src/mandomp.c src/mandseq-avx.c src/mandseq.c src/timing.c src/utilities.c
OBJ_FILES =  obj/drand-ts.o  obj/drand.o  obj/mandomp-avx.o  obj/mandomp-collapse-avx.o  obj/mandomp-collapse.o  obj/mandomp-tasks-columns-shared.o  obj/mandomp-tasks-columns.o  obj/mandomp-tasks.o  obj/mandomp-ts-avx-parallel.o  obj/mandomp-ts-avx.o  obj/mandomp-ts.o  obj/mandomp.o  obj/mandseq-avx.o  obj/mandseq.o  obj/timing.o  obj/utilities.o
icc -g -O3 -xHost -fno-alias -std=c99 -qopenmp -I include  -c src/mandomp-ts-avx-parallel.c -o obj/mandomp-ts-avx-parallel.o
icc -g -O3 -xHost -fno-alias -std=c99 -qopenmp -I include  obj/mandomp-ts-avx-parallel.o obj/drand-ts.o obj/timing.o obj/utilities.o -o bin/mandomp-ts-avx-parallel
Thread 22 is initializing seed
Seed_ts = 145049. RAND_MAX = 2147483647.
Thread 19 is initializing seed
Seed_ts = 144980. RAND_MAX = 2147483647.
Thread 21 is initializing seed
Seed_ts = 145026. RAND_MAX = 2147483647.
Thread 2 is initializing seed
Seed_ts = 144589. RAND_MAX = 2147483647.
Thread 4 is initializing seed
Seed_ts = 144635. RAND_MAX = 2147483647.
Thread 5 is initializing seed
Seed_ts = 144658. RAND_MAX = 2147483647.
Thread 11 is initializing seed
Seed_ts = 144796. RAND_MAX = 2147483647.
Thread 0 is initializing seed
Seed_ts = 144543. RAND_MAX = 2147483647.
Thread 3 is initializing seed
Seed_ts = 144612. RAND_MAX = 2147483647.
Thread 7 is initializing seed
Seed_ts = 144704. RAND_MAX = 2147483647.
Thread 12 is initializing seed
Seed_ts = 144819. RAND_MAX = 2147483647.
Thread 13 is initializing seed
Seed_ts = 144842. RAND_MAX = 2147483647.
Thread 17 is initializing seed
Seed_ts = 144934. RAND_MAX = 2147483647.
Thread 8 is initializing seed
Seed_ts = 144727. RAND_MAX = 2147483647.
Thread 18 is initializing seed
Seed_ts = 144957. RAND_MAX = 2147483647.
Thread 15 is initializing seed
Seed_ts = 144888. RAND_MAX = 2147483647.
Thread 16 is initializing seed
Seed_ts = 144911. RAND_MAX = 2147483647.
Thread 6 is initializing seed
Seed_ts = 144681. RAND_MAX = 2147483647.
Thread 20 is initializing seed
Seed_ts = 145003. RAND_MAX = 2147483647.
Thread 9 is initializing seed
Seed_ts = 144750. RAND_MAX = 2147483647.
Thread 10 is initializing seed
Seed_ts = 144773. RAND_MAX = 2147483647.
Thread 14 is initializing seed
Seed_ts = 144865. RAND_MAX = 2147483647.
Thread 1 is initializing seed
Seed_ts = 144566. RAND_MAX = 2147483647.
Thread 23 is initializing seed
Seed_ts = 145072. RAND_MAX = 2147483647.

area estimate = 1.506646
elapsed wall clock time = 1.947835
elapsed cpu time = 22.811405

real	0m1.957s
user	0m22.898s
sys	0m0.124s
Thread 15 is initializing seed
Seed_ts = 144888. RAND_MAX = 2147483647.
Thread 1 is initializing seed
Seed_ts = 144566. RAND_MAX = 2147483647.
Thread 19 is initializing seed
Seed_ts = 144980. RAND_MAX = 2147483647.
Thread 21 is initializing seed
Seed_ts = 145026. RAND_MAX = 2147483647.
Thread 23 is initializing seed
Seed_ts = 145072. RAND_MAX = 2147483647.
Thread 5 is initializing seed
Seed_ts = 144658. RAND_MAX = 2147483647.
Thread 20 is initializing seed
Seed_ts = 145003. RAND_MAX = 2147483647.
Thread 11 is initializing seed
Seed_ts = 144796. RAND_MAX = 2147483647.
Thread 4 is initializing seed
Seed_ts = 144635. RAND_MAX = 2147483647.
Thread 18 is initializing seed
Seed_ts = 144957. RAND_MAX = 2147483647.
Thread 2 is initializing seed
Seed_ts = 144589. RAND_MAX = 2147483647.
Thread 0 is initializing seed
Seed_ts = 144543. RAND_MAX = 2147483647.
Thread 10 is initializing seed
Seed_ts = 144773. RAND_MAX = 2147483647.
Thread 16 is initializing seed
Seed_ts = 144911. RAND_MAX = 2147483647.
Thread 14 is initializing seed
Seed_ts = 144865. RAND_MAX = 2147483647.
Thread 3 is initializing seed
Seed_ts = 144612. RAND_MAX = 2147483647.
Thread 17 is initializing seed
Seed_ts = 144934. RAND_MAX = 2147483647.
Thread 12 is initializing seed
Seed_ts = 144819. RAND_MAX = 2147483647.
Thread 22 is initializing seed
Seed_ts = 145049. RAND_MAX = 2147483647.
Thread 7 is initializing seed
Seed_ts = 144704. RAND_MAX = 2147483647.
Thread 9 is initializing seed
Seed_ts = 144750. RAND_MAX = 2147483647.
Thread 8 is initializing seed
Seed_ts = 144727. RAND_MAX = 2147483647.
Thread 13 is initializing seed
Seed_ts = 144842. RAND_MAX = 2147483647.
Thread 6 is initializing seed
Seed_ts = 144681. RAND_MAX = 2147483647.

area estimate = 1.506646
elapsed wall clock time = 1.957353
elapsed cpu time = 23.385836

real	0m1.963s
user	0m23.419s
sys	0m0.151s
Thread 16 is initializing seed
Seed_ts = 144911. RAND_MAX = 2147483647.
Thread 14 is initializing seed
Seed_ts = 144865. RAND_MAX = 2147483647.
Thread 3 is initializing seed
Seed_ts = 144612. RAND_MAX = 2147483647.
Thread 0 is initializing seed
Seed_ts = 144543. RAND_MAX = 2147483647.
Thread 22 is initializing seed
Seed_ts = 145049. RAND_MAX = 2147483647.
Thread 18 is initializing seed
Seed_ts = 144957. RAND_MAX = 2147483647.
Thread 8 is initializing seed
Seed_ts = 144727. RAND_MAX = 2147483647.
Thread 13 is initializing seed
Seed_ts = 144842. RAND_MAX = 2147483647.
Thread 2 is initializing seed
Seed_ts = 144589. RAND_MAX = 2147483647.
Thread 21 is initializing seed
Seed_ts = 145026. RAND_MAX = 2147483647.
Thread 11 is initializing seed
Seed_ts = 144796. RAND_MAX = 2147483647.
Thread 12 is initializing seed
Seed_ts = 144819. RAND_MAX = 2147483647.
Thread 17 is initializing seed
Seed_ts = 144934. RAND_MAX = 2147483647.
Thread 1 is initializing seed
Seed_ts = 144566. RAND_MAX = 2147483647.
Thread 19 is initializing seed
Seed_ts = 144980. RAND_MAX = 2147483647.
Thread 15 is initializing seed
Seed_ts = 144888. RAND_MAX = 2147483647.
Thread 10 is initializing seed
Seed_ts = 144773. RAND_MAX = 2147483647.
Thread 20 is initializing seed
Seed_ts = 145003. RAND_MAX = 2147483647.
Thread 9 is initializing seed
Seed_ts = 144750. RAND_MAX = 2147483647.
Thread 4 is initializing seed
Seed_ts = 144635. RAND_MAX = 2147483647.
Thread 7 is initializing seed
Seed_ts = 144704. RAND_MAX = 2147483647.
Thread 6 is initializing seed
Seed_ts = 144681. RAND_MAX = 2147483647.
Thread 5 is initializing seed
Seed_ts = 144658. RAND_MAX = 2147483647.
Thread 23 is initializing seed
Seed_ts = 145072. RAND_MAX = 2147483647.

area estimate = 1.506646
elapsed wall clock time = 1.949927
elapsed cpu time = 23.351081

real	0m1.955s
user	0m23.381s
sys	0m0.156s
