SRC_FILES = src/drand.c src/mandomp-avx.c src/mandomp-ts.c src/mandomp.c src/mandseq-avx.c src/mandseq.c src/timing.c src/utilities.c
OBJ_FILES =  obj/drand.o  obj/mandomp-avx.o  obj/mandomp-ts.o  obj/mandomp.o  obj/mandseq-avx.o  obj/mandseq.o  obj/timing.o  obj/utilities.o
rm -f bin/mandomp obj/mandomp.o
make mandomp
SRC_FILES = src/drand.c src/mandomp-avx.c src/mandomp-ts.c src/mandomp.c src/mandseq-avx.c src/mandseq.c src/timing.c src/utilities.c
OBJ_FILES =  obj/drand.o  obj/mandomp-avx.o  obj/mandomp-ts.o  obj/mandomp.o  obj/mandseq-avx.o  obj/mandseq.o  obj/timing.o  obj/utilities.o
icc -g -O3 -xHost -fno-alias -std=c99 -qopenmp -I include  -c src/mandomp.c -o obj/mandomp.o
icc -g -O3 -xHost -fno-alias -std=c99 -qopenmp -I include  obj/mandomp.o obj/drand.o obj/timing.o obj/utilities.o -o bin/mandomp


OMP version
Number of threads =  2
OMP_SCHEDULE = 
Seed = 144544. RAND_MAX = 2147483647.

area estimate = 1.506564
Num inside: 753282
Num outside: 2371718
elapsed wall clock time = 42.021208
elapsed cpu time = 49.311682

real	0m42.057s
user	0m49.328s
sys	0m0.010s
Seed = 144544. RAND_MAX = 2147483647.

area estimate = 1.506676
Num inside: 753338
Num outside: 2371662
elapsed wall clock time = 42.015316
elapsed cpu time = 49.314465

real	0m42.034s
user	0m49.322s
sys	0m0.008s
Seed = 144544. RAND_MAX = 2147483647.

area estimate = 1.506942
Num inside: 753471
Num outside: 2371529
elapsed wall clock time = 42.021501
elapsed cpu time = 49.326070

real	0m42.069s
user	0m49.345s
sys	0m0.008s
