SRC_FILES = src/drand.c src/mandomp-avx.c src/mandomp-ts.c src/mandomp.c src/mandseq-avx.c src/mandseq.c src/timing.c src/utilities.c
OBJ_FILES =  obj/drand.o  obj/mandomp-avx.o  obj/mandomp-ts.o  obj/mandomp.o  obj/mandseq-avx.o  obj/mandseq.o  obj/timing.o  obj/utilities.o
rm -f bin/mandomp obj/mandomp.o
make mandomp
SRC_FILES = src/drand.c src/mandomp-avx.c src/mandomp-ts.c src/mandomp.c src/mandseq-avx.c src/mandseq.c src/timing.c src/utilities.c
OBJ_FILES =  obj/drand.o  obj/mandomp-avx.o  obj/mandomp-ts.o  obj/mandomp.o  obj/mandseq-avx.o  obj/mandseq.o  obj/timing.o  obj/utilities.o
icc -g -O3 -xHost -fno-alias -std=c99 -qopenmp -I include  -c src/mandomp.c -o obj/mandomp.o
icc -g -O3 -xHost -fno-alias -std=c99 -qopenmp -I include  obj/mandomp.o obj/drand.o obj/timing.o obj/utilities.o -o bin/mandomp


OMP version
Number of threads =  2
OMP_SCHEDULE = 
Seed = 144544. RAND_MAX = 2147483647.

area estimate = 1.506652
Num inside: 753326
Num outside: 2371674
elapsed wall clock time = 42.021487
elapsed cpu time = 49.315924

real	0m42.056s
user	0m49.338s
sys	0m0.007s
Seed = 144544. RAND_MAX = 2147483647.

area estimate = 1.506870
Num inside: 753435
Num outside: 2371565
elapsed wall clock time = 42.032979
elapsed cpu time = 49.309731

real	0m42.066s
user	0m49.323s
sys	0m0.016s
Seed = 144544. RAND_MAX = 2147483647.

area estimate = 1.506660
Num inside: 753330
Num outside: 2371670
elapsed wall clock time = 42.041223
elapsed cpu time = 49.326192

real	0m42.073s
user	0m49.335s
sys	0m0.004s
