The following modules were not unloaded:
  (Use "module --force purge" to unload all):

  1) StdEnv

Currently Loaded Modules:
  1) StdEnv                        (S)   9) libpciaccess/0.16-GCCcore-10.2.0
  2) GCCcore/10.2.0                     10) hwloc/2.2.0-GCCcore-10.2.0
  3) zlib/1.2.11-GCCcore-10.2.0         11) UCX/1.9.0-GCCcore-10.2.0
  4) binutils/2.35-GCCcore-10.2.0       12) libfabric/1.11.0-GCCcore-10.2.0
  5) iccifort/2020.4.304                13) OpenMPI/4.0.5-iccifort-2020.4.304
  6) numactl/2.0.13-GCCcore-10.2.0      14) iompi/2020b
  7) XZ/5.2.5-GCCcore-10.2.0            15) imkl/2020.4.304-iompi-2020b
  8) libxml2/2.9.10-GCCcore-10.2.0      16) iomkl/2020b

  Where:
   S:  Module is Sticky, requires --force to unload or purge

 

/home/cpsc424_rp862/Desktop/cpsc-524-parallel-programming/rp862_ps3_cpsc424/part2
r918u05n[01-02]
4
2
SRC_FILES = src/matmul.c src/serial.c src/task5.c src/task6.c src/task7.c src/task8.c src/timing.c src/utilities.c
OBJ_FILES =  obj/matmul.o  obj/serial.o  obj/task5.o  obj/task6.o  obj/task7.o  obj/task8.o  obj/timing.o  obj/utilities.o
rm -rf obj bin
SRC_FILES = src/matmul.c src/serial.c src/task5.c src/task6.c src/task7.c src/task8.c src/timing.c src/utilities.c
OBJ_FILES =  obj/matmul.o  obj/serial.o  obj/task5.o  obj/task6.o  obj/task7.o  obj/task8.o  obj/timing.o  obj/utilities.o
mpicc -g -O3 -xHost -fno-alias -std=c99 -I include -c src/task5.c -o obj/task5.o
mpicc -g -O3 -xHost -fno-alias -std=c99 -I include -c src/matmul.c -o obj/matmul.o
mpicc -g -O3 -xHost -fno-alias -std=c99 -I include -c src/timing.c -o obj/timing.o
mpicc -g -O3 -xHost -fno-alias -std=c99 -I include -c src/utilities.c -o obj/utilities.o
mpicc -g -O3 -xHost -fno-alias -std=c99 -I include obj/task5.o obj/matmul.o obj/timing.o obj/utilities.o -o bin/task5
 
Task 5
[r918u05n01.grace.ycrc.yale.edu:1505778] MCW rank 0 bound to socket 0[core 0[hwt 0]]: [B/.][./.]
[r918u05n01.grace.ycrc.yale.edu:1505778] MCW rank 1 bound to socket 0[core 1[hwt 0]]: [./B][./.]
Matrix multiplication times:
   N      TIME (secs)    F-norm of Error
 -----   -------------  -----------------
   1000       0.2089     0.000000000033

real	0m0.965s
user	0m0.501s
sys	0m0.211s
[r918u05n01.grace.ycrc.yale.edu:1505798] MCW rank 0 bound to socket 0[core 0[hwt 0]]: [B/.][./.]
[r918u05n01.grace.ycrc.yale.edu:1505798] MCW rank 1 bound to socket 0[core 1[hwt 0]]: [./B][./.]
Matrix multiplication times:
   N      TIME (secs)    F-norm of Error
 -----   -------------  -----------------
   1000       0.2100     0.000000000033

real	0m0.706s
user	0m0.496s
sys	0m0.215s
[r918u05n01.grace.ycrc.yale.edu:1505818] MCW rank 0 bound to socket 0[core 0[hwt 0]]: [B/.][./.]
[r918u05n01.grace.ycrc.yale.edu:1505818] MCW rank 1 bound to socket 0[core 1[hwt 0]]: [./B][./.]
Matrix multiplication times:
   N      TIME (secs)    F-norm of Error
 -----   -------------  -----------------
   1000       0.2091     0.000000000033

real	0m0.730s
user	0m0.496s
sys	0m0.216s
[r918u05n01.grace.ycrc.yale.edu:1505838] MCW rank 0 bound to socket 0[core 0[hwt 0]], socket 0[core 1[hwt 0]]: [B/B][./.]
[r918u05n01.grace.ycrc.yale.edu:1505838] MCW rank 1 bound to socket 1[core 2[hwt 0]], socket 1[core 3[hwt 0]]: [./.][B/B]
[r918u05n01.grace.ycrc.yale.edu:1505838] MCW rank 2 bound to socket 0[core 0[hwt 0]], socket 0[core 1[hwt 0]]: [B/B][./.]
[r918u05n01.grace.ycrc.yale.edu:1505838] MCW rank 3 bound to socket 1[core 2[hwt 0]], socket 1[core 3[hwt 0]]: [./.][B/B]
Matrix multiplication times:
   N      TIME (secs)    F-norm of Error
 -----   -------------  -----------------
   1000       0.1367     0.000000000033

real	0m0.656s
user	0m0.729s
sys	0m0.392s
[r918u05n01.grace.ycrc.yale.edu:1505867] MCW rank 0 bound to socket 0[core 0[hwt 0]], socket 0[core 1[hwt 0]]: [B/B][./.]
[r918u05n01.grace.ycrc.yale.edu:1505867] MCW rank 1 bound to socket 1[core 2[hwt 0]], socket 1[core 3[hwt 0]]: [./.][B/B]
[r918u05n01.grace.ycrc.yale.edu:1505867] MCW rank 2 bound to socket 0[core 0[hwt 0]], socket 0[core 1[hwt 0]]: [B/B][./.]
[r918u05n01.grace.ycrc.yale.edu:1505867] MCW rank 3 bound to socket 1[core 2[hwt 0]], socket 1[core 3[hwt 0]]: [./.][B/B]
Matrix multiplication times:
   N      TIME (secs)    F-norm of Error
 -----   -------------  -----------------
   1000       0.1353     0.000000000033

real	0m0.675s
user	0m0.674s
sys	0m0.443s
[r918u05n01.grace.ycrc.yale.edu:1505895] MCW rank 0 bound to socket 0[core 0[hwt 0]], socket 0[core 1[hwt 0]]: [B/B][./.]
[r918u05n01.grace.ycrc.yale.edu:1505895] MCW rank 1 bound to socket 1[core 2[hwt 0]], socket 1[core 3[hwt 0]]: [./.][B/B]
[r918u05n01.grace.ycrc.yale.edu:1505895] MCW rank 2 bound to socket 0[core 0[hwt 0]], socket 0[core 1[hwt 0]]: [B/B][./.]
[r918u05n01.grace.ycrc.yale.edu:1505895] MCW rank 3 bound to socket 1[core 2[hwt 0]], socket 1[core 3[hwt 0]]: [./.][B/B]
Matrix multiplication times:
   N      TIME (secs)    F-norm of Error
 -----   -------------  -----------------
   1000       0.1394     0.000000000033

real	0m0.679s
user	0m0.701s
sys	0m0.414s
