The following modules were not unloaded:
  (Use "module --force purge" to unload all):

  1) StdEnv

Currently Loaded Modules:
  1) StdEnv                        (S)   9) libpciaccess/0.16-GCCcore-10.2.0
  2) GCCcore/10.2.0                     10) hwloc/2.2.0-GCCcore-10.2.0
  3) zlib/1.2.11-GCCcore-10.2.0         11) UCX/1.9.0-GCCcore-10.2.0
  4) binutils/2.35-GCCcore-10.2.0       12) libfabric/1.11.0-GCCcore-10.2.0
  5) iccifort/2020.4.304                13) OpenMPI/4.0.5-iccifort-2020.4.304
  6) numactl/2.0.13-GCCcore-10.2.0      14) iompi/2020b
  7) XZ/5.2.5-GCCcore-10.2.0            15) imkl/2020.4.304-iompi-2020b
  8) libxml2/2.9.10-GCCcore-10.2.0      16) iomkl/2020b

  Where:
   S:  Module is Sticky, requires --force to unload or purge

 

/home/cpsc424_rp862/Desktop/cpsc-524-parallel-programming/rp862_ps3_cpsc424/part2
r918u05n[01-02]
4
2
SRC_FILES = src/matmul.c src/serial.c src/task5.c src/task6.c src/task7.c src/task8.c src/timing.c src/utilities.c
OBJ_FILES =  obj/matmul.o  obj/serial.o  obj/task5.o  obj/task6.o  obj/task7.o  obj/task8.o  obj/timing.o  obj/utilities.o
mpicc -g -O3 -xHost -fno-alias -std=c99 -I include -c src/task7.c -o obj/task7.o
mpicc -g -O3 -xHost -fno-alias -std=c99 -I include obj/task7.o obj/matmul.o obj/timing.o obj/utilities.o -o bin/task7
 
Task 7
[r918u05n01.grace.ycrc.yale.edu:1516545] MCW rank 0 bound to socket 0[core 0[hwt 0]]: [B/.][./.]
[r918u05n01.grace.ycrc.yale.edu:1516545] MCW rank 1 bound to socket 0[core 1[hwt 0]]: [./B][./.]
Matrix multiplication times:
   N      TIME (secs)    F-norm of Error
 -----   -------------  -----------------
   1000       0.2065     0.000000000033
   2000       1.6227     0.000000000134
   4000      21.0174     0.000000000504
   8000     169.5626     0.000000001930

real	3m13.454s
user	6m22.572s
sys	0m1.776s
[r918u05n01.grace.ycrc.yale.edu:1517202] MCW rank 0 bound to socket 0[core 0[hwt 0]]: [B/.][./.]
[r918u05n01.grace.ycrc.yale.edu:1517202] MCW rank 1 bound to socket 0[core 1[hwt 0]]: [./B][./.]
Matrix multiplication times:
   N      TIME (secs)    F-norm of Error
 -----   -------------  -----------------
   1000       0.2117     0.000000000033
   2000       1.7692     0.000000000134
   4000      21.0878     0.000000000504
   8000     173.6291     0.000000001930

real	3m17.621s
user	6m31.098s
sys	0m1.825s
[r918u05n01.grace.ycrc.yale.edu:1517710] MCW rank 0 bound to socket 0[core 0[hwt 0]]: [B/.][./.]
[r918u05n01.grace.ycrc.yale.edu:1517710] MCW rank 1 bound to socket 0[core 1[hwt 0]]: [./B][./.]
Matrix multiplication times:
   N      TIME (secs)    F-norm of Error
 -----   -------------  -----------------
   1000       0.2117     0.000000000033
   2000       1.9012     0.000000000134
   4000      21.1004     0.000000000504
   8000     173.5680     0.000000001930

real	3m17.740s
user	6m31.265s
sys	0m1.842s
[r918u05n01.grace.ycrc.yale.edu:1518048] MCW rank 0 bound to socket 0[core 0[hwt 0]], socket 0[core 1[hwt 0]]: [B/B][./.]
[r918u05n01.grace.ycrc.yale.edu:1518048] MCW rank 1 bound to socket 1[core 2[hwt 0]], socket 1[core 3[hwt 0]]: [./.][B/B]
[r918u05n01.grace.ycrc.yale.edu:1518048] MCW rank 2 bound to socket 0[core 0[hwt 0]], socket 0[core 1[hwt 0]]: [B/B][./.]
[r918u05n01.grace.ycrc.yale.edu:1518048] MCW rank 3 bound to socket 1[core 2[hwt 0]], socket 1[core 3[hwt 0]]: [./.][B/B]
Matrix multiplication times:
   N      TIME (secs)    F-norm of Error
 -----   -------------  -----------------
   1000       0.1271     0.000000000033
   2000       0.8311     0.000000000130
   4000      10.3899     0.000000000500
   8000      85.8125     0.000000001930

real	1m38.243s
user	6m26.126s
sys	0m2.607s
[r918u05n01.grace.ycrc.yale.edu:1518155] MCW rank 0 bound to socket 0[core 0[hwt 0]], socket 0[core 1[hwt 0]]: [B/B][./.]
[r918u05n01.grace.ycrc.yale.edu:1518155] MCW rank 1 bound to socket 1[core 2[hwt 0]], socket 1[core 3[hwt 0]]: [./.][B/B]
[r918u05n01.grace.ycrc.yale.edu:1518155] MCW rank 2 bound to socket 0[core 0[hwt 0]], socket 0[core 1[hwt 0]]: [B/B][./.]
[r918u05n01.grace.ycrc.yale.edu:1518155] MCW rank 3 bound to socket 1[core 2[hwt 0]], socket 1[core 3[hwt 0]]: [./.][B/B]
Matrix multiplication times:
   N      TIME (secs)    F-norm of Error
 -----   -------------  -----------------
   1000       0.1305     0.000000000033
   2000       0.8395     0.000000000132
   4000      10.5140     0.000000000500
   8000      87.7106     0.000000001930

real	1m40.352s
user	6m34.136s
sys	0m2.578s
[r918u05n01.grace.ycrc.yale.edu:1518307] MCW rank 0 bound to socket 0[core 0[hwt 0]], socket 0[core 1[hwt 0]]: [B/B][./.]
[r918u05n01.grace.ycrc.yale.edu:1518307] MCW rank 1 bound to socket 1[core 2[hwt 0]], socket 1[core 3[hwt 0]]: [./.][B/B]
[r918u05n01.grace.ycrc.yale.edu:1518307] MCW rank 2 bound to socket 0[core 0[hwt 0]], socket 0[core 1[hwt 0]]: [B/B][./.]
[r918u05n01.grace.ycrc.yale.edu:1518307] MCW rank 3 bound to socket 1[core 2[hwt 0]], socket 1[core 3[hwt 0]]: [./.][B/B]
Matrix multiplication times:
   N      TIME (secs)    F-norm of Error
 -----   -------------  -----------------
   1000       0.1301     0.000000000033
   2000       0.8414     0.000000000133
   4000      10.6062     0.000000000500
   8000      87.9860     0.000000001930

real	1m40.637s
user	6m35.584s
sys	0m2.612s
[r918u05n01.grace.ycrc.yale.edu:1518527] MCW rank 0 bound to socket 0[core 0[hwt 0]], socket 0[core 1[hwt 0]]: [B/B][./.]
[r918u05n01.grace.ycrc.yale.edu:1518527] MCW rank 1 bound to socket 1[core 2[hwt 0]], socket 1[core 3[hwt 0]]: [./.][B/B]
[r918u05n01.grace.ycrc.yale.edu:1518527] MCW rank 2 bound to socket 0[core 0[hwt 0]], socket 0[core 1[hwt 0]]: [B/B][./.]
[r918u05n01.grace.ycrc.yale.edu:1518527] MCW rank 3 bound to socket 1[core 2[hwt 0]], socket 1[core 3[hwt 0]]: [./.][B/B]
[r918u05n02.grace.ycrc.yale.edu:382198] MCW rank 4 bound to socket 0[core 0[hwt 0]], socket 0[core 1[hwt 0]]: [B/B][./.]
[r918u05n02.grace.ycrc.yale.edu:382198] MCW rank 5 bound to socket 1[core 2[hwt 0]], socket 1[core 3[hwt 0]]: [./.][B/B]
[r918u05n02.grace.ycrc.yale.edu:382198] MCW rank 6 bound to socket 0[core 0[hwt 0]], socket 0[core 1[hwt 0]]: [B/B][./.]
[r918u05n02.grace.ycrc.yale.edu:382198] MCW rank 7 bound to socket 1[core 2[hwt 0]], socket 1[core 3[hwt 0]]: [./.][B/B]
Matrix multiplication times:
   N      TIME (secs)    F-norm of Error
 -----   -------------  -----------------
   1000       0.0763     0.000000000033
   2000       0.4931     0.000000000132
   4000       4.0469     0.000000000504
   8000      43.2844     0.000000001930

real	0m48.872s
user	3m10.280s
sys	0m1.919s
[r918u05n01.grace.ycrc.yale.edu:1518603] MCW rank 0 bound to socket 0[core 0[hwt 0]], socket 0[core 1[hwt 0]]: [B/B][./.]
[r918u05n01.grace.ycrc.yale.edu:1518603] MCW rank 1 bound to socket 1[core 2[hwt 0]], socket 1[core 3[hwt 0]]: [./.][B/B]
[r918u05n01.grace.ycrc.yale.edu:1518603] MCW rank 2 bound to socket 0[core 0[hwt 0]], socket 0[core 1[hwt 0]]: [B/B][./.]
[r918u05n01.grace.ycrc.yale.edu:1518603] MCW rank 3 bound to socket 1[core 2[hwt 0]], socket 1[core 3[hwt 0]]: [./.][B/B]
[r918u05n02.grace.ycrc.yale.edu:382269] MCW rank 4 bound to socket 0[core 0[hwt 0]], socket 0[core 1[hwt 0]]: [B/B][./.]
[r918u05n02.grace.ycrc.yale.edu:382269] MCW rank 5 bound to socket 1[core 2[hwt 0]], socket 1[core 3[hwt 0]]: [./.][B/B]
[r918u05n02.grace.ycrc.yale.edu:382269] MCW rank 6 bound to socket 0[core 0[hwt 0]], socket 0[core 1[hwt 0]]: [B/B][./.]
[r918u05n02.grace.ycrc.yale.edu:382269] MCW rank 7 bound to socket 1[core 2[hwt 0]], socket 1[core 3[hwt 0]]: [./.][B/B]
Matrix multiplication times:
   N      TIME (secs)    F-norm of Error
 -----   -------------  -----------------
   1000       0.0745     0.000000000033
   2000       0.4926     0.000000000132
   4000       4.0043     0.000000000504
   8000      43.3197     0.000000001930

real	0m48.976s
user	3m10.236s
sys	0m1.931s
[r918u05n01.grace.ycrc.yale.edu:1518660] MCW rank 0 bound to socket 0[core 0[hwt 0]], socket 0[core 1[hwt 0]]: [B/B][./.]
[r918u05n01.grace.ycrc.yale.edu:1518660] MCW rank 1 bound to socket 1[core 2[hwt 0]], socket 1[core 3[hwt 0]]: [./.][B/B]
[r918u05n01.grace.ycrc.yale.edu:1518660] MCW rank 2 bound to socket 0[core 0[hwt 0]], socket 0[core 1[hwt 0]]: [B/B][./.]
[r918u05n01.grace.ycrc.yale.edu:1518660] MCW rank 3 bound to socket 1[core 2[hwt 0]], socket 1[core 3[hwt 0]]: [./.][B/B]
[r918u05n02.grace.ycrc.yale.edu:382337] MCW rank 4 bound to socket 0[core 0[hwt 0]], socket 0[core 1[hwt 0]]: [B/B][./.]
[r918u05n02.grace.ycrc.yale.edu:382337] MCW rank 5 bound to socket 1[core 2[hwt 0]], socket 1[core 3[hwt 0]]: [./.][B/B]
[r918u05n02.grace.ycrc.yale.edu:382337] MCW rank 6 bound to socket 0[core 0[hwt 0]], socket 0[core 1[hwt 0]]: [B/B][./.]
[r918u05n02.grace.ycrc.yale.edu:382337] MCW rank 7 bound to socket 1[core 2[hwt 0]], socket 1[core 3[hwt 0]]: [./.][B/B]
Matrix multiplication times:
   N      TIME (secs)    F-norm of Error
 -----   -------------  -----------------
   1000       0.0753     0.000000000033
   2000       0.4914     0.000000000131
   4000       4.3193     0.000000000504
   8000      43.2437     0.000000001930

real	0m49.138s
user	3m11.192s
sys	0m1.955s
All Done!
