The following modules were not unloaded:
  (Use "module --force purge" to unload all):

  1) StdEnv

Currently Loaded Modules:
  1) StdEnv                        (S)   9) libpciaccess/0.16-GCCcore-10.2.0
  2) GCCcore/10.2.0                     10) hwloc/2.2.0-GCCcore-10.2.0
  3) zlib/1.2.11-GCCcore-10.2.0         11) UCX/1.9.0-GCCcore-10.2.0
  4) binutils/2.35-GCCcore-10.2.0       12) libfabric/1.11.0-GCCcore-10.2.0
  5) iccifort/2020.4.304                13) OpenMPI/4.0.5-iccifort-2020.4.304
  6) numactl/2.0.13-GCCcore-10.2.0      14) iompi/2020b
  7) XZ/5.2.5-GCCcore-10.2.0            15) imkl/2020.4.304-iompi-2020b
  8) libxml2/2.9.10-GCCcore-10.2.0      16) iomkl/2020b

  Where:
   S:  Module is Sticky, requires --force to unload or purge

 

/home/cpsc424_rp862/Desktop/cpsc-524-parallel-programming/rp862_ps3_cpsc424/part2
r918u05n[03-04]
4
2
SRC_FILES = src/matmul.c src/serial.c src/task5.c src/task6.c src/task7.c src/task8.c src/timing.c src/utilities.c
OBJ_FILES =  obj/matmul.o  obj/serial.o  obj/task5.o  obj/task6.o  obj/task7.o  obj/task8.o  obj/timing.o  obj/utilities.o
rm -rf obj bin
SRC_FILES = src/matmul.c src/serial.c src/task5.c src/task6.c src/task7.c src/task8.c src/timing.c src/utilities.c
OBJ_FILES =  obj/matmul.o  obj/serial.o  obj/task5.o  obj/task6.o  obj/task7.o  obj/task8.o  obj/timing.o  obj/utilities.o
mpicc -g -O3 -xHost -fno-alias -std=c99 -I include -c src/task7.c -o obj/task7.o
mpicc -g -O3 -xHost -fno-alias -std=c99 -I include -c src/matmul.c -o obj/matmul.o
mpicc -g -O3 -xHost -fno-alias -std=c99 -I include -c src/timing.c -o obj/timing.o
mpicc -g -O3 -xHost -fno-alias -std=c99 -I include -c src/utilities.c -o obj/utilities.o
mpicc -g -O3 -xHost -fno-alias -std=c99 -I include obj/task7.o obj/matmul.o obj/timing.o obj/utilities.o -o bin/task7
 
Task 7
[r918u05n03.grace.ycrc.yale.edu:440183] MCW rank 0 bound to socket 0[core 0[hwt 0]]: [B/.][./.]
[r918u05n03.grace.ycrc.yale.edu:440183] MCW rank 1 bound to socket 0[core 1[hwt 0]]: [./B][./.]
Matrix multiplication times:
   N      TIME (secs)    F-norm of Error
 -----   -------------  -----------------
   1000       0.2043     0.000000000033
   2000       1.6138     0.000000000134
   4000      20.9751     0.000000000504
   8000     169.0349     0.000000001930

real	3m12.955s
user	6m21.430s
sys	0m1.827s
[r918u05n03.grace.ycrc.yale.edu:440365] MCW rank 0 bound to socket 0[core 0[hwt 0]]: [B/.][./.]
[r918u05n03.grace.ycrc.yale.edu:440365] MCW rank 1 bound to socket 0[core 1[hwt 0]]: [./B][./.]
Matrix multiplication times:
   N      TIME (secs)    F-norm of Error
 -----   -------------  -----------------
   1000       0.2051     0.000000000033
   2000       1.7955     0.000000000133
   4000      20.9657     0.000000000504
   8000     168.9510     0.000000001930

real	3m13.110s
user	6m21.544s
sys	0m1.841s
[r918u05n03.grace.ycrc.yale.edu:440640] MCW rank 0 bound to socket 0[core 0[hwt 0]]: [B/.][./.]
[r918u05n03.grace.ycrc.yale.edu:440640] MCW rank 1 bound to socket 0[core 1[hwt 0]]: [./B][./.]
Matrix multiplication times:
   N      TIME (secs)    F-norm of Error
 -----   -------------  -----------------
   1000       0.2060     0.000000000033
   2000       1.6576     0.000000000133
   4000      20.9791     0.000000000504
   8000     168.6522     0.000000001930

real	3m12.620s
user	6m20.722s
sys	0m1.816s
[r918u05n03.grace.ycrc.yale.edu:441060] MCW rank 0 bound to socket 0[core 0[hwt 0]], socket 0[core 1[hwt 0]]: [B/B][./.]
[r918u05n03.grace.ycrc.yale.edu:441060] MCW rank 1 bound to socket 1[core 2[hwt 0]], socket 1[core 3[hwt 0]]: [./.][B/B]
[r918u05n03.grace.ycrc.yale.edu:441060] MCW rank 2 bound to socket 0[core 0[hwt 0]], socket 0[core 1[hwt 0]]: [B/B][./.]
[r918u05n03.grace.ycrc.yale.edu:441060] MCW rank 3 bound to socket 1[core 2[hwt 0]], socket 1[core 3[hwt 0]]: [./.][B/B]
Matrix multiplication times:
   N      TIME (secs)    F-norm of Error
 -----   -------------  -----------------
   1000       0.1249     0.000000000033
   2000       0.8102     0.000000000130
   4000       9.9954     0.000000000500
   8000      85.0364     0.000000001930

real	1m37.111s
user	6m21.304s
sys	0m2.579s
[r918u05n03.grace.ycrc.yale.edu:441192] MCW rank 0 bound to socket 0[core 0[hwt 0]], socket 0[core 1[hwt 0]]: [B/B][./.]
[r918u05n03.grace.ycrc.yale.edu:441192] MCW rank 1 bound to socket 1[core 2[hwt 0]], socket 1[core 3[hwt 0]]: [./.][B/B]
[r918u05n03.grace.ycrc.yale.edu:441192] MCW rank 2 bound to socket 0[core 0[hwt 0]], socket 0[core 1[hwt 0]]: [B/B][./.]
[r918u05n03.grace.ycrc.yale.edu:441192] MCW rank 3 bound to socket 1[core 2[hwt 0]], socket 1[core 3[hwt 0]]: [./.][B/B]
Matrix multiplication times:
   N      TIME (secs)    F-norm of Error
 -----   -------------  -----------------
   1000       0.1253     0.000000000033
   2000       0.8083     0.000000000130
   4000       9.9807     0.000000000500
   8000      85.0655     0.000000001930

real	1m37.112s
user	6m21.332s
sys	0m2.572s
[r918u05n03.grace.ycrc.yale.edu:441306] MCW rank 0 bound to socket 0[core 0[hwt 0]], socket 0[core 1[hwt 0]]: [B/B][./.]
[r918u05n03.grace.ycrc.yale.edu:441306] MCW rank 1 bound to socket 1[core 2[hwt 0]], socket 1[core 3[hwt 0]]: [./.][B/B]
[r918u05n03.grace.ycrc.yale.edu:441306] MCW rank 2 bound to socket 0[core 0[hwt 0]], socket 0[core 1[hwt 0]]: [B/B][./.]
[r918u05n03.grace.ycrc.yale.edu:441306] MCW rank 3 bound to socket 1[core 2[hwt 0]], socket 1[core 3[hwt 0]]: [./.][B/B]
Matrix multiplication times:
   N      TIME (secs)    F-norm of Error
 -----   -------------  -----------------
   1000       0.1246     0.000000000033
   2000       0.8088     0.000000000130
   4000       9.8786     0.000000000500
   8000      85.0364     0.000000001930

real	1m37.096s
user	6m20.791s
sys	0m2.594s
[r918u05n03.grace.ycrc.yale.edu:441422] MCW rank 0 bound to socket 0[core 0[hwt 0]], socket 0[core 1[hwt 0]]: [B/B][./.]
[r918u05n03.grace.ycrc.yale.edu:441422] MCW rank 1 bound to socket 1[core 2[hwt 0]], socket 1[core 3[hwt 0]]: [./.][B/B]
[r918u05n03.grace.ycrc.yale.edu:441422] MCW rank 2 bound to socket 0[core 0[hwt 0]], socket 0[core 1[hwt 0]]: [B/B][./.]
[r918u05n03.grace.ycrc.yale.edu:441422] MCW rank 3 bound to socket 1[core 2[hwt 0]], socket 1[core 3[hwt 0]]: [./.][B/B]
[r918u05n04.grace.ycrc.yale.edu:1838718] MCW rank 4 bound to socket 0[core 0[hwt 0]], socket 0[core 1[hwt 0]]: [B/B][./.]
[r918u05n04.grace.ycrc.yale.edu:1838718] MCW rank 5 bound to socket 1[core 2[hwt 0]], socket 1[core 3[hwt 0]]: [./.][B/B]
[r918u05n04.grace.ycrc.yale.edu:1838718] MCW rank 6 bound to socket 0[core 0[hwt 0]], socket 0[core 1[hwt 0]]: [B/B][./.]
[r918u05n04.grace.ycrc.yale.edu:1838718] MCW rank 7 bound to socket 1[core 2[hwt 0]], socket 1[core 3[hwt 0]]: [./.][B/B]
Matrix multiplication times:
   N      TIME (secs)    F-norm of Error
 -----   -------------  -----------------
   1000       0.0817     0.000000000033
   2000       0.4771     0.000000000131
   4000       3.8409     0.000000000504
   8000      43.2043     0.000000001930

real	0m48.735s
user	3m9.132s
sys	0m1.896s
[r918u05n03.grace.ycrc.yale.edu:441523] MCW rank 0 bound to socket 0[core 0[hwt 0]], socket 0[core 1[hwt 0]]: [B/B][./.]
[r918u05n03.grace.ycrc.yale.edu:441523] MCW rank 1 bound to socket 1[core 2[hwt 0]], socket 1[core 3[hwt 0]]: [./.][B/B]
[r918u05n03.grace.ycrc.yale.edu:441523] MCW rank 2 bound to socket 0[core 0[hwt 0]], socket 0[core 1[hwt 0]]: [B/B][./.]
[r918u05n03.grace.ycrc.yale.edu:441523] MCW rank 3 bound to socket 1[core 2[hwt 0]], socket 1[core 3[hwt 0]]: [./.][B/B]
[r918u05n04.grace.ycrc.yale.edu:1838838] MCW rank 4 bound to socket 0[core 0[hwt 0]], socket 0[core 1[hwt 0]]: [B/B][./.]
[r918u05n04.grace.ycrc.yale.edu:1838838] MCW rank 5 bound to socket 1[core 2[hwt 0]], socket 1[core 3[hwt 0]]: [./.][B/B]
[r918u05n04.grace.ycrc.yale.edu:1838838] MCW rank 6 bound to socket 0[core 0[hwt 0]], socket 0[core 1[hwt 0]]: [B/B][./.]
[r918u05n04.grace.ycrc.yale.edu:1838838] MCW rank 7 bound to socket 1[core 2[hwt 0]], socket 1[core 3[hwt 0]]: [./.][B/B]
Matrix multiplication times:
   N      TIME (secs)    F-norm of Error
 -----   -------------  -----------------
   1000       0.0797     0.000000000033
   2000       0.4753     0.000000000132
   4000       3.7736     0.000000000504
   8000      43.1068     0.000000001930

real	0m48.471s
user	3m8.410s
sys	0m1.877s
[r918u05n03.grace.ycrc.yale.edu:441581] MCW rank 0 bound to socket 0[core 0[hwt 0]], socket 0[core 1[hwt 0]]: [B/B][./.]
[r918u05n03.grace.ycrc.yale.edu:441581] MCW rank 1 bound to socket 1[core 2[hwt 0]], socket 1[core 3[hwt 0]]: [./.][B/B]
[r918u05n03.grace.ycrc.yale.edu:441581] MCW rank 2 bound to socket 0[core 0[hwt 0]], socket 0[core 1[hwt 0]]: [B/B][./.]
[r918u05n03.grace.ycrc.yale.edu:441581] MCW rank 3 bound to socket 1[core 2[hwt 0]], socket 1[core 3[hwt 0]]: [./.][B/B]
[r918u05n04.grace.ycrc.yale.edu:1838905] MCW rank 4 bound to socket 0[core 0[hwt 0]], socket 0[core 1[hwt 0]]: [B/B][./.]
[r918u05n04.grace.ycrc.yale.edu:1838905] MCW rank 5 bound to socket 1[core 2[hwt 0]], socket 1[core 3[hwt 0]]: [./.][B/B]
[r918u05n04.grace.ycrc.yale.edu:1838905] MCW rank 6 bound to socket 0[core 0[hwt 0]], socket 0[core 1[hwt 0]]: [B/B][./.]
[r918u05n04.grace.ycrc.yale.edu:1838905] MCW rank 7 bound to socket 1[core 2[hwt 0]], socket 1[core 3[hwt 0]]: [./.][B/B]
Matrix multiplication times:
   N      TIME (secs)    F-norm of Error
 -----   -------------  -----------------
   1000       0.0760     0.000000000033
   2000       0.4777     0.000000000132
   4000       4.0582     0.000000000504
   8000      43.2095     0.000000001930

real	0m48.943s
user	3m9.932s
sys	0m1.899s
All Done!
