The following modules were not unloaded:
  (Use "module --force purge" to unload all):

  1) StdEnv

Currently Loaded Modules:
  1) StdEnv                        (S)   9) libpciaccess/0.16-GCCcore-10.2.0
  2) GCCcore/10.2.0                     10) hwloc/2.2.0-GCCcore-10.2.0
  3) zlib/1.2.11-GCCcore-10.2.0         11) UCX/1.9.0-GCCcore-10.2.0
  4) binutils/2.35-GCCcore-10.2.0       12) libfabric/1.11.0-GCCcore-10.2.0
  5) iccifort/2020.4.304                13) OpenMPI/4.0.5-iccifort-2020.4.304
  6) numactl/2.0.13-GCCcore-10.2.0      14) iompi/2020b
  7) XZ/5.2.5-GCCcore-10.2.0            15) imkl/2020.4.304-iompi-2020b
  8) libxml2/2.9.10-GCCcore-10.2.0      16) iomkl/2020b

  Where:
   S:  Module is Sticky, requires --force to unload or purge

 

/home/cpsc424_rp862/Desktop/cpsc-524-parallel-programming/rp862_ps3_cpsc424/part2
Nodes allocated:
r918u05n[01-04]
Number of tasks per node:
2
Number of tasks per socket:
1
SRC_FILES = src/matmul.c src/serial.c src/task5.c src/task6.c src/task7.c src/task8.c src/timing.c src/utilities.c
OBJ_FILES =  obj/matmul.o  obj/serial.o  obj/task5.o  obj/task6.o  obj/task7.o  obj/task8.o  obj/timing.o  obj/utilities.o
make: Nothing to be done for 'task8'.
 
Task 8
[r918u05n01.grace.ycrc.yale.edu:1515798] MCW rank 0 bound to socket 0[core 0[hwt 0]]: [B][.]
[r918u05n03.grace.ycrc.yale.edu:636934] MCW rank 3 bound to socket 0[core 0[hwt 0]]: [B][.]
[r918u05n03.grace.ycrc.yale.edu:636934] MCW rank 4 bound to socket 1[core 1[hwt 0]]: [.][B]
[r918u05n02.grace.ycrc.yale.edu:380664] MCW rank 1 bound to socket 0[core 0[hwt 0]]: [B][.]
[r918u05n02.grace.ycrc.yale.edu:380664] MCW rank 2 bound to socket 1[core 1[hwt 0]]: [.][B]
[r918u05n04.grace.ycrc.yale.edu:1996065] MCW rank 5 bound to socket 0[core 0[hwt 0]]: [B][.]
[r918u05n04.grace.ycrc.yale.edu:1996065] MCW rank 6 bound to socket 1[core 1[hwt 0]]: [.][B]
Matrix multiplication times:
   N      TIME (secs)    F-norm of Error
 -----   -------------  -----------------
   7633      41.5225     0.000000001535

real	0m43.200s
user	0m41.235s
sys	0m0.605s
[r918u05n01.grace.ycrc.yale.edu:1515872] MCW rank 0 bound to socket 0[core 0[hwt 0]]: [B][.]
[r918u05n02.grace.ycrc.yale.edu:380782] MCW rank 1 bound to socket 0[core 0[hwt 0]]: [B][.]
[r918u05n02.grace.ycrc.yale.edu:380782] MCW rank 2 bound to socket 1[core 1[hwt 0]]: [.][B]
[r918u05n04.grace.ycrc.yale.edu:1996165] MCW rank 5 bound to socket 0[core 0[hwt 0]]: [B][.]
[r918u05n04.grace.ycrc.yale.edu:1996165] MCW rank 6 bound to socket 1[core 1[hwt 0]]: [.][B]
[r918u05n03.grace.ycrc.yale.edu:637014] MCW rank 3 bound to socket 0[core 0[hwt 0]]: [B][.]
[r918u05n03.grace.ycrc.yale.edu:637014] MCW rank 4 bound to socket 1[core 1[hwt 0]]: [.][B]
Matrix multiplication times:
   N      TIME (secs)    F-norm of Error
 -----   -------------  -----------------
   7633      41.9150     0.000000001535

real	0m42.711s
user	0m41.617s
sys	0m0.605s
[r918u05n01.grace.ycrc.yale.edu:1515945] MCW rank 0 bound to socket 0[core 0[hwt 0]]: [B][.]
[r918u05n04.grace.ycrc.yale.edu:1996214] MCW rank 5 bound to socket 0[core 0[hwt 0]]: [B][.]
[r918u05n04.grace.ycrc.yale.edu:1996214] MCW rank 6 bound to socket 1[core 1[hwt 0]]: [.][B]
[r918u05n02.grace.ycrc.yale.edu:380833] MCW rank 1 bound to socket 0[core 0[hwt 0]]: [B][.]
[r918u05n02.grace.ycrc.yale.edu:380833] MCW rank 2 bound to socket 1[core 1[hwt 0]]: [.][B]
[r918u05n03.grace.ycrc.yale.edu:637107] MCW rank 3 bound to socket 0[core 0[hwt 0]]: [B][.]
[r918u05n03.grace.ycrc.yale.edu:637107] MCW rank 4 bound to socket 1[core 1[hwt 0]]: [.][B]
Matrix multiplication times:
   N      TIME (secs)    F-norm of Error
 -----   -------------  -----------------
   7633      41.6821     0.000000001535

real	0m42.651s
user	0m41.406s
sys	0m0.593s
All Done!
