cleaning
SRC_FILES = src/drand-ts.c src/drand.c src/mandomp-avx.c src/mandomp-collapse-avx.c src/mandomp-collapse.c src/mandomp-tasks-columns-shared.c src/mandomp-tasks-columns.c src/mandomp-tasks.c src/mandomp-ts-avx-parallel.c src/mandomp-ts-avx.c src/mandomp-ts.c src/mandomp.c src/mandseq-avx.c src/mandseq.c src/timing.c src/utilities.c
OBJ_FILES =  obj/drand-ts.o  obj/drand.o  obj/mandomp-avx.o  obj/mandomp-collapse-avx.o  obj/mandomp-collapse.o  obj/mandomp-tasks-columns-shared.o  obj/mandomp-tasks-columns.o  obj/mandomp-tasks.o  obj/mandomp-ts-avx-parallel.o  obj/mandomp-ts-avx.o  obj/mandomp-ts.o  obj/mandomp.o  obj/mandseq-avx.o  obj/mandseq.o  obj/timing.o  obj/utilities.o
rm -f bin/mandomp-ts-avx-parallel obj/mandomp-ts-avx-parallel.o
compiling
SRC_FILES = src/drand-ts.c src/drand.c src/mandomp-avx.c src/mandomp-collapse-avx.c src/mandomp-collapse.c src/mandomp-tasks-columns-shared.c src/mandomp-tasks-columns.c src/mandomp-tasks.c src/mandomp-ts-avx-parallel.c src/mandomp-ts-avx.c src/mandomp-ts.c src/mandomp.c src/mandseq-avx.c src/mandseq.c src/timing.c src/utilities.c
OBJ_FILES =  obj/drand-ts.o  obj/drand.o  obj/mandomp-avx.o  obj/mandomp-collapse-avx.o  obj/mandomp-collapse.o  obj/mandomp-tasks-columns-shared.o  obj/mandomp-tasks-columns.o  obj/mandomp-tasks.o  obj/mandomp-ts-avx-parallel.o  obj/mandomp-ts-avx.o  obj/mandomp-ts.o  obj/mandomp.o  obj/mandseq-avx.o  obj/mandseq.o  obj/timing.o  obj/utilities.o
icc -g -O3 -xHost -fno-alias -std=c99 -qopenmp -I include  -c src/mandomp-ts-avx-parallel.c -o obj/mandomp-ts-avx-parallel.o
icc -g -O3 -xHost -fno-alias -std=c99 -qopenmp -I include  obj/mandomp-ts-avx-parallel.o obj/drand-ts.o obj/timing.o obj/utilities.o -o bin/mandomp-ts-avx-parallel

area estimate = 1.506720
elapsed wall clock time = 1.950565
elapsed cpu time = 23.334324

real	0m1.968s
user	0m23.404s
sys	0m0.164s

area estimate = 1.506720
elapsed wall clock time = 1.948231
elapsed cpu time = 23.333935

real	0m1.955s
user	0m23.402s
sys	0m0.155s

area estimate = 1.506720
elapsed wall clock time = 1.947175
elapsed cpu time = 23.346510

real	0m1.954s
user	0m23.408s
sys	0m0.144s
