
Currently Loaded Modules:
  1) StdEnv                        (S)   9) libpciaccess/0.16-GCCcore-10.2.0
  2) GCCcore/10.2.0                     10) hwloc/2.2.0-GCCcore-10.2.0
  3) zlib/1.2.11-GCCcore-10.2.0         11) UCX/1.9.0-GCCcore-10.2.0
  4) binutils/2.35-GCCcore-10.2.0       12) libfabric/1.11.0-GCCcore-10.2.0
  5) iccifort/2020.4.304                13) OpenMPI/4.0.5-iccifort-2020.4.304
  6) numactl/2.0.13-GCCcore-10.2.0      14) iompi/2020b
  7) XZ/5.2.5-GCCcore-10.2.0            15) imkl/2020.4.304-iompi-2020b
  8) libxml2/2.9.10-GCCcore-10.2.0      16) iomkl/2020b

  Where:
   S:  Module is Sticky, requires --force to unload or purge

 

 
 
Working Directory:
/home/cpsc424_rp862/Desktop/cpsc-524-parallel-programming/rp862_ps3_cpsc424/part1
 
 
Making task3
rm -f task1 task1.o
mpicc -g -O3 -xHost -fno-alias -std=c99 -I/gpfs/gibbs/project/cpsc424/shared/utils/timing -c task3.c
mpicc -o task3 -g -O3 -xHost -fno-alias -std=c99 -I/gpfs/gibbs/project/cpsc424/shared/utils/timing task3.o /gpfs/gibbs/project/cpsc424/shared/utils/timing/timing.o rwork.o
 
 
Node List:
r918u05n[01-02]
ntasks-per-node =  2
 
 
Run 1
Message from process 1: Hello manager, from process 1 after working 5 seconds.
Message from process 2: Hello manager, from process 2 after working 10 seconds.
Message from process 3: Hello manager, from process 3 after working 15 seconds.
Message printed by manager: Total elapsed time is 24.003912 seconds.

real	0m24.687s
user	0m15.201s
sys	0m0.268s
 
 
Run 2
Message from process 1: Hello manager, from process 1 after working 10 seconds.
Message from process 2: Hello manager, from process 2 after working 5 seconds.
Message from process 3: Hello manager, from process 3 after working 15 seconds.
Message printed by manager: Total elapsed time is 24.003732 seconds.

real	0m24.598s
user	0m15.148s
sys	0m0.286s
 
 
Run 3
Message from process 1: Hello manager, from process 1 after working 15 seconds.
Message from process 2: Hello manager, from process 2 after working 10 seconds.
Message from process 3: Hello manager, from process 3 after working 5 seconds.
Message printed by manager: Total elapsed time is 24.000230 seconds.

real	0m25.996s
user	0m15.147s
sys	0m0.224s
